 
****************************************
Report : area
Design : sasc_top
Version: W-2024.09-SP2
Date   : Tue May  6 09:31:55 2025
****************************************

Library(s) Used:

    saed32rvt_ss0p95v25c (File: /mnt/class_data/ecec574-w2019/PDKs/_archived/SAED32nm_new/SAED32_EDK/lib/stdcell_rvt/db_ccs/saed32rvt_ss0p95v25c.db)

Number of ports:                           30
Number of nets:                           167
Number of cells:                          117
Number of combinational cells:             73
Number of sequential cells:                42
Number of macros/black boxes:               0
Number of buf/inv:                          8
Number of references:                      26

Combinational area:                594.188674
Buf/Inv area:                       30.497280
Noncombinational area:             773.106072
Macro/Black Box area:                0.000000
Net Interconnect area:             204.163413

Total cell area:                  1367.294746
Total area:                       1571.458158
1
