 
****************************************
Report : constraint
        -all_violators
Design : sasc_top
Version: W-2024.09-SP2
Date   : Tue May  6 09:31:55 2025
****************************************

	Parasitic source    : LPE
	Parasitic mode      : RealRC
	Extraction mode     : MAX
	Extraction derating : 125/125/125

   min_delay/hold ('clk' group)

                             Required        Actual
   Endpoint                 Path Delay     Path Delay        Slack
   -----------------------------------------------------------------
   rxd_s_reg/D                  0.20           0.01 f        -0.19  (VIOLATED)
   change_reg/RSTB              0.16           0.01 f        -0.15  (VIOLATED)
   shift_en_r_reg/D             0.19           0.05 f        -0.13  (VIOLATED)
   dpll_state_reg[1]/D          0.18           0.06 f        -0.13  (VIOLATED)
   tx_fifo/mem_reg[0][0]/D      0.19           0.07 f        -0.11  (VIOLATED)
   tx_fifo/mem_reg[3][7]/D      0.19           0.07 f        -0.11  (VIOLATED)
   tx_fifo/mem_reg[3][1]/D      0.18           0.07 f        -0.11  (VIOLATED)
   tx_fifo/mem_reg[0][2]/D      0.19           0.07 f        -0.11  (VIOLATED)
   tx_fifo/mem_reg[3][4]/D      0.18           0.07 f        -0.11  (VIOLATED)
   tx_fifo/mem_reg[2][3]/D      0.19           0.07 f        -0.11  (VIOLATED)
   tx_fifo/mem_reg[1][5]/D      0.19           0.07 f        -0.11  (VIOLATED)
   tx_fifo/mem_reg[3][5]/D      0.18           0.07 f        -0.11  (VIOLATED)
   tx_fifo/mem_reg[1][7]/D      0.19           0.07 f        -0.11  (VIOLATED)
   tx_fifo/mem_reg[1][3]/D      0.18           0.07 f        -0.11  (VIOLATED)
   tx_fifo/mem_reg[3][2]/D      0.18           0.07 f        -0.11  (VIOLATED)
   tx_fifo/mem_reg[3][0]/D      0.18           0.07 f        -0.11  (VIOLATED)
   tx_fifo/mem_reg[3][3]/D      0.18           0.07 f        -0.11  (VIOLATED)
   tx_fifo/mem_reg[0][4]/D      0.18           0.07 f        -0.11  (VIOLATED)
   tx_fifo/mem_reg[1][4]/D      0.18           0.07 f        -0.11  (VIOLATED)
   tx_fifo/mem_reg[1][1]/D      0.18           0.07 f        -0.11  (VIOLATED)
   tx_fifo/mem_reg[3][6]/D      0.18           0.07 f        -0.11  (VIOLATED)
   tx_fifo/mem_reg[0][6]/D      0.18           0.07 f        -0.11  (VIOLATED)
   tx_fifo/mem_reg[2][1]/D      0.18           0.07 f        -0.11  (VIOLATED)
   tx_fifo/mem_reg[0][5]/D      0.18           0.07 f        -0.11  (VIOLATED)
   tx_fifo/mem_reg[2][0]/D      0.18           0.07 f        -0.11  (VIOLATED)
   tx_fifo/mem_reg[2][2]/D      0.18           0.07 f        -0.11  (VIOLATED)
   tx_fifo/mem_reg[1][0]/D      0.18           0.07 f        -0.11  (VIOLATED)
   tx_fifo/mem_reg[1][2]/D      0.18           0.07 f        -0.11  (VIOLATED)
   tx_fifo/mem_reg[0][7]/D      0.18           0.07 f        -0.11  (VIOLATED)
   tx_fifo/mem_reg[0][1]/D      0.18           0.07 f        -0.11  (VIOLATED)
   tx_fifo/mem_reg[2][5]/D      0.18           0.08 f        -0.11  (VIOLATED)
   tx_fifo/mem_reg[0][3]/D      0.18           0.08 f        -0.11  (VIOLATED)
   tx_fifo/mem_reg[2][6]/D      0.18           0.08 f        -0.11  (VIOLATED)
   tx_fifo/mem_reg[2][7]/D      0.18           0.08 f        -0.11  (VIOLATED)
   tx_fifo/mem_reg[1][6]/D      0.18           0.08 f        -0.11  (VIOLATED)
   tx_fifo/mem_reg[2][4]/D      0.18           0.08 f        -0.11  (VIOLATED)
   tx_fifo/gb_reg/D             0.18           0.07 f        -0.10  (VIOLATED)
   rx_fifo/gb_reg/D             0.18           0.07 f        -0.10  (VIOLATED)
   load_reg/D                   0.19           0.09 f        -0.09  (VIOLATED)
   txf_empty_r_reg/D            0.18           0.09 f        -0.09  (VIOLATED)
   change_reg/D                 0.16           0.07 f        -0.09  (VIOLATED)
   txd_o_reg/D                  0.18           0.10 f        -0.08  (VIOLATED)
   dpll_state_reg[0]/D          0.18           0.12 f        -0.07  (VIOLATED)
   tx_fifo/wp_reg[0]/D          0.18           0.12 f        -0.07  (VIOLATED)
   rx_fifo/rp_reg[0]/D          0.18           0.12 f        -0.06  (VIOLATED)
   rx_bit_cnt_reg[0]/D          0.18           0.14 f        -0.04  (VIOLATED)
   tx_bit_cnt_reg[0]/D          0.18           0.14 f        -0.04  (VIOLATED)
   rts_o                        0.19           0.15 r        -0.04  (VIOLATED)
   rx_bit_cnt_reg[3]/D          0.18           0.14 f        -0.04  (VIOLATED)
   tx_bit_cnt_reg[3]/D          0.18           0.14 f        -0.04  (VIOLATED)
   txd_o                        0.19           0.15 r        -0.04  (VIOLATED)
   rx_bit_cnt_reg[1]/D          0.18           0.14 f        -0.04  (VIOLATED)
   rx_sio_ce_r1_reg/RSTB        0.14           0.11 f        -0.03  (VIOLATED)
   rx_valid_r_reg/D             0.18           0.15 f        -0.03  (VIOLATED)
   tx_fifo/wp_reg[1]/D          0.18           0.16 f        -0.02  (VIOLATED)
   rx_sio_ce_reg/RSTB           0.14           0.12 f        -0.02  (VIOLATED)
   rx_fifo/rp_reg[1]/D          0.18           0.17 f        -0.01  (VIOLATED)
   rx_sio_ce_r2_reg/D           0.18           0.17 f        -0.01  (VIOLATED)


   max_area

                             Required        Actual
   Design                      Area           Area           Slack
   -----------------------------------------------------------------
   sasc_top                     0.00        1571.46       -1571.46  (VIOLATED)


1
