 
****************************************
Report : area
Design : sasc_top
Version: W-2024.09-SP4-1
Date   : Tue Apr 29 11:26:06 2025
****************************************

Library(s) Used:

    saed32rvt_ss0p95v25c (File: /mnt/class_data/ecec574-w2019/PDKs/_archived/SAED32nm_new/SAED32_EDK/lib/stdcell_rvt/db_ccs/saed32rvt_ss0p95v25c.db)

Number of ports:                           74
Number of nets:                           447
Number of cells:                          364
Number of combinational cells:            245
Number of sequential cells:               116
Number of macros/black boxes:               0
Number of buf/inv:                         25
Number of references:                      24

Combinational area:                590.122370
Buf/Inv area:                       31.768000
Noncombinational area:             771.581208
Macro/Black Box area:                0.000000
Net Interconnect area:             274.635375

Total cell area:                  1361.703579
Total area:                       1636.338954
1
