Information: Updating design information... (UID-85)
 
****************************************
Report : constraint
        -all_violators
Design : sasc_top
Version: W-2024.09-SP4-1
Date   : Tue Apr 29 11:26:06 2025
****************************************


   min_delay/hold ('clk' group)

                             Required        Actual
   Endpoint                 Path Delay     Path Delay        Slack
   -----------------------------------------------------------------
   rxd_s_reg/D                  0.20           0.02 f        -0.17  (VIOLATED)
   load_reg/D                   0.19           0.11 f        -0.07  (VIOLATED)
   rts_o                        0.19           0.14 r        -0.05  (VIOLATED)
   txd_o                        0.19           0.16 r        -0.03  (VIOLATED)
   rx_valid_r_reg/D             0.18           0.16 f        -0.02  (VIOLATED)
   empty_o                      0.19           0.18 f        -0.01  (VIOLATED)
   rx_sio_ce_reg/D              0.19           0.19 f         0.00  (VIOLATED: increase significant digits)


   max_area

                             Required        Actual
   Design                      Area           Area           Slack
   -----------------------------------------------------------------
   sasc_top                     0.00        1636.34       -1636.34  (VIOLATED)


1
