Information: Propagating switching activity (low effort zero delay simulation). (PWR-6)
Warning: Design has unannotated primary inputs. (PWR-414)
Warning: Design has unannotated sequential cell outputs. (PWR-415)
 
****************************************
Report : power
        -analysis_effort low
Design : sasc_top
Version: W-2024.09-SP4-1
Date   : Tue Apr 29 11:26:06 2025
****************************************


Library(s) Used:

    saed32rvt_ss0p95v25c (File: /mnt/class_data/ecec574-w2019/PDKs/_archived/SAED32nm_new/SAED32_EDK/lib/stdcell_rvt/db_ccs/saed32rvt_ss0p95v25c.db)


Operating Conditions: ss0p95v25c   Library: saed32rvt_ss0p95v25c
Wire Load Model Mode: enclosed

Design        Wire Load Model            Library
------------------------------------------------
sasc_top               8000              saed32rvt_ss0p95v25c
sasc_fifo4_1           8000              saed32rvt_ss0p95v25c
sasc_fifo4_0           8000              saed32rvt_ss0p95v25c


Global Operating Voltage = 0.95 
Power-specific unit information :
    Voltage Units = 1V
    Capacitance Units = 1.000000ff
    Time Units = 1ns
    Dynamic Power Units = 1uW    (derived from V,C,T units)
    Leakage Power Units = 1pW


Attributes
----------
i - Including register clock pin internal power


  Cell Internal Power  =  66.3618 uW   (98%)
  Net Switching Power  =   1.0913 uW    (2%)
                         ---------
Total Dynamic Power    =  67.4531 uW  (100%)

Cell Leakage Power     =  32.7940 uW


                 Internal         Switching           Leakage            Total
Power Group      Power            Power               Power              Power   (   %    )  Attrs
--------------------------------------------------------------------------------------------------
io_pad             0.0000            0.0000            0.0000            0.0000  (   0.00%)
memory             0.0000            0.0000            0.0000            0.0000  (   0.00%)
black_box          0.0000            0.0000            0.0000            0.0000  (   0.00%)
clock_network     69.2008            0.0000            0.0000           69.2008  (  69.03%)  i
register       -4.4597e+00            0.3282        1.6563e+07           12.4312 (  12.40%)
sequential         0.0000            0.0000            0.0000            0.0000  (   0.00%)
combinational      1.6207            0.7631        1.6231e+07           18.6150  (  18.57%)
--------------------------------------------------------------------------------------------------
Total             66.3617 uW         1.0913 uW     3.2794e+07 pW       100.2470 uW
1
