 
****************************************
Report : area
Design : mc_top
Version: W-2024.09-SP2
Date   : Tue May  6 09:26:45 2025
****************************************

Library(s) Used:

    saed32rvt_ss0p95v25c (File: /mnt/class_data/ecec574-w2019/PDKs/_archived/SAED32nm_new/SAED32_EDK/lib/stdcell_rvt/db_ccs/saed32rvt_ss0p95v25c.db)

Number of ports:                          269
Number of nets:                           780
Number of cells:                           81
Number of combinational cells:             72
Number of sequential cells:                 1
Number of macros/black boxes:               0
Number of buf/inv:                         26
Number of references:                      24

Combinational area:               7515.292266
Buf/Inv area:                      655.691527
Noncombinational area:            7698.784387
Macro/Black Box area:                0.000000
Net Interconnect area:            3586.624211

Total cell area:                 15214.076652
Total area:                      18800.700863
1
