 
****************************************
Report : constraint
        -all_violators
Design : mc_top
Version: W-2024.09-SP2
Date   : Tue May  6 09:26:45 2025
****************************************

	Parasitic source    : LPE
	Parasitic mode      : RealRC
	Extraction mode     : MAX
	Extraction derating : 125/125/125

   min_delay/hold ('clk' group)

                             Required        Actual
   Endpoint                 Path Delay     Path Delay        Slack
   -----------------------------------------------------------------
   u0/u1/addr_r_reg[6]/D        0.19           0.01 f        -0.18  (VIOLATED)
   u0/u0/addr_r_reg[6]/D        0.19           0.01 f        -0.18  (VIOLATED)
   u0/u1/addr_r_reg[3]/D        0.19           0.01 f        -0.18  (VIOLATED)
   u0/u0/addr_r_reg[3]/D        0.19           0.01 f        -0.18  (VIOLATED)
   u0/u1/addr_r_reg[5]/D        0.19           0.01 f        -0.18  (VIOLATED)
   u0/u0/addr_r_reg[5]/D        0.19           0.01 f        -0.18  (VIOLATED)
   u0/wb_addr_r_reg[6]/D        0.19           0.01 f        -0.18  (VIOLATED)
   u0/wb_addr_r_reg[3]/D        0.19           0.01 f        -0.18  (VIOLATED)
   u0/u1/addr_r_reg[4]/D        0.19           0.01 f        -0.18  (VIOLATED)
   u0/u0/addr_r_reg[4]/D        0.19           0.01 f        -0.18  (VIOLATED)
   u0/wb_addr_r_reg[5]/D        0.19           0.01 f        -0.18  (VIOLATED)
   u0/wb_addr_r_reg[4]/D        0.19           0.01 f        -0.18  (VIOLATED)
   u0/u0/addr_r_reg[2]/D        0.19           0.01 f        -0.18  (VIOLATED)
   u0/wb_addr_r_reg[2]/D        0.19           0.01 f        -0.18  (VIOLATED)
   u0/u1/addr_r_reg[2]/D        0.19           0.01 f        -0.18  (VIOLATED)
   u5/susp_req_r_reg/D          0.19           0.01 f        -0.18  (VIOLATED)
   u5/resume_req_r_reg/D        0.19           0.01 f        -0.18  (VIOLATED)
   u7/mc_dqm_r_reg[0]/D         0.19           0.05 f        -0.13  (VIOLATED)
   u3/mc_data_o_reg[17]/D       0.19           0.05 f        -0.13  (VIOLATED)
   u3/mc_data_o_reg[14]/D       0.19           0.05 f        -0.13  (VIOLATED)
   u3/mc_data_o_reg[22]/D       0.19           0.05 f        -0.13  (VIOLATED)
   u3/mc_data_o_reg[20]/D       0.19           0.05 f        -0.13  (VIOLATED)
   u3/mc_data_o_reg[24]/D       0.19           0.05 f        -0.13  (VIOLATED)
   u3/mc_data_o_reg[3]/D        0.19           0.05 f        -0.13  (VIOLATED)
   u7/mc_dqm_r_reg[3]/D         0.19           0.05 f        -0.13  (VIOLATED)
   u3/mc_data_o_reg[5]/D        0.19           0.05 f        -0.13  (VIOLATED)
   u3/mc_data_o_reg[25]/D       0.19           0.05 f        -0.13  (VIOLATED)
   u3/mc_data_o_reg[26]/D       0.19           0.05 f        -0.13  (VIOLATED)
   u3/mc_data_o_reg[8]/D        0.19           0.05 f        -0.13  (VIOLATED)
   u3/mc_data_o_reg[10]/D       0.19           0.06 f        -0.13  (VIOLATED)
   u3/mc_data_o_reg[12]/D       0.19           0.05 f        -0.13  (VIOLATED)
   u3/mc_data_o_reg[4]/D        0.19           0.06 f        -0.13  (VIOLATED)
   u3/mc_data_o_reg[9]/D        0.19           0.06 f        -0.13  (VIOLATED)
   u3/mc_data_o_reg[31]/D       0.19           0.06 f        -0.13  (VIOLATED)
   u3/mc_data_o_reg[7]/D        0.19           0.06 f        -0.13  (VIOLATED)
   u3/mc_data_o_reg[2]/D        0.19           0.06 f        -0.13  (VIOLATED)
   u3/mc_data_o_reg[6]/D        0.19           0.06 f        -0.13  (VIOLATED)
   u3/mc_data_o_reg[28]/D       0.19           0.06 f        -0.13  (VIOLATED)
   u3/mc_data_o_reg[16]/D       0.19           0.06 f        -0.13  (VIOLATED)
   u7/mc_dqm_r_reg[1]/D         0.19           0.06 f        -0.13  (VIOLATED)
   u3/mc_data_o_reg[19]/D       0.19           0.06 f        -0.13  (VIOLATED)
   u3/mc_data_o_reg[27]/D       0.19           0.06 f        -0.13  (VIOLATED)
   u7/mc_dqm_r_reg[2]/D         0.18           0.06 f        -0.13  (VIOLATED)
   u3/mc_data_o_reg[18]/D       0.18           0.06 f        -0.13  (VIOLATED)
   u6/read_go_r_reg/D           0.14           0.01 f        -0.13  (VIOLATED)
   u1/col_adr_reg[8]/D          0.19           0.06 f        -0.13  (VIOLATED)
   u3/mc_data_o_reg[23]/D       0.18           0.06 f        -0.13  (VIOLATED)
   u3/mc_data_o_reg[13]/D       0.18           0.06 f        -0.13  (VIOLATED)
   u3/mc_data_o_reg[29]/D       0.18           0.06 f        -0.13  (VIOLATED)
   u3/mc_data_o_reg[30]/D       0.18           0.06 f        -0.13  (VIOLATED)
   u3/mc_data_o_reg[15]/D       0.18           0.06 f        -0.13  (VIOLATED)
   u3/mc_data_o_reg[0]/D        0.18           0.06 f        -0.13  (VIOLATED)
   u3/mc_data_o_reg[11]/D       0.18           0.06 f        -0.13  (VIOLATED)
   u3/mc_data_o_reg[1]/D        0.18           0.06 f        -0.13  (VIOLATED)
   u3/mc_data_o_reg[21]/D       0.18           0.06 f        -0.13  (VIOLATED)
   u0/u0/csc_reg[21]/D          0.18           0.07 f        -0.12  (VIOLATED)
   u0/u0/csc_reg[19]/D          0.18           0.07 f        -0.12  (VIOLATED)
   u0/u0/csc_reg[17]/D          0.19           0.07 f        -0.11  (VIOLATED)
   u0/u0/csc_reg[11]/D          0.19           0.07 f        -0.11  (VIOLATED)
   u0/u0/csc_reg[24]/D          0.18           0.07 f        -0.11  (VIOLATED)
   u1/sram_addr_reg[9]/D        0.19           0.07 f        -0.11  (VIOLATED)
   u0/u0/csc_reg[12]/D          0.18           0.07 f        -0.11  (VIOLATED)
   u0/u0/csc_reg[28]/D          0.18           0.07 f        -0.11  (VIOLATED)
   u1/col_adr_reg[5]/D          0.19           0.07 f        -0.11  (VIOLATED)
   u0/u1/tms_reg[14]/D          0.19           0.07 f        -0.11  (VIOLATED)
   u1/sram_addr_reg[17]/D       0.19           0.07 f        -0.11  (VIOLATED)
   u0/u1/tms_reg[23]/D          0.19           0.07 f        -0.11  (VIOLATED)
   u0/u0/csc_reg[20]/D          0.18           0.07 f        -0.11  (VIOLATED)
   u0/u0/csc_reg[26]/D          0.18           0.07 f        -0.11  (VIOLATED)
   u0/u0/csc_reg[13]/D          0.18           0.07 f        -0.11  (VIOLATED)
   u0/u0/csc_reg[23]/D          0.18           0.07 f        -0.11  (VIOLATED)
   u0/u0/csc_reg[10]/D          0.18           0.07 f        -0.11  (VIOLATED)
   u1/sram_addr_reg[10]/D       0.19           0.07 f        -0.11  (VIOLATED)
   u0/u0/csc_reg[7]/D           0.18           0.07 f        -0.11  (VIOLATED)
   u0/u0/csc_reg[16]/D          0.18           0.07 f        -0.11  (VIOLATED)
   u1/sram_addr_reg[18]/D       0.19           0.07 f        -0.11  (VIOLATED)
   u1/sram_addr_reg[14]/D       0.19           0.07 f        -0.11  (VIOLATED)
   u1/col_adr_reg[3]/D          0.19           0.07 f        -0.11  (VIOLATED)
   u1/sram_addr_reg[13]/D       0.19           0.07 f        -0.11  (VIOLATED)
   u0/u0/csc_reg[27]/D          0.18           0.07 f        -0.11  (VIOLATED)
   u0/u1/tms_reg[3]/D           0.18           0.07 f        -0.11  (VIOLATED)
   u1/col_adr_reg[1]/D          0.19           0.07 f        -0.11  (VIOLATED)
   u1/sram_addr_reg[16]/D       0.19           0.07 f        -0.11  (VIOLATED)
   u0/u0/csc_reg[22]/D          0.18           0.07 f        -0.11  (VIOLATED)
   u0/u1/tms_reg[30]/D          0.19           0.07 f        -0.11  (VIOLATED)
   u0/u1/tms_reg[13]/D          0.19           0.07 f        -0.11  (VIOLATED)
   u0/u1/csc_reg[15]/D          0.18           0.07 f        -0.11  (VIOLATED)
   u0/u1/csc_reg[24]/D          0.18           0.07 f        -0.11  (VIOLATED)
   u1/sram_addr_reg[11]/D       0.19           0.07 f        -0.11  (VIOLATED)
   u0/u1/tms_reg[7]/D           0.19           0.07 f        -0.11  (VIOLATED)
   u0/csr_r2_reg[1]/D           0.18           0.07 f        -0.11  (VIOLATED)
   u0/u0/csc_reg[15]/D          0.18           0.07 f        -0.11  (VIOLATED)
   u1/sram_addr_reg[6]/D        0.18           0.07 f        -0.11  (VIOLATED)
   u0/u1/csc_reg[31]/D          0.19           0.07 f        -0.11  (VIOLATED)
   u0/u1/csc_reg[21]/D          0.18           0.07 f        -0.11  (VIOLATED)
   u0/u1/csc_reg[8]/D           0.18           0.07 f        -0.11  (VIOLATED)
   u1/sram_addr_reg[23]/D       0.18           0.07 f        -0.11  (VIOLATED)
   u1/sram_addr_reg[15]/D       0.18           0.07 f        -0.11  (VIOLATED)
   u0/u1/tms_reg[15]/D          0.18           0.07 f        -0.11  (VIOLATED)
   u1/sram_addr_reg[3]/D        0.18           0.07 f        -0.11  (VIOLATED)
   u0/u1/tms_reg[11]/D          0.18           0.07 f        -0.11  (VIOLATED)
   u0/u0/csc_reg[8]/D           0.18           0.07 f        -0.11  (VIOLATED)
   u1/sram_addr_reg[7]/D        0.18           0.07 f        -0.11  (VIOLATED)
   u0/u0/csc_reg[30]/D          0.18           0.07 f        -0.11  (VIOLATED)
   u1/sram_addr_reg[8]/D        0.18           0.07 f        -0.11  (VIOLATED)
   u0/u1/tms_reg[22]/D          0.18           0.07 f        -0.11  (VIOLATED)
   u0/u1/csc_reg[26]/D          0.18           0.07 f        -0.11  (VIOLATED)
   u1/sram_addr_reg[12]/D       0.18           0.07 f        -0.11  (VIOLATED)
   u0/u1/tms_reg[25]/D          0.18           0.07 f        -0.11  (VIOLATED)
   u0/u0/csc_reg[18]/D          0.18           0.07 f        -0.11  (VIOLATED)
   u0/csr_r2_reg[5]/D           0.18           0.07 f        -0.11  (VIOLATED)
   u0/u1/tms_reg[24]/D          0.18           0.07 f        -0.11  (VIOLATED)
   u0/u0/csc_reg[14]/D          0.18           0.07 f        -0.11  (VIOLATED)
   u0/u0/csc_reg[29]/D          0.18           0.07 f        -0.11  (VIOLATED)
   u1/sram_addr_reg[22]/D       0.18           0.07 f        -0.11  (VIOLATED)
   u0/u1/csc_reg[29]/D          0.18           0.07 f        -0.11  (VIOLATED)
   u0/u0/csc_reg[3]/D           0.18           0.07 f        -0.11  (VIOLATED)
   u0/u0/csc_reg[6]/D           0.18           0.07 f        -0.11  (VIOLATED)
   u1/sram_addr_reg[5]/D        0.18           0.07 f        -0.11  (VIOLATED)
   u0/u1/tms_reg[21]/D          0.18           0.07 f        -0.11  (VIOLATED)
   u0/u1/tms_reg[17]/D          0.18           0.07 f        -0.11  (VIOLATED)
   u0/u1/tms_reg[16]/D          0.18           0.07 f        -0.11  (VIOLATED)
   u0/u1/csc_reg[14]/D          0.18           0.07 f        -0.11  (VIOLATED)
   u1/sram_addr_reg[20]/D       0.18           0.07 f        -0.11  (VIOLATED)
   u0/u1/tms_reg[20]/D          0.18           0.07 f        -0.11  (VIOLATED)
   u0/u1/tms_reg[19]/D          0.18           0.07 f        -0.11  (VIOLATED)
   u0/u1/tms_reg[12]/D          0.18           0.07 f        -0.11  (VIOLATED)
   u0/u1/csc_reg[17]/D          0.18           0.07 f        -0.11  (VIOLATED)
   u0/u1/tms_reg[28]/D          0.18           0.07 f        -0.11  (VIOLATED)
   u0/u1/tms_reg[29]/D          0.18           0.07 f        -0.11  (VIOLATED)
   u0/u1/csc_reg[23]/D          0.18           0.07 f        -0.11  (VIOLATED)
   u0/u0/csc_reg[25]/D          0.18           0.07 f        -0.11  (VIOLATED)
   u0/u1/tms_reg[9]/D           0.18           0.07 f        -0.11  (VIOLATED)
   u1/sram_addr_reg[4]/D        0.18           0.07 f        -0.11  (VIOLATED)
   u0/u1/csc_reg[7]/D           0.18           0.07 f        -0.11  (VIOLATED)
   u0/u1/csc_reg[5]/D           0.18           0.07 f        -0.11  (VIOLATED)
   u0/u1/tms_reg[27]/D          0.18           0.07 f        -0.11  (VIOLATED)
   u1/sram_addr_reg[0]/D        0.19           0.08 f        -0.11  (VIOLATED)
   u0/u1/csc_reg[20]/D          0.18           0.07 f        -0.11  (VIOLATED)
   u0/csc_mask_r_reg[0]/D       0.18           0.07 f        -0.11  (VIOLATED)
   u0/u1/csc_reg[22]/D          0.18           0.07 f        -0.11  (VIOLATED)
   u1/sram_addr_reg[19]/D       0.18           0.07 f        -0.11  (VIOLATED)
   u1/col_adr_reg[4]/D          0.18           0.07 f        -0.11  (VIOLATED)
   u1/sram_addr_reg[21]/D       0.18           0.07 f        -0.11  (VIOLATED)
   u0/u1/tms_reg[26]/D          0.18           0.07 f        -0.11  (VIOLATED)
   u0/u0/csc_reg[9]/D           0.18           0.07 f        -0.11  (VIOLATED)
   u1/col_adr_reg[7]/D          0.18           0.07 f        -0.11  (VIOLATED)
   u1/col_adr_reg[0]/D          0.18           0.07 f        -0.11  (VIOLATED)
   u0/u1/tms_reg[6]/D           0.18           0.07 f        -0.11  (VIOLATED)
   u0/u1/tms_reg[8]/D           0.18           0.07 f        -0.11  (VIOLATED)
   u0/u1/csc_reg[10]/D          0.18           0.07 f        -0.11  (VIOLATED)
   u1/sram_addr_reg[1]/D        0.18           0.07 f        -0.11  (VIOLATED)
   u0/u1/tms_reg[5]/D           0.18           0.07 f        -0.11  (VIOLATED)
   u0/csr_r2_reg[6]/D           0.18           0.07 f        -0.11  (VIOLATED)
   u0/u1/csc_reg[13]/D          0.18           0.07 f        -0.11  (VIOLATED)
   u0/u1/csc_reg[27]/D          0.18           0.07 f        -0.11  (VIOLATED)
   u0/csr_r2_reg[3]/D           0.18           0.07 f        -0.11  (VIOLATED)
   u1/col_adr_reg[2]/D          0.18           0.08 f        -0.11  (VIOLATED)
   u1/sram_addr_reg[2]/D        0.18           0.08 f        -0.11  (VIOLATED)
   u0/u1/tms_reg[4]/D           0.18           0.07 f        -0.11  (VIOLATED)
   u1/col_adr_reg[6]/D          0.18           0.07 f        -0.11  (VIOLATED)
   u0/csc_mask_r_reg[5]/D       0.18           0.07 f        -0.11  (VIOLATED)
   u0/csc_mask_r_reg[3]/D       0.18           0.07 f        -0.11  (VIOLATED)
   u0/csr_r_reg[8]/D            0.18           0.07 f        -0.11  (VIOLATED)
   u0/csr_r_reg[2]/D            0.18           0.07 f        -0.11  (VIOLATED)
   u0/u1/tms_reg[31]/D          0.18           0.08 f        -0.11  (VIOLATED)
   u0/csc_mask_r_reg[7]/D       0.18           0.07 f        -0.11  (VIOLATED)
   u0/u1/csc_reg[25]/D          0.18           0.08 f        -0.11  (VIOLATED)
   u0/csr_r_reg[3]/D            0.18           0.07 f        -0.11  (VIOLATED)
   u0/csr_r_reg[7]/D            0.18           0.07 f        -0.11  (VIOLATED)
   u0/csr_r_reg[9]/D            0.18           0.07 f        -0.11  (VIOLATED)
   u0/csc_mask_r_reg[8]/D       0.18           0.07 f        -0.11  (VIOLATED)
   u0/u1/tms_reg[1]/D           0.18           0.08 f        -0.11  (VIOLATED)
   u0/u1/csc_reg[18]/D          0.18           0.08 f        -0.11  (VIOLATED)
   u0/csc_mask_r_reg[1]/D       0.18           0.07 f        -0.11  (VIOLATED)
   u0/u1/csc_reg[11]/D          0.18           0.08 f        -0.11  (VIOLATED)
   u0/u1/csc_reg[19]/D          0.18           0.08 f        -0.11  (VIOLATED)
   u0/u1/tms_reg[18]/D          0.18           0.08 f        -0.11  (VIOLATED)
   u0/u1/csc_reg[28]/D          0.18           0.08 f        -0.11  (VIOLATED)
   u0/u1/csc_reg[16]/D          0.18           0.08 f        -0.11  (VIOLATED)
   u0/csr_r2_reg[0]/D           0.18           0.07 f        -0.11  (VIOLATED)
   u0/csc_mask_r_reg[2]/D       0.18           0.07 f        -0.11  (VIOLATED)
   u0/u0/csc_reg[31]/D          0.18           0.08 f        -0.11  (VIOLATED)
   u0/csr_r2_reg[7]/D           0.18           0.07 f        -0.11  (VIOLATED)
   u0/u1/csc_reg[9]/D           0.18           0.08 f        -0.11  (VIOLATED)
   u0/csr_r_reg[4]/D            0.18           0.08 f        -0.11  (VIOLATED)
   u0/u1/tms_reg[0]/D           0.18           0.08 f        -0.11  (VIOLATED)
   u0/csr_r2_reg[2]/D           0.18           0.08 f        -0.11  (VIOLATED)
   u0/u1/csc_reg[4]/D           0.18           0.08 f        -0.11  (VIOLATED)
   u0/u1/csc_reg[0]/D           0.18           0.08 f        -0.11  (VIOLATED)
   u0/u1/tms_reg[2]/D           0.18           0.08 f        -0.11  (VIOLATED)
   u0/csr_r_reg[5]/D            0.18           0.08 f        -0.11  (VIOLATED)
   u0/csc_mask_r_reg[9]/D       0.18           0.07 f        -0.11  (VIOLATED)
   u0/u1/csc_reg[12]/D          0.18           0.08 f        -0.11  (VIOLATED)
   u0/csc_mask_r_reg[6]/D       0.18           0.07 f        -0.11  (VIOLATED)
   u0/u1/csc_reg[3]/D           0.18           0.08 f        -0.11  (VIOLATED)
   u0/csr_r_reg[10]/D           0.18           0.08 f        -0.11  (VIOLATED)
   u0/csc_mask_r_reg[4]/D       0.18           0.07 f        -0.11  (VIOLATED)
   u6/rmw_en_reg/D              0.18           0.08 f        -0.11  (VIOLATED)
   u0/u1/csc_reg[6]/D           0.18           0.08 f        -0.11  (VIOLATED)
   u0/u1/csc_reg[1]/D           0.18           0.08 f        -0.11  (VIOLATED)
   u0/u1/tms_reg[10]/D          0.18           0.08 f        -0.11  (VIOLATED)
   u0/csr_r2_reg[4]/D           0.18           0.08 f        -0.11  (VIOLATED)
   u6/write_go_r1_reg/D         0.18           0.08 f        -0.10  (VIOLATED)
   u0/u1/csc_reg[30]/D          0.18           0.08 f        -0.10  (VIOLATED)
   u5/lookup_ready1_reg/D       0.18           0.08 f        -0.10  (VIOLATED)
   u0/csr_r_reg[6]/D            0.18           0.08 f        -0.10  (VIOLATED)
   u6/write_go_r_reg/D          0.18           0.08 f        -0.10  (VIOLATED)
   u0/u1/csc_reg[2]/D           0.18           0.08 f        -0.10  (VIOLATED)
   u0/csr_r_reg[1]/D            0.18           0.08 f        -0.10  (VIOLATED)
   u0/csc_mask_r_reg[10]/D      0.18           0.08 f        -0.10  (VIOLATED)
   u5/lookup_ready2_reg/D       0.18           0.08 f        -0.10  (VIOLATED)
   u1/acs_addr_reg[5]/D         0.18           0.09 f        -0.09  (VIOLATED)
   u1/acs_addr_reg[7]/D         0.18           0.09 f        -0.09  (VIOLATED)
   u1/acs_addr_reg[6]/D         0.18           0.09 f        -0.09  (VIOLATED)
   u1/acs_addr_reg[15]/D        0.18           0.09 f        -0.09  (VIOLATED)
   u1/acs_addr_reg[11]/D        0.18           0.09 f        -0.09  (VIOLATED)
   u1/acs_addr_reg[4]/D         0.18           0.09 f        -0.09  (VIOLATED)
   u1/acs_addr_reg[17]/D        0.18           0.09 f        -0.09  (VIOLATED)
   u1/acs_addr_reg[8]/D         0.18           0.09 f        -0.09  (VIOLATED)
   u1/acs_addr_reg[23]/D        0.18           0.09 f        -0.09  (VIOLATED)
   u1/acs_addr_reg[0]/D         0.18           0.09 f        -0.09  (VIOLATED)
   u1/acs_addr_reg[3]/D         0.18           0.09 f        -0.09  (VIOLATED)
   u1/acs_addr_reg[14]/D        0.18           0.09 f        -0.09  (VIOLATED)
   u1/acs_addr_reg[22]/D        0.18           0.09 f        -0.09  (VIOLATED)
   u1/acs_addr_reg[20]/D        0.18           0.09 f        -0.09  (VIOLATED)
   u1/acs_addr_reg[12]/D        0.18           0.09 f        -0.09  (VIOLATED)
   u1/acs_addr_reg[10]/D        0.18           0.09 f        -0.09  (VIOLATED)
   u1/acs_addr_reg[18]/D        0.18           0.09 f        -0.09  (VIOLATED)
   u1/acs_addr_reg[13]/D        0.18           0.10 f        -0.09  (VIOLATED)
   u1/acs_addr_reg[9]/D         0.18           0.09 f        -0.09  (VIOLATED)
   u1/acs_addr_reg[16]/D        0.18           0.10 f        -0.09  (VIOLATED)
   u5/wb_cycle_reg/D            0.17           0.09 f        -0.09  (VIOLATED)
   u1/acs_addr_reg[2]/D         0.18           0.10 f        -0.09  (VIOLATED)
   u1/acs_addr_reg[21]/D        0.18           0.10 f        -0.09  (VIOLATED)
   u1/acs_addr_reg[19]/D        0.18           0.10 f        -0.09  (VIOLATED)
   u1/acs_addr_reg[1]/D         0.18           0.10 f        -0.08  (VIOLATED)
   u1/col_adr_reg[9]/D          0.19           0.10 f        -0.08  (VIOLATED)
   u0/u0/csc_reg[1]/D           0.18           0.10 f        -0.08  (VIOLATED)
   u0/u0/csc_reg[4]/D           0.18           0.10 f        -0.08  (VIOLATED)
   u0/u0/tms_reg[21]/D          0.18           0.10 f        -0.08  (VIOLATED)
   u0/u0/tms_reg[18]/D          0.18           0.10 f        -0.08  (VIOLATED)
   u0/u0/csc_reg[2]/D           0.18           0.10 f        -0.08  (VIOLATED)
   u0/u0/csc_reg[5]/D           0.18           0.10 f        -0.08  (VIOLATED)
   u0/u0/tms_reg[16]/D          0.18           0.10 f        -0.08  (VIOLATED)
   u0/u0/tms_reg[24]/D          0.18           0.10 f        -0.08  (VIOLATED)
   u0/u0/tms_reg[19]/D          0.18           0.10 f        -0.08  (VIOLATED)
   u0/u0/tms_reg[6]/D           0.18           0.10 f        -0.08  (VIOLATED)
   u0/u0/tms_reg[25]/D          0.18           0.10 f        -0.08  (VIOLATED)
   u0/u0/tms_reg[8]/D           0.18           0.10 f        -0.08  (VIOLATED)
   u0/u0/tms_reg[7]/D           0.18           0.10 f        -0.08  (VIOLATED)
   u0/u0/tms_reg[1]/D           0.18           0.10 f        -0.08  (VIOLATED)
   u0/u0/tms_reg[12]/D          0.18           0.10 f        -0.08  (VIOLATED)
   u0/u0/tms_reg[17]/D          0.18           0.10 f        -0.08  (VIOLATED)
   u0/u0/tms_reg[3]/D           0.18           0.10 f        -0.08  (VIOLATED)
   u0/u0/tms_reg[28]/D          0.18           0.10 f        -0.08  (VIOLATED)
   u0/u0/tms_reg[11]/D          0.18           0.10 f        -0.08  (VIOLATED)
   u0/u0/tms_reg[5]/D           0.18           0.10 f        -0.08  (VIOLATED)
   u0/u0/tms_reg[9]/D           0.18           0.11 f        -0.08  (VIOLATED)
   u0/u0/tms_reg[15]/D          0.18           0.11 f        -0.08  (VIOLATED)
   u0/u0/tms_reg[29]/D          0.18           0.11 f        -0.08  (VIOLATED)
   u0/u0/tms_reg[23]/D          0.18           0.11 f        -0.08  (VIOLATED)
   u0/u0/tms_reg[31]/D          0.18           0.11 f        -0.08  (VIOLATED)
   u0/u0/tms_reg[10]/D          0.18           0.11 f        -0.08  (VIOLATED)
   u0/u0/tms_reg[20]/D          0.18           0.11 f        -0.08  (VIOLATED)
   u0/u0/tms_reg[2]/D           0.18           0.11 f        -0.07  (VIOLATED)
   u0/u0/tms_reg[30]/D          0.18           0.11 f        -0.07  (VIOLATED)
   u0/u0/tms_reg[13]/D          0.18           0.11 f        -0.07  (VIOLATED)
   u0/u0/tms_reg[22]/D          0.18           0.11 f        -0.07  (VIOLATED)
   u0/u0/tms_reg[27]/D          0.18           0.11 f        -0.07  (VIOLATED)
   u0/u0/tms_reg[4]/D           0.18           0.11 f        -0.07  (VIOLATED)
   u0/u0/tms_reg[14]/D          0.18           0.11 f        -0.07  (VIOLATED)
   u0/u0/tms_reg[26]/D          0.18           0.11 f        -0.07  (VIOLATED)
   u0/rf_we_reg/D               0.18           0.11 f        -0.07  (VIOLATED)
   u0/u0/tms_reg[0]/D           0.18           0.11 f        -0.07  (VIOLATED)
   u6/wr_hold_reg/D             0.18           0.12 f        -0.06  (VIOLATED)
   u0/u0/csc_reg[0]/SE          0.14           0.09 r        -0.05  (VIOLATED)
   u6/read_go_r1_reg/D          0.18           0.14 f        -0.04  (VIOLATED)
   u5/wr_cycle_reg/D            0.18           0.15 f        -0.03  (VIOLATED)
   u5/cs_le_r_reg/D             0.18           0.15 f        -0.03  (VIOLATED)
   u6/rmw_r_reg/D               0.18           0.15 f        -0.03  (VIOLATED)
   u0/wp_err_reg/D              0.18           0.15 f        -0.03  (VIOLATED)
   u1/row_adr_reg[0]/D          0.18           0.15 f        -0.03  (VIOLATED)
   u5/cke_o_r2_reg/D            0.18           0.15 f        -0.03  (VIOLATED)
   u5/cke_o_del_reg/D           0.18           0.15 f        -0.03  (VIOLATED)
   u1/row_adr_reg[4]/D          0.18           0.15 f        -0.03  (VIOLATED)
   poc_o[21]                    0.19           0.16 r        -0.03  (VIOLATED)
   poc_o[22]                    0.19           0.16 r        -0.03  (VIOLATED)
   u6/wb_ack_o_reg/D            0.17           0.14 f        -0.03  (VIOLATED)
   poc_o[23]                    0.19           0.16 r        -0.03  (VIOLATED)
   u1/row_adr_reg[2]/D          0.18           0.15 f        -0.03  (VIOLATED)
   poc_o[24]                    0.19           0.16 r        -0.03  (VIOLATED)
   poc_o[31]                    0.19           0.16 r        -0.03  (VIOLATED)
   u1/row_adr_reg[3]/D          0.18           0.15 f        -0.03  (VIOLATED)
   poc_o[20]                    0.19           0.16 r        -0.03  (VIOLATED)
   poc_o[26]                    0.19           0.16 r        -0.03  (VIOLATED)
   u5/wb_wait_r_reg/D           0.18           0.16 f        -0.03  (VIOLATED)
   u1/row_adr_reg[5]/D          0.18           0.16 f        -0.03  (VIOLATED)
   poc_o[30]                    0.19           0.16 r        -0.03  (VIOLATED)
   poc_o[29]                    0.19           0.16 r        -0.03  (VIOLATED)
   poc_o[25]                    0.19           0.17 r        -0.02  (VIOLATED)
   u1/row_adr_reg[7]/D          0.18           0.16 f        -0.02  (VIOLATED)
   u1/row_adr_reg[1]/D          0.18           0.16 f        -0.02  (VIOLATED)
   u1/bank_adr_reg[0]/D         0.18           0.16 f        -0.02  (VIOLATED)
   u1/bank_adr_reg[1]/D         0.18           0.16 f        -0.02  (VIOLATED)
   poc_o[27]                    0.19           0.17 r        -0.02  (VIOLATED)
   u7/mc_dqm_r2_reg[3]/D        0.18           0.16 f        -0.02  (VIOLATED)
   u1/row_adr_reg[8]/D          0.18           0.16 f        -0.02  (VIOLATED)
   wb_data_o[29]                0.19           0.17 r        -0.02  (VIOLATED)
   u1/row_adr_reg[6]/D          0.18           0.16 f        -0.02  (VIOLATED)
   wb_data_o[13]                0.19           0.17 r        -0.02  (VIOLATED)
   wb_data_o[22]                0.19           0.17 r        -0.02  (VIOLATED)
   u1/row_adr_reg[9]/D          0.18           0.16 f        -0.02  (VIOLATED)
   wb_data_o[27]                0.19           0.17 r        -0.02  (VIOLATED)
   wb_data_o[19]                0.19           0.17 r        -0.02  (VIOLATED)
   poc_o[28]                    0.19           0.17 r        -0.02  (VIOLATED)
   wb_data_o[12]                0.19           0.17 r        -0.02  (VIOLATED)
   wb_data_o[21]                0.19           0.17 r        -0.02  (VIOLATED)
   wb_data_o[28]                0.19           0.17 r        -0.02  (VIOLATED)
   wb_data_o[20]                0.19           0.17 r        -0.02  (VIOLATED)
   wb_data_o[24]                0.19           0.17 r        -0.02  (VIOLATED)
   wb_data_o[11]                0.19           0.17 r        -0.02  (VIOLATED)
   u5/data_oe_r2_reg/D          0.18           0.17 f        -0.02  (VIOLATED)
   poc_o[17]                    0.19           0.17 r        -0.02  (VIOLATED)
   wb_data_o[1]                 0.19           0.18 r        -0.01  (VIOLATED)
   wb_data_o[14]                0.19           0.18 r        -0.01  (VIOLATED)
   poc_o[18]                    0.19           0.18 r        -0.01  (VIOLATED)
   wb_data_o[18]                0.19           0.18 r        -0.01  (VIOLATED)
   wb_data_o[10]                0.19           0.18 r        -0.01  (VIOLATED)
   u5/cmd_del_reg[3]/D          0.18           0.17 f        -0.01  (VIOLATED)
   wb_data_o[15]                0.19           0.18 r        -0.01  (VIOLATED)
   wb_data_o[16]                0.19           0.18 r        -0.01  (VIOLATED)
   wb_data_o[3]                 0.19           0.18 r        -0.01  (VIOLATED)
   wb_data_o[7]                 0.19           0.18 r        -0.01  (VIOLATED)
   poc_o[16]                    0.19           0.18 r        -0.01  (VIOLATED)
   wb_data_o[17]                0.19           0.18 r        -0.01  (VIOLATED)
   wb_data_o[25]                0.19           0.18 r        -0.01  (VIOLATED)
   wb_data_o[26]                0.19           0.18 r        -0.01  (VIOLATED)
   poc_o[15]                    0.19           0.18 r        -0.01  (VIOLATED)
   wb_data_o[2]                 0.19           0.18 r        -0.01  (VIOLATED)
   poc_o[19]                    0.19           0.18 r        -0.01  (VIOLATED)
   wb_data_o[30]                0.19           0.18 r        -0.01  (VIOLATED)
   wb_data_o[8]                 0.19           0.18 r        -0.01  (VIOLATED)
   wb_data_o[9]                 0.19           0.18 r        -0.01  (VIOLATED)
   u1/row_adr_reg[10]/D         0.18           0.18 f        -0.01  (VIOLATED)
   u0/u1/rst_r2_reg/D           0.18           0.17 f        -0.01  (VIOLATED)
   wb_data_o[4]                 0.19           0.18 r        -0.01  (VIOLATED)
   poc_o[5]                     0.19           0.18 r        -0.01  (VIOLATED)
   u4/rfr_clr_reg/SE            0.14           0.13 r        -0.01  (VIOLATED)
   poc_o[4]                     0.19           0.18 r        -0.01  (VIOLATED)
   wb_data_o[31]                0.19           0.18 r        -0.01  (VIOLATED)
   wb_data_o[6]                 0.19           0.18 r        -0.01  (VIOLATED)
   u5/cmd_del_reg[2]/D          0.18           0.17 f         0.00  (VIOLATED: increase significant digits)
   poc_o[6]                     0.19           0.19 r         0.00  (VIOLATED: increase significant digits)
   wb_data_o[23]                0.19           0.19 r         0.00  (VIOLATED: increase significant digits)
   u0/u0/rst_r2_reg/D           0.18           0.17 f         0.00  (VIOLATED: increase significant digits)
   poc_o[13]                    0.19           0.19 r         0.00  (VIOLATED: increase significant digits)
   u5/cmd_del_reg[1]/D          0.18           0.17 f         0.00  (VIOLATED: increase significant digits)
   u5/cmd_del_reg[0]/D          0.18           0.17 f         0.00  (VIOLATED: increase significant digits)
   poc_o[14]                    0.19           0.19 r         0.00  (VIOLATED: increase significant digits)
   poc_o[7]                     0.19           0.19 r         0.00  (VIOLATED: increase significant digits)
   poc_o[8]                     0.19           0.19 r         0.00  (VIOLATED: increase significant digits)


   max_area

                             Required        Actual
   Design                      Area           Area           Slack
   -----------------------------------------------------------------
   mc_top                       0.00       18800.70       -18800.70 (VIOLATED)


1
