 
****************************************
Report : area
Design : mc_top
Version: M-2016.12-SP1
Date   : Tue Apr 15 10:28:08 2025
****************************************

Library(s) Used:

    saed32rvt_ss0p95v25c (File: /mnt/class_data/ecec574-w2019/PDKs/SAED32nm/lib/stdcell_rvt/db_ccs/saed32rvt_ss0p95v25c.db)

Number of ports:                         3549
Number of nets:                          6714
Number of cells:                         4658
Number of combinational cells:           3438
Number of sequential cells:              1191
Number of macros/black boxes:               0
Number of buf/inv:                        699
Number of references:                      20

Combinational area:               7875.922606
Buf/Inv area:                      927.879753
Noncombinational area:            7711.999875
Macro/Black Box area:                0.000000
Net Interconnect area:            3482.735479

Total cell area:                 15587.922481
Total area:                      19070.657961
1
