Information: Propagating switching activity (low effort zero delay simulation). (PWR-6)
Warning: Design has unannotated primary inputs. (PWR-414)
Warning: Design has unannotated sequential cell outputs. (PWR-415)
 
****************************************
Report : power
        -analysis_effort low
Design : mc_top
Version: W-2024.09-SP4-1
Date   : Tue Apr 29 11:22:41 2025
****************************************


Library(s) Used:

    saed32rvt_ss0p95v25c (File: /mnt/class_data/ecec574-w2019/PDKs/_archived/SAED32nm_new/SAED32_EDK/lib/stdcell_rvt/db_ccs/saed32rvt_ss0p95v25c.db)


Operating Conditions: ss0p95v25c   Library: saed32rvt_ss0p95v25c
Wire Load Model Mode: enclosed

Design        Wire Load Model            Library
------------------------------------------------
mc_top                 16000             saed32rvt_ss0p95v25c
mc_rf                  8000              saed32rvt_ss0p95v25c
mc_adr_sel             8000              saed32rvt_ss0p95v25c
mc_obct_top            8000              saed32rvt_ss0p95v25c
mc_dp                  8000              saed32rvt_ss0p95v25c
mc_refresh             8000              saed32rvt_ss0p95v25c
mc_timing              8000              saed32rvt_ss0p95v25c
mc_wb_if               8000              saed32rvt_ss0p95v25c
mc_mem_if              8000              saed32rvt_ss0p95v25c
mc_cs_rf_0             8000              saed32rvt_ss0p95v25c
mc_cs_rf_1             8000              saed32rvt_ss0p95v25c
mc_cs_rf_dummy_2       ForQA             saed32rvt_ss0p95v25c
mc_cs_rf_dummy_3       ForQA             saed32rvt_ss0p95v25c
mc_cs_rf_dummy_4       ForQA             saed32rvt_ss0p95v25c
mc_cs_rf_dummy_5       ForQA             saed32rvt_ss0p95v25c
mc_cs_rf_dummy_6       ForQA             saed32rvt_ss0p95v25c
mc_cs_rf_dummy_7       ForQA             saed32rvt_ss0p95v25c
mc_incn_r_incN_width24 ForQA             saed32rvt_ss0p95v25c
mc_obct_1              8000              saed32rvt_ss0p95v25c
mc_obct_dummy_5        ForQA             saed32rvt_ss0p95v25c
mc_rd_fifo             8000              saed32rvt_ss0p95v25c
mc_obct_0              8000              saed32rvt_ss0p95v25c
mc_obct_dummy_0        ForQA             saed32rvt_ss0p95v25c
mc_obct_dummy_1        ForQA             saed32rvt_ss0p95v25c
mc_obct_dummy_2        ForQA             saed32rvt_ss0p95v25c
mc_obct_dummy_3        ForQA             saed32rvt_ss0p95v25c
mc_obct_dummy_4        ForQA             saed32rvt_ss0p95v25c
mc_refresh_DW01_inc_0_DW01_inc_1
                       ForQA             saed32rvt_ss0p95v25c
mc_refresh_DW01_inc_1_DW01_inc_2
                       ForQA             saed32rvt_ss0p95v25c
mc_incn_r_incN_width24_DW01_inc_0_DW01_inc_3
                       ForQA             saed32rvt_ss0p95v25c


Global Operating Voltage = 0.95 
Power-specific unit information :
    Voltage Units = 1V
    Capacitance Units = 1.000000ff
    Time Units = 1ns
    Dynamic Power Units = 1uW    (derived from V,C,T units)
    Leakage Power Units = 1pW


Attributes
----------
i - Including register clock pin internal power


  Cell Internal Power  = 469.4751 uW   (99%)
  Net Switching Power  =   5.6178 uW    (1%)
                         ---------
Total Dynamic Power    = 475.0929 uW  (100%)

Cell Leakage Power     = 412.4514 uW


                 Internal         Switching           Leakage            Total
Power Group      Power            Power               Power              Power   (   %    )  Attrs
--------------------------------------------------------------------------------------------------
io_pad             0.0000            0.0000            0.0000            0.0000  (   0.00%)
memory             0.0000            0.0000            0.0000            0.0000  (   0.00%)
black_box          0.0000            0.0000            0.0000            0.0000  (   0.00%)
clock_network    597.2354            0.0000            0.0000          597.2354  (  67.29%)  i
register       -1.3949e+02            0.7364        1.4821e+08            9.4540 (   1.07%)
sequential         4.5163            0.1364        1.7460e+07           22.1123  (   2.49%)
combinational      7.2124            4.7450        2.4679e+08          258.7435  (  29.15%)
--------------------------------------------------------------------------------------------------
Total            469.4756 uW         5.6178 uW     4.1245e+08 pW       887.5450 uW
1
