 
****************************************
Report : area
Design : tv80s
Version: W-2024.09-SP2
Date   : Tue May  6 09:34:51 2025
****************************************

Library(s) Used:

    saed32rvt_ss0p95v25c (File: /mnt/class_data/ecec574-w2019/PDKs/_archived/SAED32nm_new/SAED32_EDK/lib/stdcell_rvt/db_ccs/saed32rvt_ss0p95v25c.db)

Number of ports:                           48
Number of nets:                           106
Number of cells:                           52
Number of combinational cells:             39
Number of sequential cells:                12
Number of macros/black boxes:               0
Number of buf/inv:                         14
Number of references:                      18

Combinational area:               6542.683162
Buf/Inv area:                      671.702595
Noncombinational area:            2375.992333
Macro/Black Box area:                0.000000
Net Interconnect area:            2233.388974

Total cell area:                  8918.675495
Total area:                      11152.064469
1
