Information: Propagating switching activity (low effort zero delay simulation). (PWR-6)
Warning: Design has unannotated primary inputs. (PWR-414)
Warning: Design has unannotated sequential cell outputs. (PWR-415)
 
****************************************
Report : power
        -analysis_effort low
Design : tv80s
Version: W-2024.09-SP2
Date   : Tue May  6 09:34:52 2025
****************************************


Library(s) Used:

    saed32rvt_ss0p95v25c (File: /mnt/class_data/ecec574-w2019/PDKs/_archived/SAED32nm_new/SAED32_EDK/lib/stdcell_rvt/db_ccs/saed32rvt_ss0p95v25c.db)


Operating Conditions: ss0p95v125c   Library: saed32rvt_ss0p95v125c
Wire Load Model Mode: enclosed

Design        Wire Load Model            Library
------------------------------------------------
tv80s                  ForQA             saed32rvt_ss0p95v125c


Global Operating Voltage = 0.95 
Power-specific unit information :
    Voltage Units = 1V
    Capacitance Units = 1.000000ff
    Time Units = 1ns
    Dynamic Power Units = 1uW    (derived from V,C,T units)
    Leakage Power Units = 1pW


Attributes
----------
i - Including register clock pin internal power


  Cell Internal Power  = 209.8443 uW   (95%)
  Net Switching Power  =  10.9282 uW    (5%)
                         ---------
Total Dynamic Power    = 220.7725 uW  (100%)

Cell Leakage Power     = 259.6161 uW


                 Internal         Switching           Leakage            Total
Power Group      Power            Power               Power              Power   (   %    )  Attrs
--------------------------------------------------------------------------------------------------
io_pad             0.0000            0.0000            0.0000            0.0000  (   0.00%)
memory             0.0000            0.0000            0.0000            0.0000  (   0.00%)
black_box          0.0000            0.0000            0.0000            0.0000  (   0.00%)
clock_network    201.7235            0.0000            0.0000          201.7235  (  41.99%)  i
register           0.1550            1.6727        5.0608e+07           52.4357  (  10.92%)
sequential         0.0000            0.0000            0.0000            0.0000  (   0.00%)
combinational      7.9660            9.2555        2.0901e+08          226.2296  (  47.09%)
--------------------------------------------------------------------------------------------------
Total            209.8445 uW        10.9282 uW     2.5962e+08 pW       480.3888 uW
1
