Information: Propagating switching activity (low effort zero delay simulation). (PWR-6)
Warning: Design has unannotated primary inputs. (PWR-414)
Warning: Design has unannotated sequential cell outputs. (PWR-415)
 
****************************************
Report : power
        -analysis_effort low
Design : tv80s
Version: M-2016.12-SP1
Date   : Tue Apr 15 10:32:15 2025
****************************************


Library(s) Used:

    saed32rvt_ss0p95v25c (File: /mnt/class_data/ecec574-w2019/PDKs/SAED32nm/lib/stdcell_rvt/db_ccs/saed32rvt_ss0p95v25c.db)


Operating Conditions: ss0p95v25c   Library: saed32rvt_ss0p95v25c
Wire Load Model Mode: enclosed

Design        Wire Load Model            Library
------------------------------------------------
tv80s                  16000             saed32rvt_ss0p95v25c
tv80_core              16000             saed32rvt_ss0p95v25c
tv80_mcode_Mode1_Flag_C0_Flag_N1_Flag_P2_Flag_X3_Flag_H4_Flag_Y5_Flag_Z6_Flag_S7
                       8000              saed32rvt_ss0p95v25c
tv80_alu_Mode1_Flag_C0_Flag_N1_Flag_P2_Flag_X3_Flag_H4_Flag_Y5_Flag_Z6_Flag_S7
                       8000              saed32rvt_ss0p95v25c
tv80_reg               8000              saed32rvt_ss0p95v25c
tv80_core_DW01_inc_0   ForQA             saed32rvt_ss0p95v25c
tv80_core_DW01_inc_1   ForQA             saed32rvt_ss0p95v25c


Global Operating Voltage = 0.95 
Power-specific unit information :
    Voltage Units = 1V
    Capacitance Units = 1.000000ff
    Time Units = 1ns
    Dynamic Power Units = 1uW    (derived from V,C,T units)
    Leakage Power Units = 1pW


  Cell Internal Power  =   0.0000 uW    (0%)
  Net Switching Power  =   4.9418 uW  (100%)
                         ---------
Total Dynamic Power    =   4.9418 uW  (100%)

Cell Leakage Power     = 267.8301 uW


                 Internal         Switching           Leakage            Total
Power Group      Power            Power               Power              Power   (   %    )  Attrs
--------------------------------------------------------------------------------------------------
io_pad             0.0000            0.0000            0.0000            0.0000  (   0.00%)
memory             0.0000            0.0000            0.0000            0.0000  (   0.00%)
black_box          0.0000            0.0000            0.0000            0.0000  (   0.00%)
clock_network      0.0000            0.0000            0.0000            0.0000  (   0.00%)
register           0.0000            0.4991        5.0608e+07           51.1072  (  18.74%)
sequential         0.0000            0.0000            0.0000            0.0000  (   0.00%)
combinational      0.0000            4.4427        2.1722e+08          221.6647  (  81.26%)
--------------------------------------------------------------------------------------------------
Total              0.0000 uW         4.9418 uW     2.6783e+08 pW       272.7719 uW
1
