 
****************************************
Report : area
Design : tv80s
Version: W-2024.09-SP4-1
Date   : Tue May 13 10:51:23 2025
****************************************

Library(s) Used:

    saed32rvt_ss0p95v25c (File: /mnt/class_data/ecec574-w2019/PDKs/_archived/SAED32nm_new/SAED32_EDK/lib/stdcell_rvt/db_ccs/saed32rvt_ss0p95v25c.db)

Number of ports:                          377
Number of nets:                          3931
Number of cells:                         3398
Number of combinational cells:           3032
Number of sequential cells:               359
Number of macros/black boxes:               0
Number of buf/inv:                        693
Number of references:                      15

Combinational area:               6789.202847
Buf/Inv area:                      924.067593
Noncombinational area:            2372.180174
Macro/Black Box area:                0.000000
Net Interconnect area:            2167.801365

Total cell area:                  9161.383020
Total area:                      11329.184385
1
