Information: Updating design information... (UID-85)
 
****************************************
Report : constraint
        -all_violators
Design : tv80s
Version: M-2016.12-SP1
Date   : Tue Apr 15 10:32:14 2025
****************************************


   min_delay/hold ('clk' group)

                             Required        Actual
   Endpoint                 Path Delay     Path Delay        Slack
   -----------------------------------------------------------------
   di_reg_reg[0]/D              0.19           0.10 f        -0.09  (VIOLATED)
   di_reg_reg[1]/D              0.19           0.10 f        -0.09  (VIOLATED)
   di_reg_reg[2]/D              0.19           0.10 f        -0.09  (VIOLATED)
   di_reg_reg[3]/D              0.19           0.10 f        -0.09  (VIOLATED)
   di_reg_reg[4]/D              0.19           0.10 f        -0.09  (VIOLATED)
   di_reg_reg[5]/D              0.19           0.10 f        -0.09  (VIOLATED)
   di_reg_reg[6]/D              0.19           0.10 f        -0.09  (VIOLATED)
   di_reg_reg[7]/D              0.19           0.10 f        -0.09  (VIOLATED)
   i_tv80_core/BusReq_s_reg/D
                                0.19           0.11 f        -0.08  (VIOLATED)
   i_tv80_core/INT_s_reg/D      0.19           0.11 f        -0.08  (VIOLATED)
   i_tv80_core/Oldnmi_n_reg/D
                                0.19           0.11 f        -0.07  (VIOLATED)
   wr_n                         0.19           0.14 r        -0.05  (VIOLATED)
   A[0]                         0.19           0.14 r        -0.05  (VIOLATED)
   A[1]                         0.19           0.14 r        -0.05  (VIOLATED)
   A[2]                         0.19           0.14 r        -0.05  (VIOLATED)
   A[3]                         0.19           0.14 r        -0.05  (VIOLATED)
   A[4]                         0.19           0.14 r        -0.05  (VIOLATED)
   A[5]                         0.19           0.14 r        -0.05  (VIOLATED)
   A[6]                         0.19           0.14 r        -0.05  (VIOLATED)
   A[7]                         0.19           0.14 r        -0.05  (VIOLATED)
   A[8]                         0.19           0.14 r        -0.05  (VIOLATED)
   A[9]                         0.19           0.14 r        -0.05  (VIOLATED)
   A[10]                        0.19           0.14 r        -0.05  (VIOLATED)
   A[11]                        0.19           0.14 r        -0.05  (VIOLATED)
   A[12]                        0.19           0.14 r        -0.05  (VIOLATED)
   A[13]                        0.19           0.14 r        -0.05  (VIOLATED)
   A[14]                        0.19           0.14 r        -0.05  (VIOLATED)
   A[15]                        0.19           0.14 r        -0.05  (VIOLATED)
   iorq_n                       0.19           0.14 r        -0.05  (VIOLATED)
   m1_n                         0.19           0.14 r        -0.05  (VIOLATED)
   mreq_n                       0.19           0.14 r        -0.05  (VIOLATED)
   rd_n                         0.19           0.14 r        -0.05  (VIOLATED)
   i_tv80_core/IR_reg[0]/D      0.18           0.14 f        -0.04  (VIOLATED)
   i_tv80_core/IR_reg[1]/D      0.18           0.14 f        -0.04  (VIOLATED)
   i_tv80_core/IR_reg[2]/D      0.18           0.14 f        -0.04  (VIOLATED)
   i_tv80_core/IR_reg[3]/D      0.18           0.14 f        -0.04  (VIOLATED)
   i_tv80_core/IR_reg[4]/D      0.18           0.14 f        -0.04  (VIOLATED)
   i_tv80_core/IR_reg[5]/D      0.18           0.14 f        -0.04  (VIOLATED)
   i_tv80_core/IR_reg[6]/D      0.18           0.14 f        -0.04  (VIOLATED)
   i_tv80_core/IR_reg[7]/D      0.18           0.14 f        -0.04  (VIOLATED)
   rfsh_n                       0.19           0.16 r        -0.03  (VIOLATED)
   do[0]                        0.19           0.17 r        -0.02  (VIOLATED)
   do[1]                        0.19           0.17 r        -0.02  (VIOLATED)
   do[2]                        0.19           0.17 r        -0.02  (VIOLATED)
   do[3]                        0.19           0.17 r        -0.02  (VIOLATED)
   do[4]                        0.19           0.17 r        -0.02  (VIOLATED)
   do[5]                        0.19           0.17 r        -0.02  (VIOLATED)
   do[6]                        0.19           0.17 r        -0.02  (VIOLATED)
   do[7]                        0.19           0.17 r        -0.02  (VIOLATED)
   halt_n                       0.19           0.17 f        -0.02  (VIOLATED)


   max_area

                             Required        Actual
   Design                      Area           Area           Slack
   -----------------------------------------------------------------
   tv80s                        0.00       11270.05       -11270.05 (VIOLATED)


1
