Warning: Design 'i2c_master_top' has '1' unresolved references. For more detailed information, use the "link" command. (UID-341)
 
****************************************
check_design summary:
Version:     W-2024.09-SP4-1
Date:        Tue Apr 29 11:20:35 2025
****************************************

                   Name                                            Total
--------------------------------------------------------------------------------
Inputs/Outputs                                                     22
    Multiply driven inputs (LINT-6)                                22

Cells                                                               1
    Cells do not drive (LINT-1)                                     1

Tristate                                                           22
    A tristate bus has a non tri-state driver (LINT-34)            22
--------------------------------------------------------------------------------

Warning: In design 'i2c_master_byte_ctrl', cell 'C474' does not drive any nets. (LINT-1)
Warning: In design 'i2c_master_byte_ctrl', input port 'clk' drives wired logic; the port direction may have been specified incorrectly. (LINT-6)
Warning: In design 'i2c_master_byte_ctrl', input port 'rst' drives wired logic; the port direction may have been specified incorrectly. (LINT-6)
Warning: In design 'i2c_master_byte_ctrl', input port 'nReset' drives wired logic; the port direction may have been specified incorrectly. (LINT-6)
Warning: In design 'i2c_master_byte_ctrl', input port 'ena' drives wired logic; the port direction may have been specified incorrectly. (LINT-6)
Warning: In design 'i2c_master_byte_ctrl', input port 'clk_cnt[15]' drives wired logic; the port direction may have been specified incorrectly. (LINT-6)
Warning: In design 'i2c_master_byte_ctrl', input port 'clk_cnt[14]' drives wired logic; the port direction may have been specified incorrectly. (LINT-6)
Warning: In design 'i2c_master_byte_ctrl', input port 'clk_cnt[13]' drives wired logic; the port direction may have been specified incorrectly. (LINT-6)
Warning: In design 'i2c_master_byte_ctrl', input port 'clk_cnt[12]' drives wired logic; the port direction may have been specified incorrectly. (LINT-6)
Warning: In design 'i2c_master_byte_ctrl', input port 'clk_cnt[11]' drives wired logic; the port direction may have been specified incorrectly. (LINT-6)
Warning: In design 'i2c_master_byte_ctrl', input port 'clk_cnt[10]' drives wired logic; the port direction may have been specified incorrectly. (LINT-6)
Warning: In design 'i2c_master_byte_ctrl', input port 'clk_cnt[9]' drives wired logic; the port direction may have been specified incorrectly. (LINT-6)
Warning: In design 'i2c_master_byte_ctrl', input port 'clk_cnt[8]' drives wired logic; the port direction may have been specified incorrectly. (LINT-6)
Warning: In design 'i2c_master_byte_ctrl', input port 'clk_cnt[7]' drives wired logic; the port direction may have been specified incorrectly. (LINT-6)
Warning: In design 'i2c_master_byte_ctrl', input port 'clk_cnt[6]' drives wired logic; the port direction may have been specified incorrectly. (LINT-6)
Warning: In design 'i2c_master_byte_ctrl', input port 'clk_cnt[5]' drives wired logic; the port direction may have been specified incorrectly. (LINT-6)
Warning: In design 'i2c_master_byte_ctrl', input port 'clk_cnt[4]' drives wired logic; the port direction may have been specified incorrectly. (LINT-6)
Warning: In design 'i2c_master_byte_ctrl', input port 'clk_cnt[3]' drives wired logic; the port direction may have been specified incorrectly. (LINT-6)
Warning: In design 'i2c_master_byte_ctrl', input port 'clk_cnt[2]' drives wired logic; the port direction may have been specified incorrectly. (LINT-6)
Warning: In design 'i2c_master_byte_ctrl', input port 'clk_cnt[1]' drives wired logic; the port direction may have been specified incorrectly. (LINT-6)
Warning: In design 'i2c_master_byte_ctrl', input port 'clk_cnt[0]' drives wired logic; the port direction may have been specified incorrectly. (LINT-6)
Warning: In design 'i2c_master_byte_ctrl', input port 'scl_i' drives wired logic; the port direction may have been specified incorrectly. (LINT-6)
Warning: In design 'i2c_master_byte_ctrl', input port 'sda_i' drives wired logic; the port direction may have been specified incorrectly. (LINT-6)
Warning: In design 'i2c_master_top', three-state bus 'ctr[7]' has non three-state driver 'ctr_reg[7]/Q'. (LINT-34)
Warning: In design 'i2c_master_top', three-state bus 'prer[0]' has non three-state driver 'prer_reg[0]/Q'. (LINT-34)
Warning: In design 'i2c_master_top', three-state bus 'prer[1]' has non three-state driver 'prer_reg[1]/Q'. (LINT-34)
Warning: In design 'i2c_master_top', three-state bus 'prer[2]' has non three-state driver 'prer_reg[2]/Q'. (LINT-34)
Warning: In design 'i2c_master_top', three-state bus 'prer[3]' has non three-state driver 'prer_reg[3]/Q'. (LINT-34)
Warning: In design 'i2c_master_top', three-state bus 'prer[4]' has non three-state driver 'prer_reg[4]/Q'. (LINT-34)
Warning: In design 'i2c_master_top', three-state bus 'prer[5]' has non three-state driver 'prer_reg[5]/Q'. (LINT-34)
Warning: In design 'i2c_master_top', three-state bus 'prer[6]' has non three-state driver 'prer_reg[6]/Q'. (LINT-34)
Warning: In design 'i2c_master_top', three-state bus 'prer[7]' has non three-state driver 'prer_reg[7]/Q'. (LINT-34)
Warning: In design 'i2c_master_top', three-state bus 'prer[8]' has non three-state driver 'prer_reg[8]/Q'. (LINT-34)
Warning: In design 'i2c_master_top', three-state bus 'prer[9]' has non three-state driver 'prer_reg[9]/Q'. (LINT-34)
Warning: In design 'i2c_master_top', three-state bus 'prer[10]' has non three-state driver 'prer_reg[10]/Q'. (LINT-34)
Warning: In design 'i2c_master_top', three-state bus 'prer[11]' has non three-state driver 'prer_reg[11]/Q'. (LINT-34)
Warning: In design 'i2c_master_top', three-state bus 'prer[12]' has non three-state driver 'prer_reg[12]/Q'. (LINT-34)
Warning: In design 'i2c_master_top', three-state bus 'prer[13]' has non three-state driver 'prer_reg[13]/Q'. (LINT-34)
Warning: In design 'i2c_master_top', three-state bus 'prer[14]' has non three-state driver 'prer_reg[14]/Q'. (LINT-34)
Warning: In design 'i2c_master_top', three-state bus 'prer[15]' has non three-state driver 'prer_reg[15]/Q'. (LINT-34)
Warning: In design 'i2c_master_top', three-state bus 'byte_controller/core_txd' has non three-state driver 'byte_controller/core_txd_reg/Q'. (LINT-34)
Warning: In design 'i2c_master_top', three-state bus 'byte_controller/core_cmd[0]' has non three-state driver 'byte_controller/core_cmd_reg[0]/Q'. (LINT-34)
Warning: In design 'i2c_master_top', three-state bus 'byte_controller/core_cmd[1]' has non three-state driver 'byte_controller/core_cmd_reg[1]/Q'. (LINT-34)
Warning: In design 'i2c_master_top', three-state bus 'byte_controller/core_cmd[2]' has non three-state driver 'byte_controller/core_cmd_reg[2]/Q'. (LINT-34)
Warning: In design 'i2c_master_top', three-state bus 'byte_controller/core_cmd[3]' has non three-state driver 'byte_controller/core_cmd_reg[3]/Q'. (LINT-34)
1
