Warning: Design 'i2c_master_top' has '1' unresolved references. For more detailed information, use the "link" command. (UID-341)
Information: Updating design information... (UID-85)
 
****************************************
Report : constraint
        -all_violators
Design : i2c_master_top
Version: W-2024.09-SP4-1
Date   : Tue Apr 29 11:20:43 2025
****************************************


   min_delay/hold ('clk' group)

                             Required        Actual
   Endpoint                 Path Delay     Path Delay        Slack
   -----------------------------------------------------------------
   wb_ack_o_reg/D               0.19           0.11 f        -0.08  (VIOLATED)
   wb_ack_o                     0.19           0.14 r        -0.05  (VIOLATED)
   wb_dat_o[0]                  0.19           0.14 r        -0.05  (VIOLATED)
   wb_dat_o[1]                  0.19           0.14 r        -0.05  (VIOLATED)
   wb_dat_o[2]                  0.19           0.14 r        -0.05  (VIOLATED)
   wb_dat_o[3]                  0.19           0.14 r        -0.05  (VIOLATED)
   wb_dat_o[5]                  0.19           0.14 r        -0.05  (VIOLATED)
   wb_dat_o[6]                  0.19           0.14 r        -0.05  (VIOLATED)
   wb_dat_o[7]                  0.19           0.14 r        -0.05  (VIOLATED)
   wb_dat_o[4]                  0.19           0.15 r        -0.04  (VIOLATED)
   wb_inta_o                    0.19           0.16 f        -0.03  (VIOLATED)


   max_area

                             Required        Actual
   Design                      Area           Area           Slack
   -----------------------------------------------------------------
   i2c_master_top               0.00        1272.52       -1272.52  (VIOLATED)


1
