Warning: Design 'i2c_master_top' has '1' unresolved references. For more detailed information, use the "link" command. (UID-341)
 
****************************************
Report : area
Design : i2c_master_top
Version: W-2024.09-SP4-1
Date   : Tue May 13 10:44:54 2025
****************************************

Library(s) Used:

    saed32rvt_ss0p95v25c (File: /mnt/class_data/ecec574-w2019/PDKs/_archived/SAED32nm_new/SAED32_EDK/lib/stdcell_rvt/db_ccs/saed32rvt_ss0p95v25c.db)

Number of ports:                           33
Number of nets:                           211
Number of cells:                          175
Number of combinational cells:            119
Number of sequential cells:                55
Number of macros/black boxes:               0
Number of buf/inv:                         18
Number of references:                      24

Combinational area:                283.116417
Buf/Inv area:                       25.160256
Noncombinational area:             380.199431
Macro/Black Box area:                0.000000
Net Interconnect area:             169.753140

Total cell area:                   663.315849
Total area:                        833.068989

Information: This design contains black box (unknown) components. (RPT-8)
1
