Information: Propagating switching activity (low effort zero delay simulation). (PWR-6)
Warning: Design has unannotated primary inputs. (PWR-414)
Warning: Design has unannotated sequential cell outputs. (PWR-415)
 
****************************************
Report : power
        -analysis_effort low
Design : i2c_master_top
Version: W-2024.09-SP2
Date   : Tue May 13 13:51:04 2025
****************************************


Library(s) Used:

    saed32rvt_ss0p95v25c (File: /mnt/class_data/ecec574-w2019/PDKs/_archived/SAED32nm_new/SAED32_EDK/lib/stdcell_rvt/db_ccs/saed32rvt_ss0p95v25c.db)


Operating Conditions: ss0p95v125c   Library: saed32rvt_ss0p95v125c
Wire Load Model Mode: enclosed

Design        Wire Load Model            Library
------------------------------------------------
i2c_master_top         ForQA             saed32rvt_ss0p95v125c


Global Operating Voltage = 0.95 
Power-specific unit information :
    Voltage Units = 1V
    Capacitance Units = 1.000000ff
    Time Units = 1ns
    Dynamic Power Units = 1uW    (derived from V,C,T units)
    Leakage Power Units = 1pW


Attributes
----------
i - Including register clock pin internal power


  Cell Internal Power  =  25.6594 uW   (91%)
  Net Switching Power  =   2.5391 uW    (9%)
                         ---------
Total Dynamic Power    =  28.1985 uW  (100%)

Cell Leakage Power     =  44.4177 uW


                 Internal         Switching           Leakage            Total
Power Group      Power            Power               Power              Power   (   %    )  Attrs
--------------------------------------------------------------------------------------------------
io_pad             0.0000            0.0000            0.0000            0.0000  (   0.00%)
memory             0.0000            0.0000            0.0000            0.0000  (   0.00%)
black_box          0.0000            0.0000            0.0000            0.0000  (   0.00%)
clock_network     82.5916            0.0000            0.0000           82.5916  ( 113.74%)  i
register       -5.8564e+01            0.3712        2.0543e+07        -3.7650e+01
                                                                                 ( -51.85%)
sequential         0.0000            0.0000            0.0000            0.0000  (   0.00%)
combinational      1.6320            2.1679        2.3875e+07           27.6748  (  38.11%)
--------------------------------------------------------------------------------------------------
Total             25.6595 uW         2.5391 uW     4.4418e+07 pW        72.6162 uW
1
