 
****************************************
Report : constraint
        -all_violators
Design : i2c_master_top
Version: W-2024.09-SP2
Date   : Tue May 13 14:24:28 2025
****************************************

	Parasitic source    : LPE
	Parasitic mode      : RealRC
	Extraction mode     : MAX
	Extraction derating : 125/125/125

   min_delay/hold ('clk' group)

                             Required        Actual
   Endpoint                 Path Delay     Path Delay        Slack
   -----------------------------------------------------------------
   byte_controller/bit_controller/clk_en_reg/D
                                0.18           0.05 f        -0.13  (VIOLATED)
   cr_reg[6]/D                  0.18           0.05 f        -0.13  (VIOLATED)
   cr_reg[5]/D                  0.18           0.05 f        -0.13  (VIOLATED)
   cr_reg[7]/D                  0.18           0.05 f        -0.13  (VIOLATED)
   cr_reg[0]/D                  0.18           0.05 f        -0.13  (VIOLATED)
   byte_controller/bit_controller/sSDA_reg/D
                                0.18           0.05 f        -0.13  (VIOLATED)
   cr_reg[2]/D                  0.18           0.05 f        -0.13  (VIOLATED)
   txr_reg[1]/D                 0.18           0.06 f        -0.13  (VIOLATED)
   byte_controller/bit_controller/sSCL_reg/D
                                0.18           0.05 f        -0.13  (VIOLATED)
   cr_reg[1]/D                  0.18           0.06 f        -0.13  (VIOLATED)
   txr_reg[6]/D                 0.18           0.06 f        -0.13  (VIOLATED)
   cr_reg[4]/D                  0.18           0.06 f        -0.13  (VIOLATED)
   txr_reg[2]/D                 0.18           0.06 f        -0.13  (VIOLATED)
   ctr_reg[2]/D                 0.18           0.06 f        -0.13  (VIOLATED)
   ctr_reg[4]/D                 0.18           0.06 f        -0.13  (VIOLATED)
   txr_reg[5]/D                 0.18           0.06 f        -0.13  (VIOLATED)
   ctr_reg[5]/D                 0.18           0.06 f        -0.13  (VIOLATED)
   ctr_reg[3]/D                 0.18           0.06 f        -0.13  (VIOLATED)
   ctr_reg[0]/D                 0.18           0.06 f        -0.12  (VIOLATED)
   txr_reg[3]/D                 0.18           0.06 f        -0.12  (VIOLATED)
   ctr_reg[7]/D                 0.18           0.06 f        -0.12  (VIOLATED)
   txr_reg[0]/D                 0.18           0.06 f        -0.12  (VIOLATED)
   wb_ack_o_reg/D               0.18           0.06 f        -0.12  (VIOLATED)
   ctr_reg[1]/D                 0.18           0.06 f        -0.12  (VIOLATED)
   ctr_reg[6]/D                 0.18           0.06 f        -0.12  (VIOLATED)
   txr_reg[4]/D                 0.18           0.06 f        -0.12  (VIOLATED)
   txr_reg[7]/D                 0.18           0.06 f        -0.12  (VIOLATED)
   prer_reg[4]/D                0.18           0.07 f        -0.11  (VIOLATED)
   prer_reg[13]/D               0.18           0.07 f        -0.11  (VIOLATED)
   prer_reg[10]/D               0.18           0.07 f        -0.11  (VIOLATED)
   prer_reg[12]/D               0.18           0.07 f        -0.11  (VIOLATED)
   prer_reg[11]/D               0.18           0.07 f        -0.11  (VIOLATED)
   byte_controller/bit_controller/cmd_stop_reg/D
                                0.18           0.07 f        -0.11  (VIOLATED)
   prer_reg[9]/D                0.18           0.07 f        -0.11  (VIOLATED)
   prer_reg[6]/D                0.18           0.07 f        -0.11  (VIOLATED)
   prer_reg[14]/D               0.18           0.07 f        -0.11  (VIOLATED)
   prer_reg[5]/D                0.18           0.07 f        -0.11  (VIOLATED)
   prer_reg[8]/D                0.18           0.07 f        -0.11  (VIOLATED)
   prer_reg[1]/D                0.18           0.07 f        -0.11  (VIOLATED)
   prer_reg[15]/D               0.18           0.07 f        -0.11  (VIOLATED)
   prer_reg[7]/D                0.18           0.07 f        -0.11  (VIOLATED)
   prer_reg[3]/D                0.18           0.07 f        -0.11  (VIOLATED)
   prer_reg[2]/D                0.18           0.07 f        -0.11  (VIOLATED)
   prer_reg[0]/D                0.18           0.07 f        -0.11  (VIOLATED)
   byte_controller/bit_controller/dSDA_reg/D
                                0.17           0.07 f        -0.10  (VIOLATED)
   cr_reg[3]/D                  0.17           0.09 f        -0.08  (VIOLATED)
   wb_dat_o[1]                  0.19           0.15 r        -0.04  (VIOLATED)
   wb_dat_o[3]                  0.19           0.15 r        -0.04  (VIOLATED)
   wb_dat_o[7]                  0.19           0.15 r        -0.04  (VIOLATED)
   wb_dat_o[4]                  0.19           0.15 r        -0.04  (VIOLATED)
   wb_dat_o[2]                  0.19           0.15 r        -0.04  (VIOLATED)
   wb_dat_o[0]                  0.19           0.15 r        -0.04  (VIOLATED)
   wb_ack_o                     0.19           0.15 r        -0.04  (VIOLATED)
   wb_dat_o[6]                  0.19           0.15 r        -0.04  (VIOLATED)
   wb_dat_o[5]                  0.19           0.15 r        -0.04  (VIOLATED)
   byte_controller/ack_out_reg/D
                                0.18           0.16 f        -0.02  (VIOLATED)
   byte_controller/core_txd_reg/D
                                0.18           0.16 f        -0.02  (VIOLATED)
   byte_controller/bit_controller/sta_condition_reg/D
                                0.18           0.17 f        -0.01  (VIOLATED)
   scl_padoen_o                 0.19           0.18 r        -0.01  (VIOLATED)
   byte_controller/bit_controller/al_reg/D
                                0.18           0.17 f         0.00  (VIOLATED: increase significant digits)
   wb_inta_o                    0.19           0.19 f         0.00  (VIOLATED: increase significant digits)


   max_area

                             Required        Actual
   Design                      Area           Area           Slack
   -----------------------------------------------------------------
   i2c_master_top               0.00        2026.54       -2026.54  (VIOLATED)


1
