Information: Propagating switching activity (low effort zero delay simulation). (PWR-6)
Warning: Design has unannotated primary inputs. (PWR-414)
Warning: Design has unannotated sequential cell outputs. (PWR-415)
 
****************************************
Report : power
        -analysis_effort low
Design : aes
Version: W-2024.09-SP4-1
Date   : Tue Apr 29 11:18:13 2025
****************************************


Library(s) Used:

    saed32rvt_ss0p95v25c (File: /mnt/class_data/ecec574-w2019/PDKs/_archived/SAED32nm_new/SAED32_EDK/lib/stdcell_rvt/db_ccs/saed32rvt_ss0p95v25c.db)


Operating Conditions: ss0p95v25c   Library: saed32rvt_ss0p95v25c
Wire Load Model Mode: enclosed

Design        Wire Load Model            Library
------------------------------------------------
aes                    16000             saed32rvt_ss0p95v25c
sbox                   8000              saed32rvt_ss0p95v25c
subbytes               8000              saed32rvt_ss0p95v25c
mixcolum               8000              saed32rvt_ss0p95v25c
keysched               8000              saed32rvt_ss0p95v25c
word_mixcolum          8000              saed32rvt_ss0p95v25c
byte_mixcolum_3        8000              saed32rvt_ss0p95v25c
byte_mixcolum_0        8000              saed32rvt_ss0p95v25c
byte_mixcolum_1        8000              saed32rvt_ss0p95v25c
byte_mixcolum_2        8000              saed32rvt_ss0p95v25c


Global Operating Voltage = 0.95 
Power-specific unit information :
    Voltage Units = 1V
    Capacitance Units = 1.000000ff
    Time Units = 1ns
    Dynamic Power Units = 1uW    (derived from V,C,T units)
    Leakage Power Units = 1pW


Attributes
----------
i - Including register clock pin internal power


  Cell Internal Power  =  40.5654 uW   (70%)
  Net Switching Power  =  17.3193 uW   (30%)
                         ---------
Total Dynamic Power    =  57.8846 uW  (100%)

Cell Leakage Power     = 344.8042 uW


                 Internal         Switching           Leakage            Total
Power Group      Power            Power               Power              Power   (   %    )  Attrs
--------------------------------------------------------------------------------------------------
io_pad             0.0000            0.0000            0.0000            0.0000  (   0.00%)
memory             0.0000            0.0000            0.0000            0.0000  (   0.00%)
black_box          0.0000            0.0000            0.0000            0.0000  (   0.00%)
clock_network      0.0000            0.0000            0.0000            0.0000  (   0.00%)  i
register           1.7442            0.7999        1.1042e+08          112.9642  (  28.05%)
sequential         0.0000            0.0000            0.0000            0.0000  (   0.00%)
combinational     38.8212           16.5194        2.3438e+08          289.7246  (  71.95%)
--------------------------------------------------------------------------------------------------
Total             40.5653 uW        17.3193 uW     3.4480e+08 pW       402.6888 uW
1
