 
****************************************
Report : area
Design : aes
Version: W-2024.09-SP2
Date   : Tue May  6 09:22:45 2025
****************************************

Library(s) Used:

    saed32rvt_ss0p95v25c (File: /mnt/class_data/ecec574-w2019/PDKs/_archived/SAED32nm_new/SAED32_EDK/lib/stdcell_rvt/db_ccs/saed32rvt_ss0p95v25c.db)

Number of ports:                          391
Number of nets:                          2180
Number of cells:                         1505
Number of combinational cells:           1360
Number of sequential cells:               141
Number of macros/black boxes:               0
Number of buf/inv:                        103
Number of references:                      34

Combinational area:               9140.543140
Buf/Inv area:                      461.525519
Noncombinational area:            4767.741523
Macro/Black Box area:                0.000000
Net Interconnect area:            4903.252872

Total cell area:                 13908.284663
Total area:                      18811.537535
1
