 
****************************************
Report : constraint
        -all_violators
Design : aes
Version: W-2024.09-SP2
Date   : Tue May  6 09:22:45 2025
****************************************

	Parasitic source    : LPE
	Parasitic mode      : RealRC
	Extraction mode     : MAX
	Extraction derating : 125/125/125

   min_delay/hold ('clk' group)

                             Required        Actual
   Endpoint                 Path Delay     Path Delay        Slack
   -----------------------------------------------------------------
   first_round_reg_reg/D        0.18           0.08 f        -0.10  (VIOLATED)
   round_reg[1]/D               0.18           0.15 f        -0.03  (VIOLATED)
   round_reg[3]/D               0.18           0.15 f        -0.03  (VIOLATED)
   round_reg[2]/D               0.18           0.17 f        -0.01  (VIOLATED)
   ready_o                      0.19           0.18 f        -0.01  (VIOLATED)
   round_reg[0]/D               0.18           0.17 f        -0.01  (VIOLATED)


   max_area

                             Required        Actual
   Design                      Area           Area           Slack
   -----------------------------------------------------------------
   aes                          0.00       18811.54       -18811.54 (VIOLATED)


1
