 
****************************************
Report : area
Design : des
Version: W-2024.09-SP4-1
Date   : Tue Apr 29 11:20:09 2025
****************************************

Library(s) Used:

    saed32rvt_ss0p95v25c (File: /mnt/class_data/ecec574-w2019/PDKs/_archived/SAED32nm_new/SAED32_EDK/lib/stdcell_rvt/db_ccs/saed32rvt_ss0p95v25c.db)

Number of ports:                          769
Number of nets:                          2033
Number of cells:                         1344
Number of combinational cells:           1144
Number of sequential cells:               190
Number of macros/black boxes:               0
Number of buf/inv:                        214
Number of references:                      21

Combinational area:               2555.417925
Buf/Inv area:                      278.795970
Noncombinational area:            1352.046103
Macro/Black Box area:                0.000000
Net Interconnect area:             746.168295

Total cell area:                  3907.464029
Total area:                       4653.632324
1
