Information: Updating design information... (UID-85)
 
****************************************
Report : constraint
        -all_violators
Design : des
Version: M-2016.12-SP1
Date   : Tue Apr 15 10:26:39 2025
****************************************


   min_delay/hold ('clk' group)

                             Required        Actual
   Endpoint                 Path Delay     Path Delay        Slack
   -----------------------------------------------------------------
   rd1/L_o_reg[1]/D             0.18           0.14 f        -0.04  (VIOLATED)
   rd1/L_o_reg[2]/D             0.18           0.14 f        -0.04  (VIOLATED)
   rd1/L_o_reg[5]/D             0.18           0.14 f        -0.04  (VIOLATED)
   rd1/L_o_reg[6]/D             0.18           0.14 f        -0.04  (VIOLATED)
   rd1/L_o_reg[9]/D             0.18           0.14 f        -0.04  (VIOLATED)
   rd1/L_o_reg[10]/D            0.18           0.14 f        -0.04  (VIOLATED)
   rd1/L_o_reg[13]/D            0.18           0.14 f        -0.04  (VIOLATED)
   rd1/L_o_reg[14]/D            0.18           0.14 f        -0.04  (VIOLATED)
   rd1/L_o_reg[17]/D            0.18           0.14 f        -0.04  (VIOLATED)
   rd1/L_o_reg[18]/D            0.18           0.14 f        -0.04  (VIOLATED)
   rd1/L_o_reg[21]/D            0.18           0.14 f        -0.04  (VIOLATED)
   rd1/L_o_reg[22]/D            0.18           0.14 f        -0.04  (VIOLATED)
   rd1/L_o_reg[25]/D            0.18           0.14 f        -0.04  (VIOLATED)
   rd1/L_o_reg[26]/D            0.18           0.14 f        -0.04  (VIOLATED)
   rd1/L_o_reg[29]/D            0.18           0.14 f        -0.04  (VIOLATED)
   rd1/L_o_reg[30]/D            0.18           0.14 f        -0.04  (VIOLATED)
   data_o[0]                    0.19           0.16 f        -0.03  (VIOLATED)
   data_o[1]                    0.19           0.16 f        -0.03  (VIOLATED)
   data_o[2]                    0.19           0.16 f        -0.03  (VIOLATED)
   data_o[3]                    0.19           0.16 f        -0.03  (VIOLATED)
   data_o[4]                    0.19           0.16 f        -0.03  (VIOLATED)
   data_o[5]                    0.19           0.16 f        -0.03  (VIOLATED)
   data_o[6]                    0.19           0.16 f        -0.03  (VIOLATED)
   data_o[7]                    0.19           0.16 f        -0.03  (VIOLATED)
   data_o[8]                    0.19           0.16 f        -0.03  (VIOLATED)
   data_o[9]                    0.19           0.16 f        -0.03  (VIOLATED)
   data_o[10]                   0.19           0.16 f        -0.03  (VIOLATED)
   data_o[11]                   0.19           0.16 f        -0.03  (VIOLATED)
   data_o[12]                   0.19           0.16 f        -0.03  (VIOLATED)
   data_o[13]                   0.19           0.16 f        -0.03  (VIOLATED)
   data_o[14]                   0.19           0.16 f        -0.03  (VIOLATED)
   data_o[15]                   0.19           0.16 f        -0.03  (VIOLATED)
   data_o[16]                   0.19           0.16 f        -0.03  (VIOLATED)
   data_o[17]                   0.19           0.16 f        -0.03  (VIOLATED)
   data_o[18]                   0.19           0.16 f        -0.03  (VIOLATED)
   data_o[19]                   0.19           0.16 f        -0.03  (VIOLATED)
   data_o[20]                   0.19           0.16 f        -0.03  (VIOLATED)
   data_o[21]                   0.19           0.16 f        -0.03  (VIOLATED)
   data_o[22]                   0.19           0.16 f        -0.03  (VIOLATED)
   data_o[23]                   0.19           0.16 f        -0.03  (VIOLATED)
   data_o[24]                   0.19           0.16 f        -0.03  (VIOLATED)
   data_o[25]                   0.19           0.16 f        -0.03  (VIOLATED)
   data_o[26]                   0.19           0.16 f        -0.03  (VIOLATED)
   data_o[27]                   0.19           0.16 f        -0.03  (VIOLATED)
   data_o[28]                   0.19           0.16 f        -0.03  (VIOLATED)
   data_o[29]                   0.19           0.16 f        -0.03  (VIOLATED)
   data_o[30]                   0.19           0.16 f        -0.03  (VIOLATED)
   data_o[31]                   0.19           0.16 f        -0.03  (VIOLATED)
   data_o[32]                   0.19           0.16 f        -0.03  (VIOLATED)
   data_o[33]                   0.19           0.16 f        -0.03  (VIOLATED)
   data_o[34]                   0.19           0.16 f        -0.03  (VIOLATED)
   data_o[35]                   0.19           0.16 f        -0.03  (VIOLATED)
   data_o[36]                   0.19           0.16 f        -0.03  (VIOLATED)
   data_o[37]                   0.19           0.16 f        -0.03  (VIOLATED)
   data_o[38]                   0.19           0.16 f        -0.03  (VIOLATED)
   data_o[39]                   0.19           0.16 f        -0.03  (VIOLATED)
   data_o[40]                   0.19           0.16 f        -0.03  (VIOLATED)
   data_o[41]                   0.19           0.16 f        -0.03  (VIOLATED)
   data_o[42]                   0.19           0.16 f        -0.03  (VIOLATED)
   data_o[43]                   0.19           0.16 f        -0.03  (VIOLATED)
   data_o[44]                   0.19           0.16 f        -0.03  (VIOLATED)
   data_o[45]                   0.19           0.16 f        -0.03  (VIOLATED)
   data_o[46]                   0.19           0.16 f        -0.03  (VIOLATED)
   data_o[47]                   0.19           0.16 f        -0.03  (VIOLATED)
   data_o[48]                   0.19           0.16 f        -0.03  (VIOLATED)
   data_o[49]                   0.19           0.16 f        -0.03  (VIOLATED)
   data_o[50]                   0.19           0.16 f        -0.03  (VIOLATED)
   data_o[51]                   0.19           0.16 f        -0.03  (VIOLATED)
   data_o[52]                   0.19           0.16 f        -0.03  (VIOLATED)
   data_o[53]                   0.19           0.16 f        -0.03  (VIOLATED)
   data_o[54]                   0.19           0.16 f        -0.03  (VIOLATED)
   data_o[55]                   0.19           0.16 f        -0.03  (VIOLATED)
   data_o[56]                   0.19           0.16 f        -0.03  (VIOLATED)
   data_o[57]                   0.19           0.16 f        -0.03  (VIOLATED)
   data_o[58]                   0.19           0.16 f        -0.03  (VIOLATED)
   data_o[59]                   0.19           0.16 f        -0.03  (VIOLATED)
   data_o[60]                   0.19           0.16 f        -0.03  (VIOLATED)
   data_o[61]                   0.19           0.16 f        -0.03  (VIOLATED)
   data_o[62]                   0.19           0.16 f        -0.03  (VIOLATED)
   data_o[63]                   0.19           0.16 f        -0.03  (VIOLATED)
   ready_o                      0.19           0.16 f        -0.03  (VIOLATED)


   max_area

                             Required        Actual
   Design                      Area           Area           Slack
   -----------------------------------------------------------------
   des                          0.00        4655.76       -4655.76  (VIOLATED)


1
