 
****************************************
check_design summary:
Version:     W-2024.09-SP4-1
Date:        Tue May 13 10:43:27 2025
****************************************

                   Name                                            Total
--------------------------------------------------------------------------------
Inputs/Outputs                                                     56
    Unconnected ports (LINT-28)                                     8
    Shorted outputs (LINT-31)                                      48

Cells                                                               1
    Cells do not drive (LINT-1)                                     1
--------------------------------------------------------------------------------

Warning: In design 'des', cell 'B_4' does not drive any nets. (LINT-1)
Warning: In design 'des', port 'key_i[56]' is not connected to any nets. (LINT-28)
Warning: In design 'des', port 'key_i[48]' is not connected to any nets. (LINT-28)
Warning: In design 'des', port 'key_i[40]' is not connected to any nets. (LINT-28)
Warning: In design 'des', port 'key_i[32]' is not connected to any nets. (LINT-28)
Warning: In design 'des', port 'key_i[24]' is not connected to any nets. (LINT-28)
Warning: In design 'des', port 'key_i[16]' is not connected to any nets. (LINT-28)
Warning: In design 'des', port 'key_i[8]' is not connected to any nets. (LINT-28)
Warning: In design 'des', port 'key_i[0]' is not connected to any nets. (LINT-28)
Warning: In design 'key_gen', output port 'non_perm_key[55]' is connected directly to output port 'new_key[43]'. (LINT-31)
Warning: In design 'key_gen', output port 'non_perm_key[54]' is connected directly to output port 'new_key[24]'. (LINT-31)
Warning: In design 'key_gen', output port 'non_perm_key[53]' is connected directly to output port 'new_key[41]'. (LINT-31)
Warning: In design 'key_gen', output port 'non_perm_key[52]' is connected directly to output port 'new_key[32]'. (LINT-31)
Warning: In design 'key_gen', output port 'non_perm_key[51]' is connected directly to output port 'new_key[42]'. (LINT-31)
Warning: In design 'key_gen', output port 'non_perm_key[50]' is connected directly to output port 'new_key[38]'. (LINT-31)
Warning: In design 'key_gen', output port 'non_perm_key[49]' is connected directly to output port 'new_key[28]'. (LINT-31)
Warning: In design 'key_gen', output port 'non_perm_key[48]' is connected directly to output port 'new_key[30]'. (LINT-31)
Warning: In design 'key_gen', output port 'non_perm_key[46]' is connected directly to output port 'new_key[36]'. (LINT-31)
Warning: In design 'key_gen', output port 'non_perm_key[45]' is connected directly to output port 'new_key[45]'. (LINT-31)
Warning: In design 'key_gen', output port 'non_perm_key[44]' is connected directly to output port 'new_key[33]'. (LINT-31)
Warning: In design 'key_gen', output port 'non_perm_key[43]' is connected directly to output port 'new_key[25]'. (LINT-31)
Warning: In design 'key_gen', output port 'non_perm_key[42]' is connected directly to output port 'new_key[47]'. (LINT-31)
Warning: In design 'key_gen', output port 'non_perm_key[41]' is connected directly to output port 'new_key[39]'. (LINT-31)
Warning: In design 'key_gen', output port 'non_perm_key[40]' is connected directly to output port 'new_key[29]'. (LINT-31)
Warning: In design 'key_gen', output port 'non_perm_key[39]' is connected directly to output port 'new_key[46]'. (LINT-31)
Warning: In design 'key_gen', output port 'non_perm_key[37]' is connected directly to output port 'new_key[34]'. (LINT-31)
Warning: In design 'key_gen', output port 'non_perm_key[36]' is connected directly to output port 'new_key[26]'. (LINT-31)
Warning: In design 'key_gen', output port 'non_perm_key[35]' is connected directly to output port 'new_key[37]'. (LINT-31)
Warning: In design 'key_gen', output port 'non_perm_key[33]' is connected directly to output port 'new_key[35]'. (LINT-31)
Warning: In design 'key_gen', output port 'non_perm_key[32]' is connected directly to output port 'new_key[44]'. (LINT-31)
Warning: In design 'key_gen', output port 'non_perm_key[30]' is connected directly to output port 'new_key[31]'. (LINT-31)
Warning: In design 'key_gen', output port 'non_perm_key[29]' is connected directly to output port 'new_key[27]'. (LINT-31)
Warning: In design 'key_gen', output port 'non_perm_key[28]' is connected directly to output port 'new_key[40]'. (LINT-31)
Warning: In design 'key_gen', output port 'non_perm_key[27]' is connected directly to output port 'new_key[1]'. (LINT-31)
Warning: In design 'key_gen', output port 'non_perm_key[26]' is connected directly to output port 'new_key[17]'. (LINT-31)
Warning: In design 'key_gen', output port 'non_perm_key[25]' is connected directly to output port 'new_key[21]'. (LINT-31)
Warning: In design 'key_gen', output port 'non_perm_key[24]' is connected directly to output port 'new_key[0]'. (LINT-31)
Warning: In design 'key_gen', output port 'non_perm_key[23]' is connected directly to output port 'new_key[13]'. (LINT-31)
Warning: In design 'key_gen', output port 'non_perm_key[22]' is connected directly to output port 'new_key[7]'. (LINT-31)
Warning: In design 'key_gen', output port 'non_perm_key[20]' is connected directly to output port 'new_key[2]'. (LINT-31)
Warning: In design 'key_gen', output port 'non_perm_key[19]' is connected directly to output port 'new_key[20]'. (LINT-31)
Warning: In design 'key_gen', output port 'non_perm_key[17]' is connected directly to output port 'new_key[9]'. (LINT-31)
Warning: In design 'key_gen', output port 'non_perm_key[16]' is connected directly to output port 'new_key[16]'. (LINT-31)
Warning: In design 'key_gen', output port 'non_perm_key[15]' is connected directly to output port 'new_key[23]'. (LINT-31)
Warning: In design 'key_gen', output port 'non_perm_key[14]' is connected directly to output port 'new_key[4]'. (LINT-31)
Warning: In design 'key_gen', output port 'non_perm_key[12]' is connected directly to output port 'new_key[11]'. (LINT-31)
Warning: In design 'key_gen', output port 'non_perm_key[11]' is connected directly to output port 'new_key[14]'. (LINT-31)
Warning: In design 'key_gen', output port 'non_perm_key[10]' is connected directly to output port 'new_key[5]'. (LINT-31)
Warning: In design 'key_gen', output port 'non_perm_key[9]' is connected directly to output port 'new_key[19]'. (LINT-31)
Warning: In design 'key_gen', output port 'non_perm_key[8]' is connected directly to output port 'new_key[12]'. (LINT-31)
Warning: In design 'key_gen', output port 'non_perm_key[7]' is connected directly to output port 'new_key[10]'. (LINT-31)
Warning: In design 'key_gen', output port 'non_perm_key[6]' is connected directly to output port 'new_key[3]'. (LINT-31)
Warning: In design 'key_gen', output port 'non_perm_key[5]' is connected directly to output port 'new_key[15]'. (LINT-31)
Warning: In design 'key_gen', output port 'non_perm_key[4]' is connected directly to output port 'new_key[22]'. (LINT-31)
Warning: In design 'key_gen', output port 'non_perm_key[3]' is connected directly to output port 'new_key[6]'. (LINT-31)
Warning: In design 'key_gen', output port 'non_perm_key[1]' is connected directly to output port 'new_key[18]'. (LINT-31)
Warning: In design 'key_gen', output port 'non_perm_key[0]' is connected directly to output port 'new_key[8]'. (LINT-31)
1
