 
****************************************
Report : constraint
        -all_violators
Design : des
Version: W-2024.09-SP2
Date   : Tue May  6 09:24:43 2025
****************************************

	Parasitic source    : LPE
	Parasitic mode      : RealRC
	Extraction mode     : MAX
	Extraction derating : 125/125/125

   min_delay/hold ('clk' group)

                             Required        Actual
   Endpoint                 Path Delay     Path Delay        Slack
   -----------------------------------------------------------------
   rd1/L_o_reg[26]/D            0.18           0.06 f        -0.12  (VIOLATED)
   rd1/L_o_reg[25]/D            0.18           0.06 f        -0.12  (VIOLATED)
   rd1/L_o_reg[5]/D             0.18           0.07 f        -0.11  (VIOLATED)
   rd1/L_o_reg[30]/D            0.18           0.07 f        -0.11  (VIOLATED)
   rd1/L_o_reg[29]/D            0.18           0.07 f        -0.11  (VIOLATED)
   rd1/L_o_reg[9]/D             0.18           0.07 f        -0.11  (VIOLATED)
   rd1/L_o_reg[6]/D             0.18           0.07 f        -0.11  (VIOLATED)
   rd1/L_o_reg[21]/D            0.17           0.07 f        -0.10  (VIOLATED)
   rd1/L_o_reg[22]/D            0.17           0.07 f        -0.09  (VIOLATED)
   ready_o_reg/D                0.18           0.09 f        -0.09  (VIOLATED)
   rd1/L_o_reg[17]/D            0.17           0.08 f        -0.09  (VIOLATED)
   rd1/L_o_reg[15]/D            0.17           0.08 f        -0.09  (VIOLATED)
   rd1/L_o_reg[18]/D            0.17           0.08 f        -0.09  (VIOLATED)
   data_ready_reg/D             0.18           0.09 f        -0.09  (VIOLATED)
   rd1/L_o_reg[7]/D             0.17           0.08 f        -0.09  (VIOLATED)
   rd1/L_o_reg[8]/D             0.17           0.08 f        -0.09  (VIOLATED)
   rd1/L_o_reg[10]/D            0.16           0.08 f        -0.08  (VIOLATED)
   rd1/L_o_reg[24]/D            0.16           0.08 f        -0.08  (VIOLATED)
   rd1/L_o_reg[1]/D             0.16           0.08 f        -0.08  (VIOLATED)
   rd1/L_o_reg[23]/D            0.16           0.08 f        -0.08  (VIOLATED)
   rd1/L_o_reg[31]/D            0.16           0.09 f        -0.07  (VIOLATED)
   rd1/L_o_reg[28]/D            0.16           0.09 f        -0.07  (VIOLATED)
   rd1/L_o_reg[4]/D             0.16           0.09 f        -0.07  (VIOLATED)
   rd1/L_o_reg[2]/D             0.16           0.09 f        -0.07  (VIOLATED)
   rd1/L_o_reg[27]/D            0.16           0.09 f        -0.07  (VIOLATED)
   rd1/L_o_reg[13]/D            0.16           0.09 f        -0.06  (VIOLATED)
   rd1/L_o_reg[14]/D            0.16           0.09 f        -0.06  (VIOLATED)
   rd1/L_o_reg[16]/D            0.15           0.09 f        -0.06  (VIOLATED)
   rd1/L_o_reg[19]/D            0.15           0.10 f        -0.06  (VIOLATED)
   rd1/L_o_reg[0]/D             0.15           0.10 f        -0.06  (VIOLATED)
   rd1/L_o_reg[12]/D            0.15           0.10 f        -0.06  (VIOLATED)
   rd1/L_o_reg[20]/D            0.15           0.10 f        -0.05  (VIOLATED)
   rd1/L_o_reg[3]/D             0.15           0.10 f        -0.05  (VIOLATED)
   rd1/L_o_reg[11]/D            0.15           0.10 f        -0.05  (VIOLATED)
   rd1/R_o_reg[19]/D            0.16           0.14 r        -0.03  (VIOLATED)
   rd1/R_o_reg[5]/D             0.16           0.14 r        -0.03  (VIOLATED)
   rd1/R_o_reg[6]/D             0.17           0.14 r        -0.03  (VIOLATED)
   rd1/R_o_reg[28]/D            0.16           0.14 r        -0.03  (VIOLATED)
   rd1/R_o_reg[12]/D            0.16           0.14 r        -0.02  (VIOLATED)
   rd1/R_o_reg[23]/D            0.17           0.14 r        -0.02  (VIOLATED)
   rd1/R_o_reg[17]/D            0.17           0.14 r        -0.02  (VIOLATED)
   rd1/R_o_reg[21]/D            0.16           0.14 r        -0.02  (VIOLATED)
   rd1/R_o_reg[2]/D             0.16           0.14 r        -0.02  (VIOLATED)
   data_o[28]                   0.19           0.17 f        -0.02  (VIOLATED)
   data_o[6]                    0.19           0.17 f        -0.02  (VIOLATED)
   data_o[58]                   0.19           0.17 f        -0.02  (VIOLATED)
   rd1/R_o_reg[3]/D             0.16           0.14 r        -0.02  (VIOLATED)
   rd1/R_o_reg[20]/D            0.16           0.14 r        -0.02  (VIOLATED)
   data_o[34]                   0.19           0.17 f        -0.02  (VIOLATED)
   data_o[46]                   0.19           0.17 f        -0.02  (VIOLATED)
   data_o[59]                   0.19           0.17 f        -0.02  (VIOLATED)
   data_o[23]                   0.19           0.17 f        -0.02  (VIOLATED)
   data_o[62]                   0.19           0.17 f        -0.02  (VIOLATED)
   data_o[22]                   0.19           0.17 f        -0.02  (VIOLATED)
   ready_o                      0.19           0.17 f        -0.02  (VIOLATED)
   data_o[0]                    0.19           0.17 f        -0.02  (VIOLATED)
   data_o[49]                   0.19           0.17 f        -0.02  (VIOLATED)
   data_o[44]                   0.19           0.17 f        -0.02  (VIOLATED)
   rd1/R_o_reg[29]/D            0.16           0.14 r        -0.02  (VIOLATED)
   data_o[43]                   0.19           0.17 f        -0.02  (VIOLATED)
   data_o[60]                   0.19           0.17 f        -0.02  (VIOLATED)
   data_o[50]                   0.19           0.17 f        -0.02  (VIOLATED)
   data_o[53]                   0.19           0.17 f        -0.02  (VIOLATED)
   data_o[52]                   0.19           0.17 f        -0.02  (VIOLATED)
   data_o[2]                    0.19           0.17 f        -0.02  (VIOLATED)
   data_o[15]                   0.19           0.17 f        -0.02  (VIOLATED)
   data_o[13]                   0.19           0.17 f        -0.02  (VIOLATED)
   rd1/R_o_reg[26]/D            0.16           0.14 r        -0.02  (VIOLATED)
   rd1/R_o_reg[25]/D            0.17           0.15 r        -0.02  (VIOLATED)
   data_o[17]                   0.19           0.17 f        -0.02  (VIOLATED)
   data_o[35]                   0.19           0.17 f        -0.02  (VIOLATED)
   data_o[24]                   0.19           0.17 f        -0.02  (VIOLATED)
   data_o[20]                   0.19           0.17 f        -0.02  (VIOLATED)
   data_o[54]                   0.19           0.17 f        -0.02  (VIOLATED)
   data_o[4]                    0.19           0.17 f        -0.02  (VIOLATED)
   rd1/R_o_reg[10]/D            0.16           0.14 r        -0.02  (VIOLATED)
   rd1/R_o_reg[27]/D            0.16           0.14 r        -0.02  (VIOLATED)
   data_o[26]                   0.19           0.17 f        -0.02  (VIOLATED)
   data_o[18]                   0.19           0.17 f        -0.02  (VIOLATED)
   data_o[19]                   0.19           0.17 f        -0.02  (VIOLATED)
   rd1/R_o_reg[1]/D             0.17           0.15 r        -0.02  (VIOLATED)
   data_o[33]                   0.19           0.17 f        -0.02  (VIOLATED)
   data_o[29]                   0.19           0.17 f        -0.02  (VIOLATED)
   data_o[51]                   0.19           0.17 f        -0.02  (VIOLATED)
   data_o[48]                   0.19           0.17 f        -0.02  (VIOLATED)
   rd1/R_o_reg[11]/D            0.16           0.14 r        -0.02  (VIOLATED)
   data_o[63]                   0.19           0.17 f        -0.02  (VIOLATED)
   data_o[45]                   0.19           0.17 f        -0.02  (VIOLATED)
   data_o[27]                   0.19           0.17 f        -0.02  (VIOLATED)
   data_o[32]                   0.19           0.17 f        -0.02  (VIOLATED)
   rd1/R_o_reg[15]/D            0.16           0.14 r        -0.02  (VIOLATED)
   data_o[14]                   0.19           0.17 f        -0.02  (VIOLATED)
   rd1/R_o_reg[31]/D            0.16           0.15 r        -0.02  (VIOLATED)
   data_o[25]                   0.19           0.17 f        -0.02  (VIOLATED)
   data_o[47]                   0.19           0.17 f        -0.02  (VIOLATED)
   data_o[21]                   0.19           0.17 f        -0.02  (VIOLATED)
   data_o[1]                    0.19           0.17 f        -0.02  (VIOLATED)
   data_o[30]                   0.19           0.17 f        -0.02  (VIOLATED)
   rd1/R_o_reg[30]/D            0.16           0.15 r        -0.02  (VIOLATED)
   rd1/R_o_reg[0]/D             0.16           0.15 r        -0.02  (VIOLATED)
   rd1/R_o_reg[16]/D            0.17           0.15 r        -0.02  (VIOLATED)
   data_o[61]                   0.19           0.17 f        -0.02  (VIOLATED)
   data_o[12]                   0.19           0.17 f        -0.02  (VIOLATED)
   data_o[36]                   0.19           0.17 f        -0.02  (VIOLATED)
   data_o[3]                    0.19           0.17 f        -0.02  (VIOLATED)
   data_o[40]                   0.19           0.17 f        -0.02  (VIOLATED)
   data_o[10]                   0.19           0.18 f        -0.01  (VIOLATED)
   data_o[31]                   0.19           0.18 f        -0.01  (VIOLATED)
   rd1/R_o_reg[9]/D             0.16           0.15 r        -0.01  (VIOLATED)
   data_o[41]                   0.19           0.18 f        -0.01  (VIOLATED)
   data_o[16]                   0.19           0.18 f        -0.01  (VIOLATED)
   rd1/R_o_reg[22]/D            0.16           0.15 r        -0.01  (VIOLATED)
   data_o[5]                    0.19           0.18 f        -0.01  (VIOLATED)
   rd1/R_o_reg[24]/D            0.16           0.15 r        -0.01  (VIOLATED)
   rd1/R_o_reg[13]/D            0.16           0.15 r        -0.01  (VIOLATED)
   data_o[42]                   0.19           0.18 f        -0.01  (VIOLATED)
   data_o[38]                   0.19           0.18 f        -0.01  (VIOLATED)
   data_o[56]                   0.19           0.18 f        -0.01  (VIOLATED)
   data_o[7]                    0.19           0.18 f        -0.01  (VIOLATED)
   data_o[37]                   0.19           0.18 f        -0.01  (VIOLATED)
   data_o[8]                    0.19           0.18 f        -0.01  (VIOLATED)
   data_o[9]                    0.19           0.18 f        -0.01  (VIOLATED)
   rd1/R_o_reg[7]/D             0.16           0.15 r        -0.01  (VIOLATED)
   data_o[11]                   0.19           0.18 f        -0.01  (VIOLATED)
   rd1/R_o_reg[4]/D             0.16           0.15 r        -0.01  (VIOLATED)
   data_o_reg[60]/D             0.18           0.17 f        -0.01  (VIOLATED)
   data_o[39]                   0.19           0.18 f        -0.01  (VIOLATED)
   data_o[57]                   0.19           0.18 f        -0.01  (VIOLATED)
   rd1/R_o_reg[14]/D            0.16           0.16 r        -0.01  (VIOLATED)
   rd1/Key_o_reg[47]/D          0.18           0.17 f        -0.01  (VIOLATED)
   data_o[55]                   0.19           0.18 f        -0.01  (VIOLATED)
   data_o_reg[57]/D             0.18           0.17 f        -0.01  (VIOLATED)
   data_o_reg[63]/D             0.18           0.17 f        -0.01  (VIOLATED)
   data_o_reg[38]/D             0.18           0.17 f         0.00  (VIOLATED: increase significant digits)
   rd1/Key_o_reg[34]/D          0.18           0.18 f         0.00  (VIOLATED: increase significant digits)
   data_o_reg[11]/D             0.18           0.17 f         0.00  (VIOLATED: increase significant digits)
   rd1/R_o_reg[8]/D             0.16           0.16 r         0.00  (VIOLATED: increase significant digits)
   data_o_reg[37]/D             0.18           0.17 f         0.00  (VIOLATED: increase significant digits)
   data_o_reg[26]/D             0.18           0.17 f         0.00  (VIOLATED: increase significant digits)
   data_o_reg[36]/D             0.18           0.18 f         0.00  (VIOLATED: increase significant digits)
   rd1/Key_o_reg[18]/D          0.18           0.18 f         0.00  (VIOLATED: increase significant digits)
   data_o_reg[30]/D             0.18           0.18 f         0.00  (VIOLATED: increase significant digits)


   max_area

                             Required        Actual
   Design                      Area           Area           Slack
   -----------------------------------------------------------------
   des                          0.00        4886.74       -4886.74  (VIOLATED)


1
