Information: Propagating switching activity (low effort zero delay simulation). (PWR-6)
Warning: Design has unannotated primary inputs. (PWR-414)
Warning: Design has unannotated sequential cell outputs. (PWR-415)
 
****************************************
Report : power
        -analysis_effort low
Design : des
Version: W-2024.09-SP2
Date   : Tue May  6 09:24:44 2025
****************************************


Library(s) Used:

    saed32rvt_ss0p95v25c (File: /mnt/class_data/ecec574-w2019/PDKs/_archived/SAED32nm_new/SAED32_EDK/lib/stdcell_rvt/db_ccs/saed32rvt_ss0p95v25c.db)

Information: The library cell 'NBUFFX4_RVT' in the library 'saed32rvt_ss0p95v25c' is not characterized for internal power. (PWR-227)
Information: The design contains cells, other than constants and black boxes, that are not characterized for internal power. (PWR-228)

Operating Conditions: ss0p95v125c   Library: saed32rvt_ss0p95v125c
Wire Load Model Mode: enclosed

Design        Wire Load Model            Library
------------------------------------------------
des                    ForQA             saed32rvt_ss0p95v125c


Global Operating Voltage = 0.95 
Power-specific unit information :
    Voltage Units = 1V
    Capacitance Units = 1.000000ff
    Time Units = 1ns
    Dynamic Power Units = 1uW    (derived from V,C,T units)
    Leakage Power Units = 1pW


Attributes
----------
i - Including register clock pin internal power


  Cell Internal Power  =  41.2970 uW   (51%)
  Net Switching Power  =  38.9405 uW   (49%)
                         ---------
Total Dynamic Power    =  80.2375 uW  (100%)

Cell Leakage Power     = 111.1802 uW


                 Internal         Switching           Leakage            Total
Power Group      Power            Power               Power              Power   (   %    )  Attrs
--------------------------------------------------------------------------------------------------
io_pad             0.0000            0.0000            0.0000            0.0000  (   0.00%)
memory             0.0000            0.0000            0.0000            0.0000  (   0.00%)
black_box          0.0000            0.0000            0.0000            0.0000  (   0.00%)
clock_network    113.4620            0.0000            0.0000          113.4620  (  59.27%)  i
register       -1.0473e+02            5.0683        3.1301e+07        -6.8363e+01
                                                                                 ( -35.71%)
sequential         0.0000            0.0000            0.0000            0.0000  (   0.00%)
combinational     32.5665           33.8723        7.9880e+07          146.3183  (  76.44%)
--------------------------------------------------------------------------------------------------
Total             41.2970 uW        38.9405 uW     1.1118e+08 pW       191.4177 uW
1
