 
****************************************
Report : cell
Design : eth_top
Version: W-2024.09-SP2
Date   : Tue May 13 13:38:17 2025
****************************************

Attributes:
    b - black box (unknown)
    h - hierarchical
    n - noncombinational
    r - removable
    u - contains unmapped logic

Cell                      Reference       Library             Area  Attributes
--------------------------------------------------------------------------------
CarrierSense_Tx1_reg      DFFARX1_RVT     saed32rvt_ss0p95v25c
                                                          7.116032  n
CarrierSense_Tx2_reg      DFFARX1_RVT     saed32rvt_ss0p95v25c
                                                          7.116032  n
Collision_Tx1_reg         DFFARX1_RVT     saed32rvt_ss0p95v25c
                                                          7.116032  n
Collision_Tx2_reg         DFFARX1_RVT     saed32rvt_ss0p95v25c
                                                          7.116032  n
RstTxPauseRq_reg          DFFARX1_RVT     saed32rvt_ss0p95v25c
                                                          7.116032  n
RxAbortRst_reg            DFFARX1_RVT     saed32rvt_ss0p95v25c
                                                          7.116032  n
RxAbortRst_sync1_reg      DFFARX1_RVT     saed32rvt_ss0p95v25c
                                                          7.116032  n
RxAbort_latch_reg         DFFARX1_RVT     saed32rvt_ss0p95v25c
                                                          7.116032  n
RxAbort_sync1_reg         DFFARX1_RVT     saed32rvt_ss0p95v25c
                                                          7.116032  n
RxAbort_wb_reg            DFFARX1_RVT     saed32rvt_ss0p95v25c
                                                          7.116032  n
RxEnSync_reg              DFFARX1_RVT     saed32rvt_ss0p95v25c
                                                          7.116032  n
TPauseRq_reg              DFFARX1_RVT     saed32rvt_ss0p95v25c
                                                          7.116032  n
TxPauseRq_sync1_reg       DFFARX1_RVT     saed32rvt_ss0p95v25c
                                                          7.116032  n
TxPauseRq_sync2_reg       DFFARX1_RVT     saed32rvt_ss0p95v25c
                                                          7.116032  n
TxPauseRq_sync3_reg       DFFARX1_RVT     saed32rvt_ss0p95v25c
                                                          7.116032  n
U1                        NBUFFX4_RVT     saed32rvt_ss0p95v25c
                                                          2.541440  
U3                        INVX4_RVT       saed32rvt_ss0p95v25c
                                                          2.033152  
U4                        INVX4_RVT       saed32rvt_ss0p95v25c
                                                          2.033152  
U5                        INVX8_RVT       saed32rvt_ss0p95v25c
                                                          3.049728  
U6                        INVX4_RVT       saed32rvt_ss0p95v25c
                                                          2.033152  
U7                        INVX4_RVT       saed32rvt_ss0p95v25c
                                                          2.033152  
U8                        INVX8_RVT       saed32rvt_ss0p95v25c
                                                          3.049728  
U9                        INVX8_RVT       saed32rvt_ss0p95v25c
                                                          3.049728  
U10                       INVX8_RVT       saed32rvt_ss0p95v25c
                                                          3.049728  
U11                       INVX2_RVT       saed32rvt_ss0p95v25c
                                                          1.524864  
U12                       INVX4_RVT       saed32rvt_ss0p95v25c
                                                          2.033152  
U13                       INVX4_RVT       saed32rvt_ss0p95v25c
                                                          2.033152  
U14                       INVX4_RVT       saed32rvt_ss0p95v25c
                                                          2.033152  
U15                       INVX8_RVT       saed32rvt_ss0p95v25c
                                                          3.049728  
U16                       INVX4_RVT       saed32rvt_ss0p95v25c
                                                          2.033152  
U17                       INVX4_RVT       saed32rvt_ss0p95v25c
                                                          2.033152  
U18                       INVX4_RVT       saed32rvt_ss0p95v25c
                                                          2.033152  
U19                       INVX4_RVT       saed32rvt_ss0p95v25c
                                                          2.033152  
U20                       INVX4_RVT       saed32rvt_ss0p95v25c
                                                          2.033152  
U21                       INVX4_RVT       saed32rvt_ss0p95v25c
                                                          2.033152  
U22                       NBUFFX2_RVT     saed32rvt_ss0p95v25c
                                                          2.033152  
U23                       INVX4_RVT       saed32rvt_ss0p95v25c
                                                          2.033152  
U24                       INVX4_RVT       saed32rvt_ss0p95v25c
                                                          2.033152  
U25                       INVX4_RVT       saed32rvt_ss0p95v25c
                                                          2.033152  
U26                       INVX8_RVT       saed32rvt_ss0p95v25c
                                                          3.049728  
U27                       INVX4_RVT       saed32rvt_ss0p95v25c
                                                          2.033152  
U28                       INVX4_RVT       saed32rvt_ss0p95v25c
                                                          2.033152  
U29                       NBUFFX2_RVT     saed32rvt_ss0p95v25c
                                                          2.033152  
U30                       NBUFFX2_RVT     saed32rvt_ss0p95v25c
                                                          2.033152  
U31                       NBUFFX2_RVT     saed32rvt_ss0p95v25c
                                                          2.033152  
U32                       NBUFFX2_RVT     saed32rvt_ss0p95v25c
                                                          2.033152  
U33                       NBUFFX2_RVT     saed32rvt_ss0p95v25c
                                                          2.033152  
U34                       NBUFFX2_RVT     saed32rvt_ss0p95v25c
                                                          2.033152  
U35                       NBUFFX2_RVT     saed32rvt_ss0p95v25c
                                                          2.033152  
U36                       NBUFFX2_RVT     saed32rvt_ss0p95v25c
                                                          2.033152  
U37                       NBUFFX2_RVT     saed32rvt_ss0p95v25c
                                                          2.033152  
U38                       AO22X2_RVT      saed32rvt_ss0p95v25c
                                                          2.795584  
U39                       NBUFFX2_RVT     saed32rvt_ss0p95v25c
                                                          2.033152  
U40                       NBUFFX2_RVT     saed32rvt_ss0p95v25c
                                                          2.033152  
U41                       INVX2_RVT       saed32rvt_ss0p95v25c
                                                          1.524864  
U42                       NBUFFX4_RVT     saed32rvt_ss0p95v25c
                                                          2.541440  
U43                       INVX1_RVT       saed32rvt_ss0p95v25c
                                                          1.270720  
U44                       NBUFFX4_RVT     saed32rvt_ss0p95v25c
                                                          2.541440  
U45                       INVX2_RVT       saed32rvt_ss0p95v25c
                                                          1.524864  
U46                       NBUFFX4_RVT     saed32rvt_ss0p95v25c
                                                          2.541440  
U47                       INVX2_RVT       saed32rvt_ss0p95v25c
                                                          1.524864  
U48                       NBUFFX4_RVT     saed32rvt_ss0p95v25c
                                                          2.541440  
U49                       INVX2_RVT       saed32rvt_ss0p95v25c
                                                          1.524864  
U50                       NBUFFX4_RVT     saed32rvt_ss0p95v25c
                                                          2.541440  
U51                       INVX2_RVT       saed32rvt_ss0p95v25c
                                                          1.524864  
U52                       NBUFFX4_RVT     saed32rvt_ss0p95v25c
                                                          2.541440  
U53                       INVX1_RVT       saed32rvt_ss0p95v25c
                                                          1.270720  
U54                       NBUFFX4_RVT     saed32rvt_ss0p95v25c
                                                          2.541440  
U55                       INVX1_RVT       saed32rvt_ss0p95v25c
                                                          1.270720  
U56                       NBUFFX4_RVT     saed32rvt_ss0p95v25c
                                                          2.541440  
U57                       INVX1_RVT       saed32rvt_ss0p95v25c
                                                          1.270720  
U58                       NBUFFX4_RVT     saed32rvt_ss0p95v25c
                                                          2.541440  
U59                       AND3X4_RVT      saed32rvt_ss0p95v25c
                                                          3.049728  
U60                       OA21X2_RVT      saed32rvt_ss0p95v25c
                                                          2.795584  
U61                       INVX2_RVT       saed32rvt_ss0p95v25c
                                                          1.524864  
U62                       NBUFFX4_RVT     saed32rvt_ss0p95v25c
                                                          2.541440  
U63                       INVX4_RVT       saed32rvt_ss0p95v25c
                                                          2.033152  
U64                       INVX0_RVT       saed32rvt_ss0p95v25c
                                                          1.270720  
U65                       INVX0_RVT       saed32rvt_ss0p95v25c
                                                          1.270720  
U66                       INVX1_RVT       saed32rvt_ss0p95v25c
                                                          1.270720  
U67                       INVX2_RVT       saed32rvt_ss0p95v25c
                                                          1.524864  
U68                       INVX2_RVT       saed32rvt_ss0p95v25c
                                                          1.524864  
U85                       NOR4X1_RVT      saed32rvt_ss0p95v25c
                                                          3.049728  
U97                       DELLN1X2_RVT    saed32rvt_ss0p95v25c
                                                          5.082880  
U98                       INVX1_RVT       saed32rvt_ss0p95v25c
                                                          1.270720  
U99                       NAND2X0_RVT     saed32rvt_ss0p95v25c
                                                          1.524864  
U100                      AND2X1_RVT      saed32rvt_ss0p95v25c
                                                          2.033152  
U101                      AND2X1_RVT      saed32rvt_ss0p95v25c
                                                          2.033152  
U102                      AND2X1_RVT      saed32rvt_ss0p95v25c
                                                          2.033152  
U103                      AND2X1_RVT      saed32rvt_ss0p95v25c
                                                          2.033152  
U106                      AO22X1_RVT      saed32rvt_ss0p95v25c
                                                          2.541440  
U107                      NAND2X0_RVT     saed32rvt_ss0p95v25c
                                                          1.524864  
U108                      NAND2X0_RVT     saed32rvt_ss0p95v25c
                                                          1.524864  
U109                      NAND2X0_RVT     saed32rvt_ss0p95v25c
                                                          1.524864  
U110                      NAND4X1_RVT     saed32rvt_ss0p95v25c
                                                          3.049728  
U111                      IBUFFX2_RVT     saed32rvt_ss0p95v25c
                                                          2.541440  
U112                      IBUFFX2_RVT     saed32rvt_ss0p95v25c
                                                          2.541440  
U113                      IBUFFX2_RVT     saed32rvt_ss0p95v25c
                                                          2.541440  
U114                      AND3X2_RVT      saed32rvt_ss0p95v25c
                                                          2.541440  
U115                      AND3X4_RVT      saed32rvt_ss0p95v25c
                                                          3.049728  
U117                      AND2X1_RVT      saed32rvt_ss0p95v25c
                                                          2.033152  
U118                      AO22X1_RVT      saed32rvt_ss0p95v25c
                                                          2.541440  
U119                      AO22X1_RVT      saed32rvt_ss0p95v25c
                                                          2.541440  
U120                      AO22X2_RVT      saed32rvt_ss0p95v25c
                                                          2.795584  
U121                      IBUFFX4_RVT     saed32rvt_ss0p95v25c
                                                          3.049728  
U122                      NAND2X0_RVT     saed32rvt_ss0p95v25c
                                                          1.524864  
U123                      NAND2X0_RVT     saed32rvt_ss0p95v25c
                                                          1.524864  
U124                      NAND2X0_RVT     saed32rvt_ss0p95v25c
                                                          1.524864  
U125                      AND2X1_RVT      saed32rvt_ss0p95v25c
                                                          2.033152  
U126                      AND2X1_RVT      saed32rvt_ss0p95v25c
                                                          2.033152  
U127                      AO22X1_RVT      saed32rvt_ss0p95v25c
                                                          2.541440  
U128                      AO22X1_RVT      saed32rvt_ss0p95v25c
                                                          2.541440  
U129                      AO22X1_RVT      saed32rvt_ss0p95v25c
                                                          2.541440  
U130                      AO221X1_RVT     saed32rvt_ss0p95v25c
                                                          3.049728  
U131                      INVX1_RVT       saed32rvt_ss0p95v25c
                                                          1.270720  
U132                      AO221X1_RVT     saed32rvt_ss0p95v25c
                                                          3.049728  
U133                      AO22X1_RVT      saed32rvt_ss0p95v25c
                                                          2.541440  
U134                      AND2X1_RVT      saed32rvt_ss0p95v25c
                                                          2.033152  
U135                      INVX1_RVT       saed32rvt_ss0p95v25c
                                                          1.270720  
U136                      AND2X1_RVT      saed32rvt_ss0p95v25c
                                                          2.033152  
U137                      AND2X1_RVT      saed32rvt_ss0p95v25c
                                                          2.033152  
U138                      AND2X1_RVT      saed32rvt_ss0p95v25c
                                                          2.033152  
U139                      INVX1_RVT       saed32rvt_ss0p95v25c
                                                          1.270720  
U140                      OR2X1_RVT       saed32rvt_ss0p95v25c
                                                          2.033152  
U141                      OR2X1_RVT       saed32rvt_ss0p95v25c
                                                          2.033152  
U142                      AOI21X1_RVT     saed32rvt_ss0p95v25c
                                                          3.049728  
U144                      OR2X1_RVT       saed32rvt_ss0p95v25c
                                                          2.033152  
U145                      INVX0_RVT       saed32rvt_ss0p95v25c
                                                          1.270720  
U146                      AO22X1_RVT      saed32rvt_ss0p95v25c
                                                          2.541440  
U147                      AO22X1_RVT      saed32rvt_ss0p95v25c
                                                          2.541440  
U148                      AO22X1_RVT      saed32rvt_ss0p95v25c
                                                          2.541440  
U149                      AO22X1_RVT      saed32rvt_ss0p95v25c
                                                          2.541440  
U150                      INVX1_RVT       saed32rvt_ss0p95v25c
                                                          1.270720  
U151                      NOR2X0_RVT      saed32rvt_ss0p95v25c
                                                          2.541440  
U157                      AO22X1_RVT      saed32rvt_ss0p95v25c
                                                          2.541440  
U158                      AO22X1_RVT      saed32rvt_ss0p95v25c
                                                          2.541440  
U159                      IBUFFX2_RVT     saed32rvt_ss0p95v25c
                                                          2.541440  
U161                      AO22X1_RVT      saed32rvt_ss0p95v25c
                                                          2.541440  
U162                      AO22X1_RVT      saed32rvt_ss0p95v25c
                                                          2.541440  
U163                      AO22X1_RVT      saed32rvt_ss0p95v25c
                                                          2.541440  
U167                      AO22X1_RVT      saed32rvt_ss0p95v25c
                                                          2.541440  
U176                      AO22X1_RVT      saed32rvt_ss0p95v25c
                                                          2.541440  
U177                      AO22X1_RVT      saed32rvt_ss0p95v25c
                                                          2.541440  
U178                      AO22X1_RVT      saed32rvt_ss0p95v25c
                                                          2.541440  
U179                      AO22X1_RVT      saed32rvt_ss0p95v25c
                                                          2.541440  
U181                      AO22X1_RVT      saed32rvt_ss0p95v25c
                                                          2.541440  
U183                      AO22X1_RVT      saed32rvt_ss0p95v25c
                                                          2.541440  
U184                      AO22X1_RVT      saed32rvt_ss0p95v25c
                                                          2.541440  
U185                      AO22X1_RVT      saed32rvt_ss0p95v25c
                                                          2.541440  
U187                      AO22X1_RVT      saed32rvt_ss0p95v25c
                                                          2.541440  
U188                      AO22X1_RVT      saed32rvt_ss0p95v25c
                                                          2.541440  
U192                      AO22X1_RVT      saed32rvt_ss0p95v25c
                                                          2.541440  
U194                      AO22X1_RVT      saed32rvt_ss0p95v25c
                                                          2.541440  
U200                      AO22X1_RVT      saed32rvt_ss0p95v25c
                                                          2.541440  
U201                      AO22X2_RVT      saed32rvt_ss0p95v25c
                                                          2.795584  
U202                      AO22X2_RVT      saed32rvt_ss0p95v25c
                                                          2.795584  
U203                      AO22X1_RVT      saed32rvt_ss0p95v25c
                                                          2.541440  
U204                      AO22X1_RVT      saed32rvt_ss0p95v25c
                                                          2.541440  
U205                      AO22X1_RVT      saed32rvt_ss0p95v25c
                                                          2.541440  
U206                      IBUFFX2_RVT     saed32rvt_ss0p95v25c
                                                          2.541440  
U216                      AND2X1_RVT      saed32rvt_ss0p95v25c
                                                          2.033152  
U217                      AND2X1_RVT      saed32rvt_ss0p95v25c
                                                          2.033152  
U218                      AO22X1_RVT      saed32rvt_ss0p95v25c
                                                          2.541440  
WillSendControlFrame_sync1_reg
                          DFFARX1_RVT     saed32rvt_ss0p95v25c
                                                          7.116032  n
WillSendControlFrame_sync2_reg
                          DFFARX1_RVT     saed32rvt_ss0p95v25c
                                                          7.116032  n
WillSendControlFrame_sync3_reg
                          DFFARX2_RVT     saed32rvt_ss0p95v25c
                                                          7.624320  n
WillTransmit_q2_reg       DFFX1_RVT       saed32rvt_ss0p95v25c
                                                          6.607744  n
WillTransmit_q_reg        DFFX1_RVT       saed32rvt_ss0p95v25c
                                                          6.607744  n
ethreg1                   eth_registers                   4016.237677
                                                                    h, n
maccontrol1               eth_maccontrol                  1894.135255
                                                                    h, n
macstatus1                eth_macstatus                   400.022659
                                                                    h, n
miim1                     eth_miim                        1020.896461
                                                                    h, n
rxethmac1                 eth_rxethmac                    2080.676944
                                                                    h, n
temp_wb_ack_o_reg_reg     DFFARX1_RVT     saed32rvt_ss0p95v25c
                                                          7.116032  n
temp_wb_dat_o_reg_reg[0]  DFFARX1_RVT     saed32rvt_ss0p95v25c
                                                          7.116032  n
temp_wb_dat_o_reg_reg[1]  DFFARX1_RVT     saed32rvt_ss0p95v25c
                                                          7.116032  n
temp_wb_dat_o_reg_reg[2]  DFFARX1_RVT     saed32rvt_ss0p95v25c
                                                          7.116032  n
temp_wb_dat_o_reg_reg[3]  DFFARX1_RVT     saed32rvt_ss0p95v25c
                                                          7.116032  n
temp_wb_dat_o_reg_reg[4]  DFFARX1_RVT     saed32rvt_ss0p95v25c
                                                          7.116032  n
temp_wb_dat_o_reg_reg[5]  DFFARX1_RVT     saed32rvt_ss0p95v25c
                                                          7.116032  n
temp_wb_dat_o_reg_reg[6]  DFFARX1_RVT     saed32rvt_ss0p95v25c
                                                          7.116032  n
temp_wb_dat_o_reg_reg[7]  DFFARX1_RVT     saed32rvt_ss0p95v25c
                                                          7.116032  n
temp_wb_dat_o_reg_reg[8]  DFFARX1_RVT     saed32rvt_ss0p95v25c
                                                          7.116032  n
temp_wb_dat_o_reg_reg[9]  DFFARX1_RVT     saed32rvt_ss0p95v25c
                                                          7.116032  n
temp_wb_dat_o_reg_reg[10] DFFARX1_RVT     saed32rvt_ss0p95v25c
                                                          7.116032  n
temp_wb_dat_o_reg_reg[11] DFFARX1_RVT     saed32rvt_ss0p95v25c
                                                          7.116032  n
temp_wb_dat_o_reg_reg[12] DFFARX1_RVT     saed32rvt_ss0p95v25c
                                                          7.116032  n
temp_wb_dat_o_reg_reg[13] DFFARX1_RVT     saed32rvt_ss0p95v25c
                                                          7.116032  n
temp_wb_dat_o_reg_reg[14] DFFARX1_RVT     saed32rvt_ss0p95v25c
                                                          7.116032  n
temp_wb_dat_o_reg_reg[15] DFFARX1_RVT     saed32rvt_ss0p95v25c
                                                          7.116032  n
temp_wb_dat_o_reg_reg[16] DFFARX1_RVT     saed32rvt_ss0p95v25c
                                                          7.116032  n
temp_wb_dat_o_reg_reg[17] DFFARX1_RVT     saed32rvt_ss0p95v25c
                                                          7.116032  n
temp_wb_dat_o_reg_reg[18] DFFARX1_RVT     saed32rvt_ss0p95v25c
                                                          7.116032  n
temp_wb_dat_o_reg_reg[19] DFFARX1_RVT     saed32rvt_ss0p95v25c
                                                          7.116032  n
temp_wb_dat_o_reg_reg[20] DFFARX1_RVT     saed32rvt_ss0p95v25c
                                                          7.116032  n
temp_wb_dat_o_reg_reg[21] DFFARX1_RVT     saed32rvt_ss0p95v25c
                                                          7.116032  n
temp_wb_dat_o_reg_reg[22] DFFARX1_RVT     saed32rvt_ss0p95v25c
                                                          7.116032  n
temp_wb_dat_o_reg_reg[23] DFFARX1_RVT     saed32rvt_ss0p95v25c
                                                          7.116032  n
temp_wb_dat_o_reg_reg[24] DFFARX1_RVT     saed32rvt_ss0p95v25c
                                                          7.116032  n
temp_wb_dat_o_reg_reg[25] DFFARX1_RVT     saed32rvt_ss0p95v25c
                                                          7.116032  n
temp_wb_dat_o_reg_reg[26] DFFARX1_RVT     saed32rvt_ss0p95v25c
                                                          7.116032  n
temp_wb_dat_o_reg_reg[27] DFFARX1_RVT     saed32rvt_ss0p95v25c
                                                          7.116032  n
temp_wb_dat_o_reg_reg[28] DFFARX1_RVT     saed32rvt_ss0p95v25c
                                                          7.116032  n
temp_wb_dat_o_reg_reg[29] DFFARX1_RVT     saed32rvt_ss0p95v25c
                                                          7.116032  n
temp_wb_dat_o_reg_reg[30] DFFARX1_RVT     saed32rvt_ss0p95v25c
                                                          7.116032  n
temp_wb_dat_o_reg_reg[31] DFFARX1_RVT     saed32rvt_ss0p95v25c
                                                          7.116032  n
temp_wb_err_o_reg_reg     DFFARX1_RVT     saed32rvt_ss0p95v25c
                                                          7.116032  n
txethmac1                 eth_txethmac                    2275.859538
                                                                    h, n
wishbone                  eth_wishbone                    117799.303842
                                                                    h, n
--------------------------------------------------------------------------------
Total 209 cells                                           130201.277025
1
