Information: Updating design information... (UID-85)
Warning: Design 'des3_perf' contains 1 high-fanout nets. A fanout number of 1000 will be used for delay calculations involving these nets. (TIM-134)
 
****************************************
Report : constraint
        -all_violators
Design : des3_perf
Version: W-2024.09-SP4-1
Date   : Tue May 13 10:30:46 2025
****************************************


   min_delay/hold ('clk' group)

                             Required        Actual
   Endpoint                 Path Delay     Path Delay        Slack
   -----------------------------------------------------------------
   key_b_r_reg[0][0]/D          0.20           0.13 f        -0.06  (VIOLATED)
   key_b_r_reg[0][1]/D          0.20           0.13 f        -0.06  (VIOLATED)
   key_b_r_reg[0][2]/D          0.20           0.13 f        -0.06  (VIOLATED)
   key_b_r_reg[0][3]/D          0.20           0.13 f        -0.06  (VIOLATED)
   key_b_r_reg[0][4]/D          0.20           0.13 f        -0.06  (VIOLATED)
   key_b_r_reg[0][5]/D          0.20           0.13 f        -0.06  (VIOLATED)
   key_b_r_reg[0][6]/D          0.20           0.13 f        -0.06  (VIOLATED)
   key_b_r_reg[0][7]/D          0.20           0.13 f        -0.06  (VIOLATED)
   key_b_r_reg[0][8]/D          0.20           0.13 f        -0.06  (VIOLATED)
   key_b_r_reg[0][9]/D          0.20           0.13 f        -0.06  (VIOLATED)
   key_b_r_reg[0][10]/D         0.20           0.13 f        -0.06  (VIOLATED)
   key_b_r_reg[0][11]/D         0.20           0.13 f        -0.06  (VIOLATED)
   key_b_r_reg[0][12]/D         0.20           0.13 f        -0.06  (VIOLATED)
   key_b_r_reg[0][13]/D         0.20           0.13 f        -0.06  (VIOLATED)
   key_b_r_reg[0][14]/D         0.20           0.13 f        -0.06  (VIOLATED)
   key_b_r_reg[0][15]/D         0.20           0.13 f        -0.06  (VIOLATED)
   key_b_r_reg[0][16]/D         0.20           0.13 f        -0.06  (VIOLATED)
   key_b_r_reg[0][17]/D         0.20           0.13 f        -0.06  (VIOLATED)
   key_b_r_reg[0][18]/D         0.20           0.13 f        -0.06  (VIOLATED)
   key_b_r_reg[0][19]/D         0.20           0.13 f        -0.06  (VIOLATED)
   key_b_r_reg[0][20]/D         0.20           0.13 f        -0.06  (VIOLATED)
   key_b_r_reg[0][21]/D         0.20           0.13 f        -0.06  (VIOLATED)
   key_b_r_reg[0][22]/D         0.20           0.13 f        -0.06  (VIOLATED)
   key_b_r_reg[0][23]/D         0.20           0.13 f        -0.06  (VIOLATED)
   key_b_r_reg[0][24]/D         0.20           0.13 f        -0.06  (VIOLATED)
   key_b_r_reg[0][25]/D         0.20           0.13 f        -0.06  (VIOLATED)
   key_b_r_reg[0][26]/D         0.20           0.13 f        -0.06  (VIOLATED)
   key_b_r_reg[0][27]/D         0.20           0.13 f        -0.06  (VIOLATED)
   key_b_r_reg[0][28]/D         0.20           0.13 f        -0.06  (VIOLATED)
   key_b_r_reg[0][29]/D         0.20           0.13 f        -0.06  (VIOLATED)
   key_b_r_reg[0][30]/D         0.20           0.13 f        -0.06  (VIOLATED)
   key_b_r_reg[0][31]/D         0.20           0.13 f        -0.06  (VIOLATED)
   key_b_r_reg[0][32]/D         0.20           0.13 f        -0.06  (VIOLATED)
   key_b_r_reg[0][33]/D         0.20           0.13 f        -0.06  (VIOLATED)
   key_b_r_reg[0][34]/D         0.20           0.13 f        -0.06  (VIOLATED)
   key_b_r_reg[0][35]/D         0.20           0.13 f        -0.06  (VIOLATED)
   key_b_r_reg[0][36]/D         0.20           0.13 f        -0.06  (VIOLATED)
   key_b_r_reg[0][37]/D         0.20           0.13 f        -0.06  (VIOLATED)
   key_b_r_reg[0][38]/D         0.20           0.13 f        -0.06  (VIOLATED)
   key_b_r_reg[0][39]/D         0.20           0.13 f        -0.06  (VIOLATED)
   key_b_r_reg[0][40]/D         0.20           0.13 f        -0.06  (VIOLATED)
   key_b_r_reg[0][41]/D         0.20           0.13 f        -0.06  (VIOLATED)
   key_b_r_reg[0][42]/D         0.20           0.13 f        -0.06  (VIOLATED)
   key_b_r_reg[0][43]/D         0.20           0.13 f        -0.06  (VIOLATED)
   key_b_r_reg[0][44]/D         0.20           0.13 f        -0.06  (VIOLATED)
   key_b_r_reg[0][45]/D         0.20           0.13 f        -0.06  (VIOLATED)
   key_b_r_reg[0][46]/D         0.20           0.13 f        -0.06  (VIOLATED)
   key_b_r_reg[0][47]/D         0.20           0.13 f        -0.06  (VIOLATED)
   key_b_r_reg[0][48]/D         0.20           0.13 f        -0.06  (VIOLATED)
   key_b_r_reg[0][49]/D         0.20           0.13 f        -0.06  (VIOLATED)
   key_b_r_reg[0][50]/D         0.20           0.13 f        -0.06  (VIOLATED)
   key_b_r_reg[0][51]/D         0.20           0.13 f        -0.06  (VIOLATED)
   key_b_r_reg[0][52]/D         0.20           0.13 f        -0.06  (VIOLATED)
   key_b_r_reg[0][53]/D         0.20           0.13 f        -0.06  (VIOLATED)
   key_b_r_reg[0][54]/D         0.20           0.13 f        -0.06  (VIOLATED)
   key_b_r_reg[0][55]/D         0.20           0.13 f        -0.06  (VIOLATED)
   u0/desIn_r_reg[0]/D          0.20           0.13 f        -0.06  (VIOLATED)
   u0/desIn_r_reg[1]/D          0.20           0.13 f        -0.06  (VIOLATED)
   u0/desIn_r_reg[2]/D          0.20           0.13 f        -0.06  (VIOLATED)
   u0/desIn_r_reg[3]/D          0.20           0.13 f        -0.06  (VIOLATED)
   u0/desIn_r_reg[4]/D          0.20           0.13 f        -0.06  (VIOLATED)
   u0/desIn_r_reg[5]/D          0.20           0.13 f        -0.06  (VIOLATED)
   u0/desIn_r_reg[6]/D          0.20           0.13 f        -0.06  (VIOLATED)
   u0/desIn_r_reg[7]/D          0.20           0.13 f        -0.06  (VIOLATED)
   u0/desIn_r_reg[8]/D          0.20           0.13 f        -0.06  (VIOLATED)
   u0/desIn_r_reg[9]/D          0.20           0.13 f        -0.06  (VIOLATED)
   u0/desIn_r_reg[10]/D         0.20           0.13 f        -0.06  (VIOLATED)
   u0/desIn_r_reg[11]/D         0.20           0.13 f        -0.06  (VIOLATED)
   u0/desIn_r_reg[12]/D         0.20           0.13 f        -0.06  (VIOLATED)
   u0/desIn_r_reg[13]/D         0.20           0.13 f        -0.06  (VIOLATED)
   u0/desIn_r_reg[14]/D         0.20           0.13 f        -0.06  (VIOLATED)
   u0/desIn_r_reg[15]/D         0.20           0.13 f        -0.06  (VIOLATED)
   u0/desIn_r_reg[16]/D         0.20           0.13 f        -0.06  (VIOLATED)
   u0/desIn_r_reg[17]/D         0.20           0.13 f        -0.06  (VIOLATED)
   u0/desIn_r_reg[18]/D         0.20           0.13 f        -0.06  (VIOLATED)
   u0/desIn_r_reg[19]/D         0.20           0.13 f        -0.06  (VIOLATED)
   u0/desIn_r_reg[20]/D         0.20           0.13 f        -0.06  (VIOLATED)
   u0/desIn_r_reg[21]/D         0.20           0.13 f        -0.06  (VIOLATED)
   u0/desIn_r_reg[22]/D         0.20           0.13 f        -0.06  (VIOLATED)
   u0/desIn_r_reg[23]/D         0.20           0.13 f        -0.06  (VIOLATED)
   u0/desIn_r_reg[24]/D         0.20           0.13 f        -0.06  (VIOLATED)
   u0/desIn_r_reg[25]/D         0.20           0.13 f        -0.06  (VIOLATED)
   u0/desIn_r_reg[26]/D         0.20           0.13 f        -0.06  (VIOLATED)
   u0/desIn_r_reg[27]/D         0.20           0.13 f        -0.06  (VIOLATED)
   u0/desIn_r_reg[28]/D         0.20           0.13 f        -0.06  (VIOLATED)
   u0/desIn_r_reg[29]/D         0.20           0.13 f        -0.06  (VIOLATED)
   u0/desIn_r_reg[30]/D         0.20           0.13 f        -0.06  (VIOLATED)
   u0/desIn_r_reg[31]/D         0.20           0.13 f        -0.06  (VIOLATED)
   u0/desIn_r_reg[32]/D         0.20           0.13 f        -0.06  (VIOLATED)
   u0/desIn_r_reg[33]/D         0.20           0.13 f        -0.06  (VIOLATED)
   u0/desIn_r_reg[34]/D         0.20           0.13 f        -0.06  (VIOLATED)
   u0/desIn_r_reg[35]/D         0.20           0.13 f        -0.06  (VIOLATED)
   u0/desIn_r_reg[36]/D         0.20           0.13 f        -0.06  (VIOLATED)
   u0/desIn_r_reg[37]/D         0.20           0.13 f        -0.06  (VIOLATED)
   u0/desIn_r_reg[38]/D         0.20           0.13 f        -0.06  (VIOLATED)
   u0/desIn_r_reg[39]/D         0.20           0.13 f        -0.06  (VIOLATED)
   u0/desIn_r_reg[40]/D         0.20           0.13 f        -0.06  (VIOLATED)
   u0/desIn_r_reg[41]/D         0.20           0.13 f        -0.06  (VIOLATED)
   u0/desIn_r_reg[42]/D         0.20           0.13 f        -0.06  (VIOLATED)
   u0/desIn_r_reg[43]/D         0.20           0.13 f        -0.06  (VIOLATED)
   u0/desIn_r_reg[44]/D         0.20           0.13 f        -0.06  (VIOLATED)
   u0/desIn_r_reg[45]/D         0.20           0.13 f        -0.06  (VIOLATED)
   u0/desIn_r_reg[46]/D         0.20           0.13 f        -0.06  (VIOLATED)
   u0/desIn_r_reg[47]/D         0.20           0.13 f        -0.06  (VIOLATED)
   u0/desIn_r_reg[48]/D         0.20           0.13 f        -0.06  (VIOLATED)
   u0/desIn_r_reg[49]/D         0.20           0.13 f        -0.06  (VIOLATED)
   u0/desIn_r_reg[50]/D         0.20           0.13 f        -0.06  (VIOLATED)
   u0/desIn_r_reg[51]/D         0.20           0.13 f        -0.06  (VIOLATED)
   u0/desIn_r_reg[52]/D         0.20           0.13 f        -0.06  (VIOLATED)
   u0/desIn_r_reg[53]/D         0.20           0.13 f        -0.06  (VIOLATED)
   u0/desIn_r_reg[54]/D         0.20           0.13 f        -0.06  (VIOLATED)
   u0/desIn_r_reg[55]/D         0.20           0.13 f        -0.06  (VIOLATED)
   u0/desIn_r_reg[56]/D         0.20           0.13 f        -0.06  (VIOLATED)
   u0/desIn_r_reg[57]/D         0.20           0.13 f        -0.06  (VIOLATED)
   u0/desIn_r_reg[58]/D         0.20           0.13 f        -0.06  (VIOLATED)
   u0/desIn_r_reg[59]/D         0.20           0.13 f        -0.06  (VIOLATED)
   u0/desIn_r_reg[60]/D         0.20           0.13 f        -0.06  (VIOLATED)
   u0/desIn_r_reg[61]/D         0.20           0.13 f        -0.06  (VIOLATED)
   u0/desIn_r_reg[62]/D         0.20           0.13 f        -0.06  (VIOLATED)
   u0/desIn_r_reg[63]/D         0.20           0.13 f        -0.06  (VIOLATED)
   desOut[0]                    0.19           0.14 r        -0.05  (VIOLATED)
   desOut[1]                    0.19           0.14 r        -0.05  (VIOLATED)
   desOut[2]                    0.19           0.14 r        -0.05  (VIOLATED)
   desOut[3]                    0.19           0.14 r        -0.05  (VIOLATED)
   desOut[4]                    0.19           0.14 r        -0.05  (VIOLATED)
   desOut[5]                    0.19           0.14 r        -0.05  (VIOLATED)
   desOut[6]                    0.19           0.14 r        -0.05  (VIOLATED)
   desOut[7]                    0.19           0.14 r        -0.05  (VIOLATED)
   desOut[8]                    0.19           0.14 r        -0.05  (VIOLATED)
   desOut[9]                    0.19           0.14 r        -0.05  (VIOLATED)
   desOut[10]                   0.19           0.14 r        -0.05  (VIOLATED)
   desOut[11]                   0.19           0.14 r        -0.05  (VIOLATED)
   desOut[12]                   0.19           0.14 r        -0.05  (VIOLATED)
   desOut[13]                   0.19           0.14 r        -0.05  (VIOLATED)
   desOut[14]                   0.19           0.14 r        -0.05  (VIOLATED)
   desOut[15]                   0.19           0.14 r        -0.05  (VIOLATED)
   desOut[16]                   0.19           0.14 r        -0.05  (VIOLATED)
   desOut[17]                   0.19           0.14 r        -0.05  (VIOLATED)
   desOut[18]                   0.19           0.14 r        -0.05  (VIOLATED)
   desOut[19]                   0.19           0.14 r        -0.05  (VIOLATED)
   desOut[20]                   0.19           0.14 r        -0.05  (VIOLATED)
   desOut[21]                   0.19           0.14 r        -0.05  (VIOLATED)
   desOut[22]                   0.19           0.14 r        -0.05  (VIOLATED)
   desOut[23]                   0.19           0.14 r        -0.05  (VIOLATED)
   desOut[24]                   0.19           0.14 r        -0.05  (VIOLATED)
   desOut[25]                   0.19           0.14 r        -0.05  (VIOLATED)
   desOut[26]                   0.19           0.14 r        -0.05  (VIOLATED)
   desOut[27]                   0.19           0.14 r        -0.05  (VIOLATED)
   desOut[28]                   0.19           0.14 r        -0.05  (VIOLATED)
   desOut[29]                   0.19           0.14 r        -0.05  (VIOLATED)
   desOut[30]                   0.19           0.14 r        -0.05  (VIOLATED)
   desOut[31]                   0.19           0.14 r        -0.05  (VIOLATED)
   desOut[32]                   0.19           0.14 r        -0.05  (VIOLATED)
   desOut[33]                   0.19           0.14 r        -0.05  (VIOLATED)
   desOut[34]                   0.19           0.14 r        -0.05  (VIOLATED)
   desOut[35]                   0.19           0.14 r        -0.05  (VIOLATED)
   desOut[36]                   0.19           0.14 r        -0.05  (VIOLATED)
   desOut[37]                   0.19           0.14 r        -0.05  (VIOLATED)
   desOut[38]                   0.19           0.14 r        -0.05  (VIOLATED)
   desOut[39]                   0.19           0.14 r        -0.05  (VIOLATED)
   desOut[40]                   0.19           0.14 r        -0.05  (VIOLATED)
   desOut[41]                   0.19           0.14 r        -0.05  (VIOLATED)
   desOut[42]                   0.19           0.14 r        -0.05  (VIOLATED)
   desOut[43]                   0.19           0.14 r        -0.05  (VIOLATED)
   desOut[44]                   0.19           0.14 r        -0.05  (VIOLATED)
   desOut[45]                   0.19           0.14 r        -0.05  (VIOLATED)
   desOut[46]                   0.19           0.14 r        -0.05  (VIOLATED)
   desOut[47]                   0.19           0.14 r        -0.05  (VIOLATED)
   desOut[48]                   0.19           0.14 r        -0.05  (VIOLATED)
   desOut[49]                   0.19           0.14 r        -0.05  (VIOLATED)
   desOut[50]                   0.19           0.14 r        -0.05  (VIOLATED)
   desOut[51]                   0.19           0.14 r        -0.05  (VIOLATED)
   desOut[52]                   0.19           0.14 r        -0.05  (VIOLATED)
   desOut[53]                   0.19           0.14 r        -0.05  (VIOLATED)
   desOut[54]                   0.19           0.14 r        -0.05  (VIOLATED)
   desOut[55]                   0.19           0.14 r        -0.05  (VIOLATED)
   desOut[56]                   0.19           0.14 r        -0.05  (VIOLATED)
   desOut[57]                   0.19           0.14 r        -0.05  (VIOLATED)
   desOut[58]                   0.19           0.14 r        -0.05  (VIOLATED)
   desOut[59]                   0.19           0.14 r        -0.05  (VIOLATED)
   desOut[60]                   0.19           0.14 r        -0.05  (VIOLATED)
   desOut[61]                   0.19           0.14 r        -0.05  (VIOLATED)
   desOut[62]                   0.19           0.14 r        -0.05  (VIOLATED)
   desOut[63]                   0.19           0.14 r        -0.05  (VIOLATED)
   u0/uk/K_r1_reg[1]/D          0.18           0.16 f        -0.02  (VIOLATED)
   u0/uk/K_r1_reg[53]/D         0.18           0.16 f        -0.02  (VIOLATED)
   u0/uk/K_r1_reg[55]/D         0.18           0.16 f        -0.02  (VIOLATED)
   u0/uk/K_r2_reg[10]/D         0.18           0.16 f        -0.02  (VIOLATED)
   u0/uk/K_r2_reg[36]/D         0.18           0.16 f        -0.02  (VIOLATED)
   u0/uk/K_r2_reg[39]/D         0.18           0.16 f        -0.02  (VIOLATED)
   u0/uk/K_r2_reg[44]/D         0.18           0.16 f        -0.02  (VIOLATED)
   u0/uk/K_r3_reg[30]/D         0.18           0.16 f        -0.02  (VIOLATED)
   u0/uk/K_r4_reg[13]/D         0.18           0.16 f        -0.02  (VIOLATED)
   u0/uk/K_r5_reg[2]/D          0.18           0.16 f        -0.02  (VIOLATED)
   u0/uk/K_r5_reg[3]/D          0.18           0.16 f        -0.02  (VIOLATED)
   u0/uk/K_r5_reg[24]/D         0.18           0.16 f        -0.02  (VIOLATED)
   u0/uk/K_r5_reg[49]/D         0.18           0.16 f        -0.02  (VIOLATED)
   u0/uk/K_r5_reg[54]/D         0.18           0.16 f        -0.02  (VIOLATED)
   u0/uk/K_r6_reg[32]/D         0.18           0.16 f        -0.02  (VIOLATED)
   u0/uk/K_r6_reg[45]/D         0.18           0.16 f        -0.02  (VIOLATED)
   u0/uk/K_r8_reg[19]/D         0.18           0.16 f        -0.02  (VIOLATED)
   u0/uk/K_r8_reg[51]/D         0.18           0.16 f        -0.02  (VIOLATED)
   u0/uk/K_r9_reg[37]/D         0.18           0.16 f        -0.02  (VIOLATED)
   u0/uk/K_r9_reg[45]/D         0.18           0.16 f        -0.02  (VIOLATED)
   u0/uk/K_r10_reg[2]/D         0.18           0.16 f        -0.02  (VIOLATED)
   u0/uk/K_r10_reg[24]/D        0.18           0.16 f        -0.02  (VIOLATED)
   u0/uk/K_r11_reg[13]/D        0.18           0.16 f        -0.02  (VIOLATED)
   u0/uk/K_r11_reg[17]/D        0.18           0.16 f        -0.02  (VIOLATED)
   u0/uk/K_r12_reg[17]/D        0.18           0.16 f        -0.02  (VIOLATED)
   u0/uk/K_r12_reg[18]/D        0.18           0.16 f        -0.02  (VIOLATED)
   u0/uk/K_r12_reg[30]/D        0.18           0.16 f        -0.02  (VIOLATED)
   u0/uk/K_r12_reg[47]/D        0.18           0.16 f        -0.02  (VIOLATED)
   u0/uk/K_r13_reg[4]/D         0.18           0.16 f        -0.02  (VIOLATED)
   u0/uk/K_r13_reg[39]/D        0.18           0.16 f        -0.02  (VIOLATED)
   u0/uk/K_r13_reg[44]/D        0.18           0.16 f        -0.02  (VIOLATED)
   u0/uk/K_r14_reg[1]/D         0.18           0.16 f        -0.02  (VIOLATED)
   u0/uk/K_r14_reg[52]/D        0.18           0.16 f        -0.02  (VIOLATED)
   u0/uk/K_r14_reg[53]/D        0.18           0.16 f        -0.02  (VIOLATED)
   u0/uk/K_r14_reg[55]/D        0.18           0.16 f        -0.02  (VIOLATED)
   u1/uk/K_r1_reg[1]/D          0.18           0.16 f        -0.02  (VIOLATED)
   u1/uk/K_r1_reg[53]/D         0.18           0.16 f        -0.02  (VIOLATED)
   u1/uk/K_r2_reg[10]/D         0.18           0.16 f        -0.02  (VIOLATED)
   u1/uk/K_r2_reg[39]/D         0.18           0.16 f        -0.02  (VIOLATED)
   u1/uk/K_r3_reg[30]/D         0.18           0.16 f        -0.02  (VIOLATED)
   u1/uk/K_r4_reg[13]/D         0.18           0.16 f        -0.02  (VIOLATED)
   u1/uk/K_r5_reg[0]/D          0.18           0.16 f        -0.02  (VIOLATED)
   u1/uk/K_r5_reg[2]/D          0.18           0.16 f        -0.02  (VIOLATED)
   u1/uk/K_r5_reg[24]/D         0.18           0.16 f        -0.02  (VIOLATED)
   u1/uk/K_r6_reg[45]/D         0.18           0.16 f        -0.02  (VIOLATED)
   u1/uk/K_r8_reg[55]/D         0.18           0.16 f        -0.02  (VIOLATED)
   u1/uk/K_r9_reg[37]/D         0.18           0.16 f        -0.02  (VIOLATED)
   u1/uk/K_r9_reg[45]/D         0.18           0.16 f        -0.02  (VIOLATED)
   u1/uk/K_r10_reg[2]/D         0.18           0.16 f        -0.02  (VIOLATED)
   u1/uk/K_r10_reg[24]/D        0.18           0.16 f        -0.02  (VIOLATED)
   u1/uk/K_r10_reg[49]/D        0.18           0.16 f        -0.02  (VIOLATED)
   u1/uk/K_r11_reg[13]/D        0.18           0.16 f        -0.02  (VIOLATED)
   u1/uk/K_r12_reg[30]/D        0.18           0.16 f        -0.02  (VIOLATED)
   u1/uk/K_r13_reg[22]/D        0.18           0.16 f        -0.02  (VIOLATED)
   u1/uk/K_r13_reg[39]/D        0.18           0.16 f        -0.02  (VIOLATED)
   u1/uk/K_r14_reg[1]/D         0.18           0.16 f        -0.02  (VIOLATED)
   u1/uk/K_r14_reg[53]/D        0.18           0.16 f        -0.02  (VIOLATED)
   u2/uk/K_r1_reg[1]/D          0.18           0.16 f        -0.02  (VIOLATED)
   u2/uk/K_r1_reg[25]/D         0.18           0.16 f        -0.02  (VIOLATED)
   u2/uk/K_r1_reg[53]/D         0.18           0.16 f        -0.02  (VIOLATED)
   u2/uk/K_r2_reg[6]/D          0.18           0.16 f        -0.02  (VIOLATED)
   u2/uk/K_r2_reg[7]/D          0.18           0.16 f        -0.02  (VIOLATED)
   u2/uk/K_r2_reg[33]/D         0.18           0.16 f        -0.02  (VIOLATED)
   u2/uk/K_r2_reg[39]/D         0.18           0.16 f        -0.02  (VIOLATED)
   u2/uk/K_r3_reg[30]/D         0.18           0.16 f        -0.02  (VIOLATED)
   u2/uk/K_r3_reg[47]/D         0.18           0.16 f        -0.02  (VIOLATED)
   u2/uk/K_r4_reg[13]/D         0.18           0.16 f        -0.02  (VIOLATED)
   u2/uk/K_r5_reg[2]/D          0.18           0.16 f        -0.02  (VIOLATED)
   u2/uk/K_r5_reg[24]/D         0.18           0.16 f        -0.02  (VIOLATED)
   u2/uk/K_r5_reg[27]/D         0.18           0.16 f        -0.02  (VIOLATED)
   u2/uk/K_r5_reg[48]/D         0.18           0.16 f        -0.02  (VIOLATED)
   u2/uk/K_r5_reg[54]/D         0.18           0.16 f        -0.02  (VIOLATED)
   u2/uk/K_r6_reg[5]/D          0.18           0.16 f        -0.02  (VIOLATED)
   u2/uk/K_r6_reg[45]/D         0.18           0.16 f        -0.02  (VIOLATED)
   u2/uk/K_r8_reg[55]/D         0.18           0.16 f        -0.02  (VIOLATED)
   u2/uk/K_r9_reg[5]/D          0.18           0.16 f        -0.02  (VIOLATED)
   u2/uk/K_r9_reg[37]/D         0.18           0.16 f        -0.02  (VIOLATED)
   u2/uk/K_r9_reg[45]/D         0.18           0.16 f        -0.02  (VIOLATED)
   u2/uk/K_r10_reg[2]/D         0.18           0.16 f        -0.02  (VIOLATED)
   u2/uk/K_r10_reg[5]/D         0.18           0.16 f        -0.02  (VIOLATED)
   u2/uk/K_r10_reg[24]/D        0.18           0.16 f        -0.02  (VIOLATED)
   u2/uk/K_r10_reg[27]/D        0.18           0.16 f        -0.02  (VIOLATED)
   u2/uk/K_r10_reg[49]/D        0.18           0.16 f        -0.02  (VIOLATED)
   u2/uk/K_r11_reg[4]/D         0.18           0.16 f        -0.02  (VIOLATED)
   u2/uk/K_r11_reg[13]/D        0.18           0.16 f        -0.02  (VIOLATED)
   u2/uk/K_r12_reg[30]/D        0.18           0.16 f        -0.02  (VIOLATED)
   u2/uk/K_r13_reg[6]/D         0.18           0.16 f        -0.02  (VIOLATED)
   u2/uk/K_r13_reg[10]/D        0.18           0.16 f        -0.02  (VIOLATED)
   u2/uk/K_r13_reg[39]/D        0.18           0.16 f        -0.02  (VIOLATED)
   u2/uk/K_r14_reg[1]/D         0.18           0.16 f        -0.02  (VIOLATED)
   u2/uk/K_r14_reg[53]/D        0.18           0.16 f        -0.02  (VIOLATED)
   u2/uk/K_r14_reg[55]/D        0.18           0.16 f        -0.02  (VIOLATED)


   max_area

                             Required        Actual
   Design                      Area           Area           Slack
   -----------------------------------------------------------------
   des3_perf                    0.00       187718.61      -187718.61
                                                                    (VIOLATED)


1
