 
****************************************
Report : area
Design : des3_perf
Version: W-2024.09-SP4-1
Date   : Tue May 13 10:30:47 2025
****************************************

Library(s) Used:

    saed32rvt_ss0p95v25c (File: /mnt/class_data/ecec574-w2019/PDKs/_archived/SAED32nm_new/SAED32_EDK/lib/stdcell_rvt/db_ccs/saed32rvt_ss0p95v25c.db)

Number of ports:                        12550
Number of nets:                         64395
Number of cells:                        52055
Number of combinational cells:          42809
Number of sequential cells:              8808
Number of macros/black boxes:               0
Number of buf/inv:                       7144
Number of references:                      13

Combinational area:              91532.757363
Buf/Inv area:                     9425.184436
Noncombinational area:           58201.011063
Macro/Black Box area:                0.000000
Net Interconnect area:           37984.844426

Total cell area:                149733.768426
Total area:                     187718.612852
1
