Info: [VCS_SAVE_RESTORE_INFO] ASLR (Address Space Layout Randomization) is detected on the machine. To enable $save functionality, ASLR will be switched off and simv re-executed.
Please use '-no_save' simv switch to avoid this.

                           Design Compiler Graphical 
                                 DC Ultra (TM)
                                  DFTMAX (TM)
                              Power Compiler (TM)
                                 DesignWare (R)
                                 DC Expert (TM)
                               Design Vision (TM)
                               HDL Compiler (TM)
                               VHDL Compiler (TM)
                                  DFT Compiler
                               Design Compiler(R)

              Version W-2024.09-SP4-1 for linux64 - Mar 20, 2025 

                    Copyright (c) 1988 - 2025 Synopsys, Inc.
   This software and the associated documentation are proprietary to Synopsys,
 Inc. This software may only be used in accordance with the terms and conditions
 of a written license agreement with Synopsys, Inc. All other use, reproduction,
   or distribution of this software is strictly prohibited.  Licensed Products
     communicate with Synopsys servers for the purpose of providing software
    updates, detecting software piracy and verifying that customers are using
    Licensed Products in conformity with the applicable License Key for such
  Licensed Products. Synopsys will use information gathered in connection with
    this process to deliver software updates and pursue software pirates and
                                   infringers.

 Inclusivity & Diversity - Visit SolvNetPlus to read the "Synopsys Statement on
            Inclusivity and Diversity" (Refer to article 000036315 at
                        https://solvnetplus.synopsys.com)
Initializing...
Current time:       Tue May 13 10:43:18 2025
Hostname:           xunil-03.coe.drexel.edu
CPU Model:          AMD Opteron(tm) Processor 6344
CPU Details:        Cores = 24 : Sockets = 2 : Cache Size = 2048 KB : Freq = 1.40 GHz
OS:                 Linux 3.10.0-1160.119.1.el7.x86_64
RAM:                125 GB (Free 106 GB)
Swap:                15 GB (Free  15 GB)
Work Filesystem:    /home mounted to ozark.coe.drexel.edu:/volume2/XunilNFS2/home
Tmp Filesystem:     / mounted to /dev/mapper/vg_xunil03-lv_root
Work Disk:          8034 GB (Free 4316 GB)
Tmp Disk:           442 GB (Free 136 GB)

CPU Load: 13%, Ram Free: 106 GB, Swap Free: 15 GB, Work Disk Free: 4316 GB, Tmp Disk Free: 136 GB
# Auto-generated synthesis script for des
# Source files from: systemcdes
lappend search_path ../src/
. /mnt/class_data/ecec574-w2019/tools/synopsys/syn/W-2024.09-SP4-1/libraries/syn /mnt/class_data/ecec574-w2019/tools/synopsys/syn/W-2024.09-SP4-1/dw/syn_ver /mnt/class_data/ecec574-w2019/tools/synopsys/syn/W-2024.09-SP4-1/dw/sim_ver ../src/
define_design_lib WORK -path "work"
1
# Library setup
set link_library [ list /mnt/class_data/ecec574-w2019/PDKs/_archived/SAED32nm_new/SAED32_EDK/lib/stdcell_rvt/db_ccs/saed32rvt_ss0p95v125c.db /mnt/class_data/ecec574-w2019/PDKs/_archived/SAED32nm_new/SAED32_EDK/lib/stdcell_rvt/db_ccs/saed32rvt_ss0p95v25c.db /mnt/class_data/ecec574-w2019/PDKs/_archived/SAED32nm_new/SAED32_EDK/lib/stdcell_rvt/db_ccs/saed32rvt_ss0p95vn40c.db]
/mnt/class_data/ecec574-w2019/PDKs/_archived/SAED32nm_new/SAED32_EDK/lib/stdcell_rvt/db_ccs/saed32rvt_ss0p95v125c.db /mnt/class_data/ecec574-w2019/PDKs/_archived/SAED32nm_new/SAED32_EDK/lib/stdcell_rvt/db_ccs/saed32rvt_ss0p95v25c.db /mnt/class_data/ecec574-w2019/PDKs/_archived/SAED32nm_new/SAED32_EDK/lib/stdcell_rvt/db_ccs/saed32rvt_ss0p95vn40c.db
set target_library [ list /mnt/class_data/ecec574-w2019/PDKs/_archived/SAED32nm_new/SAED32_EDK/lib/stdcell_rvt/db_ccs/saed32rvt_ss0p95v25c.db ]
/mnt/class_data/ecec574-w2019/PDKs/_archived/SAED32nm_new/SAED32_EDK/lib/stdcell_rvt/db_ccs/saed32rvt_ss0p95v25c.db
# Analyze all Verilog files
analyze -library WORK -format verilog ../rtl/systemcdes/des.v
Running PRESTO HDLC
Compiling source file ../rtl/systemcdes/des.v
Presto compilation completed successfully.
Loading db file '/mnt/class_data/ecec574-w2019/PDKs/_archived/SAED32nm_new/SAED32_EDK/lib/stdcell_rvt/db_ccs/saed32rvt_ss0p95v125c.db'
Information: Using CCS timing libraries. (TIM-024)
Warning: Error occured in ccs delay calculation, results may not be accurate.
Loading db file '/mnt/class_data/ecec574-w2019/PDKs/_archived/SAED32nm_new/SAED32_EDK/lib/stdcell_rvt/db_ccs/saed32rvt_ss0p95v25c.db'
Loading db file '/mnt/class_data/ecec574-w2019/PDKs/_archived/SAED32nm_new/SAED32_EDK/lib/stdcell_rvt/db_ccs/saed32rvt_ss0p95vn40c.db'
1
analyze -library WORK -format verilog ../rtl/systemcdes/desround.v
Running PRESTO HDLC
Compiling source file ../rtl/systemcdes/desround.v
Presto compilation completed successfully.
1
analyze -library WORK -format verilog ../rtl/systemcdes/key_gen.v
Running PRESTO HDLC
Compiling source file ../rtl/systemcdes/key_gen.v
Presto compilation completed successfully.
1
analyze -library WORK -format verilog ../rtl/systemcdes/s1.v
Running PRESTO HDLC
Compiling source file ../rtl/systemcdes/s1.v
Presto compilation completed successfully.
1
analyze -library WORK -format verilog ../rtl/systemcdes/s2.v
Running PRESTO HDLC
Compiling source file ../rtl/systemcdes/s2.v
Presto compilation completed successfully.
1
analyze -library WORK -format verilog ../rtl/systemcdes/s3.v
Running PRESTO HDLC
Compiling source file ../rtl/systemcdes/s3.v
Presto compilation completed successfully.
1
analyze -library WORK -format verilog ../rtl/systemcdes/s4.v
Running PRESTO HDLC
Compiling source file ../rtl/systemcdes/s4.v
Presto compilation completed successfully.
1
analyze -library WORK -format verilog ../rtl/systemcdes/s5.v
Running PRESTO HDLC
Compiling source file ../rtl/systemcdes/s5.v
Presto compilation completed successfully.
1
analyze -library WORK -format verilog ../rtl/systemcdes/s6.v
Running PRESTO HDLC
Compiling source file ../rtl/systemcdes/s6.v
Presto compilation completed successfully.
1
analyze -library WORK -format verilog ../rtl/systemcdes/s7.v
Running PRESTO HDLC
Compiling source file ../rtl/systemcdes/s7.v
Presto compilation completed successfully.
1
analyze -library WORK -format verilog ../rtl/systemcdes/s8.v
Running PRESTO HDLC
Compiling source file ../rtl/systemcdes/s8.v
Presto compilation completed successfully.
1
# Elaborate the top design
elaborate des
Loading db file '/mnt/class_data/ecec574-w2019/tools/synopsys/syn/W-2024.09-SP4-1/libraries/syn/gtech.db'
Loading db file '/mnt/class_data/ecec574-w2019/tools/synopsys/syn/W-2024.09-SP4-1/libraries/syn/standard.sldb'
  Loading link library 'saed32rvt_ss0p95v125c'
  Loading link library 'saed32rvt_ss0p95v25c'
  Loading link library 'saed32rvt_ss0p95vn40c'
  Loading link library 'gtech'
Running PRESTO HDLC

Statistics for case statements in always block in file
	'../rtl/systemcdes/des.v'
============================================================
|    Line    |  full/ parallel  |      block location      |
============================================================
|    252     |    auto/auto     | always block at line 146 |
============================================================

Inferred memory devices in process in routine 'des' in file
	 ../rtl/systemcdes/des.v'.
==================================================================================
|    Register Name    |   Type    | Width | Bus | MB |  Set  | Reset | ST | Line |
==================================================================================
|   stage1_iter_reg   | Flip-flop |   4   |  Y  | N  | None  | Async | N  | 121  |
|   data_ready_reg    | Flip-flop |   1   |  N  | N  | Async | None  | N  | 121  |
|     ready_o_reg     | Flip-flop |   1   |  N  | N  | None  | Async | N  | 121  |
|     data_o_reg      | Flip-flop |  64   |  Y  | N  | None  | Async | N  | 121  |
==================================================================================
Presto compilation completed successfully. (des)
Module: des, Ports: 197, Input: 132, Output: 65, Inout: 0
Module: des, Registers: 70, Async set/reset: 70, Sync set/reset: 0
Information: Module des report end. (ELAB-965)
Elaborated 1 design.
Current design is now 'des'.
Information: Building the design 'desround'. (HDL-193)

Inferred memory devices in process in routine 'desround' in file
	 ../rtl/systemcdes/desround.v'.
==================================================================================
|    Register Name    |   Type    | Width | Bus | MB |  Set  | Reset | ST | Line |
==================================================================================
|       R_o_reg       | Flip-flop |  32   |  Y  | N  | None  | Async | N  | 125  |
|      Key_o_reg      | Flip-flop |  56   |  Y  | N  | None  | Async | N  | 125  |
|       L_o_reg       | Flip-flop |  32   |  Y  | N  | None  | Async | N  | 125  |
==================================================================================
Presto compilation completed successfully. (desround)
Module: desround, Ports: 327, Input: 159, Output: 168, Inout: 0
Module: desround, Registers: 120, Async set/reset: 120, Sync set/reset: 0
Information: Module desround report end. (ELAB-965)
Information: Building the design 's1'. (HDL-193)

Statistics for case statements in always block in file
	'../rtl/systemcdes/s1.v'
===========================================================
|    Line    |  full/ parallel  |      block location     |
===========================================================
|     66     |    auto/auto     | always block at line 61 |
===========================================================
Presto compilation completed successfully. (s1)
Module: s1, Ports: 10, Input: 6, Output: 4, Inout: 0
Module: s1, Registers: 0, Async set/reset: 0, Sync set/reset: 0
Information: Module s1 report end. (ELAB-965)
Information: Building the design 's2'. (HDL-193)

Statistics for case statements in always block in file
	'../rtl/systemcdes/s2.v'
===========================================================
|    Line    |  full/ parallel  |      block location     |
===========================================================
|     66     |    auto/auto     | always block at line 61 |
===========================================================
Presto compilation completed successfully. (s2)
Module: s2, Ports: 10, Input: 6, Output: 4, Inout: 0
Module: s2, Registers: 0, Async set/reset: 0, Sync set/reset: 0
Information: Module s2 report end. (ELAB-965)
Information: Building the design 's3'. (HDL-193)

Statistics for case statements in always block in file
	'../rtl/systemcdes/s3.v'
===========================================================
|    Line    |  full/ parallel  |      block location     |
===========================================================
|     65     |    auto/auto     | always block at line 61 |
===========================================================
Presto compilation completed successfully. (s3)
Module: s3, Ports: 10, Input: 6, Output: 4, Inout: 0
Module: s3, Registers: 0, Async set/reset: 0, Sync set/reset: 0
Information: Module s3 report end. (ELAB-965)
Information: Building the design 's4'. (HDL-193)

Statistics for case statements in always block in file
	'../rtl/systemcdes/s4.v'
===========================================================
|    Line    |  full/ parallel  |      block location     |
===========================================================
|     65     |    auto/auto     | always block at line 61 |
===========================================================
Presto compilation completed successfully. (s4)
Module: s4, Ports: 10, Input: 6, Output: 4, Inout: 0
Module: s4, Registers: 0, Async set/reset: 0, Sync set/reset: 0
Information: Module s4 report end. (ELAB-965)
Information: Building the design 's5'. (HDL-193)

Statistics for case statements in always block in file
	'../rtl/systemcdes/s5.v'
===========================================================
|    Line    |  full/ parallel  |      block location     |
===========================================================
|     65     |    auto/auto     | always block at line 61 |
===========================================================
Presto compilation completed successfully. (s5)
Module: s5, Ports: 10, Input: 6, Output: 4, Inout: 0
Module: s5, Registers: 0, Async set/reset: 0, Sync set/reset: 0
Information: Module s5 report end. (ELAB-965)
Information: Building the design 's6'. (HDL-193)

Statistics for case statements in always block in file
	'../rtl/systemcdes/s6.v'
===========================================================
|    Line    |  full/ parallel  |      block location     |
===========================================================
|     65     |    auto/auto     | always block at line 61 |
===========================================================
Presto compilation completed successfully. (s6)
Module: s6, Ports: 10, Input: 6, Output: 4, Inout: 0
Module: s6, Registers: 0, Async set/reset: 0, Sync set/reset: 0
Information: Module s6 report end. (ELAB-965)
Information: Building the design 's7'. (HDL-193)

Statistics for case statements in always block in file
	'../rtl/systemcdes/s7.v'
===========================================================
|    Line    |  full/ parallel  |      block location     |
===========================================================
|     64     |    auto/auto     | always block at line 60 |
===========================================================
Presto compilation completed successfully. (s7)
Module: s7, Ports: 10, Input: 6, Output: 4, Inout: 0
Module: s7, Registers: 0, Async set/reset: 0, Sync set/reset: 0
Information: Module s7 report end. (ELAB-965)
Information: Building the design 's8'. (HDL-193)

Statistics for case statements in always block in file
	'../rtl/systemcdes/s8.v'
===========================================================
|    Line    |  full/ parallel  |      block location     |
===========================================================
|     64     |    auto/auto     | always block at line 60 |
===========================================================
Presto compilation completed successfully. (s8)
Module: s8, Ports: 10, Input: 6, Output: 4, Inout: 0
Module: s8, Registers: 0, Async set/reset: 0, Sync set/reset: 0
Information: Module s8 report end. (ELAB-965)
Information: Building the design 'key_gen'. (HDL-193)

Statistics for case statements in always block in file
	'../rtl/systemcdes/key_gen.v'
===========================================================
|    Line    |  full/ parallel  |      block location     |
===========================================================
|     85     |    auto/auto     | always block at line 71 |
|    122     |    auto/auto     | always block at line 71 |
===========================================================
Presto compilation completed successfully. (key_gen)
Module: key_gen, Ports: 165, Input: 61, Output: 104, Inout: 0
Module: key_gen, Registers: 0, Async set/reset: 0, Sync set/reset: 0
Information: Module key_gen report end. (ELAB-965)
1
link

  Linking design 'des'
  Using the following designs and libraries:
  --------------------------------------------------------------------------
  saed32rvt_ss0p95v125c (library) /mnt/class_data/ecec574-w2019/PDKs/_archived/SAED32nm_new/SAED32_EDK/lib/stdcell_rvt/db_ccs/saed32rvt_ss0p95v125c.db
  saed32rvt_ss0p95v25c (library) /mnt/class_data/ecec574-w2019/PDKs/_archived/SAED32nm_new/SAED32_EDK/lib/stdcell_rvt/db_ccs/saed32rvt_ss0p95v25c.db
  saed32rvt_ss0p95vn40c (library) /mnt/class_data/ecec574-w2019/PDKs/_archived/SAED32nm_new/SAED32_EDK/lib/stdcell_rvt/db_ccs/saed32rvt_ss0p95vn40c.db

1
# Output files
write -hier -f ddc -output ./outputs/systemcdes/des.ddc
Writing ddc file './outputs/systemcdes/des.ddc'.
1
# Clock and constraints
create_clock -name "clk" -period 10 [get_ports clk] 
1
set_input_delay 0.01 -clock clk [all_inputs] 
1
set_output_delay 0.01 -clock clk [all_outputs] 
1
set_clock_uncertainty 0.2 clk
1
set_max_area 0.0 
1
# Checks and compilation
check_design  > ./reports/systemcdes/des_check_design.rpt 
uniquify 
1
check_timing 
Information: Changed wire load model for 's8' from '(none)' to 'ForQA'. (OPT-170)
Information: Changed wire load model for 's7' from '(none)' to 'ForQA'. (OPT-170)
Information: Changed wire load model for 's6' from '(none)' to 'ForQA'. (OPT-170)
Information: Changed wire load model for 's5' from '(none)' to 'ForQA'. (OPT-170)
Information: Changed wire load model for 's4' from '(none)' to 'ForQA'. (OPT-170)
Information: Changed wire load model for 's3' from '(none)' to 'ForQA'. (OPT-170)
Information: Changed wire load model for 's2' from '(none)' to 'ForQA'. (OPT-170)
Information: Changed wire load model for 's1' from '(none)' to 'ForQA'. (OPT-170)
Information: Changed wire load model for 'key_gen' from '(none)' to 'ForQA'. (OPT-170)
Information: Changed wire load model for 'desround' from '(none)' to 'ForQA'. (OPT-170)
Module: DW01_inc_width4, Ports: 8, Input: 4, Output: 4, Inout: 0
Module: DW01_inc_width4, Registers: 0, Async set/reset: 0, Sync set/reset: 0
Information: Changed wire load model for 'DW01_inc_width4' from '(none)' to 'ForQA'. (OPT-170)
Information: Changed wire load model for '*ADD_UNS_OP_4_1_4' from '(none)' to 'ForQA'. (OPT-170)
Information: Updating design information... (UID-85)

Information: Checking generated_clocks...

Information: Checking loops...

Information: Checking no_input_delay...

Information: Checking unconstrained_endpoints...

Information: Checking pulse_clock_cell_type...

Information: Checking no_driving_cell...

Information: Checking partial_input_delay...
1
compile -area_effort medium -map_effort medium 
CPU Load: 13%, Ram Free: 106 GB, Swap Free: 15 GB, Work Disk Free: 4316 GB, Tmp Disk Free: 136 GB
Information: Evaluating DesignWare library utilization. (UISN-27)

============================================================================
| DesignWare Building Block Library  |         Version         | Available |
============================================================================
| Basic DW Building Blocks           | W-2024.09-DWBB_202409.4 |     *     |
| Licensed DW Building Blocks        |                         |           |
============================================================================

====================================================================================================
| Flow Information                                                                                 |
----------------------------------------------------------------------------------------------------
| Flow         | Design Compiler                                                                   |
====================================================================================================
| Design Information                                      | Value                                  |
====================================================================================================
| Number of Scenarios                                     | 0                                      |
| Leaf Cell Count                                         | 2216                                   |
| Number of User Hierarchies                              | 10                                     |
| Sequential Cell Count                                   | 190                                    |
| Macro Count                                             | 0                                      |
| Pad Count                                               | 0                                      |
| Number of Power Domains                                 | 0                                      |
| Number of Path Groups                                   | 2                                      |
| Number of VT Class                                      | 1                                      |
| Number of Clocks                                        | 1                                      |
| Number of Dont Touch Cells                              | 1054                                   |
| Number of Dont Touch Nets                               | 0                                      |
| Number of Size Only Cells                               | 0                                      |
| Design with Target Library Subset (with clock_path)     | false  (false )                        |
| Design with UPF Data                                    | false                                  |
====================================================================================================

Information: There are 57 potential problems in your design. Please run 'check_design' for more information. (LINT-99)



  Beginning Pass 1 Mapping
  ------------------------
  Processing 's8'
  Processing 's7'
  Processing 's6'
  Processing 's5'
  Processing 's4'
  Processing 's3'
  Processing 's2'
  Processing 's1'
  Processing 'key_gen'
  Processing 'desround'
  Processing 'des'
Module: DW01_inc_width4, Ports: 8, Input: 4, Output: 4, Inout: 0
Module: DW01_inc_width4, Registers: 0, Async set/reset: 0, Sync set/reset: 0

  Updating timing information
Information: Updating design information... (UID-85)

  Beginning Mapping Optimizations  (Medium effort)
  -------------------------------

                                  TOTAL                                      
   ELAPSED            WORST NEG   SETUP    DESIGN                            
    TIME      AREA      SLACK     COST    RULE COST         ENDPOINT         
  --------- --------- --------- --------- --------- -------------------------
    0:00:09    5091.5      0.00      -0.0      14.4                          
    0:00:09    5091.5      0.00      -0.0      14.4                          
    0:00:09    5091.5      0.00      -0.0      14.4                          
    0:00:09    5091.5      0.00      -0.0      14.4                          
    0:00:09    5091.5      0.00      -0.0      14.4                          
    0:00:10    3952.2      0.09       0.4       0.0                          
    0:00:10    4030.2      0.00      -0.0       0.0                          
    0:00:10    3957.3      0.29       1.5       0.0                          
    0:00:11    3989.8      0.00      -0.0       0.0                          
    0:00:11    3960.6      0.00      -0.0       0.0                          
    0:00:11    3960.6      0.00      -0.0       0.0                          
    0:00:11    3960.6      0.00      -0.0       0.0                          
    0:00:11    3960.6      0.00      -0.0       0.0                          
    0:00:11    3960.6      0.00      -0.0       0.0                          
    0:00:11    3960.6      0.00      -0.0       0.0                          
    0:00:11    3960.6      0.00      -0.0       0.0                          
    0:00:11    3960.6      0.00      -0.0       0.0                          



  Beginning Delay Optimization Phase
  ----------------------------------

                                  TOTAL                                      
   ELAPSED            WORST NEG   SETUP    DESIGN                            
    TIME      AREA      SLACK     COST    RULE COST         ENDPOINT         
  --------- --------- --------- --------- --------- -------------------------
    0:00:11    3960.6      0.00      -0.0       0.0                          
    0:00:11    3960.6      0.00      -0.0       0.0                          
    0:00:11    3960.6      0.00      -0.0       0.0                          
    0:00:11    3960.6      0.00      -0.0       0.0                          
    0:00:11    3959.3      0.00      -0.0       0.0                          


  Beginning Area-Recovery Phase  (max_area 0)
  -----------------------------

                                  TOTAL                                      
   ELAPSED            WORST NEG   SETUP    DESIGN                            
    TIME      AREA      SLACK     COST    RULE COST         ENDPOINT         
  --------- --------- --------- --------- --------- -------------------------
    0:00:11    3959.3      0.00      -0.0       0.0                          
    0:00:11    3959.3      0.00      -0.0       0.0                          
    0:00:11    3934.9      0.00       0.0       0.0                          
    0:00:11    3931.1      0.00       0.0       0.0                          
    0:00:11    3931.1      0.00       0.0       0.0                          
    0:00:11    3931.1      0.00       0.0       0.0                          
    0:00:11    3931.1      0.00       0.0       0.0                          
    0:00:11    3935.4      0.00      -0.0       0.0                          
    0:00:11    3931.1      0.00      -0.0       0.0                          
    0:00:11    3931.1      0.00      -0.0       0.0                          
    0:00:11    3931.1      0.00      -0.0       0.0                          
    0:00:11    3931.1      0.00      -0.0       0.0                          
    0:00:11    3931.1      0.00      -0.0       0.0                          
    0:00:11    3931.1      0.00      -0.0       0.0                          
    0:00:12    3907.5      0.00      -0.0       0.0                          
    0:00:12    3907.5      0.00      -0.0       0.0                          
    0:00:12    3907.5      0.00      -0.0       0.0                          
    0:00:12    3907.5      0.00      -0.0       0.0                          
    0:00:12    3907.5      0.00      -0.0       0.0                          
    0:00:12    3907.5      0.00      -0.0       0.0                          
    0:00:12    3907.5      0.00      -0.0       0.0                          


Note: Symbol # after min delay cost means estimated hold TNS across all active scenarios 


  Optimization Complete
  ---------------------
CPU Load: 13%, Ram Free: 106 GB, Swap Free: 15 GB, Work Disk Free: 4316 GB, Tmp Disk Free: 136 GB
Information: Total number of MV cells in the design.
----------------------------------------------------------------------------------------------------
 MV Cells                                           Total Number                                   
----------------------------------------------------------------------------------------------------
 Level Shifter:                                     0                                             
 Enable Level Shifter:                              0                                             
 Isolation Cell:                                    0                                             
 Retention Cell:                                    0                                             
 Retention Clamp Cell:                              0                                             
 Switch Cell:                                       0                                             
 Always-On Cell:                                    0                                             
 Repeater Cell:                                     0                                             

----------------------------------------------------------------------------------------------------
Unmapped MV Cells 
----------------------------------------------------------------------------------------------------
0 Isolation Cells are unmapped 
0 Retention Clamp Cells are unmapped 
----------------------------------------------------------------------------------------------------
1
# Reports
report_constraints -all > ./reports/systemcdes/des_constraints.rpt
report_area > ./reports/systemcdes/des_area.rpt
report_power > ./reports/systemcdes/des_power.rpt
report_qor  > ./reports/systemcdes/des_qor.rpt
report_cell > ./reports/systemcdes/des_cells.rpt
report_resources > ./reports/systemcdes/des_resources.rpt
report_timing -max_paths 10 > ./reports/systemcdes/des_timing.rpt
# Output files
write_sdc ./outputs/systemcdes/des.sdc
1
write -hier -f ddc -output ./outputs/systemcdes/des.ddc
Writing ddc file './outputs/systemcdes/des.ddc'.
1
write -hierarchy -format verilog -output ./outputs/systemcdes/des.v
Writing verilog file '/home/vi44@drexel.edu/iwls/scripts/outputs/systemcdes/des.v'.
Warning: Verilog 'assign' or 'tran' statements are written out. (VO-4)
1
quit

Memory usage for this session 443 Mbytes.
Memory usage for this session including child processes 443 Mbytes.
CPU usage for this session 27 seconds ( 0.01 hours ).
Elapsed time for this session 29 seconds ( 0.01 hours ).

Thank you...
