Info: [VCS_SAVE_RESTORE_INFO] ASLR (Address Space Layout Randomization) is detected on the machine. To enable $save functionality, ASLR will be switched off and simv re-executed.
Please use '-no_save' simv switch to avoid this.

                           Design Compiler Graphical 
                                 DC Ultra (TM)
                                  DFTMAX (TM)
                              Power Compiler (TM)
                                 DesignWare (R)
                                 DC Expert (TM)
                               Design Vision (TM)
                               HDL Compiler (TM)
                               VHDL Compiler (TM)
                                  DFT Compiler
                               Design Compiler(R)

              Version W-2024.09-SP4-1 for linux64 - Mar 20, 2025 

                    Copyright (c) 1988 - 2025 Synopsys, Inc.
   This software and the associated documentation are proprietary to Synopsys,
 Inc. This software may only be used in accordance with the terms and conditions
 of a written license agreement with Synopsys, Inc. All other use, reproduction,
   or distribution of this software is strictly prohibited.  Licensed Products
     communicate with Synopsys servers for the purpose of providing software
    updates, detecting software piracy and verifying that customers are using
    Licensed Products in conformity with the applicable License Key for such
  Licensed Products. Synopsys will use information gathered in connection with
    this process to deliver software updates and pursue software pirates and
                                   infringers.

 Inclusivity & Diversity - Visit SolvNetPlus to read the "Synopsys Statement on
            Inclusivity and Diversity" (Refer to article 000036315 at
                        https://solvnetplus.synopsys.com)
Initializing...
Current time:       Tue May 13 10:44:43 2025
Hostname:           xunil-03.coe.drexel.edu
CPU Model:          AMD Opteron(tm) Processor 6344
CPU Details:        Cores = 24 : Sockets = 2 : Cache Size = 2048 KB : Freq = 1.40 GHz
OS:                 Linux 3.10.0-1160.119.1.el7.x86_64
RAM:                125 GB (Free 107 GB)
Swap:                15 GB (Free  15 GB)
Work Filesystem:    /home mounted to ozark.coe.drexel.edu:/volume2/XunilNFS2/home
Tmp Filesystem:     / mounted to /dev/mapper/vg_xunil03-lv_root
Work Disk:          8034 GB (Free 4316 GB)
Tmp Disk:           442 GB (Free 136 GB)

CPU Load: 14%, Ram Free: 107 GB, Swap Free: 15 GB, Work Disk Free: 4316 GB, Tmp Disk Free: 136 GB
# Auto-generated synthesis script for i2c_master_top
# Source files from: i2c
lappend search_path ../src/
. /mnt/class_data/ecec574-w2019/tools/synopsys/syn/W-2024.09-SP4-1/libraries/syn /mnt/class_data/ecec574-w2019/tools/synopsys/syn/W-2024.09-SP4-1/dw/syn_ver /mnt/class_data/ecec574-w2019/tools/synopsys/syn/W-2024.09-SP4-1/dw/sim_ver ../src/
define_design_lib WORK -path "work"
1
set sdc_version 2.1
Information: Setting sdc_version outside of an SDC file has no effect (SDC-1)
2.1
# Library setup
set link_library [ list /mnt/class_data/ecec574-w2019/PDKs/_archived/SAED32nm_new/SAED32_EDK/lib/stdcell_rvt/db_ccs/saed32rvt_ss0p95v125c.db /mnt/class_data/ecec574-w2019/PDKs/_archived/SAED32nm_new/SAED32_EDK/lib/stdcell_rvt/db_ccs/saed32rvt_ss0p95v25c.db /mnt/class_data/ecec574-w2019/PDKs/_archived/SAED32nm_new/SAED32_EDK/lib/stdcell_rvt/db_ccs/saed32rvt_ss0p95vn40c.db]
/mnt/class_data/ecec574-w2019/PDKs/_archived/SAED32nm_new/SAED32_EDK/lib/stdcell_rvt/db_ccs/saed32rvt_ss0p95v125c.db /mnt/class_data/ecec574-w2019/PDKs/_archived/SAED32nm_new/SAED32_EDK/lib/stdcell_rvt/db_ccs/saed32rvt_ss0p95v25c.db /mnt/class_data/ecec574-w2019/PDKs/_archived/SAED32nm_new/SAED32_EDK/lib/stdcell_rvt/db_ccs/saed32rvt_ss0p95vn40c.db
set target_library [ list /mnt/class_data/ecec574-w2019/PDKs/_archived/SAED32nm_new/SAED32_EDK/lib/stdcell_rvt/db_ccs/saed32rvt_ss0p95v25c.db ]
/mnt/class_data/ecec574-w2019/PDKs/_archived/SAED32nm_new/SAED32_EDK/lib/stdcell_rvt/db_ccs/saed32rvt_ss0p95v25c.db
# Analyze all Verilog files
analyze -library WORK -format verilog ../rtl/i2c/i2c_master_bit_ctrl.v
Running PRESTO HDLC
Compiling source file ../rtl/i2c/i2c_master_bit_ctrl.v
Opening include file ../rtl/i2c/i2c_master_defines.v
Error:  ../rtl/i2c/i2c_master_bit_ctrl.v:181: Syntax error at or near token '<<<'. (VER-294)
Error:  ../rtl/i2c/i2c_master_bit_ctrl.v:184: Syntax error at or near token 'enum_state'. (VER-294)
*** Presto compilation terminated with 2 errors. ***
Loading db file '/mnt/class_data/ecec574-w2019/PDKs/_archived/SAED32nm_new/SAED32_EDK/lib/stdcell_rvt/db_ccs/saed32rvt_ss0p95v125c.db'
Information: Using CCS timing libraries. (TIM-024)
Warning: Error occured in ccs delay calculation, results may not be accurate.
Loading db file '/mnt/class_data/ecec574-w2019/PDKs/_archived/SAED32nm_new/SAED32_EDK/lib/stdcell_rvt/db_ccs/saed32rvt_ss0p95v25c.db'
Loading db file '/mnt/class_data/ecec574-w2019/PDKs/_archived/SAED32nm_new/SAED32_EDK/lib/stdcell_rvt/db_ccs/saed32rvt_ss0p95vn40c.db'
0
analyze -library WORK -format verilog ../rtl/i2c/i2c_master_byte_ctrl.v
Running PRESTO HDLC
Compiling source file ../rtl/i2c/i2c_master_byte_ctrl.v
Opening include file ../rtl/i2c/i2c_master_defines.v
Opening include file ../rtl/i2c/i2c_master_bit_ctrl.v
Opening include file ../rtl/i2c/i2c_master_defines.v
Error:  ../rtl/i2c/i2c_master_bit_ctrl.v:181: Syntax error at or near token '<<<'
	called from file "../rtl/i2c/i2c_master_byte_ctrl.v" (line 74). (VER-294)
Error:  ../rtl/i2c/i2c_master_bit_ctrl.v:184: Syntax error at or near token 'enum_state'. (VER-294)
*** Presto compilation terminated with 2 errors. ***
0
analyze -library WORK -format verilog ../rtl/i2c/i2c_master_defines.v
Running PRESTO HDLC
Compiling source file ../rtl/i2c/i2c_master_defines.v
Presto compilation completed successfully.
1
analyze -library WORK -format verilog ../rtl/i2c/i2c_master_top.v
Running PRESTO HDLC
Compiling source file ../rtl/i2c/i2c_master_top.v
Opening include file ../rtl/i2c/i2c_master_defines.v
Warning:  ../rtl/i2c/i2c_master_top.v:160: Intraassignment delays for nonblocking assignments are ignored. (VER-130)
Warning:  ../rtl/i2c/i2c_master_top.v:166: Intraassignment delays for nonblocking assignments are ignored. (VER-130)
Warning:  ../rtl/i2c/i2c_master_top.v:167: Intraassignment delays for nonblocking assignments are ignored. (VER-130)
Warning:  ../rtl/i2c/i2c_master_top.v:168: Intraassignment delays for nonblocking assignments are ignored. (VER-130)
Warning:  ../rtl/i2c/i2c_master_top.v:169: Intraassignment delays for nonblocking assignments are ignored. (VER-130)
Warning:  ../rtl/i2c/i2c_master_top.v:170: Intraassignment delays for nonblocking assignments are ignored. (VER-130)
Warning:  ../rtl/i2c/i2c_master_top.v:171: Intraassignment delays for nonblocking assignments are ignored. (VER-130)
Warning:  ../rtl/i2c/i2c_master_top.v:172: Intraassignment delays for nonblocking assignments are ignored. (VER-130)
Warning:  ../rtl/i2c/i2c_master_top.v:173: Intraassignment delays for nonblocking assignments are ignored. (VER-130)
Warning:  ../rtl/i2c/i2c_master_top.v:181: Intraassignment delays for nonblocking assignments are ignored. (VER-130)
Warning:  ../rtl/i2c/i2c_master_top.v:182: Intraassignment delays for nonblocking assignments are ignored. (VER-130)
Warning:  ../rtl/i2c/i2c_master_top.v:183: Intraassignment delays for nonblocking assignments are ignored. (VER-130)
Warning:  ../rtl/i2c/i2c_master_top.v:187: Intraassignment delays for nonblocking assignments are ignored. (VER-130)
Warning:  ../rtl/i2c/i2c_master_top.v:188: Intraassignment delays for nonblocking assignments are ignored. (VER-130)
Warning:  ../rtl/i2c/i2c_master_top.v:189: Intraassignment delays for nonblocking assignments are ignored. (VER-130)
Warning:  ../rtl/i2c/i2c_master_top.v:194: Intraassignment delays for nonblocking assignments are ignored. (VER-130)
Warning:  ../rtl/i2c/i2c_master_top.v:195: Intraassignment delays for nonblocking assignments are ignored. (VER-130)
Warning:  ../rtl/i2c/i2c_master_top.v:196: Intraassignment delays for nonblocking assignments are ignored. (VER-130)
Warning:  ../rtl/i2c/i2c_master_top.v:197: Intraassignment delays for nonblocking assignments are ignored. (VER-130)
Warning:  ../rtl/i2c/i2c_master_top.v:204: Intraassignment delays for nonblocking assignments are ignored. (VER-130)
Warning:  ../rtl/i2c/i2c_master_top.v:206: Intraassignment delays for nonblocking assignments are ignored. (VER-130)
Warning:  ../rtl/i2c/i2c_master_top.v:210: Intraassignment delays for nonblocking assignments are ignored. (VER-130)
Warning:  ../rtl/i2c/i2c_master_top.v:215: Intraassignment delays for nonblocking assignments are ignored. (VER-130)
Warning:  ../rtl/i2c/i2c_master_top.v:217: Intraassignment delays for nonblocking assignments are ignored. (VER-130)
Warning:  ../rtl/i2c/i2c_master_top.v:218: Intraassignment delays for nonblocking assignments are ignored. (VER-130)
Warning:  ../rtl/i2c/i2c_master_top.v:264: Intraassignment delays for nonblocking assignments are ignored. (VER-130)
Warning:  ../rtl/i2c/i2c_master_top.v:265: Intraassignment delays for nonblocking assignments are ignored. (VER-130)
Warning:  ../rtl/i2c/i2c_master_top.v:266: Intraassignment delays for nonblocking assignments are ignored. (VER-130)
Warning:  ../rtl/i2c/i2c_master_top.v:267: Intraassignment delays for nonblocking assignments are ignored. (VER-130)
Warning:  ../rtl/i2c/i2c_master_top.v:271: Intraassignment delays for nonblocking assignments are ignored. (VER-130)
Warning:  ../rtl/i2c/i2c_master_top.v:272: Intraassignment delays for nonblocking assignments are ignored. (VER-130)
Warning:  ../rtl/i2c/i2c_master_top.v:273: Intraassignment delays for nonblocking assignments are ignored. (VER-130)
Warning:  ../rtl/i2c/i2c_master_top.v:274: Intraassignment delays for nonblocking assignments are ignored. (VER-130)
Warning:  ../rtl/i2c/i2c_master_top.v:278: Intraassignment delays for nonblocking assignments are ignored. (VER-130)
Warning:  ../rtl/i2c/i2c_master_top.v:279: Intraassignment delays for nonblocking assignments are ignored. (VER-130)
Warning:  ../rtl/i2c/i2c_master_top.v:280: Intraassignment delays for nonblocking assignments are ignored. (VER-130)
Warning:  ../rtl/i2c/i2c_master_top.v:281: Intraassignment delays for nonblocking assignments are ignored. (VER-130)
Warning:  ../rtl/i2c/i2c_master_top.v:287: Intraassignment delays for nonblocking assignments are ignored. (VER-130)
Warning:  ../rtl/i2c/i2c_master_top.v:289: Intraassignment delays for nonblocking assignments are ignored. (VER-130)
Warning:  ../rtl/i2c/i2c_master_top.v:291: Intraassignment delays for nonblocking assignments are ignored. (VER-130)
Presto compilation completed successfully.
1
analyze -library WORK -format verilog ../rtl/i2c/timescale.v
Running PRESTO HDLC
Compiling source file ../rtl/i2c/timescale.v
Presto compilation completed successfully.
1
# Elaborate the top design
elaborate i2c_master_top
Loading db file '/mnt/class_data/ecec574-w2019/tools/synopsys/syn/W-2024.09-SP4-1/libraries/syn/gtech.db'
Loading db file '/mnt/class_data/ecec574-w2019/tools/synopsys/syn/W-2024.09-SP4-1/libraries/syn/standard.sldb'
  Loading link library 'saed32rvt_ss0p95v125c'
  Loading link library 'saed32rvt_ss0p95v25c'
  Loading link library 'saed32rvt_ss0p95vn40c'
  Loading link library 'gtech'
Running PRESTO HDLC

Statistics for case statements in always block in file
	'../rtl/i2c/i2c_master_top.v'
============================================================
|    Line    |  full/ parallel  |      block location      |
============================================================
|    165     |    auto/auto     | always block at line 163 |
|    193     |    auto/auto     | always block at line 178 |
============================================================

Inferred memory devices in process in routine 'i2c_master_top' in file
	 ../rtl/i2c/i2c_master_top.v'.
==================================================================================
|    Register Name    |   Type    | Width | Bus | MB |  Set  | Reset | ST | Line |
==================================================================================
|    wb_ack_o_reg     | Flip-flop |   1   |  N  | N  | None  | None  | N  | 159  |
|    wb_dat_o_reg     | Flip-flop |   8   |  Y  | N  | None  | None  | N  | 163  |
|       ctr_reg       | Flip-flop |   8   |  Y  | N  | None  | Async | N  | 178  |
|       txr_reg       | Flip-flop |   8   |  Y  | N  | None  | Async | N  | 178  |
|      prer_reg       | Flip-flop |  16   |  Y  | N  | Async | None  | N  | 178  |
|       cr_reg        | Flip-flop |   8   |  Y  | N  | None  | Async | N  | 202  |
|       al_reg        | Flip-flop |   1   |  N  | N  | None  | Async | N  | 261  |
|      rxack_reg      | Flip-flop |   1   |  N  | N  | None  | Async | N  | 261  |
|       tip_reg       | Flip-flop |   1   |  N  | N  | None  | Async | N  | 261  |
|    irq_flag_reg     | Flip-flop |   1   |  N  | N  | None  | Async | N  | 261  |
|    wb_inta_o_reg    | Flip-flop |   1   |  N  | N  | None  | Async | N  | 285  |
==================================================================================
Presto compilation completed successfully. (i2c_master_top)
Module: i2c_master_top, Ports: 33, Input: 19, Output: 14, Inout: 0
Module: i2c_master_top, Registers: 54, Async set/reset: 45, Sync set/reset: 0
Information: Module i2c_master_top report end. (ELAB-965)
Elaborated 1 design.
Current design is now 'i2c_master_top'.
Information: Building the design 'i2c_master_byte_ctrl'. (HDL-193)
Warning:  File /home/cag383@drexel.edu/ecec575/project/iwls/scripts/work/i2c_master_byte_ctrl-verilog.pvl not found, or does not contain a usable description of i2c_master_byte_ctrl. (ELAB-320)
Presto compilation completed successfully.
Warning: Design 'i2c_master_top' has '1' unresolved references. For more detailed information, use the "link" command. (UID-341)
1
link

  Linking design 'i2c_master_top'
  Using the following designs and libraries:
  --------------------------------------------------------------------------
  saed32rvt_ss0p95v125c (library) /mnt/class_data/ecec574-w2019/PDKs/_archived/SAED32nm_new/SAED32_EDK/lib/stdcell_rvt/db_ccs/saed32rvt_ss0p95v125c.db
  saed32rvt_ss0p95v25c (library) /mnt/class_data/ecec574-w2019/PDKs/_archived/SAED32nm_new/SAED32_EDK/lib/stdcell_rvt/db_ccs/saed32rvt_ss0p95v25c.db
  saed32rvt_ss0p95vn40c (library) /mnt/class_data/ecec574-w2019/PDKs/_archived/SAED32nm_new/SAED32_EDK/lib/stdcell_rvt/db_ccs/saed32rvt_ss0p95vn40c.db

Information: Building the design 'i2c_master_byte_ctrl'. (HDL-193)
Warning:  File /home/cag383@drexel.edu/ecec575/project/iwls/scripts/work/i2c_master_byte_ctrl-verilog.pvl not found, or does not contain a usable description of i2c_master_byte_ctrl. (ELAB-320)
Presto compilation completed successfully.
Warning: Unable to resolve reference 'i2c_master_byte_ctrl' in 'i2c_master_top'. (LINK-5)
0
# Output files
write -hier -f ddc -output ./outputs/i2c/i2c_master_top.ddc
Information: Building the design 'i2c_master_byte_ctrl'. (HDL-193)
Warning:  File /home/cag383@drexel.edu/ecec575/project/iwls/scripts/work/i2c_master_byte_ctrl-verilog.pvl not found, or does not contain a usable description of i2c_master_byte_ctrl. (ELAB-320)
Presto compilation completed successfully.
Warning: Unable to resolve reference 'i2c_master_byte_ctrl' in 'i2c_master_top'. (LINK-5)
Writing ddc file './outputs/i2c/i2c_master_top.ddc'.
1
# Clock and constraints
create_clock -name "clk" -period 10 [get_ports wb_clk_i] 
Warning: Design 'i2c_master_top' has '1' unresolved references. For more detailed information, use the "link" command. (UID-341)
1
set_input_delay 0.01 -clock clk [all_inputs] 
Warning: Design 'i2c_master_top' has '1' unresolved references. For more detailed information, use the "link" command. (UID-341)
1
set_output_delay 0.01 -clock clk [all_outputs] 
Warning: Design 'i2c_master_top' has '1' unresolved references. For more detailed information, use the "link" command. (UID-341)
1
set_clock_uncertainty 0.2 clk
Warning: Design 'i2c_master_top' has '1' unresolved references. For more detailed information, use the "link" command. (UID-341)
1
set_max_area 0.0 
1
# Checks and compilation
check_design  > ./reports/i2c/i2c_master_top_check_design.rpt 
uniquify 
Warning: Design 'i2c_master_top' has '1' unresolved references. For more detailed information, use the "link" command. (UID-341)
1
check_timing 
Warning: Design 'i2c_master_top' has '1' unresolved references. For more detailed information, use the "link" command. (UID-341)
Information: Updating graph... (UID-83)
Information: Updating design information... (UID-85)

Information: Checking generated_clocks...

Information: Checking loops...

Information: Checking no_input_delay...

Information: Checking unconstrained_endpoints...

Information: Checking pulse_clock_cell_type...

Information: Checking no_driving_cell...

Information: Checking partial_input_delay...
1
compile -area_effort medium -map_effort medium 
Warning: Design 'i2c_master_top' has '1' unresolved references. For more detailed information, use the "link" command. (UID-341)
CPU Load: 14%, Ram Free: 106 GB, Swap Free: 15 GB, Work Disk Free: 4316 GB, Tmp Disk Free: 136 GB
Information: Evaluating DesignWare library utilization. (UISN-27)

============================================================================
| DesignWare Building Block Library  |         Version         | Available |
============================================================================
| Basic DW Building Blocks           | W-2024.09-DWBB_202409.4 |     *     |
| Licensed DW Building Blocks        |                         |           |
============================================================================

====================================================================================================
| Flow Information                                                                                 |
----------------------------------------------------------------------------------------------------
| Flow         | Design Compiler                                                                   |
====================================================================================================
| Design Information                                      | Value                                  |
====================================================================================================
| Number of Scenarios                                     | 0                                      |
| Leaf Cell Count                                         | 158                                    |
| Number of User Hierarchies                              | 0                                      |
| Sequential Cell Count                                   | 54                                     |
| Macro Count                                             | 0                                      |
| Pad Count                                               | 0                                      |
| Number of Power Domains                                 | 0                                      |
| Number of Path Groups                                   | 2                                      |
| Number of VT Class                                      | 1                                      |
| Number of Clocks                                        | 1                                      |
| Number of Dont Touch Cells                              | 40                                     |
| Number of Dont Touch Nets                               | 0                                      |
| Number of Size Only Cells                               | 30                                     |
| Design with Target Library Subset (with clock_path)     | false  (false )                        |
| Design with UPF Data                                    | false                                  |
====================================================================================================

Information: There are 35 potential problems in your design. Please run 'check_design' for more information. (LINT-99)



  Beginning Pass 1 Mapping
  ------------------------
  Processing 'i2c_master_top'
Information: Building the design 'i2c_master_byte_ctrl'. (HDL-193)
Warning:  File /home/cag383@drexel.edu/ecec575/project/iwls/scripts/work/i2c_master_byte_ctrl-verilog.pvl not found, or does not contain a usable description of i2c_master_byte_ctrl. (ELAB-320)
Presto compilation completed successfully.
Warning: Unable to resolve reference 'i2c_master_byte_ctrl' in 'i2c_master_top'. (LINK-5)

  Updating timing information
Information: Updating design information... (UID-85)

  Beginning Mapping Optimizations  (Medium effort)
  -------------------------------

                                  TOTAL                                      
   ELAPSED            WORST NEG   SETUP    DESIGN                            
    TIME      AREA      SLACK     COST    RULE COST         ENDPOINT         
  --------- --------- --------- --------- --------- -------------------------
    0:00:03     795.7      0.00       0.0       0.0                          
    0:00:03     795.7      0.00       0.0       0.0                          
    0:00:03     795.7      0.00       0.0       0.0                          
    0:00:03     795.7      0.00       0.0       0.0                          
    0:00:03     795.7      0.00       0.0       0.0                          
    0:00:03     750.2      0.00       0.0       0.0                          
    0:00:03     750.2      0.00       0.0       0.0                          
    0:00:03     750.2      0.00       0.0       0.0                          
    0:00:03     750.2      0.00       0.0       0.0                          
    0:00:03     750.2      0.00       0.0       0.0                          
    0:00:03     750.2      0.00       0.0       0.0                          
    0:00:03     750.2      0.00       0.0       0.0                          
    0:00:03     750.2      0.00       0.0       0.0                          



  Beginning Delay Optimization Phase
  ----------------------------------

                                  TOTAL                                      
   ELAPSED            WORST NEG   SETUP    DESIGN                            
    TIME      AREA      SLACK     COST    RULE COST         ENDPOINT         
  --------- --------- --------- --------- --------- -------------------------
    0:00:03     750.2      0.00       0.0       0.0                          
    0:00:03     750.2      0.00       0.0       0.0                          
    0:00:03     750.2      0.00       0.0       0.0                          
    0:00:03     750.2      0.00       0.0       0.0                          
    0:00:03     737.3      0.00       0.0       0.0                          


  Beginning Area-Recovery Phase  (max_area 0)
  -----------------------------

                                  TOTAL                                      
   ELAPSED            WORST NEG   SETUP    DESIGN                            
    TIME      AREA      SLACK     COST    RULE COST         ENDPOINT         
  --------- --------- --------- --------- --------- -------------------------
    0:00:03     737.3      0.00       0.0       0.0                          
    0:00:03     737.3      0.00       0.0       0.0                          
    0:00:03     728.9      0.00       0.0       0.0                          
    0:00:03     721.8      0.00       0.0       0.0                          
    0:00:03     715.9      0.00       0.0       0.0                          
    0:00:03     713.9      0.00       0.0       0.0                          
    0:00:03     708.6      0.00       0.0       0.0                          
    0:00:03     708.6      0.00       0.0       0.0                          
    0:00:03     708.6      0.00       0.0       0.0                          
    0:00:03     708.6      0.00       0.0       0.0                          
    0:00:03     708.6      0.00       0.0       0.0                          
    0:00:03     708.6      0.00       0.0       0.0                          
    0:00:03     708.6      0.00       0.0       0.0                          
    0:00:03     708.6      0.00       0.0       0.0                          
    0:00:03     663.3      0.00       0.0       0.0                          
    0:00:03     663.3      0.00       0.0       0.0                          
    0:00:03     663.3      0.00       0.0       0.0                          
    0:00:03     663.3      0.00       0.0       0.0                          
    0:00:03     663.3      0.00       0.0       0.0                          
    0:00:03     663.3      0.00       0.0       0.0                          
    0:00:03     663.3      0.00       0.0       0.0                          


Note: Symbol # after min delay cost means estimated hold TNS across all active scenarios 


  Optimization Complete
  ---------------------
CPU Load: 14%, Ram Free: 106 GB, Swap Free: 15 GB, Work Disk Free: 4316 GB, Tmp Disk Free: 136 GB
Information: Total number of MV cells in the design.
----------------------------------------------------------------------------------------------------
 MV Cells                                           Total Number                                   
----------------------------------------------------------------------------------------------------
 Level Shifter:                                     0                                             
 Enable Level Shifter:                              0                                             
 Isolation Cell:                                    0                                             
 Retention Cell:                                    0                                             
 Retention Clamp Cell:                              0                                             
 Switch Cell:                                       0                                             
 Always-On Cell:                                    0                                             
 Repeater Cell:                                     0                                             

----------------------------------------------------------------------------------------------------
Unmapped MV Cells 
----------------------------------------------------------------------------------------------------
0 Isolation Cells are unmapped 
0 Retention Clamp Cells are unmapped 
----------------------------------------------------------------------------------------------------
1
# Reports
report_constraints -all > ./reports/i2c/i2c_master_top_constraints.rpt
report_area > ./reports/i2c/i2c_master_top_area.rpt
report_power > ./reports/i2c/i2c_master_top_power.rpt
report_qor  > ./reports/i2c/i2c_master_top_qor.rpt
report_cell > ./reports/i2c/i2c_master_top_cells.rpt
report_resources > ./reports/i2c/i2c_master_top_resources.rpt
report_timing -max_paths 10 > ./reports/i2c/i2c_master_top_timing.rpt
# Output files
write_sdc ./outputs/i2c/i2c_master_top.sdc
Warning: Design 'i2c_master_top' has '1' unresolved references. For more detailed information, use the "link" command. (UID-341)
1
write -hier -f ddc -output ./outputs/i2c/i2c_master_top.ddc
Warning: Design 'i2c_master_top' has '1' unresolved references. For more detailed information, use the "link" command. (UID-341)
Writing ddc file './outputs/i2c/i2c_master_top.ddc'.
1
write -hierarchy -format verilog -output ./outputs/i2c/i2c_master_top.v
Warning: Design 'i2c_master_top' has '1' unresolved references. For more detailed information, use the "link" command. (UID-341)
Writing verilog file '/home/cag383@drexel.edu/ecec575/project/iwls/scripts/outputs/i2c/i2c_master_top.v'.
1
quit

Memory usage for this session 433 Mbytes.
Memory usage for this session including child processes 433 Mbytes.
CPU usage for this session 17 seconds ( 0.00 hours ).
Elapsed time for this session 19 seconds ( 0.01 hours ).

Thank you...
