Information: Propagating switching activity (low effort zero delay simulation). (PWR-6)
Warning: Design has unannotated primary inputs. (PWR-414)
Warning: Design has unannotated sequential cell outputs. (PWR-415)
 
****************************************
Report : power
        -analysis_effort low
Design : spi_top
Version: W-2024.09-SP2
Date   : Tue May  6 09:33:32 2025
****************************************


Library(s) Used:

    saed32rvt_ss0p95v25c (File: /mnt/class_data/ecec574-w2019/PDKs/_archived/SAED32nm_new/SAED32_EDK/lib/stdcell_rvt/db_ccs/saed32rvt_ss0p95v25c.db)


Operating Conditions: ss0p95v125c   Library: saed32rvt_ss0p95v125c
Wire Load Model Mode: enclosed

Design        Wire Load Model            Library
------------------------------------------------
spi_top                ForQA             saed32rvt_ss0p95v125c


Global Operating Voltage = 0.95 
Power-specific unit information :
    Voltage Units = 1V
    Capacitance Units = 1.000000ff
    Time Units = 1ns
    Dynamic Power Units = 1uW    (derived from V,C,T units)
    Leakage Power Units = 1pW


Attributes
----------
i - Including register clock pin internal power


  Cell Internal Power  =  22.9540 uW   (87%)
  Net Switching Power  =   3.5766 uW   (13%)
                         ---------
Total Dynamic Power    =  26.5306 uW  (100%)

Cell Leakage Power     = 103.4956 uW


                 Internal         Switching           Leakage            Total
Power Group      Power            Power               Power              Power   (   %    )  Attrs
--------------------------------------------------------------------------------------------------
io_pad             0.0000            0.0000            0.0000            0.0000  (   0.00%)
memory             0.0000            0.0000            0.0000            0.0000  (   0.00%)
black_box          0.0000            0.0000            0.0000            0.0000  (   0.00%)
clock_network    119.7141            0.0000            0.0000          119.7141  (  92.07%)  i
register       -9.8362e+01            0.3536        3.8036e+07        -5.9972e+01
                                                                                 ( -46.12%)
sequential         0.0000            0.0000            0.0000            0.0000  (   0.00%)
combinational      1.6014            3.2230        6.5459e+07           70.2837  (  54.05%)
--------------------------------------------------------------------------------------------------
Total             22.9540 uW         3.5766 uW     1.0350e+08 pW       130.0262 uW
1
