 
****************************************
Report : area
Design : spi_top
Version: W-2024.09-SP2
Date   : Tue May  6 09:33:32 2025
****************************************

Library(s) Used:

    saed32rvt_ss0p95v25c (File: /mnt/class_data/ecec574-w2019/PDKs/_archived/SAED32nm_new/SAED32_EDK/lib/stdcell_rvt/db_ccs/saed32rvt_ss0p95v25c.db)

Number of ports:                           93
Number of nets:                           416
Number of cells:                          235
Number of combinational cells:            161
Number of sequential cells:                72
Number of macros/black boxes:               0
Number of buf/inv:                         16
Number of references:                      19

Combinational area:               2455.031053
Buf/Inv area:                      304.718658
Noncombinational area:            1690.565919
Macro/Black Box area:                0.000000
Net Interconnect area:            1095.619563

Total cell area:                  4145.596972
Total area:                       5241.216535
1
