 
****************************************
Report : constraint
        -all_violators
Design : spi_top
Version: W-2024.09-SP2
Date   : Tue May  6 09:33:32 2025
****************************************

	Parasitic source    : LPE
	Parasitic mode      : RealRC
	Extraction mode     : MAX
	Extraction derating : 125/125/125

   min_delay/hold ('clk' group)

                             Required        Actual
   Endpoint                 Path Delay     Path Delay        Slack
   -----------------------------------------------------------------
   wb_ack_o_reg/D               0.18           0.06 f        -0.12  (VIOLATED)
   ctrl_reg[8]/D                0.18           0.06 f        -0.12  (VIOLATED)
   divider_reg[14]/D            0.18           0.07 f        -0.11  (VIOLATED)
   ss_reg[1]/D                  0.18           0.07 f        -0.11  (VIOLATED)
   ss_reg[2]/D                  0.18           0.07 f        -0.11  (VIOLATED)
   ss_reg[4]/D                  0.18           0.07 f        -0.11  (VIOLATED)
   ctrl_reg[10]/D               0.18           0.07 f        -0.11  (VIOLATED)
   ctrl_reg[13]/D               0.18           0.07 f        -0.11  (VIOLATED)
   divider_reg[15]/D            0.18           0.07 f        -0.11  (VIOLATED)
   divider_reg[13]/D            0.18           0.07 f        -0.11  (VIOLATED)
   ctrl_reg[12]/D               0.18           0.07 f        -0.11  (VIOLATED)
   ctrl_reg[1]/D                0.18           0.07 f        -0.11  (VIOLATED)
   ctrl_reg[11]/D               0.18           0.07 f        -0.11  (VIOLATED)
   ss_reg[6]/D                  0.18           0.07 f        -0.11  (VIOLATED)
   ctrl_reg[4]/D                0.18           0.07 f        -0.11  (VIOLATED)
   divider_reg[2]/D             0.18           0.07 f        -0.11  (VIOLATED)
   ss_reg[3]/D                  0.18           0.07 f        -0.11  (VIOLATED)
   ctrl_reg[6]/D                0.18           0.07 f        -0.11  (VIOLATED)
   divider_reg[11]/D            0.18           0.07 f        -0.11  (VIOLATED)
   ctrl_reg[0]/D                0.18           0.07 f        -0.11  (VIOLATED)
   ss_reg[5]/D                  0.18           0.07 f        -0.11  (VIOLATED)
   ctrl_reg[9]/D                0.18           0.07 f        -0.11  (VIOLATED)
   divider_reg[6]/D             0.18           0.08 f        -0.11  (VIOLATED)
   ss_reg[0]/D                  0.18           0.08 f        -0.11  (VIOLATED)
   ss_reg[7]/D                  0.18           0.08 f        -0.11  (VIOLATED)
   divider_reg[4]/D             0.18           0.08 f        -0.11  (VIOLATED)
   ctrl_reg[5]/D                0.18           0.08 f        -0.11  (VIOLATED)
   divider_reg[0]/D             0.18           0.08 f        -0.11  (VIOLATED)
   ctrl_reg[7]/D                0.18           0.08 f        -0.11  (VIOLATED)
   divider_reg[10]/D            0.18           0.08 f        -0.11  (VIOLATED)
   divider_reg[3]/D             0.18           0.08 f        -0.11  (VIOLATED)
   divider_reg[12]/D            0.18           0.08 f        -0.11  (VIOLATED)
   ctrl_reg[3]/D                0.18           0.08 f        -0.11  (VIOLATED)
   ctrl_reg[2]/D                0.18           0.08 f        -0.11  (VIOLATED)
   divider_reg[5]/D             0.18           0.08 f        -0.10  (VIOLATED)
   divider_reg[7]/D             0.18           0.08 f        -0.10  (VIOLATED)
   divider_reg[8]/D             0.18           0.08 f        -0.10  (VIOLATED)
   divider_reg[1]/D             0.18           0.08 f        -0.10  (VIOLATED)
   divider_reg[9]/D             0.18           0.08 f        -0.10  (VIOLATED)
   shift/data_reg[22]/D         0.18           0.12 f        -0.06  (VIOLATED)
   shift/data_reg[28]/D         0.18           0.12 f        -0.06  (VIOLATED)
   shift/data_reg[21]/D         0.18           0.12 f        -0.06  (VIOLATED)
   shift/data_reg[20]/D         0.18           0.12 f        -0.06  (VIOLATED)
   shift/data_reg[18]/D         0.18           0.12 f        -0.06  (VIOLATED)
   shift/data_reg[110]/D        0.18           0.12 f        -0.06  (VIOLATED)
   shift/data_reg[49]/D         0.18           0.12 f        -0.06  (VIOLATED)
   shift/data_reg[94]/D         0.18           0.13 f        -0.06  (VIOLATED)
   shift/data_reg[118]/D        0.18           0.13 f        -0.06  (VIOLATED)
   shift/data_reg[24]/D         0.18           0.12 f        -0.06  (VIOLATED)
   shift/data_reg[119]/D        0.18           0.13 f        -0.06  (VIOLATED)
   shift/data_reg[12]/D         0.18           0.13 f        -0.06  (VIOLATED)
   shift/data_reg[56]/D         0.18           0.13 f        -0.06  (VIOLATED)
   shift/data_reg[65]/D         0.18           0.13 f        -0.06  (VIOLATED)
   shift/data_reg[64]/D         0.18           0.13 f        -0.06  (VIOLATED)
   shift/data_reg[106]/D        0.18           0.13 f        -0.06  (VIOLATED)
   shift/data_reg[52]/D         0.18           0.13 f        -0.06  (VIOLATED)
   shift/data_reg[105]/D        0.18           0.13 f        -0.06  (VIOLATED)
   shift/data_reg[122]/D        0.18           0.13 f        -0.06  (VIOLATED)
   shift/data_reg[85]/D         0.18           0.13 f        -0.06  (VIOLATED)
   shift/data_reg[4]/D          0.18           0.13 f        -0.06  (VIOLATED)
   shift/data_reg[127]/D        0.18           0.13 f        -0.06  (VIOLATED)
   shift/data_reg[40]/D         0.18           0.13 f        -0.06  (VIOLATED)
   shift/data_reg[23]/D         0.18           0.13 f        -0.06  (VIOLATED)
   shift/data_reg[63]/D         0.18           0.13 f        -0.06  (VIOLATED)
   shift/data_reg[30]/D         0.18           0.13 f        -0.06  (VIOLATED)
   shift/data_reg[125]/D        0.18           0.13 f        -0.06  (VIOLATED)
   shift/data_reg[123]/D        0.18           0.13 f        -0.06  (VIOLATED)
   shift/data_reg[111]/D        0.18           0.13 f        -0.06  (VIOLATED)
   shift/data_reg[33]/D         0.18           0.13 f        -0.06  (VIOLATED)
   shift/data_reg[51]/D         0.18           0.13 f        -0.06  (VIOLATED)
   shift/data_reg[88]/D         0.18           0.13 f        -0.06  (VIOLATED)
   shift/data_reg[45]/D         0.18           0.13 f        -0.06  (VIOLATED)
   shift/data_reg[50]/D         0.18           0.13 f        -0.06  (VIOLATED)
   shift/data_reg[92]/D         0.18           0.13 f        -0.06  (VIOLATED)
   shift/data_reg[27]/D         0.18           0.13 f        -0.06  (VIOLATED)
   shift/data_reg[0]/D          0.18           0.13 f        -0.06  (VIOLATED)
   shift/data_reg[93]/D         0.18           0.13 f        -0.06  (VIOLATED)
   shift/data_reg[10]/D         0.18           0.13 f        -0.05  (VIOLATED)
   shift/data_reg[26]/D         0.18           0.13 f        -0.05  (VIOLATED)
   shift/data_reg[25]/D         0.18           0.13 f        -0.05  (VIOLATED)
   shift/data_reg[91]/D         0.18           0.13 f        -0.05  (VIOLATED)
   shift/data_reg[57]/D         0.18           0.13 f        -0.05  (VIOLATED)
   shift/data_reg[90]/D         0.18           0.13 f        -0.05  (VIOLATED)
   shift/data_reg[13]/D         0.18           0.13 f        -0.05  (VIOLATED)
   shift/data_reg[62]/D         0.18           0.13 f        -0.05  (VIOLATED)
   shift/data_reg[97]/D         0.18           0.13 f        -0.05  (VIOLATED)
   shift/data_reg[80]/D         0.18           0.13 f        -0.05  (VIOLATED)
   shift/data_reg[83]/D         0.18           0.13 f        -0.05  (VIOLATED)
   shift/data_reg[31]/D         0.18           0.13 f        -0.05  (VIOLATED)
   shift/data_reg[112]/D        0.18           0.13 f        -0.05  (VIOLATED)
   shift/data_reg[48]/D         0.18           0.13 f        -0.05  (VIOLATED)
   shift/data_reg[98]/D         0.18           0.13 f        -0.05  (VIOLATED)
   shift/data_reg[89]/D         0.18           0.13 f        -0.05  (VIOLATED)
   shift/data_reg[96]/D         0.18           0.13 f        -0.05  (VIOLATED)
   shift/data_reg[109]/D        0.18           0.13 f        -0.05  (VIOLATED)
   shift/data_reg[41]/D         0.18           0.13 f        -0.05  (VIOLATED)
   shift/data_reg[114]/D        0.18           0.13 f        -0.05  (VIOLATED)
   shift/data_reg[54]/D         0.18           0.13 f        -0.05  (VIOLATED)
   shift/data_reg[5]/D          0.18           0.13 f        -0.05  (VIOLATED)
   shift/data_reg[9]/D          0.18           0.13 f        -0.05  (VIOLATED)
   shift/data_reg[16]/D         0.18           0.13 f        -0.05  (VIOLATED)
   shift/data_reg[102]/D        0.18           0.13 f        -0.05  (VIOLATED)
   shift/data_reg[15]/D         0.18           0.13 f        -0.05  (VIOLATED)
   shift/data_reg[70]/D         0.18           0.13 f        -0.05  (VIOLATED)
   shift/data_reg[68]/D         0.18           0.13 f        -0.05  (VIOLATED)
   shift/data_reg[100]/D        0.18           0.13 f        -0.05  (VIOLATED)
   shift/data_reg[86]/D         0.18           0.13 f        -0.05  (VIOLATED)
   shift/data_reg[36]/D         0.18           0.13 f        -0.05  (VIOLATED)
   shift/data_reg[44]/D         0.18           0.13 f        -0.05  (VIOLATED)
   shift/data_reg[104]/D        0.18           0.13 f        -0.05  (VIOLATED)
   shift/data_reg[1]/D          0.18           0.13 f        -0.05  (VIOLATED)
   shift/data_reg[37]/D         0.18           0.13 f        -0.05  (VIOLATED)
   shift/data_reg[95]/D         0.18           0.13 f        -0.05  (VIOLATED)
   shift/data_reg[19]/D         0.18           0.13 f        -0.05  (VIOLATED)
   shift/data_reg[29]/D         0.18           0.13 f        -0.05  (VIOLATED)
   shift/data_reg[108]/D        0.18           0.13 f        -0.05  (VIOLATED)
   shift/data_reg[11]/D         0.18           0.13 f        -0.05  (VIOLATED)
   shift/data_reg[113]/D        0.18           0.13 f        -0.05  (VIOLATED)
   shift/data_reg[99]/D         0.18           0.13 f        -0.05  (VIOLATED)
   shift/data_reg[87]/D         0.18           0.13 f        -0.05  (VIOLATED)
   shift/data_reg[39]/D         0.18           0.13 f        -0.05  (VIOLATED)
   shift/data_reg[126]/D        0.18           0.13 f        -0.05  (VIOLATED)
   shift/data_reg[58]/D         0.18           0.13 f        -0.05  (VIOLATED)
   shift/data_reg[43]/D         0.18           0.13 f        -0.05  (VIOLATED)
   shift/data_reg[17]/D         0.18           0.13 f        -0.05  (VIOLATED)
   shift/data_reg[101]/D        0.18           0.13 f        -0.05  (VIOLATED)
   shift/data_reg[61]/D         0.18           0.13 f        -0.05  (VIOLATED)
   shift/data_reg[79]/D         0.18           0.13 f        -0.05  (VIOLATED)
   shift/data_reg[69]/D         0.18           0.13 f        -0.05  (VIOLATED)
   shift/data_reg[55]/D         0.18           0.13 f        -0.05  (VIOLATED)
   shift/data_reg[121]/D        0.18           0.13 f        -0.05  (VIOLATED)
   shift/data_reg[2]/D          0.18           0.13 f        -0.05  (VIOLATED)
   shift/data_reg[81]/D         0.18           0.13 f        -0.05  (VIOLATED)
   shift/data_reg[59]/D         0.18           0.13 f        -0.05  (VIOLATED)
   shift/data_reg[53]/D         0.18           0.13 f        -0.05  (VIOLATED)
   shift/data_reg[115]/D        0.18           0.13 f        -0.05  (VIOLATED)
   shift/data_reg[47]/D         0.18           0.13 f        -0.05  (VIOLATED)
   shift/data_reg[71]/D         0.18           0.13 f        -0.05  (VIOLATED)
   shift/data_reg[75]/D         0.18           0.13 f        -0.05  (VIOLATED)
   shift/data_reg[77]/D         0.18           0.13 f        -0.05  (VIOLATED)
   shift/data_reg[3]/D          0.18           0.13 f        -0.05  (VIOLATED)
   shift/data_reg[107]/D        0.18           0.13 f        -0.05  (VIOLATED)
   shift/data_reg[60]/D         0.18           0.13 f        -0.05  (VIOLATED)
   shift/data_reg[73]/D         0.18           0.13 f        -0.05  (VIOLATED)
   shift/data_reg[84]/D         0.18           0.13 f        -0.05  (VIOLATED)
   shift/data_reg[42]/D         0.18           0.13 f        -0.05  (VIOLATED)
   shift/data_reg[103]/D        0.18           0.13 f        -0.05  (VIOLATED)
   shift/data_reg[34]/D         0.18           0.13 f        -0.05  (VIOLATED)
   shift/data_reg[117]/D        0.18           0.13 f        -0.05  (VIOLATED)
   shift/data_reg[120]/D        0.18           0.13 f        -0.05  (VIOLATED)
   shift/data_reg[6]/D          0.18           0.13 f        -0.05  (VIOLATED)
   shift/data_reg[67]/D         0.18           0.13 f        -0.05  (VIOLATED)
   shift/data_reg[46]/D         0.18           0.13 f        -0.05  (VIOLATED)
   shift/data_reg[82]/D         0.18           0.13 f        -0.05  (VIOLATED)
   shift/data_reg[74]/D         0.18           0.13 f        -0.05  (VIOLATED)
   shift/data_reg[7]/D          0.18           0.13 f        -0.05  (VIOLATED)
   shift/data_reg[66]/D         0.18           0.14 f        -0.05  (VIOLATED)
   shift/data_reg[14]/D         0.18           0.13 f        -0.05  (VIOLATED)
   shift/data_reg[38]/D         0.18           0.14 f        -0.05  (VIOLATED)
   shift/data_reg[78]/D         0.18           0.14 f        -0.05  (VIOLATED)
   shift/data_reg[72]/D         0.18           0.14 f        -0.04  (VIOLATED)
   shift/data_reg[76]/D         0.18           0.14 f        -0.04  (VIOLATED)
   shift/data_reg[116]/D        0.18           0.14 f        -0.04  (VIOLATED)
   shift/data_reg[8]/D          0.18           0.14 f        -0.04  (VIOLATED)
   shift/data_reg[35]/D         0.18           0.14 f        -0.04  (VIOLATED)
   shift/data_reg[32]/D         0.18           0.14 f        -0.04  (VIOLATED)
   shift/data_reg[124]/D        0.18           0.14 f        -0.04  (VIOLATED)
   wb_dat_o[18]                 0.19           0.17 f        -0.02  (VIOLATED)
   wb_dat_o[14]                 0.19           0.17 f        -0.02  (VIOLATED)
   wb_dat_o[17]                 0.19           0.17 f        -0.02  (VIOLATED)
   wb_dat_o[16]                 0.19           0.17 f        -0.02  (VIOLATED)
   wb_dat_o[20]                 0.19           0.17 f        -0.02  (VIOLATED)
   wb_dat_o[15]                 0.19           0.17 f        -0.02  (VIOLATED)
   wb_dat_o[19]                 0.19           0.17 f        -0.02  (VIOLATED)
   wb_dat_o[31]                 0.19           0.17 f        -0.02  (VIOLATED)
   wb_dat_o[11]                 0.19           0.17 f        -0.02  (VIOLATED)
   wb_dat_o[8]                  0.19           0.17 f        -0.02  (VIOLATED)
   wb_dat_o[10]                 0.19           0.17 f        -0.02  (VIOLATED)
   wb_ack_o                     0.19           0.17 f        -0.02  (VIOLATED)
   wb_dat_o[9]                  0.19           0.17 f        -0.02  (VIOLATED)
   wb_dat_o[22]                 0.19           0.17 f        -0.02  (VIOLATED)
   wb_dat_o[21]                 0.19           0.17 f        -0.02  (VIOLATED)
   wb_dat_o[12]                 0.19           0.17 f        -0.02  (VIOLATED)
   wb_dat_o[30]                 0.19           0.17 f        -0.02  (VIOLATED)
   wb_dat_o[28]                 0.19           0.18 f        -0.01  (VIOLATED)
   wb_dat_o[13]                 0.19           0.18 f        -0.01  (VIOLATED)
   wb_dat_o[25]                 0.19           0.18 f        -0.01  (VIOLATED)
   wb_dat_o[29]                 0.19           0.18 f        -0.01  (VIOLATED)
   wb_dat_o[27]                 0.19           0.18 f        -0.01  (VIOLATED)
   mosi_pad_o                   0.19           0.18 f        -0.01  (VIOLATED)
   wb_dat_o[26]                 0.19           0.18 f        -0.01  (VIOLATED)
   wb_dat_o[24]                 0.19           0.18 f        -0.01  (VIOLATED)
   wb_dat_o[7]                  0.19           0.18 f        -0.01  (VIOLATED)
   wb_dat_o[6]                  0.19           0.18 f        -0.01  (VIOLATED)
   wb_dat_o[23]                 0.19           0.19 f         0.00  (VIOLATED: increase significant digits)
   wb_int_o                     0.19           0.19 f         0.00  (VIOLATED: increase significant digits)
   wb_dat_o[4]                  0.19           0.19 f         0.00  (VIOLATED: increase significant digits)
   wb_dat_o[5]                  0.19           0.19 f         0.00  (VIOLATED: increase significant digits)


   max_area

                             Required        Actual
   Design                      Area           Area           Slack
   -----------------------------------------------------------------
   spi_top                      0.00        5241.22       -5241.22  (VIOLATED)


1
