 
****************************************
Report : area
Design : spi_top
Version: M-2016.12-SP1
Date   : Tue Apr 15 10:30:58 2025
****************************************

Library(s) Used:

    saed32rvt_ss0p95v25c (File: /mnt/class_data/ecec574-w2019/PDKs/SAED32nm/lib/stdcell_rvt/db_ccs/saed32rvt_ss0p95v25c.db)

Number of ports:                          396
Number of nets:                          1748
Number of cells:                         1382
Number of combinational cells:           1128
Number of sequential cells:               248
Number of macros/black boxes:               0
Number of buf/inv:                        302
Number of references:                      16

Combinational area:               2538.898573
Buf/Inv area:                      390.619330
Noncombinational area:            1690.565919
Macro/Black Box area:                0.000000
Net Interconnect area:             957.760223

Total cell area:                  4229.464492
Total area:                       5187.224715
1
