 
****************************************
Report : area
Design : usb_phy
Version: W-2024.09-SP2
Date   : Tue May  6 09:38:05 2025
****************************************

Library(s) Used:

    saed32rvt_ss0p95v25c (File: /mnt/class_data/ecec574-w2019/PDKs/_archived/SAED32nm_new/SAED32_EDK/lib/stdcell_rvt/db_ccs/saed32rvt_ss0p95v25c.db)

Number of ports:                           35
Number of nets:                            64
Number of cells:                           25
Number of combinational cells:             17
Number of sequential cells:                 6
Number of macros/black boxes:               0
Number of buf/inv:                          4
Number of references:                      12

Combinational area:                450.343171
Buf/Inv area:                       34.309440
Noncombinational area:             664.078289
Macro/Black Box area:                0.000000
Net Interconnect area:             150.957136

Total cell area:                  1114.421460
Total area:                       1265.378597
1
