Information: Propagating switching activity (low effort zero delay simulation). (PWR-6)
Warning: Design has unannotated primary inputs. (PWR-414)
Warning: Design has unannotated sequential cell outputs. (PWR-415)
 
****************************************
Report : power
        -analysis_effort low
Design : usb_phy
Version: W-2024.09-SP4-1
Date   : Tue Apr 29 11:32:10 2025
****************************************


Library(s) Used:

    saed32rvt_ss0p95v25c (File: /mnt/class_data/ecec574-w2019/PDKs/_archived/SAED32nm_new/SAED32_EDK/lib/stdcell_rvt/db_ccs/saed32rvt_ss0p95v25c.db)


Operating Conditions: ss0p95v25c   Library: saed32rvt_ss0p95v25c
Wire Load Model Mode: enclosed

Design        Wire Load Model            Library
------------------------------------------------
usb_phy                8000              saed32rvt_ss0p95v25c
usb_tx_phy             8000              saed32rvt_ss0p95v25c
usb_rx_phy             8000              saed32rvt_ss0p95v25c


Global Operating Voltage = 0.95 
Power-specific unit information :
    Voltage Units = 1V
    Capacitance Units = 1.000000ff
    Time Units = 1ns
    Dynamic Power Units = 1uW    (derived from V,C,T units)
    Leakage Power Units = 1pW


Attributes
----------
i - Including register clock pin internal power


  Cell Internal Power  =  58.4622 uW   (98%)
  Net Switching Power  = 975.2551 nW    (2%)
                         ---------
Total Dynamic Power    =  59.4375 uW  (100%)

Cell Leakage Power     =  28.6981 uW


                 Internal         Switching           Leakage            Total
Power Group      Power            Power               Power              Power   (   %    )  Attrs
--------------------------------------------------------------------------------------------------
io_pad             0.0000            0.0000            0.0000            0.0000  (   0.00%)
memory             0.0000            0.0000            0.0000            0.0000  (   0.00%)
black_box          0.0000            0.0000            0.0000            0.0000  (   0.00%)
clock_network     56.3604            0.0000            0.0000           56.3604  (  63.95%)  i
register           0.8279            0.3467        1.3801e+07           14.9753  (  16.99%)
sequential         0.0000            0.0000            0.0000            0.0000  (   0.00%)
combinational      1.2740            0.6286        1.4897e+07           16.7999  (  19.06%)
--------------------------------------------------------------------------------------------------
Total             58.4622 uW         0.9753 uW     2.8698e+07 pW        88.1356 uW
1
