 
****************************************
Report : area
Design : usb_phy
Version: M-2016.12-SP1
Date   : Tue Apr 15 10:33:39 2025
****************************************

Library(s) Used:

    saed32rvt_ss0p95v25c (File: /mnt/class_data/ecec574-w2019/PDKs/SAED32nm/lib/stdcell_rvt/db_ccs/saed32rvt_ss0p95v25c.db)

Number of ports:                           70
Number of nets:                           401
Number of cells:                          319
Number of combinational cells:            205
Number of sequential cells:               112
Number of macros/black boxes:               0
Number of buf/inv:                         30
Number of references:                      13

Combinational area:                454.917763
Buf/Inv area:                       38.884032
Noncombinational area:             664.078289
Macro/Black Box area:                0.000000
Net Interconnect area:             207.980204

Total cell area:                  1118.996053
Total area:                       1326.976256
1
