 
****************************************
Report : cell
Design : usb_phy
Version: M-2016.12-SP1
Date   : Tue Apr 15 10:33:39 2025
****************************************

Attributes:
    b - black box (unknown)
    h - hierarchical
   mo - map_only
    n - noncombinational
    r - removable
    u - contains unmapped logic

Cell                      Reference       Library             Area  Attributes
--------------------------------------------------------------------------------
U18                       INVX1_RVT       saed32rvt_ss0p95v25c
                                                          1.270720  
U19                       AO22X1_RVT      saed32rvt_ss0p95v25c
                                                          2.541440  
U20                       AO22X1_RVT      saed32rvt_ss0p95v25c
                                                          2.541440  
U21                       AO22X1_RVT      saed32rvt_ss0p95v25c
                                                          2.541440  
U22                       AO22X1_RVT      saed32rvt_ss0p95v25c
                                                          2.541440  
U23                       AO22X1_RVT      saed32rvt_ss0p95v25c
                                                          2.541440  
U24                       NAND4X0_RVT     saed32rvt_ss0p95v25c
                                                          2.033152  
U25                       NOR2X0_RVT      saed32rvt_ss0p95v25c
                                                          2.541440  
U26                       AND4X1_RVT      saed32rvt_ss0p95v25c
                                                          2.541440  
U27                       INVX1_RVT       saed32rvt_ss0p95v25c
                                                          1.270720  
U28                       HADDX1_RVT      saed32rvt_ss0p95v25c
                                                          3.303872  mo, r
U29                       HADDX1_RVT      saed32rvt_ss0p95v25c
                                                          3.303872  mo, r
U30                       HADDX1_RVT      saed32rvt_ss0p95v25c
                                                          3.303872  mo, r
U31                       INVX1_RVT       saed32rvt_ss0p95v25c
                                                          1.270720  
U32                       AND3X1_RVT      saed32rvt_ss0p95v25c
                                                          2.287296  
U33                       NBUFFX2_RVT     saed32rvt_ss0p95v25c
                                                          2.033152  
U34                       XOR2X1_RVT      saed32rvt_ss0p95v25c
                                                          4.320448  
i_rx_phy                  usb_rx_phy                      513.370888
                                                                    h, n
i_tx_phy                  usb_tx_phy                      521.503499
                                                                    h, n
rst_cnt_reg[0]            DFFX1_RVT       saed32rvt_ss0p95v25c
                                                          6.607744  n
rst_cnt_reg[1]            DFFX1_RVT       saed32rvt_ss0p95v25c
                                                          6.607744  n
rst_cnt_reg[2]            DFFX1_RVT       saed32rvt_ss0p95v25c
                                                          6.607744  n
rst_cnt_reg[3]            DFFX1_RVT       saed32rvt_ss0p95v25c
                                                          6.607744  n
rst_cnt_reg[4]            DFFX1_RVT       saed32rvt_ss0p95v25c
                                                          6.607744  n
usb_rst_reg               SDFFSSRX1_RVT   saed32rvt_ss0p95v25c
                                                          8.895040  n
--------------------------------------------------------------------------------
Total 25 cells                                            1118.996053
1
