 
****************************************
Report : constraint
        -all_violators
Design : wb_dma_top
Version: W-2024.09-SP2
Date   : Tue May  6 10:02:10 2025
****************************************

	Parasitic source    : LPE
	Parasitic mode      : RealRC
	Extraction mode     : MAX
	Extraction derating : 125/125/125

   min_delay/hold ('clk' group)

                             Required        Actual
   Endpoint                 Path Delay     Path Delay        Slack
   -----------------------------------------------------------------
   u3/u1/slv_dout_reg[30]/D     0.19           0.01 f        -0.18  (VIOLATED)
   u3/u1/slv_dout_reg[29]/D     0.19           0.01 f        -0.18  (VIOLATED)
   u3/u1/slv_dout_reg[31]/D     0.19           0.01 f        -0.18  (VIOLATED)
   u3/u1/slv_dout_reg[28]/D     0.19           0.01 f        -0.18  (VIOLATED)
   u3/u1/slv_dout_reg[27]/D     0.19           0.01 f        -0.18  (VIOLATED)
   u3/u1/slv_dout_reg[26]/D     0.19           0.01 f        -0.18  (VIOLATED)
   u3/u1/slv_dout_reg[9]/D      0.19           0.01 f        -0.18  (VIOLATED)
   u3/u1/slv_dout_reg[18]/D     0.19           0.01 f        -0.18  (VIOLATED)
   u3/u1/slv_dout_reg[15]/D     0.19           0.01 f        -0.18  (VIOLATED)
   u3/u1/slv_dout_reg[11]/D     0.19           0.01 f        -0.18  (VIOLATED)
   u3/u1/slv_dout_reg[10]/D     0.19           0.01 f        -0.18  (VIOLATED)
   u3/u1/slv_dout_reg[14]/D     0.19           0.01 f        -0.18  (VIOLATED)
   u3/u1/slv_dout_reg[8]/D      0.19           0.01 f        -0.18  (VIOLATED)
   u3/u1/slv_dout_reg[17]/D     0.19           0.01 f        -0.18  (VIOLATED)
   u3/u1/slv_dout_reg[7]/D      0.19           0.01 f        -0.18  (VIOLATED)
   u3/u1/slv_dout_reg[25]/D     0.19           0.01 f        -0.18  (VIOLATED)
   u3/u1/slv_dout_reg[19]/D     0.19           0.01 f        -0.18  (VIOLATED)
   u3/u1/slv_dout_reg[13]/D     0.19           0.01 f        -0.18  (VIOLATED)
   u3/u1/slv_dout_reg[23]/D     0.19           0.01 f        -0.18  (VIOLATED)
   u3/u1/slv_dout_reg[12]/D     0.19           0.01 f        -0.18  (VIOLATED)
   u3/u1/slv_dout_reg[16]/D     0.19           0.01 f        -0.18  (VIOLATED)
   u3/u1/slv_dout_reg[6]/D      0.19           0.01 f        -0.18  (VIOLATED)
   u3/u1/slv_dout_reg[5]/D      0.19           0.01 f        -0.18  (VIOLATED)
   u3/u1/slv_dout_reg[4]/D      0.19           0.01 f        -0.18  (VIOLATED)
   u3/u1/slv_dout_reg[22]/D     0.19           0.01 f        -0.18  (VIOLATED)
   u3/u1/slv_dout_reg[3]/D      0.19           0.01 f        -0.18  (VIOLATED)
   u3/u1/slv_dout_reg[20]/D     0.19           0.01 f        -0.18  (VIOLATED)
   u3/u1/slv_dout_reg[2]/D      0.19           0.01 f        -0.18  (VIOLATED)
   u3/u1/slv_dout_reg[1]/D      0.19           0.01 f        -0.18  (VIOLATED)
   u3/u1/slv_dout_reg[21]/D     0.19           0.01 f        -0.18  (VIOLATED)
   u3/u1/slv_dout_reg[0]/D      0.19           0.01 f        -0.18  (VIOLATED)
   u3/u1/slv_dout_reg[24]/D     0.19           0.01 f        -0.18  (VIOLATED)
   u3/u1/slv_adr_reg[9]/D       0.19           0.01 f        -0.18  (VIOLATED)
   u3/u1/slv_adr_reg[7]/D       0.19           0.01 f        -0.18  (VIOLATED)
   u3/u1/slv_adr_reg[8]/D       0.19           0.01 f        -0.18  (VIOLATED)
   u3/u1/slv_adr_reg[6]/D       0.19           0.01 f        -0.18  (VIOLATED)
   u3/u1/slv_adr_reg[5]/D       0.19           0.02 f        -0.18  (VIOLATED)
   u3/u1/slv_adr_reg[3]/D       0.19           0.02 f        -0.18  (VIOLATED)
   u3/u1/slv_adr_reg[2]/D       0.19           0.02 f        -0.18  (VIOLATED)
   u3/u1/slv_adr_reg[4]/D       0.19           0.02 f        -0.17  (VIOLATED)
   u1/ndnr_reg[0]/D             0.17           0.01 f        -0.16  (VIOLATED)
   u1/ndr_r_reg[0]/D            0.17           0.01 f        -0.16  (VIOLATED)
   u1/req_r_reg[0]/D            0.17           0.01 f        -0.16  (VIOLATED)
   u1/ndr_r_reg[0]/RSTB         0.16           0.01 f        -0.15  (VIOLATED)
   wb0_rty_o                    0.19           0.06 f        -0.13  (VIOLATED)
   wb0_err_o                    0.19           0.06 f        -0.13  (VIOLATED)
   u4/u0/mast_dout_reg[16]/D
                                0.19           0.05 f        -0.13  (VIOLATED)
   u4/u0/mast_dout_reg[13]/D
                                0.19           0.05 f        -0.13  (VIOLATED)
   u4/u0/mast_dout_reg[7]/D     0.19           0.05 f        -0.13  (VIOLATED)
   u1/ndnr_reg[0]/RSTB          0.16           0.02 f        -0.13  (VIOLATED)
   u3/u0/mast_dout_reg[12]/D
                                0.19           0.06 f        -0.13  (VIOLATED)
   u3/u0/mast_dout_reg[24]/D
                                0.19           0.06 f        -0.13  (VIOLATED)
   u3/u0/mast_dout_reg[10]/D
                                0.19           0.06 f        -0.13  (VIOLATED)
   u3/u0/mast_dout_reg[7]/D     0.19           0.06 f        -0.13  (VIOLATED)
   u4/u0/mast_dout_reg[11]/D
                                0.18           0.06 f        -0.13  (VIOLATED)
   wb1_err_o                    0.19           0.06 f        -0.13  (VIOLATED)
   wb1_rty_o                    0.19           0.06 f        -0.13  (VIOLATED)
   u3/u0/mast_dout_reg[8]/D     0.19           0.06 f        -0.13  (VIOLATED)
   u3/u0/mast_dout_reg[13]/D
                                0.19           0.06 f        -0.13  (VIOLATED)
   u4/u0/mast_dout_reg[24]/D
                                0.18           0.06 f        -0.13  (VIOLATED)
   u3/u0/mast_dout_reg[26]/D
                                0.19           0.06 f        -0.13  (VIOLATED)
   u3/u0/mast_dout_reg[22]/D
                                0.18           0.06 f        -0.13  (VIOLATED)
   u3/u0/mast_dout_reg[25]/D
                                0.18           0.06 f        -0.13  (VIOLATED)
   u3/u0/mast_dout_reg[9]/D     0.18           0.06 f        -0.13  (VIOLATED)
   u3/u0/mast_dout_reg[14]/D
                                0.18           0.06 f        -0.13  (VIOLATED)
   u3/u0/mast_dout_reg[23]/D
                                0.18           0.06 f        -0.12  (VIOLATED)
   u4/u0/mast_dout_reg[12]/D
                                0.18           0.06 f        -0.12  (VIOLATED)
   u4/u0/mast_dout_reg[17]/D
                                0.18           0.06 f        -0.12  (VIOLATED)
   u4/u0/mast_dout_reg[8]/D     0.18           0.06 f        -0.12  (VIOLATED)
   u4/u0/mast_dout_reg[9]/D     0.18           0.06 f        -0.12  (VIOLATED)
   u4/u0/mast_dout_reg[10]/D
                                0.18           0.06 f        -0.12  (VIOLATED)
   u4/u0/mast_dout_reg[25]/D
                                0.18           0.06 f        -0.12  (VIOLATED)
   u3/u0/mast_dout_reg[18]/D
                                0.18           0.06 f        -0.12  (VIOLATED)
   u4/u0/mast_dout_reg[18]/D
                                0.18           0.06 f        -0.12  (VIOLATED)
   u3/u0/mast_dout_reg[15]/D
                                0.18           0.06 f        -0.12  (VIOLATED)
   u4/u0/mast_dout_reg[15]/D
                                0.18           0.06 f        -0.12  (VIOLATED)
   u4/u0/mast_dout_reg[14]/D
                                0.18           0.06 f        -0.12  (VIOLATED)
   u3/u0/mast_dout_reg[20]/D
                                0.18           0.06 f        -0.12  (VIOLATED)
   u4/u0/mast_dout_reg[19]/D
                                0.18           0.06 f        -0.12  (VIOLATED)
   u4/u0/mast_dout_reg[22]/D
                                0.18           0.06 f        -0.12  (VIOLATED)
   u3/u0/mast_dout_reg[17]/D
                                0.18           0.06 f        -0.12  (VIOLATED)
   u4/u0/mast_dout_reg[20]/D
                                0.18           0.06 f        -0.12  (VIOLATED)
   u3/u0/mast_dout_reg[16]/D
                                0.18           0.06 f        -0.12  (VIOLATED)
   u3/u0/mast_dout_reg[21]/D
                                0.18           0.07 f        -0.12  (VIOLATED)
   u4/u0/mast_dout_reg[26]/D
                                0.18           0.06 f        -0.12  (VIOLATED)
   u3/u0/mast_dout_reg[11]/D
                                0.18           0.07 f        -0.12  (VIOLATED)
   u3/u0/mast_dout_reg[19]/D
                                0.18           0.07 f        -0.12  (VIOLATED)
   u4/u0/mast_dout_reg[21]/D
                                0.18           0.07 f        -0.12  (VIOLATED)
   u4/u0/mast_dout_reg[23]/D
                                0.18           0.07 f        -0.12  (VIOLATED)
   u3/u1/slv_we_reg/RSTB        0.13           0.01 f        -0.11  (VIOLATED)
   u4/u1/slv_we_reg/RSTB        0.13           0.01 f        -0.11  (VIOLATED)
   u3/u0/mast_dout_reg[2]/D     0.18           0.07 f        -0.11  (VIOLATED)
   wb0_addr_o[0]                0.19           0.08 f        -0.11  (VIOLATED)
   u4/u0/mast_dout_reg[5]/D     0.18           0.08 f        -0.10  (VIOLATED)
   u3/u0/mast_dout_reg[5]/D     0.18           0.08 f        -0.10  (VIOLATED)
   u3/u0/mast_dout_reg[4]/D     0.18           0.08 f        -0.10  (VIOLATED)
   u4/u0/mast_dout_reg[3]/D     0.18           0.08 f        -0.10  (VIOLATED)
   wb0_addr_o[2]                0.19           0.09 f        -0.10  (VIOLATED)
   u4/u0/mast_dout_reg[1]/D     0.18           0.08 f        -0.10  (VIOLATED)
   wb0_cyc_o                    0.19           0.09 f        -0.10  (VIOLATED)
   u3/u0/mast_dout_reg[1]/D     0.18           0.08 f        -0.10  (VIOLATED)
   u4/u0/mast_dout_reg[27]/D
                                0.18           0.08 f        -0.10  (VIOLATED)
   u4/u0/mast_dout_reg[6]/D     0.18           0.08 f        -0.10  (VIOLATED)
   wb0_stb_o                    0.19           0.09 f        -0.10  (VIOLATED)
   u4/u0/mast_dout_reg[0]/D     0.18           0.08 f        -0.10  (VIOLATED)
   u4/u0/mast_dout_reg[2]/D     0.18           0.08 f        -0.10  (VIOLATED)
   u3/u0/mast_dout_reg[31]/D
                                0.18           0.08 f        -0.10  (VIOLATED)
   u3/u0/mast_dout_reg[3]/D     0.18           0.08 f        -0.10  (VIOLATED)
   u4/u0/mast_dout_reg[31]/D
                                0.18           0.08 f        -0.10  (VIOLATED)
   u4/u0/mast_dout_reg[4]/D     0.18           0.08 f        -0.10  (VIOLATED)
   u4/u0/mast_dout_reg[30]/D
                                0.18           0.08 f        -0.10  (VIOLATED)
   u3/u0/mast_dout_reg[28]/D
                                0.18           0.08 f        -0.10  (VIOLATED)
   u4/u0/mast_dout_reg[28]/D
                                0.18           0.08 f        -0.10  (VIOLATED)
   u2/mast0_drdy_r_reg/D        0.17           0.07 f        -0.10  (VIOLATED)
   u4/u0/mast_dout_reg[29]/D
                                0.18           0.08 f        -0.10  (VIOLATED)
   u3/u0/mast_dout_reg[29]/D
                                0.18           0.08 f        -0.10  (VIOLATED)
   u3/u0/mast_dout_reg[0]/D     0.18           0.08 f        -0.10  (VIOLATED)
   wb0_addr_o[6]                0.19           0.09 f        -0.10  (VIOLATED)
   u3/u0/mast_dout_reg[6]/D     0.18           0.08 f        -0.10  (VIOLATED)
   wb0_addr_o[8]                0.19           0.09 f        -0.10  (VIOLATED)
   wb0_we_o                     0.19           0.09 f        -0.10  (VIOLATED)
   u3/u0/mast_dout_reg[27]/D
                                0.18           0.09 f        -0.10  (VIOLATED)
   u3/u0/mast_dout_reg[30]/D
                                0.18           0.09 f        -0.10  (VIOLATED)
   wb0_addr_o[3]                0.19           0.10 f        -0.09  (VIOLATED)
   wb0_addr_o[10]               0.19           0.10 f        -0.09  (VIOLATED)
   wb0_addr_o[4]                0.19           0.10 f        -0.09  (VIOLATED)
   wb0_addr_o[5]                0.19           0.10 f        -0.09  (VIOLATED)
   wb0s_data_o[0]               0.19           0.10 f        -0.09  (VIOLATED)
   wb0s_data_o[1]               0.19           0.10 f        -0.09  (VIOLATED)
   wb0_addr_o[7]                0.19           0.10 f        -0.09  (VIOLATED)
   u3/u1/slv_re_reg/D           0.19           0.10 f        -0.09  (VIOLATED)
   wb0_addr_o[9]                0.19           0.10 f        -0.09  (VIOLATED)
   wb0s_data_o[4]               0.19           0.10 f        -0.09  (VIOLATED)
   wb0s_data_o[3]               0.19           0.10 f        -0.09  (VIOLATED)
   wb0_addr_o[11]               0.19           0.11 f        -0.08  (VIOLATED)
   u4/u1/slv_re_reg/D           0.19           0.10 f        -0.08  (VIOLATED)
   wb1_sel_o[1]                 0.19           0.11 f        -0.08  (VIOLATED)
   wb0s_data_o[5]               0.19           0.11 f        -0.08  (VIOLATED)
   wb1_sel_o[0]                 0.19           0.11 f        -0.08  (VIOLATED)
   wb1_sel_o[2]                 0.19           0.11 f        -0.08  (VIOLATED)
   wb1_cyc_o                    0.19           0.11 f        -0.08  (VIOLATED)
   wb0_addr_o[1]                0.19           0.11 f        -0.08  (VIOLATED)
   wb1_stb_o                    0.19           0.12 f        -0.07  (VIOLATED)
   wb1_we_o                     0.19           0.12 f        -0.07  (VIOLATED)
   u2/dma_abort_r_reg/D         0.16           0.09 r        -0.07  (VIOLATED)
   wb0_sel_o[0]                 0.19           0.13 f        -0.06  (VIOLATED)
   wb1m_data_o[31]              0.19           0.13 f        -0.06  (VIOLATED)
   wb0m_data_o[2]               0.19           0.13 f        -0.06  (VIOLATED)
   u3/u1/rf_ack_reg/SETB        0.17           0.11 r        -0.05  (VIOLATED)
   wb1m_data_o[29]              0.19           0.14 f        -0.05  (VIOLATED)
   u4/u1/rf_ack_reg/SETB        0.17           0.12 r        -0.05  (VIOLATED)
   wb0_addr_o[12]               0.19           0.14 f        -0.05  (VIOLATED)
   wb1m_data_o[28]              0.19           0.14 f        -0.05  (VIOLATED)
   wb0m_data_o[3]               0.19           0.14 f        -0.05  (VIOLATED)
   wb0m_data_o[4]               0.19           0.14 f        -0.05  (VIOLATED)
   wb1m_data_o[30]              0.19           0.14 f        -0.05  (VIOLATED)
   wb0_ack_o                    0.19           0.14 f        -0.05  (VIOLATED)
   wb0s_data_o[11]              0.19           0.14 f        -0.05  (VIOLATED)
   wb1m_data_o[27]              0.19           0.14 f        -0.05  (VIOLATED)
   wb0_addr_o[17]               0.19           0.14 f        -0.05  (VIOLATED)
   wb1m_data_o[26]              0.19           0.14 f        -0.05  (VIOLATED)
   wb0_addr_o[23]               0.19           0.14 f        -0.05  (VIOLATED)
   wb0_addr_o[18]               0.19           0.14 f        -0.05  (VIOLATED)
   wb0m_data_o[1]               0.19           0.14 f        -0.05  (VIOLATED)
   wb0_addr_o[20]               0.19           0.14 f        -0.05  (VIOLATED)
   wb0_addr_o[13]               0.19           0.14 f        -0.05  (VIOLATED)
   wb1m_data_o[25]              0.19           0.14 f        -0.05  (VIOLATED)
   wb0_addr_o[21]               0.19           0.14 f        -0.05  (VIOLATED)
   wb0_addr_o[15]               0.19           0.14 f        -0.05  (VIOLATED)
   wb0m_data_o[0]               0.19           0.14 f        -0.05  (VIOLATED)
   wb0_addr_o[19]               0.19           0.14 f        -0.05  (VIOLATED)
   wb0_addr_o[27]               0.19           0.15 f        -0.04  (VIOLATED)
   wb0s_data_o[2]               0.19           0.15 f        -0.04  (VIOLATED)
   wb0s_data_o[10]              0.19           0.15 f        -0.04  (VIOLATED)
   wb0m_data_o[6]               0.19           0.15 f        -0.04  (VIOLATED)
   wb1m_data_o[24]              0.19           0.15 f        -0.04  (VIOLATED)
   wb0_addr_o[26]               0.19           0.15 f        -0.04  (VIOLATED)
   wb0m_data_o[7]               0.19           0.15 f        -0.04  (VIOLATED)
   wb0m_data_o[5]               0.19           0.15 f        -0.04  (VIOLATED)
   wb0_addr_o[22]               0.19           0.15 f        -0.04  (VIOLATED)
   wb0_addr_o[14]               0.19           0.15 f        -0.04  (VIOLATED)
   wb0_addr_o[16]               0.19           0.15 f        -0.04  (VIOLATED)
   wb1_sel_o[3]                 0.19           0.15 f        -0.04  (VIOLATED)
   wb0_addr_o[31]               0.19           0.15 f        -0.04  (VIOLATED)
   wb1m_data_o[22]              0.19           0.15 f        -0.04  (VIOLATED)
   wb0_addr_o[29]               0.19           0.15 f        -0.04  (VIOLATED)
   wb1m_data_o[23]              0.19           0.15 f        -0.04  (VIOLATED)
   wb0_addr_o[24]               0.19           0.15 f        -0.04  (VIOLATED)
   wb0m_data_o[12]              0.19           0.15 f        -0.04  (VIOLATED)
   wb0_addr_o[30]               0.19           0.15 f        -0.04  (VIOLATED)
   wb1s_data_o[0]               0.19           0.15 f        -0.04  (VIOLATED)
   wb0m_data_o[14]              0.19           0.15 f        -0.04  (VIOLATED)
   wb0m_data_o[11]              0.19           0.16 f        -0.03  (VIOLATED)
   wb0m_data_o[8]               0.19           0.16 f        -0.03  (VIOLATED)
   wb0m_data_o[9]               0.19           0.16 f        -0.03  (VIOLATED)
   wb1s_data_o[31]              0.19           0.16 f        -0.03  (VIOLATED)
   wb1s_data_o[30]              0.19           0.16 f        -0.03  (VIOLATED)
   wb0s_data_o[18]              0.19           0.16 f        -0.03  (VIOLATED)
   wb0m_data_o[27]              0.19           0.16 f        -0.03  (VIOLATED)
   wb0m_data_o[26]              0.19           0.16 f        -0.03  (VIOLATED)
   wb1s_data_o[29]              0.19           0.16 f        -0.03  (VIOLATED)
   wb0m_data_o[10]              0.19           0.16 f        -0.03  (VIOLATED)
   wb0_addr_o[25]               0.19           0.16 f        -0.03  (VIOLATED)
   wb0m_data_o[29]              0.19           0.16 f        -0.03  (VIOLATED)
   wb0s_data_o[14]              0.19           0.16 f        -0.03  (VIOLATED)
   wb0s_data_o[31]              0.19           0.16 f        -0.03  (VIOLATED)
   wb1s_data_o[2]               0.19           0.16 f        -0.03  (VIOLATED)
   wb0m_data_o[13]              0.19           0.16 f        -0.03  (VIOLATED)
   wb0_sel_o[1]                 0.19           0.16 f        -0.03  (VIOLATED)
   wb0m_data_o[28]              0.19           0.16 f        -0.03  (VIOLATED)
   wb0s_data_o[28]              0.19           0.16 f        -0.03  (VIOLATED)
   wb0s_data_o[13]              0.19           0.16 f        -0.03  (VIOLATED)
   wb1s_data_o[1]               0.19           0.16 f        -0.03  (VIOLATED)
   wb1s_data_o[28]              0.19           0.16 f        -0.03  (VIOLATED)
   u1/req_r_reg[0]/RSTB         0.14           0.11 f        -0.03  (VIOLATED)
   wb0m_data_o[30]              0.19           0.16 f        -0.03  (VIOLATED)
   wb0s_data_o[23]              0.19           0.16 f        -0.03  (VIOLATED)
   wb1s_data_o[5]               0.19           0.16 f        -0.03  (VIOLATED)
   wb1s_data_o[4]               0.19           0.16 f        -0.03  (VIOLATED)
   wb1s_data_o[20]              0.19           0.16 f        -0.03  (VIOLATED)
   wb0_addr_o[28]               0.19           0.16 f        -0.03  (VIOLATED)
   wb0s_data_o[27]              0.19           0.16 f        -0.03  (VIOLATED)
   wb1m_data_o[20]              0.19           0.16 f        -0.03  (VIOLATED)
   wb0s_data_o[17]              0.19           0.16 f        -0.03  (VIOLATED)
   wb1m_data_o[18]              0.19           0.16 f        -0.03  (VIOLATED)
   wb0s_data_o[29]              0.19           0.16 f        -0.03  (VIOLATED)
   wb0m_data_o[24]              0.19           0.16 f        -0.03  (VIOLATED)
   wb1m_data_o[19]              0.19           0.16 f        -0.03  (VIOLATED)
   wb0m_data_o[25]              0.19           0.16 f        -0.03  (VIOLATED)
   wb0s_data_o[30]              0.19           0.16 f        -0.03  (VIOLATED)
   wb0m_data_o[16]              0.19           0.16 f        -0.03  (VIOLATED)
   wb0s_data_o[26]              0.19           0.16 f        -0.03  (VIOLATED)
   wb0m_data_o[31]              0.19           0.16 f        -0.03  (VIOLATED)
   u4/u1/rf_ack_reg/RSTB        0.15           0.12 f        -0.02  (VIOLATED)
   wb1m_data_o[21]              0.19           0.17 f        -0.02  (VIOLATED)
   u3/u1/rf_ack_reg/RSTB        0.15           0.12 f        -0.02  (VIOLATED)
   wb0m_data_o[23]              0.19           0.17 f        -0.02  (VIOLATED)
   wb1_addr_o[20]               0.19           0.17 f        -0.02  (VIOLATED)
   wb0s_data_o[20]              0.19           0.17 f        -0.02  (VIOLATED)
   u2/tsz_dec_reg/RSTB          0.15           0.12 f        -0.02  (VIOLATED)
   wb0m_data_o[15]              0.19           0.17 f        -0.02  (VIOLATED)
   wb0s_data_o[15]              0.19           0.17 f        -0.02  (VIOLATED)
   wb0m_data_o[17]              0.19           0.17 f        -0.02  (VIOLATED)
   wb1s_data_o[22]              0.19           0.17 f        -0.02  (VIOLATED)
   wb1s_data_o[3]               0.19           0.17 f        -0.02  (VIOLATED)
   wb1s_data_o[23]              0.19           0.17 f        -0.02  (VIOLATED)
   wb1s_data_o[7]               0.19           0.17 f        -0.02  (VIOLATED)
   wb0s_data_o[12]              0.19           0.17 f        -0.02  (VIOLATED)
   wb0m_data_o[18]              0.19           0.17 f        -0.02  (VIOLATED)
   wb1s_data_o[6]               0.19           0.17 f        -0.02  (VIOLATED)
   wb0s_data_o[16]              0.19           0.17 f        -0.02  (VIOLATED)
   wb1_addr_o[25]               0.19           0.17 f        -0.02  (VIOLATED)
   wb1s_data_o[9]               0.19           0.17 f        -0.02  (VIOLATED)
   wb0m_data_o[22]              0.19           0.17 f        -0.02  (VIOLATED)
   wb1_addr_o[4]                0.19           0.17 f        -0.02  (VIOLATED)
   wb1_addr_o[30]               0.19           0.17 f        -0.02  (VIOLATED)
   wb1s_data_o[25]              0.19           0.17 f        -0.02  (VIOLATED)
   wb1s_data_o[8]               0.19           0.17 f        -0.02  (VIOLATED)
   wb0s_data_o[24]              0.19           0.17 f        -0.02  (VIOLATED)
   wb1s_data_o[17]              0.19           0.17 f        -0.02  (VIOLATED)
   wb1m_data_o[14]              0.19           0.17 f        -0.02  (VIOLATED)
   wb0m_data_o[20]              0.19           0.17 f        -0.02  (VIOLATED)
   wb1s_data_o[11]              0.19           0.17 f        -0.02  (VIOLATED)
   wb1_addr_o[1]                0.19           0.17 f        -0.02  (VIOLATED)
   wb1_addr_o[27]               0.19           0.17 f        -0.02  (VIOLATED)
   wb1m_data_o[11]              0.19           0.17 f        -0.02  (VIOLATED)
   wb0_sel_o[3]                 0.19           0.17 f        -0.02  (VIOLATED)
   wb0m_data_o[19]              0.19           0.17 f        -0.02  (VIOLATED)
   wb1s_data_o[10]              0.19           0.17 f        -0.02  (VIOLATED)
   wb1_addr_o[0]                0.19           0.17 f        -0.02  (VIOLATED)
   wb1s_data_o[21]              0.19           0.17 f        -0.02  (VIOLATED)
   wb1m_data_o[12]              0.19           0.17 f        -0.02  (VIOLATED)
   wb1m_data_o[16]              0.19           0.17 f        -0.02  (VIOLATED)
   wb1s_data_o[13]              0.19           0.17 f        -0.02  (VIOLATED)
   wb1s_data_o[14]              0.19           0.17 f        -0.02  (VIOLATED)
   wb1m_data_o[15]              0.19           0.17 f        -0.02  (VIOLATED)
   wb1m_data_o[7]               0.19           0.17 f        -0.02  (VIOLATED)
   wb0s_data_o[22]              0.19           0.17 f        -0.02  (VIOLATED)
   wb1m_data_o[13]              0.19           0.17 f        -0.02  (VIOLATED)
   wb1s_data_o[27]              0.19           0.17 f        -0.02  (VIOLATED)
   wb1s_data_o[15]              0.19           0.18 f        -0.01  (VIOLATED)
   wb1m_data_o[9]               0.19           0.18 f        -0.01  (VIOLATED)
   wb1_addr_o[31]               0.19           0.18 f        -0.01  (VIOLATED)
   wb1m_data_o[10]              0.19           0.18 f        -0.01  (VIOLATED)
   wb0s_data_o[25]              0.19           0.18 f        -0.01  (VIOLATED)
   wb1s_data_o[18]              0.19           0.18 f        -0.01  (VIOLATED)
   wb1_addr_o[5]                0.19           0.18 f        -0.01  (VIOLATED)
   wb0s_data_o[21]              0.19           0.18 f        -0.01  (VIOLATED)
   wb0m_data_o[21]              0.19           0.18 f        -0.01  (VIOLATED)
   wb1s_data_o[12]              0.19           0.18 f        -0.01  (VIOLATED)
   wb1m_data_o[4]               0.19           0.18 f        -0.01  (VIOLATED)
   wb1_addr_o[26]               0.19           0.18 f        -0.01  (VIOLATED)
   wb1_addr_o[24]               0.19           0.18 f        -0.01  (VIOLATED)
   wb1m_data_o[5]               0.19           0.18 f        -0.01  (VIOLATED)
   u2/chunk_dec_reg/RSTB        0.13           0.12 f        -0.01  (VIOLATED)
   wb1_addr_o[28]               0.19           0.18 f        -0.01  (VIOLATED)
   wb1m_data_o[17]              0.19           0.18 f        -0.01  (VIOLATED)
   wb0_sel_o[2]                 0.19           0.18 f        -0.01  (VIOLATED)
   wb1m_data_o[3]               0.19           0.18 f        -0.01  (VIOLATED)
   wb1_addr_o[21]               0.19           0.18 f        -0.01  (VIOLATED)
   wb1_addr_o[22]               0.19           0.18 f        -0.01  (VIOLATED)
   wb1m_data_o[8]               0.19           0.18 f        -0.01  (VIOLATED)
   wb1s_data_o[16]              0.19           0.18 f        -0.01  (VIOLATED)
   wb0s_data_o[19]              0.19           0.18 f        -0.01  (VIOLATED)
   inta_o                       0.19           0.18 r        -0.01  (VIOLATED)
   wb1m_data_o[0]               0.19           0.18 f        -0.01  (VIOLATED)
   wb1_addr_o[3]                0.19           0.18 f        -0.01  (VIOLATED)
   wb1m_data_o[6]               0.19           0.18 f        -0.01  (VIOLATED)
   wb1m_data_o[1]               0.19           0.18 f        -0.01  (VIOLATED)
   wb1_addr_o[23]               0.19           0.19 f         0.00  (VIOLATED: increase significant digits)
   wb1_addr_o[17]               0.19           0.19 f         0.00  (VIOLATED: increase significant digits)
   dma_ack_o[0]                 0.19           0.19 r         0.00  (VIOLATED: increase significant digits)
   wb1_addr_o[8]                0.19           0.19 f         0.00  (VIOLATED: increase significant digits)
   wb1s_data_o[19]              0.19           0.19 f         0.00  (VIOLATED: increase significant digits)
   wb1_addr_o[18]               0.19           0.19 f         0.00  (VIOLATED: increase significant digits)
   wb1_addr_o[7]                0.19           0.19 f         0.00  (VIOLATED: increase significant digits)
   wb1m_data_o[2]               0.19           0.19 f         0.00  (VIOLATED: increase significant digits)
   wb1_addr_o[29]               0.19           0.19 f         0.00  (VIOLATED: increase significant digits)
   wb1_addr_o[15]               0.19           0.19 f         0.00  (VIOLATED: increase significant digits)
   wb1_addr_o[9]                0.19           0.19 f         0.00  (VIOLATED: increase significant digits)


   max_area

                             Required        Actual
   Design                      Area           Area           Slack
   -----------------------------------------------------------------
   wb_dma_top                   0.00       67496.45       -67496.45 (VIOLATED)


1
