 
****************************************
Report : area
Design : wb_dma_top
Version: W-2024.09-SP2
Date   : Tue May  6 10:02:10 2025
****************************************

Library(s) Used:

    saed32rvt_ss0p95v25c (File: /mnt/class_data/ecec574-w2019/PDKs/_archived/SAED32nm_new/SAED32_EDK/lib/stdcell_rvt/db_ccs/saed32rvt_ss0p95v25c.db)

Number of ports:                          434
Number of nets:                          9413
Number of cells:                           23
Number of combinational cells:             18
Number of sequential cells:                 0
Number of macros/black boxes:               0
Number of buf/inv:                         18
Number of references:                      10

Combinational area:              41781.273943
Buf/Inv area:                     2948.832868
Noncombinational area:            4134.668835
Macro/Black Box area:                0.000000
Net Interconnect area:           21580.507578

Total cell area:                 45915.942778
Total area:                      67496.450356
1
