Information: Updating design information... (UID-85)
Warning: Design 'wb_dma_top' contains 3 high-fanout nets. A fanout number of 1000 will be used for delay calculations involving these nets. (TIM-134)
 
****************************************
Report : constraint
        -all_violators
Design : wb_dma_top
Version: M-2016.12-SP1
Date   : Tue Apr 15 10:39:22 2025
****************************************


   max_delay/setup ('clk' group)

                             Required        Actual
   Endpoint                 Path Delay     Path Delay        Slack
   -----------------------------------------------------------------
   u2/adr1_cnt_reg[25]/D        9.74          17.00 r        -7.26  (VIOLATED)
   u2/adr1_cnt_reg[10]/D        9.74          17.00 r        -7.26  (VIOLATED)
   u2/adr1_cnt_reg[4]/D         9.74          17.00 r        -7.26  (VIOLATED)
   u2/adr1_cnt_reg[3]/D         9.74          17.00 r        -7.26  (VIOLATED)
   u2/adr1_cnt_reg[27]/D        9.74          16.99 r        -7.25  (VIOLATED)
   u2/adr1_cnt_reg[5]/D         9.74          16.99 r        -7.25  (VIOLATED)
   u2/adr1_cnt_reg[8]/D         9.74          16.99 r        -7.25  (VIOLATED)
   u2/adr1_cnt_reg[6]/D         9.74          16.98 r        -7.24  (VIOLATED)
   u2/adr1_cnt_reg[17]/D        9.74          16.98 r        -7.24  (VIOLATED)
   u2/adr1_cnt_reg[12]/D        9.74          16.98 r        -7.24  (VIOLATED)
   u2/adr1_cnt_reg[9]/D         9.74          16.98 r        -7.24  (VIOLATED)
   u2/adr1_cnt_reg[28]/D        9.74          16.98 r        -7.24  (VIOLATED)
   u4/u0/mast_stb_reg/D         9.74          16.97 r        -7.23  (VIOLATED)
   u2/adr1_cnt_reg[26]/D        9.74          16.97 r        -7.23  (VIOLATED)
   u2/adr1_cnt_reg[11]/D        9.74          16.97 r        -7.23  (VIOLATED)
   u2/adr1_cnt_reg[2]/D         9.74          16.97 r        -7.23  (VIOLATED)
   u2/adr1_cnt_reg[7]/D         9.74          16.97 r        -7.23  (VIOLATED)
   u2/adr1_cnt_reg[14]/D        9.74          16.97 r        -7.23  (VIOLATED)
   u2/adr1_cnt_reg[19]/D        9.74          16.97 r        -7.23  (VIOLATED)
   u2/adr1_cnt_reg[20]/D        9.74          16.97 r        -7.23  (VIOLATED)
   u2/adr1_cnt_reg[21]/D        9.74          16.97 r        -7.23  (VIOLATED)
   u3/u0/mast_stb_reg/D         9.74          16.97 r        -7.22  (VIOLATED)
   u2/adr1_cnt_reg[0]/D         9.73          16.95 r        -7.21  (VIOLATED)
   u2/adr0_cnt_reg[16]/D        9.75          16.95 f        -7.21  (VIOLATED)
   u2/adr0_cnt_reg[19]/D        9.75          16.94 f        -7.19  (VIOLATED)
   u2/adr1_cnt_reg[16]/D        9.74          16.91 r        -7.17  (VIOLATED)
   u2/adr1_cnt_reg[23]/D        9.74          16.91 r        -7.17  (VIOLATED)
   u4/u0/mast_cyc_reg/D         9.74          16.91 r        -7.17  (VIOLATED)
   u3/u0/mast_cyc_reg/D         9.74          16.90 r        -7.16  (VIOLATED)
   u2/mast1_adr_reg[9]/SE       9.64          16.78 r        -7.15  (VIOLATED)
   u2/mast1_adr_reg[31]/SE      9.64          16.78 r        -7.15  (VIOLATED)
   u2/adr1_cnt_reg[24]/D        9.74          16.88 r        -7.15  (VIOLATED)
   u2/mast0_adr_reg[7]/D        9.74          16.88 r        -7.14  (VIOLATED)
   u2/mast0_adr_reg[17]/D       9.74          16.88 r        -7.14  (VIOLATED)
   u2/mast0_adr_reg[24]/D       9.74          16.88 r        -7.14  (VIOLATED)
   u2/mast0_adr_reg[26]/D       9.74          16.88 r        -7.14  (VIOLATED)
   u2/mast0_adr_reg[28]/D       9.74          16.88 r        -7.14  (VIOLATED)
   u2/mast0_adr_reg[23]/D       9.74          16.88 r        -7.14  (VIOLATED)
   u2/adr1_cnt_reg[13]/D        9.74          16.87 r        -7.13  (VIOLATED)
   u2/adr1_cnt_reg[29]/D        9.74          16.87 r        -7.13  (VIOLATED)
   u2/mast1_adr_reg[5]/SE       9.64          16.77 r        -7.13  (VIOLATED)
   u2/mast1_adr_reg[19]/SE      9.64          16.77 r        -7.13  (VIOLATED)
   u2/adr0_cnt_reg[14]/D        9.74          16.86 r        -7.12  (VIOLATED)
   u2/adr1_cnt_reg[18]/D        9.74          16.85 r        -7.11  (VIOLATED)
   u2/adr1_cnt_reg[22]/D        9.74          16.85 r        -7.11  (VIOLATED)
   u2/mast0_adr_reg[4]/D        9.74          16.85 r        -7.11  (VIOLATED)
   u2/mast0_adr_reg[5]/D        9.74          16.85 r        -7.11  (VIOLATED)
   u2/mast0_adr_reg[11]/D       9.74          16.85 r        -7.11  (VIOLATED)
   u2/mast0_adr_reg[3]/D        9.74          16.85 r        -7.11  (VIOLATED)
   u2/mast0_adr_reg[30]/D       9.74          16.85 r        -7.11  (VIOLATED)
   u2/mast0_adr_reg[2]/D        9.74          16.85 r        -7.11  (VIOLATED)
   u2/adr1_cnt_reg[1]/D         9.73          16.82 r        -7.08  (VIOLATED)
   u2/adr1_cnt_reg[15]/D        9.74          16.82 r        -7.08  (VIOLATED)
   u2/adr0_cnt_reg[13]/D        9.75          16.82 f        -7.07  (VIOLATED)
   u2/write_hold_r_reg/D        9.59          16.64 r        -7.06  (VIOLATED)
   u2/mast0_adr_reg[22]/D       9.74          16.80 f        -7.06  (VIOLATED)
   u2/mast0_adr_reg[27]/D       9.74          16.80 f        -7.06  (VIOLATED)
   u2/mast0_adr_reg[29]/D       9.74          16.80 f        -7.06  (VIOLATED)
   u2/mast0_adr_reg[12]/D       9.74          16.80 f        -7.06  (VIOLATED)
   u2/mast0_adr_reg[13]/D       9.74          16.80 f        -7.06  (VIOLATED)
   u2/mast0_adr_reg[16]/D       9.74          16.80 f        -7.06  (VIOLATED)
   u2/mast0_adr_reg[31]/D       9.74          16.80 f        -7.06  (VIOLATED)
   u2/mast0_adr_reg[6]/D        9.74          16.78 r        -7.04  (VIOLATED)
   u2/mast0_adr_reg[21]/D       9.74          16.78 r        -7.04  (VIOLATED)
   u2/mast0_adr_reg[8]/D        9.74          16.78 r        -7.04  (VIOLATED)
   u2/mast0_adr_reg[15]/D       9.74          16.78 r        -7.04  (VIOLATED)
   u2/mast0_adr_reg[18]/D       9.74          16.78 r        -7.04  (VIOLATED)
   u2/mast0_adr_reg[9]/D        9.74          16.78 r        -7.04  (VIOLATED)
   u2/mast0_adr_reg[10]/D       9.74          16.78 r        -7.04  (VIOLATED)
   u2/mast0_adr_reg[14]/D       9.74          16.78 r        -7.04  (VIOLATED)
   u2/mast0_adr_reg[20]/D       9.74          16.78 r        -7.04  (VIOLATED)
   u2/mast0_adr_reg[19]/D       9.74          16.78 r        -7.04  (VIOLATED)
   u2/mast0_adr_reg[25]/D       9.74          16.78 r        -7.04  (VIOLATED)
   u2/mast1_adr_reg[2]/SE       9.63          16.66 r        -7.04  (VIOLATED)
   u2/mast1_adr_reg[3]/SE       9.63          16.66 r        -7.04  (VIOLATED)
   u2/mast1_adr_reg[8]/SE       9.63          16.66 r        -7.04  (VIOLATED)
   u2/mast1_adr_reg[10]/SE      9.63          16.66 r        -7.04  (VIOLATED)
   u2/mast1_adr_reg[11]/SE      9.63          16.66 r        -7.04  (VIOLATED)
   u2/mast1_adr_reg[12]/SE      9.63          16.66 r        -7.04  (VIOLATED)
   u2/mast1_adr_reg[14]/SE      9.63          16.66 r        -7.04  (VIOLATED)
   u2/mast1_adr_reg[16]/SE      9.63          16.66 r        -7.04  (VIOLATED)
   u2/mast1_adr_reg[20]/SE      9.63          16.66 r        -7.04  (VIOLATED)
   u2/mast1_adr_reg[22]/SE      9.63          16.66 r        -7.04  (VIOLATED)
   u2/mast1_adr_reg[23]/SE      9.63          16.66 r        -7.04  (VIOLATED)
   u2/mast1_adr_reg[26]/SE      9.63          16.66 r        -7.04  (VIOLATED)
   u2/tsz_dec_reg/D             9.63          16.64 r        -7.01  (VIOLATED)
   u2/mast1_adr_reg[30]/SE      9.63          16.64 r        -7.01  (VIOLATED)
   u2/mast1_adr_reg[18]/SE      9.63          16.64 r        -7.01  (VIOLATED)
   u2/mast1_adr_reg[15]/SE      9.63          16.63 r        -7.00  (VIOLATED)
   u2/mast1_adr_reg[17]/SE      9.63          16.63 r        -7.00  (VIOLATED)
   u2/chunk_0_reg/D             9.74          16.74 r        -6.99  (VIOLATED)
   u2/mast1_adr_reg[6]/SE       9.63          16.62 r        -6.99  (VIOLATED)
   u2/mast1_adr_reg[29]/SE      9.63          16.62 r        -6.99  (VIOLATED)
   u2/mast1_adr_reg[4]/SE       9.63          16.61 r        -6.97  (VIOLATED)
   u2/mast1_adr_reg[27]/SE      9.63          16.61 r        -6.97  (VIOLATED)
   u2/adr0_cnt_reg[20]/D        9.74          16.69 r        -6.95  (VIOLATED)
   u2/adr0_cnt_reg[15]/D        9.74          16.67 r        -6.93  (VIOLATED)
   u2/adr0_cnt_reg[25]/D        9.74          16.65 r        -6.91  (VIOLATED)
   u2/adr0_cnt_reg[29]/D        9.74          16.63 r        -6.89  (VIOLATED)
   u2/mast1_adr_reg[13]/SE      9.63          16.52 r        -6.89  (VIOLATED)
   u2/mast1_adr_reg[28]/SE      9.63          16.52 r        -6.89  (VIOLATED)
   u2/chunk_cnt_reg[2]/D        9.73          16.62 r        -6.88  (VIOLATED)
   u2/adr0_cnt_reg[7]/D         9.74          16.62 r        -6.88  (VIOLATED)
   u2/mast1_adr_reg[7]/SE       9.64          16.51 r        -6.87  (VIOLATED)
   u2/mast1_adr_reg[24]/SE      9.64          16.51 r        -6.87  (VIOLATED)
   u2/chunk_cnt_reg[3]/D        9.73          16.61 r        -6.87  (VIOLATED)
   u2/read_r_reg/D              9.74          16.61 r        -6.87  (VIOLATED)
   u2/chunk_dec_reg/D           9.63          16.49 r        -6.86  (VIOLATED)
   u2/mast1_adr_reg[25]/SE      9.64          16.49 r        -6.85  (VIOLATED)
   u2/adr0_cnt_reg[2]/D         9.74          16.59 r        -6.85  (VIOLATED)
   u2/adr0_cnt_reg[23]/D        9.74          16.59 r        -6.85  (VIOLATED)
   u2/adr0_cnt_reg[3]/D         9.74          16.59 r        -6.85  (VIOLATED)
   u2/adr0_cnt_reg[8]/D         9.74          16.59 r        -6.85  (VIOLATED)
   u2/adr0_cnt_reg[28]/D        9.74          16.59 r        -6.85  (VIOLATED)
   u2/adr0_cnt_reg[9]/D         9.74          16.58 r        -6.84  (VIOLATED)
   u2/adr0_cnt_reg[5]/D         9.74          16.58 r        -6.84  (VIOLATED)
   u2/adr0_cnt_reg[12]/D        9.74          16.58 r        -6.84  (VIOLATED)
   u2/adr0_cnt_reg[17]/D        9.74          16.58 r        -6.84  (VIOLATED)
   u2/adr0_cnt_reg[6]/D         9.74          16.58 r        -6.84  (VIOLATED)
   u2/adr0_cnt_reg[24]/D        9.74          16.57 r        -6.83  (VIOLATED)
   u2/adr0_cnt_reg[27]/D        9.74          16.57 r        -6.83  (VIOLATED)
   u2/adr0_cnt_reg[4]/D         9.74          16.56 r        -6.83  (VIOLATED)
   u2/adr0_cnt_reg[10]/D        9.74          16.56 r        -6.83  (VIOLATED)
   u2/adr0_cnt_reg[11]/D        9.74          16.56 r        -6.82  (VIOLATED)
   u2/adr0_cnt_reg[22]/D        9.74          16.53 f        -6.79  (VIOLATED)
   u2/tsz_cnt_reg[11]/D         9.73          16.50 r        -6.77  (VIOLATED)
   u2/state_reg[4]/D            9.72          16.48 r        -6.76  (VIOLATED)
   u2/adr0_cnt_reg[18]/D        9.74          16.47 r        -6.73  (VIOLATED)
   u2/state_reg[2]/D            9.72          16.45 r        -6.73  (VIOLATED)
   u2/adr0_cnt_reg[26]/D        9.74          16.47 r        -6.73  (VIOLATED)
   u2/state_reg[7]/D            9.74          16.46 r        -6.72  (VIOLATED)
   u2/mast1_adr_reg[21]/SE      9.64          16.36 r        -6.72  (VIOLATED)
   u2/state_reg[10]/D           9.74          16.46 f        -6.72  (VIOLATED)
   u2/state_reg[0]/D            9.74          16.45 f        -6.72  (VIOLATED)
   u2/state_reg[9]/D            9.74          16.46 r        -6.71  (VIOLATED)
   u2/adr0_cnt_reg[21]/D        9.75          16.45 f        -6.71  (VIOLATED)
   u2/state_reg[3]/D            9.74          16.44 r        -6.71  (VIOLATED)
   u2/state_reg[1]/D            9.74          16.44 r        -6.70  (VIOLATED)
   u2/tsz_cnt_reg[2]/D          9.74          16.43 f        -6.69  (VIOLATED)
   u2/tsz_cnt_reg[6]/D          9.74          16.43 f        -6.69  (VIOLATED)
   u2/state_reg[5]/D            9.74          16.42 f        -6.68  (VIOLATED)
   u2/state_reg[6]/D            9.74          16.42 f        -6.68  (VIOLATED)
   u2/state_reg[8]/D            9.74          16.42 f        -6.68  (VIOLATED)
   u1/ch_sel_r_reg[1]/D         9.74          16.39 f        -6.66  (VIOLATED)
   u1/ch_sel_r_reg[2]/D         9.74          16.39 f        -6.66  (VIOLATED)
   u1/ch_sel_r_reg[0]/D         9.74          16.39 f        -6.65  (VIOLATED)
   u2/tsz_cnt_reg[0]/D          9.74          16.38 f        -6.63  (VIOLATED)
   u2/write_hold_r_reg/SETB     9.65          16.23 r        -6.59  (VIOLATED)
   u3/u0/mast_we_r_reg/D        9.74          16.31 f        -6.58  (VIOLATED)
   u4/u0/mast_we_r_reg/D        9.74          16.28 f        -6.54  (VIOLATED)
   u2/adr0_cnt_reg[0]/D         9.73          16.24 r        -6.50  (VIOLATED)
   u2/tsz_cnt_reg[4]/D          9.73          16.15 r        -6.42  (VIOLATED)
   u2/tsz_cnt_reg[1]/D          9.74          16.16 f        -6.42  (VIOLATED)
   u2/tsz_cnt_reg[3]/D          9.74          16.16 f        -6.42  (VIOLATED)
   u2/tsz_cnt_reg[5]/D          9.74          16.16 f        -6.42  (VIOLATED)
   u2/tsz_cnt_reg[7]/D          9.74          16.16 f        -6.42  (VIOLATED)
   u2/tsz_cnt_reg[8]/D          9.74          16.16 f        -6.42  (VIOLATED)
   u2/tsz_cnt_reg[9]/D          9.74          16.16 f        -6.42  (VIOLATED)
   u0/u0/int_src_r_reg[2]/D     9.74          16.15 f        -6.41  (VIOLATED)
   u1/ack_o_reg[0]/D            9.74          16.14 f        -6.41  (VIOLATED)
   u2/chunk_cnt_reg[8]/D        9.73          16.13 r        -6.40  (VIOLATED)
   u2/chunk_cnt_reg[4]/D        9.73          16.13 r        -6.40  (VIOLATED)
   u2/write_r_reg/D             9.75          16.14 f        -6.39  (VIOLATED)
   u2/chunk_cnt_reg[5]/D        9.73          16.09 r        -6.35  (VIOLATED)
   u2/next_ch_reg/RSTB          9.69          16.03 f        -6.34  (VIOLATED)
   u2/adr0_cnt_reg[1]/D         9.73          16.06 r        -6.33  (VIOLATED)
   u2/tsz_cnt_reg[10]/D         9.73          16.02 r        -6.28  (VIOLATED)
   wb0s_data_o[6]               9.79          16.04 r        -6.25  (VIOLATED)
   wb0s_data_o[7]               9.79          16.04 r        -6.25  (VIOLATED)
   wb0s_data_o[11]              9.79          16.04 r        -6.25  (VIOLATED)
   wb0s_data_o[9]               9.79          16.03 f        -6.24  (VIOLATED)
   wb0s_data_o[0]               9.79          15.95 r        -6.16  (VIOLATED)
   wb0s_data_o[16]              9.79          15.91 r        -6.12  (VIOLATED)
   wb0s_data_o[20]              9.79          15.91 r        -6.12  (VIOLATED)
   wb0s_data_o[15]              9.79          15.90 r        -6.11  (VIOLATED)
   wb0s_data_o[18]              9.79          15.90 r        -6.11  (VIOLATED)
   wb0s_data_o[28]              9.79          15.89 r        -6.10  (VIOLATED)
   wb0s_data_o[29]              9.79          15.89 r        -6.10  (VIOLATED)
   wb0s_data_o[14]              9.79          15.89 r        -6.10  (VIOLATED)
   wb0s_data_o[25]              9.79          15.89 r        -6.10  (VIOLATED)
   wb0s_data_o[31]              9.79          15.89 r        -6.10  (VIOLATED)
   wb0s_data_o[26]              9.79          15.89 r        -6.10  (VIOLATED)
   wb0s_data_o[30]              9.79          15.88 r        -6.09  (VIOLATED)
   wb0s_data_o[10]              9.79          15.87 r        -6.08  (VIOLATED)
   wb0s_data_o[2]               9.79          15.86 r        -6.07  (VIOLATED)
   wb0s_data_o[5]               9.79          15.86 r        -6.07  (VIOLATED)
   wb0s_data_o[3]               9.79          15.86 r        -6.07  (VIOLATED)
   wb0s_data_o[8]               9.79          15.86 r        -6.07  (VIOLATED)
   wb0s_data_o[1]               9.79          15.86 r        -6.07  (VIOLATED)
   wb0s_data_o[4]               9.79          15.86 r        -6.07  (VIOLATED)
   wb0s_data_o[23]              9.79          15.83 r        -6.04  (VIOLATED)
   wb0s_data_o[21]              9.79          15.82 r        -6.03  (VIOLATED)
   wb0s_data_o[13]              9.79          15.81 r        -6.02  (VIOLATED)
   wb0s_data_o[17]              9.79          15.80 r        -6.01  (VIOLATED)
   wb0s_data_o[22]              9.79          15.80 r        -6.01  (VIOLATED)
   wb0s_data_o[19]              9.79          15.80 r        -6.01  (VIOLATED)
   wb0s_data_o[24]              9.79          15.80 r        -6.01  (VIOLATED)
   wb0s_data_o[12]              9.79          15.79 r        -6.00  (VIOLATED)
   wb0s_data_o[27]              9.79          15.79 r        -6.00  (VIOLATED)
   u2/tsz_cnt_is_0_r_reg/D      9.74          15.66 f        -5.92  (VIOLATED)
   u1/ch_sel_r_reg[3]/D         9.74          15.57 r        -5.83  (VIOLATED)
   u1/ch_sel_r_reg[4]/D         9.74          15.57 r        -5.83  (VIOLATED)
   u2/chunk_cnt_reg[1]/D        9.73          15.55 r        -5.82  (VIOLATED)
   u2/chunk_cnt_reg[0]/D        9.73          15.55 r        -5.81  (VIOLATED)
   u2/chunk_cnt_reg[7]/D        9.73          15.52 r        -5.79  (VIOLATED)
   u2/chunk_cnt_reg[6]/D        9.73          15.52 r        -5.79  (VIOLATED)
   u1/de_start_r_reg/RSTB       9.61          15.39 r        -5.78  (VIOLATED)
   wb1s_data_o[25]              9.79          15.55 r        -5.76  (VIOLATED)
   wb1s_data_o[19]              9.79          15.55 r        -5.76  (VIOLATED)
   wb1s_data_o[21]              9.79          15.55 r        -5.76  (VIOLATED)
   wb1s_data_o[27]              9.79          15.55 r        -5.76  (VIOLATED)
   u0/u0/ch_done_reg/D          9.74          15.46 f        -5.72  (VIOLATED)
   u0/u0/ch_csr_r_reg[0]/D      9.74          15.41 r        -5.68  (VIOLATED)
   u0/u0/int_src_r_reg[1]/D     9.74          15.38 f        -5.63  (VIOLATED)
   wb1s_data_o[18]              9.79          15.31 r        -5.52  (VIOLATED)
   wb1s_data_o[22]              9.79          15.31 r        -5.52  (VIOLATED)
   wb1s_data_o[24]              9.79          15.31 r        -5.52  (VIOLATED)
   wb1s_data_o[1]               9.79          15.31 r        -5.52  (VIOLATED)
   wb1s_data_o[23]              9.79          15.30 r        -5.51  (VIOLATED)
   wb1s_data_o[31]              9.79          15.30 r        -5.51  (VIOLATED)
   wb1s_data_o[20]              9.79          15.30 r        -5.51  (VIOLATED)
   wb1s_data_o[26]              9.79          15.30 r        -5.51  (VIOLATED)
   wb1s_data_o[28]              9.79          15.30 r        -5.51  (VIOLATED)
   wb1s_data_o[10]              9.79          15.23 r        -5.44  (VIOLATED)
   wb1s_data_o[0]               9.79          15.23 r        -5.44  (VIOLATED)
   wb1s_data_o[12]              9.79          15.23 r        -5.44  (VIOLATED)
   wb1s_data_o[13]              9.79          15.23 r        -5.44  (VIOLATED)
   wb1s_data_o[7]               9.79          15.07 r        -5.28  (VIOLATED)
   wb1s_data_o[14]              9.79          15.07 r        -5.28  (VIOLATED)
   wb1s_data_o[15]              9.79          15.07 r        -5.28  (VIOLATED)
   wb1s_data_o[11]              9.79          14.81 r        -5.02  (VIOLATED)
   wb1s_data_o[16]              9.79          14.81 r        -5.02  (VIOLATED)
   wb1s_data_o[17]              9.79          14.81 r        -5.02  (VIOLATED)
   wb1s_data_o[2]               9.79          14.81 r        -5.02  (VIOLATED)
   wb1s_data_o[3]               9.79          14.81 r        -5.02  (VIOLATED)
   wb1s_data_o[5]               9.79          14.81 r        -5.02  (VIOLATED)
   wb1s_data_o[8]               9.79          14.81 r        -5.02  (VIOLATED)
   wb1s_data_o[4]               9.79          14.81 r        -5.02  (VIOLATED)
   wb1s_data_o[6]               9.79          14.81 r        -5.02  (VIOLATED)
   wb1s_data_o[9]               9.79          14.81 r        -5.02  (VIOLATED)
   wb1s_data_o[29]              9.79          14.81 r        -5.02  (VIOLATED)
   wb1s_data_o[30]              9.79          14.81 r        -5.02  (VIOLATED)
   wb0_sel_o[3]                 9.79          14.66 f        -4.87  (VIOLATED)
   wb0_we_o                     9.79          14.66 f        -4.87  (VIOLATED)
   wb0_sel_o[1]                 9.79          14.65 f        -4.86  (VIOLATED)
   wb0_addr_o[3]                9.79          14.65 f        -4.86  (VIOLATED)
   wb0_addr_o[4]                9.79          14.65 f        -4.86  (VIOLATED)
   wb0_addr_o[11]               9.79          14.65 f        -4.86  (VIOLATED)
   wb0_addr_o[21]               9.79          14.65 f        -4.86  (VIOLATED)
   wb0_addr_o[29]               9.79          14.65 f        -4.86  (VIOLATED)
   wb0_addr_o[30]               9.79          14.65 f        -4.86  (VIOLATED)
   wb0_addr_o[2]                9.79          14.64 f        -4.85  (VIOLATED)
   wb0_addr_o[7]                9.79          14.64 f        -4.85  (VIOLATED)
   wb0_addr_o[10]               9.79          14.64 f        -4.85  (VIOLATED)
   wb0_addr_o[24]               9.79          14.64 f        -4.85  (VIOLATED)
   wb0_addr_o[31]               9.79          14.64 f        -4.85  (VIOLATED)
   wb0_cyc_o                    9.79          14.62 f        -4.83  (VIOLATED)
   wb0_stb_o                    9.79          14.62 f        -4.83  (VIOLATED)
   wb0_sel_o[2]                 9.79          14.62 f        -4.83  (VIOLATED)
   wb0_addr_o[5]                9.79          14.60 f        -4.81  (VIOLATED)
   wb0_addr_o[17]               9.79          14.60 f        -4.81  (VIOLATED)
   wb0_addr_o[20]               9.79          14.60 f        -4.81  (VIOLATED)
   wb0_addr_o[27]               9.79          14.60 f        -4.81  (VIOLATED)
   wb0_addr_o[0]                9.79          14.60 r        -4.81  (VIOLATED)
   wb0_addr_o[6]                9.79          14.60 r        -4.81  (VIOLATED)
   wb0_addr_o[8]                9.79          14.60 r        -4.81  (VIOLATED)
   wb0_addr_o[12]               9.79          14.60 r        -4.81  (VIOLATED)
   wb0_addr_o[15]               9.79          14.60 r        -4.81  (VIOLATED)
   wb0_addr_o[28]               9.79          14.60 r        -4.81  (VIOLATED)
   wb0_addr_o[9]                9.79          14.58 r        -4.79  (VIOLATED)
   wb0_addr_o[13]               9.79          14.58 r        -4.79  (VIOLATED)
   wb0_addr_o[14]               9.79          14.58 r        -4.79  (VIOLATED)
   wb0_addr_o[19]               9.79          14.58 r        -4.79  (VIOLATED)
   wb0_addr_o[26]               9.79          14.58 r        -4.79  (VIOLATED)
   wb0_sel_o[0]                 9.79          14.48 f        -4.69  (VIOLATED)
   wb0_addr_o[23]               9.79          14.47 f        -4.68  (VIOLATED)
   u0/u0/ch_adr0_r_reg[18]/D
                                9.74          14.36 f        -4.61  (VIOLATED)
   u0/u0/ch_adr0_r_reg[19]/D
                                9.74          14.36 f        -4.61  (VIOLATED)
   u0/u0/ch_adr0_r_reg[20]/D
                                9.74          14.36 f        -4.61  (VIOLATED)
   u0/u0/ch_adr0_r_reg[21]/D
                                9.74          14.36 f        -4.61  (VIOLATED)
   u0/u0/ch_adr0_r_reg[22]/D
                                9.74          14.36 f        -4.61  (VIOLATED)
   u0/u0/ch_adr0_r_reg[23]/D
                                9.74          14.36 f        -4.61  (VIOLATED)
   u0/u0/ch_adr0_r_reg[24]/D
                                9.74          14.36 f        -4.61  (VIOLATED)
   u0/u0/ch_adr0_r_reg[25]/D
                                9.74          14.36 f        -4.61  (VIOLATED)
   u0/u0/ch_adr0_r_reg[26]/D
                                9.74          14.36 f        -4.61  (VIOLATED)
   u0/u0/ch_adr0_r_reg[27]/D
                                9.74          14.36 f        -4.61  (VIOLATED)
   u0/u0/ch_adr0_r_reg[28]/D
                                9.74          14.36 f        -4.61  (VIOLATED)
   u0/u0/ch_adr0_r_reg[29]/D
                                9.74          14.36 f        -4.61  (VIOLATED)
   u0/u0/ch_adr0_r_reg[6]/D     9.74          14.36 f        -4.61  (VIOLATED)
   u0/u0/ch_adr0_r_reg[7]/D     9.74          14.36 f        -4.61  (VIOLATED)
   u0/u0/ch_adr0_r_reg[8]/D     9.74          14.36 f        -4.61  (VIOLATED)
   u0/u0/ch_adr0_r_reg[9]/D     9.74          14.36 f        -4.61  (VIOLATED)
   u0/u0/ch_adr0_r_reg[10]/D
                                9.74          14.36 f        -4.61  (VIOLATED)
   u0/u0/ch_adr0_r_reg[11]/D
                                9.74          14.36 f        -4.61  (VIOLATED)
   u0/u0/ch_adr0_r_reg[12]/D
                                9.74          14.36 f        -4.61  (VIOLATED)
   u0/u0/ch_adr0_r_reg[13]/D
                                9.74          14.36 f        -4.61  (VIOLATED)
   u0/u0/ch_adr0_r_reg[14]/D
                                9.74          14.36 f        -4.61  (VIOLATED)
   u0/u0/ch_adr0_r_reg[15]/D
                                9.74          14.36 f        -4.61  (VIOLATED)
   u0/u0/ch_adr0_r_reg[16]/D
                                9.74          14.36 f        -4.61  (VIOLATED)
   u0/u0/ch_adr0_r_reg[17]/D
                                9.74          14.36 f        -4.61  (VIOLATED)
   u0/u0/ch_adr1_r_reg[6]/D     9.74          14.36 f        -4.61  (VIOLATED)
   u0/u0/ch_adr1_r_reg[7]/D     9.74          14.36 f        -4.61  (VIOLATED)
   u0/u0/ch_adr1_r_reg[8]/D     9.74          14.36 f        -4.61  (VIOLATED)
   u0/u0/ch_adr1_r_reg[9]/D     9.74          14.36 f        -4.61  (VIOLATED)
   u0/u0/ch_adr1_r_reg[10]/D
                                9.74          14.36 f        -4.61  (VIOLATED)
   u0/u0/ch_adr1_r_reg[11]/D
                                9.74          14.36 f        -4.61  (VIOLATED)
   u0/u0/ch_adr1_r_reg[12]/D
                                9.74          14.36 f        -4.61  (VIOLATED)
   u0/u0/ch_adr1_r_reg[13]/D
                                9.74          14.36 f        -4.61  (VIOLATED)
   u0/u0/ch_adr1_r_reg[14]/D
                                9.74          14.36 f        -4.61  (VIOLATED)
   u0/u0/ch_adr1_r_reg[15]/D
                                9.74          14.36 f        -4.61  (VIOLATED)
   u0/u0/ch_adr1_r_reg[16]/D
                                9.74          14.36 f        -4.61  (VIOLATED)
   u0/u0/ch_adr1_r_reg[17]/D
                                9.74          14.36 f        -4.61  (VIOLATED)
   u0/u0/ch_adr1_r_reg[18]/D
                                9.74          14.36 f        -4.61  (VIOLATED)
   u0/u0/ch_adr1_r_reg[19]/D
                                9.74          14.36 f        -4.61  (VIOLATED)
   u0/u0/ch_adr1_r_reg[20]/D
                                9.74          14.36 f        -4.61  (VIOLATED)
   u0/u0/ch_adr1_r_reg[21]/D
                                9.74          14.36 f        -4.61  (VIOLATED)
   u0/u0/ch_adr1_r_reg[22]/D
                                9.74          14.36 f        -4.61  (VIOLATED)
   u0/u0/ch_adr1_r_reg[23]/D
                                9.74          14.36 f        -4.61  (VIOLATED)
   u0/u0/ch_adr1_r_reg[24]/D
                                9.74          14.36 f        -4.61  (VIOLATED)
   u0/u0/ch_adr1_r_reg[25]/D
                                9.74          14.36 f        -4.61  (VIOLATED)
   u0/u0/ch_adr1_r_reg[26]/D
                                9.74          14.36 f        -4.61  (VIOLATED)
   u0/u0/ch_adr1_r_reg[27]/D
                                9.74          14.36 f        -4.61  (VIOLATED)
   u0/u0/ch_adr1_r_reg[28]/D
                                9.74          14.36 f        -4.61  (VIOLATED)
   u0/u0/ch_adr1_r_reg[29]/D
                                9.74          14.36 f        -4.61  (VIOLATED)
   wb0_addr_o[1]                9.79          14.25 f        -4.46  (VIOLATED)
   wb0_addr_o[18]               9.79          14.24 f        -4.45  (VIOLATED)
   wb0_addr_o[22]               9.79          14.24 f        -4.45  (VIOLATED)
   wb0_addr_o[16]               9.79          14.24 f        -4.45  (VIOLATED)
   wb0_addr_o[25]               9.79          14.24 f        -4.45  (VIOLATED)
   wb1_stb_o                    9.79          14.21 f        -4.42  (VIOLATED)
   wb1_sel_o[1]                 9.79          14.20 f        -4.41  (VIOLATED)
   wb1_addr_o[2]                9.79          14.19 f        -4.40  (VIOLATED)
   wb1_addr_o[5]                9.79          14.19 f        -4.40  (VIOLATED)
   wb1_addr_o[14]               9.79          14.19 f        -4.40  (VIOLATED)
   wb1_addr_o[22]               9.79          14.19 f        -4.40  (VIOLATED)
   wb1_addr_o[29]               9.79          14.19 f        -4.40  (VIOLATED)
   wb1_addr_o[31]               9.79          14.19 f        -4.40  (VIOLATED)
   wb1_addr_o[18]               9.79          14.18 f        -4.39  (VIOLATED)
   wb1_addr_o[7]                9.79          14.17 r        -4.38  (VIOLATED)
   wb1_addr_o[9]                9.79          14.17 r        -4.38  (VIOLATED)
   wb1_addr_o[11]               9.79          14.17 r        -4.38  (VIOLATED)
   wb1_addr_o[19]               9.79          14.17 r        -4.38  (VIOLATED)
   wb1_addr_o[26]               9.79          14.17 r        -4.38  (VIOLATED)
   wb1_addr_o[28]               9.79          14.17 r        -4.38  (VIOLATED)
   wb1_addr_o[6]                9.79          14.17 f        -4.38  (VIOLATED)
   wb1_addr_o[8]                9.79          14.17 f        -4.38  (VIOLATED)
   wb1_addr_o[15]               9.79          14.17 f        -4.38  (VIOLATED)
   wb1_addr_o[21]               9.79          14.17 f        -4.38  (VIOLATED)
   wb1_cyc_o                    9.79          14.17 f        -4.38  (VIOLATED)
   u0/u0/ch_tot_sz_r_reg[0]/D
                                9.74          14.10 f        -4.36  (VIOLATED)
   u0/u0/ch_tot_sz_r_reg[1]/D
                                9.74          14.10 f        -4.36  (VIOLATED)
   u0/u0/ch_tot_sz_r_reg[2]/D
                                9.74          14.10 f        -4.36  (VIOLATED)
   u0/u0/ch_tot_sz_r_reg[3]/D
                                9.74          14.10 f        -4.36  (VIOLATED)
   u0/u0/ch_tot_sz_r_reg[4]/D
                                9.74          14.10 f        -4.36  (VIOLATED)
   u0/u0/ch_tot_sz_r_reg[5]/D
                                9.74          14.10 f        -4.36  (VIOLATED)
   u0/u0/ch_tot_sz_r_reg[6]/D
                                9.74          14.10 f        -4.36  (VIOLATED)
   u0/u0/ch_tot_sz_r_reg[7]/D
                                9.74          14.10 f        -4.36  (VIOLATED)
   u0/u0/ch_tot_sz_r_reg[8]/D
                                9.74          14.10 f        -4.36  (VIOLATED)
   u0/u0/ch_tot_sz_r_reg[9]/D
                                9.74          14.10 f        -4.36  (VIOLATED)
   u0/u0/ch_tot_sz_r_reg[10]/D
                                9.74          14.10 f        -4.36  (VIOLATED)
   u0/u0/ch_tot_sz_r_reg[11]/D
                                9.74          14.10 f        -4.36  (VIOLATED)
   wb1_addr_o[3]                9.79          14.15 f        -4.36  (VIOLATED)
   wb1_addr_o[4]                9.79          14.15 f        -4.36  (VIOLATED)
   wb1_addr_o[20]               9.79          14.15 f        -4.36  (VIOLATED)
   wb1_addr_o[24]               9.79          14.15 f        -4.36  (VIOLATED)
   wb1_addr_o[30]               9.79          14.15 f        -4.36  (VIOLATED)
   wb1_addr_o[10]               9.79          14.10 r        -4.31  (VIOLATED)
   wb1_addr_o[12]               9.79          14.10 r        -4.31  (VIOLATED)
   wb1_addr_o[13]               9.79          14.10 r        -4.31  (VIOLATED)
   wb1_addr_o[27]               9.79          14.10 r        -4.31  (VIOLATED)
   wb1_we_o                     9.79          14.08 r        -4.29  (VIOLATED)
   u0/u0/ch_csr_r3_reg[0]/D     9.74          14.00 f        -4.26  (VIOLATED)
   u0/u0/ch_csr_r3_reg[2]/D     9.74          14.00 f        -4.26  (VIOLATED)
   u0/u0/ch_csr_r_reg[7]/D      9.74          14.00 f        -4.26  (VIOLATED)
   u0/u0/ch_csr_r3_reg[1]/D     9.74          14.00 f        -4.26  (VIOLATED)
   u0/u0/ch_csr_r_reg[6]/D      9.74          14.00 f        -4.26  (VIOLATED)
   u0/u0/ch_csr_r_reg[8]/D      9.74          14.00 f        -4.26  (VIOLATED)
   u0/u0/ch_csr_r2_reg[2]/D     9.74          14.00 f        -4.26  (VIOLATED)
   u0/u0/ch_csr_r_reg[1]/D      9.74          13.98 f        -4.24  (VIOLATED)
   u0/u0/ch_csr_r_reg[3]/D      9.74          13.98 f        -4.24  (VIOLATED)
   u0/u0/ch_csr_r_reg[2]/D      9.74          13.98 f        -4.23  (VIOLATED)
   u0/u0/ch_csr_r_reg[4]/D      9.74          13.98 f        -4.23  (VIOLATED)
   wb1_sel_o[3]                 9.79          14.02 f        -4.23  (VIOLATED)
   wb1_addr_o[17]               9.79          14.01 f        -4.22  (VIOLATED)
   wb1_addr_o[25]               9.79          14.01 f        -4.22  (VIOLATED)
   u0/u0/ch_stop_reg/D          9.57          13.79 r        -4.22  (VIOLATED)
   wb1_sel_o[2]                 9.79          13.80 f        -4.01  (VIOLATED)
   wb1_addr_o[23]               9.79          13.78 f        -3.99  (VIOLATED)
   wb1_sel_o[0]                 9.79          13.77 f        -3.98  (VIOLATED)
   wb1_addr_o[16]               9.79          13.76 f        -3.97  (VIOLATED)
   u0/u0/ch_csr_r2_reg[0]/D     9.74          13.48 f        -3.74  (VIOLATED)
   u0/u0/ch_csr_r2_reg[1]/D     9.74          13.48 f        -3.74  (VIOLATED)
   u0/u0/ch_csr_r_reg[5]/D      9.74          13.48 f        -3.74  (VIOLATED)
   u0/u0/rest_en_reg/D          9.74          13.48 f        -3.74  (VIOLATED)
   u1/next_start_reg/RSTB       9.69          13.29 f        -3.60  (VIOLATED)
   u1/u1/state_reg[4]/D         9.73          13.18 r        -3.45  (VIOLATED)
   u1/u2/state_reg[4]/D         9.74          13.17 r        -3.44  (VIOLATED)
   u1/u1/state_reg[2]/D         9.73          13.15 r        -3.42  (VIOLATED)
   u1/u2/state_reg[2]/D         9.74          13.15 r        -3.41  (VIOLATED)
   u1/u1/state_reg[1]/D         9.73          13.13 r        -3.40  (VIOLATED)
   u1/u2/state_reg[1]/D         9.73          13.12 r        -3.39  (VIOLATED)
   u1/u2/state_reg[0]/D         9.74          13.11 r        -3.38  (VIOLATED)
   u1/u1/state_reg[0]/D         9.74          13.11 r        -3.37  (VIOLATED)
   u1/u1/state_reg[3]/D         9.73          13.09 r        -3.36  (VIOLATED)
   u1/u2/state_reg[3]/D         9.74          13.08 r        -3.34  (VIOLATED)
   u0/int_maska_r_reg[11]/D     9.73          12.22 r        -2.49  (VIOLATED)
   u0/int_maska_r_reg[12]/D     9.73          12.21 r        -2.48  (VIOLATED)
   u0/int_maska_r_reg[15]/D     9.73          12.21 r        -2.48  (VIOLATED)
   u0/int_maska_r_reg[16]/D     9.73          12.21 r        -2.48  (VIOLATED)
   u0/int_maska_r_reg[20]/D     9.73          12.21 r        -2.48  (VIOLATED)
   u0/int_maska_r_reg[13]/D     9.73          12.21 r        -2.48  (VIOLATED)
   u0/int_maska_r_reg[18]/D     9.73          12.21 r        -2.48  (VIOLATED)
   u0/int_maska_r_reg[21]/D     9.73          12.21 r        -2.48  (VIOLATED)
   u0/int_maska_r_reg[22]/D     9.73          12.21 r        -2.48  (VIOLATED)
   u0/int_maska_r_reg[14]/D     9.73          12.21 r        -2.48  (VIOLATED)
   u0/int_maska_r_reg[17]/D     9.73          12.21 r        -2.48  (VIOLATED)
   u0/int_maska_r_reg[19]/D     9.73          12.21 r        -2.48  (VIOLATED)
   u0/int_maska_r_reg[23]/D     9.73          12.21 r        -2.48  (VIOLATED)
   u0/int_maska_r_reg[5]/D      9.73          12.21 r        -2.47  (VIOLATED)
   u0/int_maska_r_reg[6]/D      9.73          12.21 r        -2.47  (VIOLATED)
   u0/int_maska_r_reg[9]/D      9.73          12.21 r        -2.47  (VIOLATED)
   u0/int_maska_r_reg[0]/D      9.73          12.21 r        -2.47  (VIOLATED)
   u0/int_maska_r_reg[1]/D      9.73          12.21 r        -2.47  (VIOLATED)
   u0/int_maska_r_reg[2]/D      9.73          12.21 r        -2.47  (VIOLATED)
   u0/int_maska_r_reg[3]/D      9.73          12.21 r        -2.47  (VIOLATED)
   u0/int_maska_r_reg[7]/D      9.73          12.21 r        -2.47  (VIOLATED)
   u0/int_maska_r_reg[4]/D      9.73          12.21 r        -2.47  (VIOLATED)
   u0/int_maska_r_reg[8]/D      9.73          12.21 r        -2.47  (VIOLATED)
   u0/int_maska_r_reg[10]/D     9.73          12.21 r        -2.47  (VIOLATED)
   u0/wb_rf_dout_reg[10]/D      9.74          12.19 r        -2.45  (VIOLATED)
   u0/wb_rf_dout_reg[8]/D       9.74          12.19 r        -2.45  (VIOLATED)
   u0/wb_rf_dout_reg[9]/D       9.74          12.19 r        -2.45  (VIOLATED)
   u0/wb_rf_dout_reg[11]/D      9.74          12.19 r        -2.45  (VIOLATED)
   u0/wb_rf_dout_reg[15]/D      9.74          12.19 r        -2.45  (VIOLATED)
   u0/wb_rf_dout_reg[16]/D      9.74          12.19 r        -2.45  (VIOLATED)
   u0/wb_rf_dout_reg[4]/D       9.74          12.19 r        -2.45  (VIOLATED)
   u0/wb_rf_dout_reg[5]/D       9.74          12.19 r        -2.45  (VIOLATED)
   u0/wb_rf_dout_reg[6]/D       9.74          12.19 r        -2.45  (VIOLATED)
   u0/wb_rf_dout_reg[7]/D       9.74          12.19 r        -2.45  (VIOLATED)
   u0/wb_rf_dout_reg[1]/D       9.74          12.10 r        -2.36  (VIOLATED)
   u0/wb_rf_dout_reg[0]/D       9.74          12.10 r        -2.36  (VIOLATED)
   u0/wb_rf_dout_reg[2]/D       9.74          12.10 r        -2.36  (VIOLATED)
   u0/wb_rf_dout_reg[3]/D       9.74          12.10 r        -2.36  (VIOLATED)
   u0/wb_rf_dout_reg[13]/D      9.74          12.01 r        -2.28  (VIOLATED)
   u0/wb_rf_dout_reg[12]/D      9.74          12.01 r        -2.28  (VIOLATED)
   u0/wb_rf_dout_reg[14]/D      9.74          12.01 r        -2.28  (VIOLATED)
   u0/wb_rf_dout_reg[17]/D      9.74          12.01 r        -2.27  (VIOLATED)
   u0/wb_rf_dout_reg[18]/D      9.74          12.01 r        -2.27  (VIOLATED)
   u0/wb_rf_dout_reg[19]/D      9.74          11.62 r        -1.88  (VIOLATED)
   u0/wb_rf_dout_reg[27]/D      9.74          11.61 r        -1.87  (VIOLATED)
   u0/wb_rf_dout_reg[28]/D      9.74          11.61 r        -1.87  (VIOLATED)
   u0/wb_rf_dout_reg[29]/D      9.74          11.61 r        -1.87  (VIOLATED)
   u0/wb_rf_dout_reg[30]/D      9.74          11.61 r        -1.87  (VIOLATED)
   u0/int_maska_r_reg[27]/D     9.73          11.60 r        -1.87  (VIOLATED)
   u0/int_maska_r_reg[29]/D     9.73          11.60 r        -1.87  (VIOLATED)
   u0/int_maska_r_reg[30]/D     9.73          11.60 r        -1.87  (VIOLATED)
   u0/int_maska_r_reg[25]/D     9.73          11.60 r        -1.87  (VIOLATED)
   u0/int_maska_r_reg[26]/D     9.73          11.60 r        -1.87  (VIOLATED)
   u0/int_maska_r_reg[24]/D     9.73          11.60 r        -1.87  (VIOLATED)
   u0/int_maska_r_reg[28]/D     9.73          11.60 r        -1.87  (VIOLATED)
   u0/wb_rf_dout_reg[20]/D      9.74          11.60 r        -1.86  (VIOLATED)
   u0/wb_rf_dout_reg[21]/D      9.74          11.60 r        -1.86  (VIOLATED)
   u0/wb_rf_dout_reg[22]/D      9.74          11.60 r        -1.86  (VIOLATED)
   u0/wb_rf_dout_reg[23]/D      9.74          11.60 r        -1.86  (VIOLATED)
   u0/wb_rf_dout_reg[24]/D      9.74          11.60 r        -1.86  (VIOLATED)
   u0/wb_rf_dout_reg[25]/D      9.74          11.60 r        -1.86  (VIOLATED)
   u0/wb_rf_dout_reg[26]/D      9.74          11.60 r        -1.86  (VIOLATED)
   u0/wb_rf_dout_reg[31]/D      9.74          11.53 r        -1.79  (VIOLATED)
   u3/u0/mast_dout_reg[5]/D     9.74          11.52 r        -1.79  (VIOLATED)
   u3/u0/mast_dout_reg[6]/D     9.74          11.52 r        -1.79  (VIOLATED)
   u3/u0/mast_dout_reg[27]/D
                                9.74          11.52 r        -1.79  (VIOLATED)
   u3/u0/mast_dout_reg[28]/D
                                9.74          11.52 r        -1.79  (VIOLATED)
   u3/u0/mast_dout_reg[29]/D
                                9.74          11.52 r        -1.79  (VIOLATED)
   u3/u0/mast_dout_reg[30]/D
                                9.74          11.52 r        -1.79  (VIOLATED)
   u3/u0/mast_dout_reg[31]/D
                                9.74          11.52 r        -1.79  (VIOLATED)
   u3/u0/mast_dout_reg[15]/D
                                9.74          11.51 r        -1.77  (VIOLATED)
   u3/u0/mast_dout_reg[20]/D
                                9.74          11.51 r        -1.77  (VIOLATED)
   u3/u0/mast_dout_reg[21]/D
                                9.74          11.51 r        -1.77  (VIOLATED)
   u3/u0/mast_dout_reg[16]/D
                                9.74          11.51 r        -1.77  (VIOLATED)
   u3/u0/mast_dout_reg[17]/D
                                9.74          11.51 r        -1.77  (VIOLATED)
   u3/u0/mast_dout_reg[18]/D
                                9.74          11.51 r        -1.77  (VIOLATED)
   u3/u0/mast_dout_reg[19]/D
                                9.74          11.51 r        -1.77  (VIOLATED)
   u0/u0/ch_adr0_r_reg[0]/D     9.74          11.42 f        -1.68  (VIOLATED)
   u0/u0/ch_adr0_r_reg[1]/D     9.74          11.42 f        -1.68  (VIOLATED)
   u0/u0/ch_adr0_r_reg[2]/D     9.74          11.42 f        -1.68  (VIOLATED)
   u0/u0/ch_adr0_r_reg[3]/D     9.74          11.42 f        -1.68  (VIOLATED)
   u0/u0/ch_adr0_r_reg[4]/D     9.74          11.42 f        -1.68  (VIOLATED)
   u0/u0/ch_adr0_r_reg[5]/D     9.74          11.42 f        -1.68  (VIOLATED)
   u0/u0/ch_adr1_r_reg[0]/D     9.74          11.42 f        -1.68  (VIOLATED)
   u0/u0/ch_adr1_r_reg[1]/D     9.74          11.42 f        -1.68  (VIOLATED)
   u0/u0/ch_adr1_r_reg[2]/D     9.74          11.42 f        -1.68  (VIOLATED)
   u0/u0/ch_adr1_r_reg[3]/D     9.74          11.42 f        -1.68  (VIOLATED)
   u0/u0/ch_adr1_r_reg[4]/D     9.74          11.42 f        -1.68  (VIOLATED)
   u0/u0/ch_adr1_r_reg[5]/D     9.74          11.42 f        -1.68  (VIOLATED)
   u0/int_maskb_r_reg[11]/D     9.74          11.24 f        -1.50  (VIOLATED)
   u0/int_maskb_r_reg[12]/D     9.74          11.23 f        -1.49  (VIOLATED)
   u0/int_maskb_r_reg[13]/D     9.74          11.23 f        -1.49  (VIOLATED)
   u0/int_maskb_r_reg[14]/D     9.74          11.23 f        -1.49  (VIOLATED)
   u0/int_maskb_r_reg[15]/D     9.74          11.23 f        -1.49  (VIOLATED)
   u0/int_maskb_r_reg[16]/D     9.74          11.23 f        -1.49  (VIOLATED)
   u0/int_maskb_r_reg[17]/D     9.74          11.23 f        -1.49  (VIOLATED)
   u0/int_maskb_r_reg[18]/D     9.74          11.23 f        -1.49  (VIOLATED)
   u0/int_maskb_r_reg[19]/D     9.74          11.23 f        -1.49  (VIOLATED)
   u0/int_maskb_r_reg[20]/D     9.74          11.23 f        -1.49  (VIOLATED)
   u0/int_maskb_r_reg[21]/D     9.74          11.23 f        -1.49  (VIOLATED)
   u0/int_maskb_r_reg[22]/D     9.74          11.23 f        -1.49  (VIOLATED)
   u0/int_maskb_r_reg[23]/D     9.74          11.23 f        -1.49  (VIOLATED)
   u0/int_maskb_r_reg[0]/D      9.74          11.23 f        -1.49  (VIOLATED)
   u0/int_maskb_r_reg[1]/D      9.74          11.23 f        -1.49  (VIOLATED)
   u0/int_maskb_r_reg[2]/D      9.74          11.23 f        -1.49  (VIOLATED)
   u0/int_maskb_r_reg[3]/D      9.74          11.23 f        -1.49  (VIOLATED)
   u0/int_maskb_r_reg[4]/D      9.74          11.23 f        -1.49  (VIOLATED)
   u0/int_maskb_r_reg[5]/D      9.74          11.23 f        -1.49  (VIOLATED)
   u0/int_maskb_r_reg[6]/D      9.74          11.23 f        -1.49  (VIOLATED)
   u0/int_maskb_r_reg[7]/D      9.74          11.23 f        -1.49  (VIOLATED)
   u0/int_maskb_r_reg[8]/D      9.74          11.23 f        -1.49  (VIOLATED)
   u0/int_maskb_r_reg[9]/D      9.74          11.23 f        -1.49  (VIOLATED)
   u0/int_maskb_r_reg[10]/D     9.74          11.23 f        -1.49  (VIOLATED)
   u0/u0/ch_chk_sz_r_reg[0]/D
                                9.75          10.46 f        -0.71  (VIOLATED)
   u0/u0/ch_chk_sz_r_reg[1]/D
                                9.75          10.46 f        -0.71  (VIOLATED)
   u0/u0/ch_chk_sz_r_reg[2]/D
                                9.75          10.46 f        -0.71  (VIOLATED)
   u0/u0/ch_chk_sz_r_reg[3]/D
                                9.75          10.46 f        -0.71  (VIOLATED)
   u0/u0/ch_chk_sz_r_reg[4]/D
                                9.75          10.46 f        -0.71  (VIOLATED)
   u0/u0/ch_chk_sz_r_reg[5]/D
                                9.75          10.46 f        -0.71  (VIOLATED)
   u0/u0/ch_chk_sz_r_reg[6]/D
                                9.75          10.46 f        -0.71  (VIOLATED)
   u0/u0/ch_chk_sz_r_reg[7]/D
                                9.75          10.46 f        -0.71  (VIOLATED)
   u0/u0/ch_chk_sz_r_reg[8]/D
                                9.75          10.46 f        -0.71  (VIOLATED)
   u0/u0/ch_chk_sz_r_reg[9]/D
                                9.75          10.46 f        -0.71  (VIOLATED)
   u0/u0/ch_chk_sz_r_reg[10]/D
                                9.75          10.46 f        -0.71  (VIOLATED)
   u0/u0/ch_sz_inf_reg/D        9.75          10.46 f        -0.71  (VIOLATED)
   u4/u0/mast_dout_reg[0]/D     9.73          10.35 r        -0.62  (VIOLATED)
   u4/u0/mast_dout_reg[3]/D     9.73          10.35 r        -0.62  (VIOLATED)
   u4/u0/mast_dout_reg[6]/D     9.73          10.35 r        -0.62  (VIOLATED)
   u4/u0/mast_dout_reg[27]/D
                                9.73          10.35 r        -0.62  (VIOLATED)
   wb1_addr_o[0]                9.79          10.40 r        -0.61  (VIOLATED)
   wb1_addr_o[1]                9.79          10.40 r        -0.61  (VIOLATED)
   u4/u0/mast_dout_reg[1]/D     9.73          10.34 r        -0.60  (VIOLATED)
   u4/u0/mast_dout_reg[4]/D     9.73          10.34 r        -0.60  (VIOLATED)
   u4/u0/mast_dout_reg[28]/D
                                9.73          10.34 r        -0.60  (VIOLATED)
   u4/u0/mast_dout_reg[29]/D
                                9.73          10.34 r        -0.60  (VIOLATED)
   u4/u0/mast_dout_reg[31]/D
                                9.73          10.34 r        -0.60  (VIOLATED)
   u4/u0/mast_dout_reg[9]/D     9.74          10.34 r        -0.60  (VIOLATED)
   u4/u0/mast_dout_reg[10]/D
                                9.74          10.34 r        -0.60  (VIOLATED)
   u4/u0/mast_dout_reg[12]/D
                                9.74          10.34 r        -0.60  (VIOLATED)
   u4/u0/mast_dout_reg[15]/D
                                9.74          10.34 r        -0.60  (VIOLATED)
   u4/u0/mast_dout_reg[19]/D
                                9.74          10.34 r        -0.60  (VIOLATED)
   u4/u0/mast_dout_reg[22]/D
                                9.74          10.34 r        -0.60  (VIOLATED)
   u4/u0/mast_dout_reg[25]/D
                                9.74          10.34 r        -0.60  (VIOLATED)
   u0/u0/ch_err_reg/D           9.74          10.33 f        -0.59  (VIOLATED)
   u0/u0/int_src_r_reg[0]/D     9.74          10.33 f        -0.59  (VIOLATED)
   u4/u0/mast_dout_reg[8]/D     9.74          10.32 r        -0.59  (VIOLATED)
   u4/u0/mast_dout_reg[14]/D
                                9.74          10.32 r        -0.59  (VIOLATED)
   u4/u0/mast_dout_reg[17]/D
                                9.74          10.32 r        -0.59  (VIOLATED)
   u4/u0/mast_dout_reg[18]/D
                                9.74          10.32 r        -0.59  (VIOLATED)
   u4/u0/mast_dout_reg[21]/D
                                9.74          10.32 r        -0.59  (VIOLATED)
   u4/u0/mast_dout_reg[26]/D
                                9.74          10.32 r        -0.59  (VIOLATED)
   u0/u0/ch_busy_reg/RSTB       9.68          10.24 f        -0.56  (VIOLATED)
   u2/mast0_drdy_r_reg/D        9.74          10.01 r        -0.27  (VIOLATED)


   min_delay/hold ('clk' group)

                             Required        Actual
   Endpoint                 Path Delay     Path Delay        Slack
   -----------------------------------------------------------------
   wb0_rty_o                    0.19           0.11 f        -0.08  (VIOLATED)
   wb1_rty_o                    0.19           0.11 f        -0.08  (VIOLATED)
   inta_o                       0.19           0.14 r        -0.05  (VIOLATED)
   u3/u1/rf_ack_reg/SETB        0.16           0.12 r        -0.04  (VIOLATED)
   u4/u1/rf_ack_reg/SETB        0.16           0.12 r        -0.04  (VIOLATED)
   intb_o                       0.19           0.15 r        -0.04  (VIOLATED)
   wb0_sel_o[0]                 0.19           0.17 r        -0.02  (VIOLATED)
   wb0_sel_o[1]                 0.19           0.17 r        -0.02  (VIOLATED)
   wb0_sel_o[2]                 0.19           0.17 r        -0.02  (VIOLATED)
   wb0_sel_o[3]                 0.19           0.17 r        -0.02  (VIOLATED)
   wb1_sel_o[0]                 0.19           0.17 r        -0.02  (VIOLATED)
   wb1_sel_o[1]                 0.19           0.17 r        -0.02  (VIOLATED)
   wb1_sel_o[2]                 0.19           0.17 r        -0.02  (VIOLATED)
   wb1_sel_o[3]                 0.19           0.17 r        -0.02  (VIOLATED)


   max_area

                             Required        Actual
   Design                      Area           Area           Slack
   -----------------------------------------------------------------
   wb_dma_top                   0.00       87138.52       -87138.52 (VIOLATED)


1
