 
****************************************
Report : area
Design : wb_dma_top
Version: W-2024.09-SP4-1
Date   : Tue May 13 12:31:55 2025
****************************************

Library(s) Used:

    saed32rvt_ss0p95v125c (File: /mnt/class_data/ecec574-w2019/PDKs/_archived/SAED32nm_new/SAED32_EDK/lib/stdcell_rvt/db_ccs/saed32rvt_ss0p95v125c.db)

Number of ports:                          432
Number of nets:                          2362
Number of cells:                         2072
Number of combinational cells:           1549
Number of sequential cells:               519
Number of macros/black boxes:               0
Number of buf/inv:                        287
Number of references:                      37

Combinational area:               3549.629295
Buf/Inv area:                      440.431563
Noncombinational area:            3486.855781
Macro/Black Box area:                0.000000
Net Interconnect area:            1633.042139

Total cell area:                  7036.485076
Total area:                       8669.527215
1
