Information: Propagating switching activity (low effort zero delay simulation). (PWR-6)
Warning: Design has unannotated primary inputs. (PWR-414)
Warning: Design has unannotated sequential cell outputs. (PWR-415)
 
****************************************
Report : power
        -analysis_effort low
Design : pci_bridge32
Version: W-2024.09-SP2
Date   : Tue May  6 09:30:34 2025
****************************************


Library(s) Used:

    saed32rvt_ss0p95v25c (File: /mnt/class_data/ecec574-w2019/PDKs/_archived/SAED32nm_new/SAED32_EDK/lib/stdcell_rvt/db_ccs/saed32rvt_ss0p95v25c.db)


Operating Conditions: ss0p95v125c   Library: saed32rvt_ss0p95v125c
Wire Load Model Mode: enclosed

Design        Wire Load Model            Library
------------------------------------------------
pci_bridge32           ForQA             saed32rvt_ss0p95v125c


Global Operating Voltage = 0.95 
Power-specific unit information :
    Voltage Units = 1V
    Capacitance Units = 1.000000ff
    Time Units = 1ns
    Dynamic Power Units = 1uW    (derived from V,C,T units)
    Leakage Power Units = 1pW


Attributes
----------
i - Including register clock pin internal power


  Cell Internal Power  = 621.0836 uW   (97%)
  Net Switching Power  =  22.1858 uW    (3%)
                         ---------
Total Dynamic Power    = 643.2694 uW  (100%)

Cell Leakage Power     =   1.0465 mW


                 Internal         Switching           Leakage            Total
Power Group      Power            Power               Power              Power   (   %    )  Attrs
--------------------------------------------------------------------------------------------------
io_pad             0.0000            0.0000            0.0000            0.0000  (   0.00%)
memory             0.0000            0.0000            0.0000            0.0000  (   0.00%)
black_box          0.0000            0.0000            0.0000            0.0000  (   0.00%)
clock_network    881.4515            0.0000            0.0000          881.4515  (  52.16%)  i
register       -3.0045e+02            1.5030        2.4483e+08        -5.4115e+01
                                                                                 (  -3.20%)
sequential        37.0147            0.2491        2.9500e+08          332.2676  (  19.66%)
combinational      3.0665           20.4337        5.0668e+08          530.1757  (  31.38%)
--------------------------------------------------------------------------------------------------
Total            621.0862 uW        22.1858 uW     1.0465e+09 pW     1.6898e+03 uW
1
