 
****************************************
Report : cell
Design : pci_bridge32
Version: W-2024.09-SP2
Date   : Tue May  6 09:30:35 2025
****************************************

Attributes:
    b - black box (unknown)
    h - hierarchical
    n - noncombinational
    r - removable
    u - contains unmapped logic

Cell                      Reference       Library             Area  Attributes
--------------------------------------------------------------------------------
U1                        NBUFFX2_RVT     saed32rvt_ss0p95v25c
                                                          2.033152  
U2                        NBUFFX2_RVT     saed32rvt_ss0p95v25c
                                                          2.033152  
U3                        NBUFFX2_RVT     saed32rvt_ss0p95v25c
                                                          2.033152  
U4                        NBUFFX2_RVT     saed32rvt_ss0p95v25c
                                                          2.033152  
U5                        NBUFFX2_RVT     saed32rvt_ss0p95v25c
                                                          2.033152  
U6                        NBUFFX2_RVT     saed32rvt_ss0p95v25c
                                                          2.033152  
U7                        NBUFFX2_RVT     saed32rvt_ss0p95v25c
                                                          2.033152  
U8                        NBUFFX2_RVT     saed32rvt_ss0p95v25c
                                                          2.033152  
U9                        NBUFFX2_RVT     saed32rvt_ss0p95v25c
                                                          2.033152  
U10                       NBUFFX2_RVT     saed32rvt_ss0p95v25c
                                                          2.033152  
U11                       NBUFFX2_RVT     saed32rvt_ss0p95v25c
                                                          2.033152  
U12                       NBUFFX2_RVT     saed32rvt_ss0p95v25c
                                                          2.033152  
U13                       NBUFFX2_RVT     saed32rvt_ss0p95v25c
                                                          2.033152  
U14                       NBUFFX2_RVT     saed32rvt_ss0p95v25c
                                                          2.033152  
U15                       NBUFFX2_RVT     saed32rvt_ss0p95v25c
                                                          2.033152  
U16                       NBUFFX2_RVT     saed32rvt_ss0p95v25c
                                                          2.033152  
U17                       NBUFFX2_RVT     saed32rvt_ss0p95v25c
                                                          2.033152  
U18                       INVX1_RVT       saed32rvt_ss0p95v25c
                                                          1.270720  
U19                       INVX1_RVT       saed32rvt_ss0p95v25c
                                                          1.270720  
U20                       DELLN1X2_RVT    saed32rvt_ss0p95v25c
                                                          5.082880  
U21                       NBUFFX2_RVT     saed32rvt_ss0p95v25c
                                                          2.033152  
U22                       INVX1_RVT       saed32rvt_ss0p95v25c
                                                          1.270720  
U23                       AO22X1_RVT      saed32rvt_ss0p95v25c
                                                          2.541440  
U24                       AO22X1_RVT      saed32rvt_ss0p95v25c
                                                          2.541440  
U25                       AO22X1_RVT      saed32rvt_ss0p95v25c
                                                          2.541440  
U26                       INVX1_RVT       saed32rvt_ss0p95v25c
                                                          1.270720  
U27                       AO22X1_RVT      saed32rvt_ss0p95v25c
                                                          2.541440  
U28                       INVX1_RVT       saed32rvt_ss0p95v25c
                                                          1.270720  
U29                       AO22X1_RVT      saed32rvt_ss0p95v25c
                                                          2.541440  
U30                       AO22X1_RVT      saed32rvt_ss0p95v25c
                                                          2.541440  
U31                       INVX1_RVT       saed32rvt_ss0p95v25c
                                                          1.270720  
U32                       AO22X1_RVT      saed32rvt_ss0p95v25c
                                                          2.541440  
U33                       AO22X1_RVT      saed32rvt_ss0p95v25c
                                                          2.541440  
U34                       AO22X1_RVT      saed32rvt_ss0p95v25c
                                                          2.541440  
U35                       AO22X1_RVT      saed32rvt_ss0p95v25c
                                                          2.541440  
U36                       AO22X1_RVT      saed32rvt_ss0p95v25c
                                                          2.541440  
U37                       INVX1_RVT       saed32rvt_ss0p95v25c
                                                          1.270720  
U38                       NBUFFX2_RVT     saed32rvt_ss0p95v25c
                                                          2.033152  
U39                       NBUFFX2_RVT     saed32rvt_ss0p95v25c
                                                          2.033152  
U40                       NBUFFX2_RVT     saed32rvt_ss0p95v25c
                                                          2.033152  
U41                       NBUFFX2_RVT     saed32rvt_ss0p95v25c
                                                          2.033152  
U42                       NBUFFX2_RVT     saed32rvt_ss0p95v25c
                                                          2.033152  
U43                       NBUFFX2_RVT     saed32rvt_ss0p95v25c
                                                          2.033152  
U44                       NBUFFX2_RVT     saed32rvt_ss0p95v25c
                                                          2.033152  
U45                       NBUFFX2_RVT     saed32rvt_ss0p95v25c
                                                          2.033152  
U46                       NBUFFX2_RVT     saed32rvt_ss0p95v25c
                                                          2.033152  
U47                       NBUFFX2_RVT     saed32rvt_ss0p95v25c
                                                          2.033152  
U48                       NBUFFX2_RVT     saed32rvt_ss0p95v25c
                                                          2.033152  
U49                       NBUFFX2_RVT     saed32rvt_ss0p95v25c
                                                          2.033152  
U50                       NBUFFX2_RVT     saed32rvt_ss0p95v25c
                                                          2.033152  
U51                       NBUFFX2_RVT     saed32rvt_ss0p95v25c
                                                          2.033152  
U52                       NBUFFX2_RVT     saed32rvt_ss0p95v25c
                                                          2.033152  
U53                       NBUFFX2_RVT     saed32rvt_ss0p95v25c
                                                          2.033152  
U54                       NBUFFX2_RVT     saed32rvt_ss0p95v25c
                                                          2.033152  
U55                       NBUFFX2_RVT     saed32rvt_ss0p95v25c
                                                          2.033152  
U56                       NBUFFX2_RVT     saed32rvt_ss0p95v25c
                                                          2.033152  
U57                       NBUFFX2_RVT     saed32rvt_ss0p95v25c
                                                          2.033152  
U58                       NBUFFX2_RVT     saed32rvt_ss0p95v25c
                                                          2.033152  
U59                       NBUFFX2_RVT     saed32rvt_ss0p95v25c
                                                          2.033152  
U60                       NBUFFX2_RVT     saed32rvt_ss0p95v25c
                                                          2.033152  
U61                       NBUFFX2_RVT     saed32rvt_ss0p95v25c
                                                          2.033152  
U62                       NBUFFX2_RVT     saed32rvt_ss0p95v25c
                                                          2.033152  
U63                       NBUFFX2_RVT     saed32rvt_ss0p95v25c
                                                          2.033152  
U64                       NBUFFX2_RVT     saed32rvt_ss0p95v25c
                                                          2.033152  
U65                       NBUFFX2_RVT     saed32rvt_ss0p95v25c
                                                          2.033152  
U66                       NBUFFX2_RVT     saed32rvt_ss0p95v25c
                                                          2.033152  
U67                       NBUFFX2_RVT     saed32rvt_ss0p95v25c
                                                          2.033152  
U68                       NBUFFX2_RVT     saed32rvt_ss0p95v25c
                                                          2.033152  
U69                       NBUFFX2_RVT     saed32rvt_ss0p95v25c
                                                          2.033152  
U70                       NBUFFX2_RVT     saed32rvt_ss0p95v25c
                                                          2.033152  
U71                       NBUFFX2_RVT     saed32rvt_ss0p95v25c
                                                          2.033152  
U72                       NBUFFX2_RVT     saed32rvt_ss0p95v25c
                                                          2.033152  
U73                       INVX0_RVT       saed32rvt_ss0p95v25c
                                                          1.270720  
U74                       NBUFFX2_RVT     saed32rvt_ss0p95v25c
                                                          2.033152  
U75                       INVX2_RVT       saed32rvt_ss0p95v25c
                                                          1.524864  
U76                       INVX0_RVT       saed32rvt_ss0p95v25c
                                                          1.270720  
U77                       NBUFFX2_RVT     saed32rvt_ss0p95v25c
                                                          2.033152  
U78                       INVX0_RVT       saed32rvt_ss0p95v25c
                                                          1.270720  
U79                       NBUFFX2_RVT     saed32rvt_ss0p95v25c
                                                          2.033152  
U80                       INVX4_RVT       saed32rvt_ss0p95v25c
                                                          2.033152  
configuration             pci_conf_space                  4120.690864
                                                                    h, n
i_pci_wbs_wbb3_2_wbb2     pci_wbs_wbb3_2_wbb2             1251.405078
                                                                    h, n
input_register            pci_in_reg                      422.387334
                                                                    h, n
output_backup             pci_cur_out_reg                 509.558730
                                                                    h, n
parity_checker            pci_parity_check                364.442491
                                                                    h, n
pci_io_mux                pci_io_mux                      1102.984969
                                                                    h, n
pci_resets_and_interrupts pci_rst_int                     24.397824 h, n
pci_target_unit           pci_target_unit                 14251.379189
                                                                    h, n
wishbone_slave_unit       pci_wb_slave_unit               20796.858061
                                                                    h, n
--------------------------------------------------------------------------------
Total 89 cells                                            43007.264994
1
