 
****************************************
Report : cell
Design : des3_area
Version: W-2024.09-SP4-1
Date   : Tue May 13 10:15:45 2025
****************************************

Attributes:
    b - black box (unknown)
    h - hierarchical
    n - noncombinational
    r - removable
    u - contains unmapped logic

Cell                      Reference       Library             Area  Attributes
--------------------------------------------------------------------------------
FP_R_reg[1]               DFFX1_RVT       saed32rvt_ss0p95v25c
                                                          6.607744  n
FP_R_reg[2]               DFFX1_RVT       saed32rvt_ss0p95v25c
                                                          6.607744  n
FP_R_reg[3]               DFFX1_RVT       saed32rvt_ss0p95v25c
                                                          6.607744  n
FP_R_reg[4]               DFFX1_RVT       saed32rvt_ss0p95v25c
                                                          6.607744  n
FP_R_reg[5]               DFFX1_RVT       saed32rvt_ss0p95v25c
                                                          6.607744  n
FP_R_reg[6]               DFFX1_RVT       saed32rvt_ss0p95v25c
                                                          6.607744  n
FP_R_reg[7]               DFFX1_RVT       saed32rvt_ss0p95v25c
                                                          6.607744  n
FP_R_reg[8]               DFFX1_RVT       saed32rvt_ss0p95v25c
                                                          6.607744  n
FP_R_reg[9]               DFFX1_RVT       saed32rvt_ss0p95v25c
                                                          6.607744  n
FP_R_reg[10]              DFFX1_RVT       saed32rvt_ss0p95v25c
                                                          6.607744  n
FP_R_reg[11]              DFFX1_RVT       saed32rvt_ss0p95v25c
                                                          6.607744  n
FP_R_reg[12]              DFFX1_RVT       saed32rvt_ss0p95v25c
                                                          6.607744  n
FP_R_reg[13]              DFFX1_RVT       saed32rvt_ss0p95v25c
                                                          6.607744  n
FP_R_reg[14]              DFFX1_RVT       saed32rvt_ss0p95v25c
                                                          6.607744  n
FP_R_reg[15]              DFFX1_RVT       saed32rvt_ss0p95v25c
                                                          6.607744  n
FP_R_reg[16]              DFFX1_RVT       saed32rvt_ss0p95v25c
                                                          6.607744  n
FP_R_reg[17]              DFFX1_RVT       saed32rvt_ss0p95v25c
                                                          6.607744  n
FP_R_reg[18]              DFFX1_RVT       saed32rvt_ss0p95v25c
                                                          6.607744  n
FP_R_reg[19]              DFFX1_RVT       saed32rvt_ss0p95v25c
                                                          6.607744  n
FP_R_reg[20]              DFFX1_RVT       saed32rvt_ss0p95v25c
                                                          6.607744  n
FP_R_reg[21]              DFFX1_RVT       saed32rvt_ss0p95v25c
                                                          6.607744  n
FP_R_reg[22]              DFFX1_RVT       saed32rvt_ss0p95v25c
                                                          6.607744  n
FP_R_reg[23]              DFFX1_RVT       saed32rvt_ss0p95v25c
                                                          6.607744  n
FP_R_reg[24]              DFFX1_RVT       saed32rvt_ss0p95v25c
                                                          6.607744  n
FP_R_reg[25]              DFFX1_RVT       saed32rvt_ss0p95v25c
                                                          6.607744  n
FP_R_reg[26]              DFFX1_RVT       saed32rvt_ss0p95v25c
                                                          6.607744  n
FP_R_reg[27]              DFFX1_RVT       saed32rvt_ss0p95v25c
                                                          6.607744  n
FP_R_reg[28]              DFFX1_RVT       saed32rvt_ss0p95v25c
                                                          6.607744  n
FP_R_reg[29]              DFFX1_RVT       saed32rvt_ss0p95v25c
                                                          6.607744  n
FP_R_reg[30]              DFFX1_RVT       saed32rvt_ss0p95v25c
                                                          6.607744  n
FP_R_reg[31]              DFFX1_RVT       saed32rvt_ss0p95v25c
                                                          6.607744  n
FP_R_reg[32]              DFFX1_RVT       saed32rvt_ss0p95v25c
                                                          6.607744  n
FP_R_reg[33]              DFFX1_RVT       saed32rvt_ss0p95v25c
                                                          6.607744  n
FP_R_reg[34]              DFFX1_RVT       saed32rvt_ss0p95v25c
                                                          6.607744  n
FP_R_reg[35]              DFFX1_RVT       saed32rvt_ss0p95v25c
                                                          6.607744  n
FP_R_reg[36]              DFFX1_RVT       saed32rvt_ss0p95v25c
                                                          6.607744  n
FP_R_reg[37]              DFFX1_RVT       saed32rvt_ss0p95v25c
                                                          6.607744  n
FP_R_reg[38]              DFFX1_RVT       saed32rvt_ss0p95v25c
                                                          6.607744  n
FP_R_reg[39]              DFFX1_RVT       saed32rvt_ss0p95v25c
                                                          6.607744  n
FP_R_reg[40]              DFFX1_RVT       saed32rvt_ss0p95v25c
                                                          6.607744  n
FP_R_reg[41]              DFFX1_RVT       saed32rvt_ss0p95v25c
                                                          6.607744  n
FP_R_reg[42]              DFFX1_RVT       saed32rvt_ss0p95v25c
                                                          6.607744  n
FP_R_reg[43]              DFFX1_RVT       saed32rvt_ss0p95v25c
                                                          6.607744  n
FP_R_reg[44]              DFFX1_RVT       saed32rvt_ss0p95v25c
                                                          6.607744  n
FP_R_reg[45]              DFFX1_RVT       saed32rvt_ss0p95v25c
                                                          6.607744  n
FP_R_reg[46]              DFFX1_RVT       saed32rvt_ss0p95v25c
                                                          6.607744  n
FP_R_reg[47]              DFFX1_RVT       saed32rvt_ss0p95v25c
                                                          6.607744  n
FP_R_reg[48]              DFFX1_RVT       saed32rvt_ss0p95v25c
                                                          6.607744  n
FP_R_reg[49]              DFFX1_RVT       saed32rvt_ss0p95v25c
                                                          6.607744  n
FP_R_reg[50]              DFFX1_RVT       saed32rvt_ss0p95v25c
                                                          6.607744  n
FP_R_reg[51]              DFFX1_RVT       saed32rvt_ss0p95v25c
                                                          6.607744  n
FP_R_reg[52]              DFFX1_RVT       saed32rvt_ss0p95v25c
                                                          6.607744  n
FP_R_reg[53]              DFFX1_RVT       saed32rvt_ss0p95v25c
                                                          6.607744  n
FP_R_reg[54]              DFFX1_RVT       saed32rvt_ss0p95v25c
                                                          6.607744  n
FP_R_reg[55]              DFFX1_RVT       saed32rvt_ss0p95v25c
                                                          6.607744  n
FP_R_reg[56]              DFFX1_RVT       saed32rvt_ss0p95v25c
                                                          6.607744  n
FP_R_reg[57]              DFFX1_RVT       saed32rvt_ss0p95v25c
                                                          6.607744  n
FP_R_reg[58]              DFFX1_RVT       saed32rvt_ss0p95v25c
                                                          6.607744  n
FP_R_reg[59]              DFFX1_RVT       saed32rvt_ss0p95v25c
                                                          6.607744  n
FP_R_reg[60]              DFFX1_RVT       saed32rvt_ss0p95v25c
                                                          6.607744  n
FP_R_reg[61]              DFFX1_RVT       saed32rvt_ss0p95v25c
                                                          6.607744  n
FP_R_reg[62]              DFFX1_RVT       saed32rvt_ss0p95v25c
                                                          6.607744  n
FP_R_reg[63]              DFFX1_RVT       saed32rvt_ss0p95v25c
                                                          6.607744  n
FP_R_reg[64]              DFFX1_RVT       saed32rvt_ss0p95v25c
                                                          6.607744  n
L_reg[1]                  DFFX1_RVT       saed32rvt_ss0p95v25c
                                                          6.607744  n
L_reg[2]                  DFFX1_RVT       saed32rvt_ss0p95v25c
                                                          6.607744  n
L_reg[3]                  DFFX1_RVT       saed32rvt_ss0p95v25c
                                                          6.607744  n
L_reg[4]                  DFFX1_RVT       saed32rvt_ss0p95v25c
                                                          6.607744  n
L_reg[5]                  DFFX1_RVT       saed32rvt_ss0p95v25c
                                                          6.607744  n
L_reg[6]                  DFFX1_RVT       saed32rvt_ss0p95v25c
                                                          6.607744  n
L_reg[7]                  DFFX1_RVT       saed32rvt_ss0p95v25c
                                                          6.607744  n
L_reg[8]                  DFFX1_RVT       saed32rvt_ss0p95v25c
                                                          6.607744  n
L_reg[9]                  DFFX1_RVT       saed32rvt_ss0p95v25c
                                                          6.607744  n
L_reg[10]                 DFFX1_RVT       saed32rvt_ss0p95v25c
                                                          6.607744  n
L_reg[11]                 DFFX1_RVT       saed32rvt_ss0p95v25c
                                                          6.607744  n
L_reg[12]                 DFFX1_RVT       saed32rvt_ss0p95v25c
                                                          6.607744  n
L_reg[13]                 DFFX1_RVT       saed32rvt_ss0p95v25c
                                                          6.607744  n
L_reg[14]                 DFFX1_RVT       saed32rvt_ss0p95v25c
                                                          6.607744  n
L_reg[15]                 DFFX1_RVT       saed32rvt_ss0p95v25c
                                                          6.607744  n
L_reg[16]                 DFFX1_RVT       saed32rvt_ss0p95v25c
                                                          6.607744  n
L_reg[17]                 DFFX1_RVT       saed32rvt_ss0p95v25c
                                                          6.607744  n
L_reg[18]                 DFFX1_RVT       saed32rvt_ss0p95v25c
                                                          6.607744  n
L_reg[19]                 DFFX1_RVT       saed32rvt_ss0p95v25c
                                                          6.607744  n
L_reg[20]                 DFFX1_RVT       saed32rvt_ss0p95v25c
                                                          6.607744  n
L_reg[21]                 DFFX1_RVT       saed32rvt_ss0p95v25c
                                                          6.607744  n
L_reg[22]                 DFFX1_RVT       saed32rvt_ss0p95v25c
                                                          6.607744  n
L_reg[23]                 DFFX1_RVT       saed32rvt_ss0p95v25c
                                                          6.607744  n
L_reg[24]                 DFFX1_RVT       saed32rvt_ss0p95v25c
                                                          6.607744  n
L_reg[25]                 DFFX1_RVT       saed32rvt_ss0p95v25c
                                                          6.607744  n
L_reg[26]                 DFFX1_RVT       saed32rvt_ss0p95v25c
                                                          6.607744  n
L_reg[27]                 DFFX1_RVT       saed32rvt_ss0p95v25c
                                                          6.607744  n
L_reg[28]                 DFFX1_RVT       saed32rvt_ss0p95v25c
                                                          6.607744  n
L_reg[29]                 DFFX1_RVT       saed32rvt_ss0p95v25c
                                                          6.607744  n
L_reg[30]                 DFFX1_RVT       saed32rvt_ss0p95v25c
                                                          6.607744  n
L_reg[31]                 DFFX1_RVT       saed32rvt_ss0p95v25c
                                                          6.607744  n
L_reg[32]                 DFFX1_RVT       saed32rvt_ss0p95v25c
                                                          6.607744  n
R_reg[1]                  DFFX1_RVT       saed32rvt_ss0p95v25c
                                                          6.607744  n
R_reg[2]                  DFFX1_RVT       saed32rvt_ss0p95v25c
                                                          6.607744  n
R_reg[3]                  DFFX1_RVT       saed32rvt_ss0p95v25c
                                                          6.607744  n
R_reg[4]                  DFFX1_RVT       saed32rvt_ss0p95v25c
                                                          6.607744  n
R_reg[5]                  DFFX1_RVT       saed32rvt_ss0p95v25c
                                                          6.607744  n
R_reg[6]                  DFFX1_RVT       saed32rvt_ss0p95v25c
                                                          6.607744  n
R_reg[7]                  DFFX1_RVT       saed32rvt_ss0p95v25c
                                                          6.607744  n
R_reg[8]                  DFFX1_RVT       saed32rvt_ss0p95v25c
                                                          6.607744  n
R_reg[9]                  DFFX1_RVT       saed32rvt_ss0p95v25c
                                                          6.607744  n
R_reg[10]                 DFFX1_RVT       saed32rvt_ss0p95v25c
                                                          6.607744  n
R_reg[11]                 DFFX1_RVT       saed32rvt_ss0p95v25c
                                                          6.607744  n
R_reg[12]                 DFFX1_RVT       saed32rvt_ss0p95v25c
                                                          6.607744  n
R_reg[13]                 DFFX1_RVT       saed32rvt_ss0p95v25c
                                                          6.607744  n
R_reg[14]                 DFFX1_RVT       saed32rvt_ss0p95v25c
                                                          6.607744  n
R_reg[15]                 DFFX1_RVT       saed32rvt_ss0p95v25c
                                                          6.607744  n
R_reg[16]                 DFFX1_RVT       saed32rvt_ss0p95v25c
                                                          6.607744  n
R_reg[17]                 DFFX1_RVT       saed32rvt_ss0p95v25c
                                                          6.607744  n
R_reg[18]                 DFFX1_RVT       saed32rvt_ss0p95v25c
                                                          6.607744  n
R_reg[19]                 DFFX1_RVT       saed32rvt_ss0p95v25c
                                                          6.607744  n
R_reg[20]                 DFFX1_RVT       saed32rvt_ss0p95v25c
                                                          6.607744  n
R_reg[21]                 DFFX1_RVT       saed32rvt_ss0p95v25c
                                                          6.607744  n
R_reg[22]                 DFFX1_RVT       saed32rvt_ss0p95v25c
                                                          6.607744  n
R_reg[23]                 DFFX1_RVT       saed32rvt_ss0p95v25c
                                                          6.607744  n
R_reg[24]                 DFFX1_RVT       saed32rvt_ss0p95v25c
                                                          6.607744  n
R_reg[25]                 DFFX1_RVT       saed32rvt_ss0p95v25c
                                                          6.607744  n
R_reg[26]                 DFFX1_RVT       saed32rvt_ss0p95v25c
                                                          6.607744  n
R_reg[27]                 DFFX1_RVT       saed32rvt_ss0p95v25c
                                                          6.607744  n
R_reg[28]                 DFFX1_RVT       saed32rvt_ss0p95v25c
                                                          6.607744  n
R_reg[29]                 DFFX1_RVT       saed32rvt_ss0p95v25c
                                                          6.607744  n
R_reg[30]                 DFFX1_RVT       saed32rvt_ss0p95v25c
                                                          6.607744  n
R_reg[31]                 DFFX1_RVT       saed32rvt_ss0p95v25c
                                                          6.607744  n
R_reg[32]                 DFFX1_RVT       saed32rvt_ss0p95v25c
                                                          6.607744  n
U103                      NOR4X1_RVT      saed32rvt_ss0p95v25c
                                                          3.049728  
U107                      XOR2X2_RVT      saed32rvt_ss0p95v25c
                                                          4.574592  
U108                      XOR2X1_RVT      saed32rvt_ss0p95v25c
                                                          4.320448  
U109                      XOR2X2_RVT      saed32rvt_ss0p95v25c
                                                          4.574592  
U110                      INVX1_RVT       saed32rvt_ss0p95v25c
                                                          1.270720  
U111                      INVX1_RVT       saed32rvt_ss0p95v25c
                                                          1.270720  
U112                      INVX1_RVT       saed32rvt_ss0p95v25c
                                                          1.270720  
U113                      XOR2X1_RVT      saed32rvt_ss0p95v25c
                                                          4.320448  
U114                      XOR2X1_RVT      saed32rvt_ss0p95v25c
                                                          4.320448  
U115                      XOR2X1_RVT      saed32rvt_ss0p95v25c
                                                          4.320448  
U116                      XOR2X1_RVT      saed32rvt_ss0p95v25c
                                                          4.320448  
U117                      XOR2X1_RVT      saed32rvt_ss0p95v25c
                                                          4.320448  
U118                      XOR2X1_RVT      saed32rvt_ss0p95v25c
                                                          4.320448  
U119                      XOR2X1_RVT      saed32rvt_ss0p95v25c
                                                          4.320448  
U120                      XOR2X1_RVT      saed32rvt_ss0p95v25c
                                                          4.320448  
U121                      XOR2X1_RVT      saed32rvt_ss0p95v25c
                                                          4.320448  
U122                      XOR2X1_RVT      saed32rvt_ss0p95v25c
                                                          4.320448  
U123                      XOR2X1_RVT      saed32rvt_ss0p95v25c
                                                          4.320448  
U124                      XOR2X1_RVT      saed32rvt_ss0p95v25c
                                                          4.320448  
U125                      XOR2X1_RVT      saed32rvt_ss0p95v25c
                                                          4.320448  
U126                      XOR2X1_RVT      saed32rvt_ss0p95v25c
                                                          4.320448  
U127                      XOR2X1_RVT      saed32rvt_ss0p95v25c
                                                          4.320448  
U128                      XOR2X1_RVT      saed32rvt_ss0p95v25c
                                                          4.320448  
U129                      XOR2X1_RVT      saed32rvt_ss0p95v25c
                                                          4.320448  
U130                      XOR2X1_RVT      saed32rvt_ss0p95v25c
                                                          4.320448  
U131                      XOR2X1_RVT      saed32rvt_ss0p95v25c
                                                          4.320448  
U132                      XOR2X1_RVT      saed32rvt_ss0p95v25c
                                                          4.320448  
U133                      AO222X1_RVT     saed32rvt_ss0p95v25c
                                                          3.303872  
U134                      XOR2X1_RVT      saed32rvt_ss0p95v25c
                                                          4.320448  
U135                      XOR2X1_RVT      saed32rvt_ss0p95v25c
                                                          4.320448  
U136                      XOR2X1_RVT      saed32rvt_ss0p95v25c
                                                          4.320448  
U137                      XOR2X1_RVT      saed32rvt_ss0p95v25c
                                                          4.320448  
U138                      XOR2X1_RVT      saed32rvt_ss0p95v25c
                                                          4.320448  
U139                      XOR2X1_RVT      saed32rvt_ss0p95v25c
                                                          4.320448  
U140                      XOR2X1_RVT      saed32rvt_ss0p95v25c
                                                          4.320448  
U141                      AO222X1_RVT     saed32rvt_ss0p95v25c
                                                          3.303872  
U142                      XOR2X1_RVT      saed32rvt_ss0p95v25c
                                                          4.320448  
U143                      XOR2X1_RVT      saed32rvt_ss0p95v25c
                                                          4.320448  
U144                      OR3X2_RVT       saed32rvt_ss0p95v25c
                                                          2.541440  
U145                      INVX1_RVT       saed32rvt_ss0p95v25c
                                                          1.270720  
U146                      INVX1_RVT       saed32rvt_ss0p95v25c
                                                          1.270720  
U147                      INVX1_RVT       saed32rvt_ss0p95v25c
                                                          1.270720  
U148                      INVX1_RVT       saed32rvt_ss0p95v25c
                                                          1.270720  
U149                      INVX1_RVT       saed32rvt_ss0p95v25c
                                                          1.270720  
U150                      INVX1_RVT       saed32rvt_ss0p95v25c
                                                          1.270720  
U151                      INVX1_RVT       saed32rvt_ss0p95v25c
                                                          1.270720  
U152                      INVX1_RVT       saed32rvt_ss0p95v25c
                                                          1.270720  
U153                      INVX1_RVT       saed32rvt_ss0p95v25c
                                                          1.270720  
U154                      INVX1_RVT       saed32rvt_ss0p95v25c
                                                          1.270720  
U155                      INVX1_RVT       saed32rvt_ss0p95v25c
                                                          1.270720  
U156                      INVX1_RVT       saed32rvt_ss0p95v25c
                                                          1.270720  
U157                      INVX1_RVT       saed32rvt_ss0p95v25c
                                                          1.270720  
U158                      INVX1_RVT       saed32rvt_ss0p95v25c
                                                          1.270720  
U159                      INVX0_RVT       saed32rvt_ss0p95v25c
                                                          1.270720  
U160                      INVX0_RVT       saed32rvt_ss0p95v25c
                                                          1.270720  
U161                      NAND2X0_RVT     saed32rvt_ss0p95v25c
                                                          1.524864  
U162                      INVX1_RVT       saed32rvt_ss0p95v25c
                                                          1.270720  
U163                      INVX1_RVT       saed32rvt_ss0p95v25c
                                                          1.270720  
U164                      INVX1_RVT       saed32rvt_ss0p95v25c
                                                          1.270720  
U165                      AO222X1_RVT     saed32rvt_ss0p95v25c
                                                          3.303872  
U166                      AO222X1_RVT     saed32rvt_ss0p95v25c
                                                          3.303872  
U167                      AO222X1_RVT     saed32rvt_ss0p95v25c
                                                          3.303872  
U168                      AO222X1_RVT     saed32rvt_ss0p95v25c
                                                          3.303872  
U169                      AO222X1_RVT     saed32rvt_ss0p95v25c
                                                          3.303872  
U170                      AO222X1_RVT     saed32rvt_ss0p95v25c
                                                          3.303872  
U171                      AO222X1_RVT     saed32rvt_ss0p95v25c
                                                          3.303872  
U172                      AO222X1_RVT     saed32rvt_ss0p95v25c
                                                          3.303872  
U173                      AO222X1_RVT     saed32rvt_ss0p95v25c
                                                          3.303872  
U174                      AO222X1_RVT     saed32rvt_ss0p95v25c
                                                          3.303872  
U175                      AO222X1_RVT     saed32rvt_ss0p95v25c
                                                          3.303872  
U176                      AO222X1_RVT     saed32rvt_ss0p95v25c
                                                          3.303872  
U177                      AO222X1_RVT     saed32rvt_ss0p95v25c
                                                          3.303872  
U178                      AO222X1_RVT     saed32rvt_ss0p95v25c
                                                          3.303872  
U179                      AO222X1_RVT     saed32rvt_ss0p95v25c
                                                          3.303872  
U180                      AO222X1_RVT     saed32rvt_ss0p95v25c
                                                          3.303872  
U181                      AO222X1_RVT     saed32rvt_ss0p95v25c
                                                          3.303872  
U182                      AO222X1_RVT     saed32rvt_ss0p95v25c
                                                          3.303872  
U183                      AO222X1_RVT     saed32rvt_ss0p95v25c
                                                          3.303872  
U184                      AO222X1_RVT     saed32rvt_ss0p95v25c
                                                          3.303872  
U185                      AO222X1_RVT     saed32rvt_ss0p95v25c
                                                          3.303872  
U186                      AO222X1_RVT     saed32rvt_ss0p95v25c
                                                          3.303872  
U187                      AO222X1_RVT     saed32rvt_ss0p95v25c
                                                          3.303872  
U188                      AO222X1_RVT     saed32rvt_ss0p95v25c
                                                          3.303872  
U189                      AO222X1_RVT     saed32rvt_ss0p95v25c
                                                          3.303872  
U190                      AO222X1_RVT     saed32rvt_ss0p95v25c
                                                          3.303872  
U191                      AO222X1_RVT     saed32rvt_ss0p95v25c
                                                          3.303872  
U192                      AO222X1_RVT     saed32rvt_ss0p95v25c
                                                          3.303872  
U193                      AO222X1_RVT     saed32rvt_ss0p95v25c
                                                          3.303872  
U194                      AO222X1_RVT     saed32rvt_ss0p95v25c
                                                          3.303872  
U195                      AO222X1_RVT     saed32rvt_ss0p95v25c
                                                          3.303872  
U196                      NAND2X0_RVT     saed32rvt_ss0p95v25c
                                                          1.524864  
U197                      XOR2X1_RVT      saed32rvt_ss0p95v25c
                                                          4.320448  
U198                      AO222X1_RVT     saed32rvt_ss0p95v25c
                                                          3.303872  
U199                      AO222X1_RVT     saed32rvt_ss0p95v25c
                                                          3.303872  
U200                      AO222X1_RVT     saed32rvt_ss0p95v25c
                                                          3.303872  
U201                      AO222X1_RVT     saed32rvt_ss0p95v25c
                                                          3.303872  
U202                      AO222X1_RVT     saed32rvt_ss0p95v25c
                                                          3.303872  
U203                      AO222X1_RVT     saed32rvt_ss0p95v25c
                                                          3.303872  
U204                      AO222X1_RVT     saed32rvt_ss0p95v25c
                                                          3.303872  
U205                      AO222X1_RVT     saed32rvt_ss0p95v25c
                                                          3.303872  
U206                      AO222X1_RVT     saed32rvt_ss0p95v25c
                                                          3.303872  
U207                      AO222X1_RVT     saed32rvt_ss0p95v25c
                                                          3.303872  
U208                      AO222X1_RVT     saed32rvt_ss0p95v25c
                                                          3.303872  
U209                      AO222X1_RVT     saed32rvt_ss0p95v25c
                                                          3.303872  
U210                      AO222X1_RVT     saed32rvt_ss0p95v25c
                                                          3.303872  
U211                      AO222X1_RVT     saed32rvt_ss0p95v25c
                                                          3.303872  
U212                      AO222X1_RVT     saed32rvt_ss0p95v25c
                                                          3.303872  
U213                      AO222X1_RVT     saed32rvt_ss0p95v25c
                                                          3.303872  
U214                      AO222X1_RVT     saed32rvt_ss0p95v25c
                                                          3.303872  
U215                      AO222X1_RVT     saed32rvt_ss0p95v25c
                                                          3.303872  
U216                      AO222X1_RVT     saed32rvt_ss0p95v25c
                                                          3.303872  
U217                      AO222X1_RVT     saed32rvt_ss0p95v25c
                                                          3.303872  
U218                      AO222X1_RVT     saed32rvt_ss0p95v25c
                                                          3.303872  
U219                      AO222X1_RVT     saed32rvt_ss0p95v25c
                                                          3.303872  
U220                      AO222X1_RVT     saed32rvt_ss0p95v25c
                                                          3.303872  
U221                      AO222X1_RVT     saed32rvt_ss0p95v25c
                                                          3.303872  
U222                      AO222X1_RVT     saed32rvt_ss0p95v25c
                                                          3.303872  
U223                      AO222X1_RVT     saed32rvt_ss0p95v25c
                                                          3.303872  
U224                      AO222X1_RVT     saed32rvt_ss0p95v25c
                                                          3.303872  
U225                      AO222X1_RVT     saed32rvt_ss0p95v25c
                                                          3.303872  
U226                      AO222X1_RVT     saed32rvt_ss0p95v25c
                                                          3.303872  
U227                      AO222X1_RVT     saed32rvt_ss0p95v25c
                                                          3.303872  
U228                      AO222X1_RVT     saed32rvt_ss0p95v25c
                                                          3.303872  
u0                        crp                             1687.516168
                                                                    h
u1                        key_sel3                        1735.549374
                                                                    h
--------------------------------------------------------------------------------
Total 253 cells                                           4659.984422
1
