 
****************************************
Report : constraint
        -all_violators
Design : des3
Version: W-2024.09-SP2
Date   : Tue May  6 09:23:48 2025
****************************************

	Parasitic source    : LPE
	Parasitic mode      : RealRC
	Extraction mode     : MAX
	Extraction derating : 125/125/125

   min_delay/hold ('clk' group)

                             Required        Actual
   Endpoint                 Path Delay     Path Delay        Slack
   -----------------------------------------------------------------
   desOut[53]                   0.19           0.10 f        -0.09  (VIOLATED)
   desOut[55]                   0.19           0.10 f        -0.09  (VIOLATED)
   desOut[47]                   0.19           0.10 f        -0.09  (VIOLATED)
   desOut[51]                   0.19           0.10 f        -0.09  (VIOLATED)
   desOut[43]                   0.19           0.10 f        -0.09  (VIOLATED)
   desOut[11]                   0.19           0.11 f        -0.08  (VIOLATED)
   desOut[37]                   0.19           0.11 f        -0.08  (VIOLATED)
   desOut[63]                   0.19           0.11 f        -0.08  (VIOLATED)
   desOut[41]                   0.19           0.11 f        -0.08  (VIOLATED)
   desOut[13]                   0.19           0.11 f        -0.08  (VIOLATED)
   desOut[19]                   0.19           0.11 f        -0.08  (VIOLATED)
   desOut[17]                   0.19           0.11 f        -0.08  (VIOLATED)
   desOut[21]                   0.19           0.11 f        -0.08  (VIOLATED)
   desOut[35]                   0.19           0.11 f        -0.08  (VIOLATED)
   desOut[27]                   0.19           0.11 f        -0.08  (VIOLATED)
   desOut[23]                   0.19           0.12 f        -0.07  (VIOLATED)
   desOut[9]                    0.19           0.12 f        -0.07  (VIOLATED)
   desOut[49]                   0.19           0.12 f        -0.07  (VIOLATED)
   desOut[1]                    0.19           0.12 f        -0.07  (VIOLATED)
   desOut[45]                   0.19           0.12 f        -0.07  (VIOLATED)
   desOut[57]                   0.19           0.12 f        -0.07  (VIOLATED)
   desOut[29]                   0.19           0.12 f        -0.07  (VIOLATED)
   desOut[15]                   0.19           0.13 f        -0.06  (VIOLATED)
   desOut[59]                   0.19           0.13 f        -0.06  (VIOLATED)
   desOut[3]                    0.19           0.13 f        -0.06  (VIOLATED)
   desOut[39]                   0.19           0.13 f        -0.06  (VIOLATED)
   FP_R_reg[47]/D               0.16           0.10 f        -0.06  (VIOLATED)
   L_reg[15]/D                  0.16           0.10 f        -0.06  (VIOLATED)
   FP_R_reg[39]/D               0.16           0.10 f        -0.06  (VIOLATED)
   L_reg[7]/D                   0.16           0.10 f        -0.06  (VIOLATED)
   FP_R_reg[38]/D               0.15           0.10 f        -0.05  (VIOLATED)
   L_reg[6]/D                   0.15           0.10 f        -0.05  (VIOLATED)
   desOut[7]                    0.19           0.14 f        -0.05  (VIOLATED)
   FP_R_reg[55]/D               0.15           0.10 f        -0.05  (VIOLATED)
   L_reg[23]/D                  0.15           0.10 f        -0.05  (VIOLATED)
   FP_R_reg[54]/D               0.15           0.10 f        -0.05  (VIOLATED)
   L_reg[22]/D                  0.15           0.10 f        -0.05  (VIOLATED)
   desOut[5]                    0.19           0.14 f        -0.05  (VIOLATED)
   desOut[61]                   0.19           0.14 f        -0.05  (VIOLATED)
   FP_R_reg[50]/D               0.15           0.11 f        -0.04  (VIOLATED)
   L_reg[18]/D                  0.15           0.11 f        -0.04  (VIOLATED)
   L_reg[13]/D                  0.15           0.11 f        -0.04  (VIOLATED)
   FP_R_reg[45]/D               0.15           0.11 f        -0.04  (VIOLATED)
   L_reg[8]/D                   0.15           0.11 f        -0.04  (VIOLATED)
   FP_R_reg[40]/D               0.15           0.11 f        -0.04  (VIOLATED)
   desOut[31]                   0.19           0.15 f        -0.04  (VIOLATED)
   desOut[25]                   0.19           0.15 f        -0.04  (VIOLATED)
   FP_R_reg[62]/D               0.15           0.11 f        -0.04  (VIOLATED)
   desOut[33]                   0.19           0.15 f        -0.04  (VIOLATED)
   L_reg[30]/D                  0.15           0.11 f        -0.04  (VIOLATED)
   FP_R_reg[42]/D               0.15           0.11 f        -0.04  (VIOLATED)
   L_reg[10]/D                  0.15           0.11 f        -0.04  (VIOLATED)
   FP_R_reg[51]/D               0.15           0.11 f        -0.04  (VIOLATED)
   L_reg[19]/D                  0.15           0.11 f        -0.04  (VIOLATED)
   desOut[60]                   0.19           0.15 r        -0.04  (VIOLATED)
   FP_R_reg[59]/D               0.15           0.11 f        -0.03  (VIOLATED)
   L_reg[27]/D                  0.15           0.11 f        -0.03  (VIOLATED)
   FP_R_reg[43]/D               0.15           0.11 f        -0.03  (VIOLATED)
   L_reg[11]/D                  0.15           0.11 f        -0.03  (VIOLATED)
   L_reg[21]/D                  0.14           0.11 f        -0.03  (VIOLATED)
   FP_R_reg[53]/D               0.14           0.11 f        -0.03  (VIOLATED)
   FP_R_reg[52]/D               0.14           0.11 f        -0.03  (VIOLATED)
   L_reg[20]/D                  0.14           0.11 f        -0.03  (VIOLATED)
   L_reg[3]/D                   0.14           0.12 f        -0.03  (VIOLATED)
   FP_R_reg[35]/D               0.14           0.12 f        -0.03  (VIOLATED)
   FP_R_reg[58]/D               0.14           0.12 f        -0.03  (VIOLATED)
   L_reg[26]/D                  0.14           0.12 f        -0.03  (VIOLATED)
   desOut[62]                   0.19           0.16 r        -0.03  (VIOLATED)
   FP_R_reg[63]/D               0.14           0.12 f        -0.03  (VIOLATED)
   L_reg[31]/D                  0.14           0.12 f        -0.03  (VIOLATED)
   desOut[12]                   0.19           0.17 r        -0.02  (VIOLATED)
   L_reg[25]/D                  0.14           0.12 f        -0.02  (VIOLATED)
   FP_R_reg[57]/D               0.14           0.12 f        -0.02  (VIOLATED)
   desOut[0]                    0.19           0.17 r        -0.02  (VIOLATED)
   desOut[54]                   0.19           0.17 r        -0.02  (VIOLATED)
   L_reg[14]/D                  0.14           0.12 f        -0.02  (VIOLATED)
   FP_R_reg[46]/D               0.14           0.12 f        -0.02  (VIOLATED)
   desOut[46]                   0.19           0.17 r        -0.02  (VIOLATED)
   desOut[58]                   0.19           0.17 r        -0.02  (VIOLATED)
   L_reg[32]/D                  0.14           0.12 f        -0.02  (VIOLATED)
   FP_R_reg[64]/D               0.14           0.12 f        -0.02  (VIOLATED)
   L_reg[12]/D                  0.14           0.12 f        -0.02  (VIOLATED)
   FP_R_reg[44]/D               0.14           0.12 f        -0.02  (VIOLATED)
   desOut[48]                   0.19           0.17 r        -0.02  (VIOLATED)
   desOut[50]                   0.19           0.17 r        -0.02  (VIOLATED)
   desOut[32]                   0.19           0.18 r        -0.01  (VIOLATED)
   desOut[10]                   0.19           0.18 r        -0.01  (VIOLATED)
   desOut[28]                   0.19           0.18 r        -0.01  (VIOLATED)
   desOut[20]                   0.19           0.18 r        -0.01  (VIOLATED)
   desOut[42]                   0.19           0.18 r        -0.01  (VIOLATED)
   desOut[24]                   0.19           0.18 r        -0.01  (VIOLATED)
   FP_R_reg[16]/D               0.16           0.15 r        -0.01  (VIOLATED)
   R_reg[16]/D                  0.16           0.15 r        -0.01  (VIOLATED)
   desOut[30]                   0.19           0.18 r        -0.01  (VIOLATED)
   desOut[56]                   0.19           0.18 r        -0.01  (VIOLATED)
   desOut[40]                   0.19           0.18 r        -0.01  (VIOLATED)
   L_reg[2]/D                   0.14           0.13 f        -0.01  (VIOLATED)
   FP_R_reg[34]/D               0.14           0.13 f        -0.01  (VIOLATED)
   FP_R_reg[56]/D               0.14           0.13 f        -0.01  (VIOLATED)
   L_reg[24]/D                  0.14           0.13 f        -0.01  (VIOLATED)
   desOut[52]                   0.19           0.18 r        -0.01  (VIOLATED)
   FP_R_reg[49]/D               0.13           0.13 f        -0.01  (VIOLATED)
   L_reg[17]/D                  0.13           0.13 f         0.00  (VIOLATED: increase significant digits)
   desOut[44]                   0.19           0.19 r         0.00  (VIOLATED: increase significant digits)
   desOut[26]                   0.19           0.19 r         0.00  (VIOLATED: increase significant digits)
   FP_R_reg[37]/D               0.13           0.13 f         0.00  (VIOLATED: increase significant digits)
   L_reg[5]/D                   0.13           0.13 f         0.00  (VIOLATED: increase significant digits)
   desOut[38]                   0.19           0.19 r         0.00  (VIOLATED: increase significant digits)


   max_area

                             Required        Actual
   Design                      Area           Area           Slack
   -----------------------------------------------------------------
   des3                         0.00        6061.89       -6061.89  (VIOLATED)


1
