 
****************************************
Report : area
Design : des3
Version: W-2024.09-SP2
Date   : Tue May  6 09:23:48 2025
****************************************

Library(s) Used:

    saed32rvt_ss0p95v25c (File: /mnt/class_data/ecec574-w2019/PDKs/_archived/SAED32nm_new/SAED32_EDK/lib/stdcell_rvt/db_ccs/saed32rvt_ss0p95v25c.db)

Number of ports:                          306
Number of nets:                           560
Number of cells:                          242
Number of combinational cells:            112
Number of sequential cells:               128
Number of macros/black boxes:               0
Number of buf/inv:                         11
Number of references:                      13

Combinational area:               3653.065862
Buf/Inv area:                      297.348481
Noncombinational area:             845.791260
Macro/Black Box area:                0.000000
Net Interconnect area:            1563.029109

Total cell area:                  4498.857121
Total area:                       6061.886230
1
