Information: Propagating switching activity (low effort zero delay simulation). (PWR-6)
Warning: Design has unannotated primary inputs. (PWR-414)
Warning: Design has unannotated sequential cell outputs. (PWR-415)
 
****************************************
Report : power
        -analysis_effort low
Design : des3
Version: W-2024.09-SP2
Date   : Tue May  6 09:23:48 2025
****************************************


Library(s) Used:

    saed32rvt_ss0p95v25c (File: /mnt/class_data/ecec574-w2019/PDKs/_archived/SAED32nm_new/SAED32_EDK/lib/stdcell_rvt/db_ccs/saed32rvt_ss0p95v25c.db)


Operating Conditions: ss0p95v125c   Library: saed32rvt_ss0p95v125c
Wire Load Model Mode: enclosed

Design        Wire Load Model            Library
------------------------------------------------
des3                   ForQA             saed32rvt_ss0p95v125c


Global Operating Voltage = 0.95 
Power-specific unit information :
    Voltage Units = 1V
    Capacitance Units = 1.000000ff
    Time Units = 1ns
    Dynamic Power Units = 1uW    (derived from V,C,T units)
    Leakage Power Units = 1pW


Attributes
----------
i - Including register clock pin internal power


  Cell Internal Power  = 152.5055 uW   (68%)
  Net Switching Power  =  72.0047 uW   (32%)
                         ---------
Total Dynamic Power    = 224.5102 uW  (100%)

Cell Leakage Power     = 130.9234 uW


                 Internal         Switching           Leakage            Total
Power Group      Power            Power               Power              Power   (   %    )  Attrs
--------------------------------------------------------------------------------------------------
io_pad             0.0000            0.0000            0.0000            0.0000  (   0.00%)
memory             0.0000            0.0000            0.0000            0.0000  (   0.00%)
black_box          0.0000            0.0000            0.0000            0.0000  (   0.00%)
clock_network     85.7560            0.0000            0.0000           85.7560  (  24.13%)  i
register           8.1708            3.0837        1.8025e+07           29.2799  (   8.24%)
sequential         0.0000            0.0000            0.0000            0.0000  (   0.00%)
combinational     58.5787           68.9209        1.1290e+08          240.3977  (  67.64%)
--------------------------------------------------------------------------------------------------
Total            152.5055 uW        72.0047 uW     1.3092e+08 pW       355.4336 uW
1
