 
****************************************
Report : constraint
        -all_violators
Design : ac97_top
Version: W-2024.09-SP2
Date   : Tue May  6 09:17:53 2025
****************************************

	Parasitic source    : LPE
	Parasitic mode      : RealRC
	Extraction mode     : MAX
	Extraction derating : 125/125/125

   max_delay/setup ('clk' group)

                             Required        Actual
   Endpoint                 Path Delay     Path Delay        Slack
   -----------------------------------------------------------------
   u4/mem_reg[0][20]/D          9.70          10.67 r        -0.97  (VIOLATED)
   u5/mem_reg[2][20]/D          9.70          10.64 r        -0.93  (VIOLATED)
   u8/mem_reg[1][20]/D          9.70          10.63 r        -0.93  (VIOLATED)
   u8/mem_reg[0][20]/D          9.70          10.63 r        -0.93  (VIOLATED)
   u6/mem_reg[1][20]/D          9.70          10.63 r        -0.93  (VIOLATED)
   u13/occ0_r_reg[20]/D         9.70          10.62 r        -0.92  (VIOLATED)
   u13/icc_r_reg[20]/D          9.70          10.62 r        -0.92  (VIOLATED)
   u13/crac_r_reg[4]/D          9.70          10.61 r        -0.91  (VIOLATED)
   u8/mem_reg[2][20]/D          9.70          10.62 r        -0.91  (VIOLATED)
   u6/mem_reg[0][20]/D          9.70          10.61 r        -0.91  (VIOLATED)
   u3/mem_reg[1][20]/D          9.70          10.61 r        -0.91  (VIOLATED)
   u6/mem_reg[2][20]/D          9.70          10.61 r        -0.91  (VIOLATED)
   u4/mem_reg[2][20]/D          9.70          10.61 r        -0.90  (VIOLATED)
   u7/mem_reg[2][20]/D          9.70          10.60 r        -0.90  (VIOLATED)
   u3/mem_reg[0][20]/D          9.70          10.60 r        -0.90  (VIOLATED)
   u5/mem_reg[0][20]/D          9.70          10.60 r        -0.90  (VIOLATED)
   u5/mem_reg[1][20]/D          9.70          10.60 r        -0.90  (VIOLATED)
   u7/mem_reg[1][20]/D          9.70          10.60 r        -0.90  (VIOLATED)
   u4/mem_reg[1][20]/D          9.70          10.60 r        -0.89  (VIOLATED)
   u7/mem_reg[0][20]/D          9.70          10.60 r        -0.89  (VIOLATED)
   u3/mem_reg[2][20]/D          9.70          10.60 r        -0.89  (VIOLATED)
   u3/mem_reg[2][8]/D           9.70          10.16 r        -0.45  (VIOLATED)
   u7/mem_reg[1][8]/D           9.70          10.15 r        -0.45  (VIOLATED)
   u13/crac_dout_r_reg[8]/D     9.71          10.14 r        -0.43  (VIOLATED)
   u8/mem_reg[2][8]/D           9.70          10.14 r        -0.43  (VIOLATED)
   u13/icc_r_reg[8]/D           9.70          10.13 r        -0.43  (VIOLATED)
   u5/mem_reg[1][8]/D           9.70          10.13 r        -0.43  (VIOLATED)
   u7/mem_reg[2][8]/D           9.71          10.13 r        -0.42  (VIOLATED)
   u4/mem_reg[2][8]/D           9.71          10.13 r        -0.42  (VIOLATED)
   u4/mem_reg[0][8]/D           9.71          10.13 r        -0.42  (VIOLATED)
   u13/occ0_r_reg[8]/D          9.70          10.12 r        -0.42  (VIOLATED)
   u7/mem_reg[0][8]/D           9.71          10.13 r        -0.42  (VIOLATED)
   u5/mem_reg[2][8]/D           9.70          10.12 r        -0.42  (VIOLATED)
   u3/mem_reg[0][8]/D           9.71          10.12 r        -0.41  (VIOLATED)
   u6/mem_reg[1][8]/D           9.71          10.12 r        -0.41  (VIOLATED)
   u13/occ1_r_reg[8]/D          9.70          10.11 r        -0.41  (VIOLATED)
   u6/mem_reg[2][8]/D           9.71          10.12 r        -0.41  (VIOLATED)
   u4/mem_reg[1][8]/D           9.71          10.11 r        -0.41  (VIOLATED)
   u8/mem_reg[0][8]/D           9.71          10.11 r        -0.41  (VIOLATED)
   u5/mem_reg[0][8]/D           9.71          10.11 r        -0.41  (VIOLATED)
   u8/mem_reg[1][8]/D           9.71          10.11 r        -0.41  (VIOLATED)
   u6/mem_reg[0][8]/D           9.71          10.11 r        -0.41  (VIOLATED)
   u3/mem_reg[1][8]/D           9.71          10.11 r        -0.40  (VIOLATED)
   u4/mem_reg[2][27]/D          9.71           9.98 r        -0.28  (VIOLATED)
   u6/mem_reg[2][27]/D          9.71           9.98 r        -0.27  (VIOLATED)
   u5/mem_reg[2][27]/D          9.71           9.97 r        -0.26  (VIOLATED)
   u5/mem_reg[0][27]/D          9.71           9.96 r        -0.26  (VIOLATED)
   u8/mem_reg[1][27]/D          9.71           9.96 r        -0.25  (VIOLATED)
   u5/mem_reg[1][27]/D          9.71           9.96 r        -0.25  (VIOLATED)
   u6/mem_reg[0][27]/D          9.71           9.95 r        -0.25  (VIOLATED)
   u3/mem_reg[0][27]/D          9.71           9.94 r        -0.24  (VIOLATED)
   u13/occ0_r_reg[27]/D         9.70           9.93 r        -0.23  (VIOLATED)
   u8/mem_reg[2][27]/D          9.71           9.94 r        -0.23  (VIOLATED)
   u6/mem_reg[1][27]/D          9.71           9.94 r        -0.23  (VIOLATED)
   u4/mem_reg[0][27]/D          9.71           9.94 r        -0.23  (VIOLATED)
   u8/mem_reg[0][27]/D          9.71           9.94 r        -0.23  (VIOLATED)
   u4/mem_reg[1][27]/D          9.71           9.93 r        -0.23  (VIOLATED)
   u3/mem_reg[2][27]/D          9.71           9.93 r        -0.22  (VIOLATED)
   u7/mem_reg[2][27]/D          9.71           9.93 r        -0.22  (VIOLATED)
   u7/mem_reg[0][27]/D          9.71           9.93 r        -0.22  (VIOLATED)
   u7/mem_reg[1][27]/D          9.71           9.92 r        -0.22  (VIOLATED)
   u3/mem_reg[1][27]/D          9.63           9.84 r        -0.21  (VIOLATED)
   u3/mem_reg[0][29]/D          9.71           9.75 r        -0.05  (VIOLATED)
   u4/mem_reg[1][29]/D          9.71           9.75 r        -0.04  (VIOLATED)
   u6/mem_reg[2][29]/D          9.71           9.75 r        -0.04  (VIOLATED)
   u4/mem_reg[0][29]/D          9.71           9.74 r        -0.03  (VIOLATED)
   u6/mem_reg[0][29]/D          9.71           9.74 r        -0.03  (VIOLATED)
   u5/mem_reg[2][29]/D          9.71           9.73 r        -0.03  (VIOLATED)
   u8/mem_reg[0][29]/D          9.71           9.73 r        -0.03  (VIOLATED)
   u7/mem_reg[2][29]/D          9.71           9.73 r        -0.02  (VIOLATED)
   u6/mem_reg[1][29]/D          9.71           9.73 r        -0.02  (VIOLATED)
   u3/mem_reg[2][29]/D          9.71           9.73 r        -0.02  (VIOLATED)
   u8/mem_reg[2][29]/D          9.71           9.73 r        -0.02  (VIOLATED)
   u5/mem_reg[0][29]/D          9.71           9.73 r        -0.02  (VIOLATED)
   u3/mem_reg[1][29]/D          9.71           9.73 r        -0.02  (VIOLATED)
   u5/mem_reg[1][29]/D          9.71           9.72 r        -0.02  (VIOLATED)
   u8/mem_reg[1][29]/D          9.71           9.72 r        -0.02  (VIOLATED)
   u7/mem_reg[1][29]/D          9.71           9.72 r        -0.02  (VIOLATED)
   u7/mem_reg[0][29]/D          9.71           9.72 r        -0.02  (VIOLATED)
   u4/mem_reg[2][29]/D          9.71           9.72 r        -0.01  (VIOLATED)


   min_delay/hold ('clk' group)

                             Required        Actual
   Endpoint                 Path Delay     Path Delay        Slack
   -----------------------------------------------------------------
   u12/dout_reg[24]/D           0.20           0.01 f        -0.19  (VIOLATED)
   u12/dout_reg[25]/D           0.20           0.01 f        -0.19  (VIOLATED)
   u12/dout_reg[26]/D           0.20           0.01 f        -0.19  (VIOLATED)
   u12/dout_reg[30]/D           0.20           0.01 f        -0.19  (VIOLATED)
   u12/dout_reg[27]/D           0.20           0.01 f        -0.19  (VIOLATED)
   u12/dout_reg[13]/D           0.20           0.01 f        -0.19  (VIOLATED)
   u12/dout_reg[2]/D            0.20           0.01 f        -0.19  (VIOLATED)
   u12/dout_reg[31]/D           0.20           0.01 f        -0.19  (VIOLATED)
   u12/dout_reg[12]/D           0.20           0.01 f        -0.19  (VIOLATED)
   u12/dout_reg[3]/D            0.20           0.01 f        -0.19  (VIOLATED)
   u12/dout_reg[4]/D            0.20           0.01 f        -0.19  (VIOLATED)
   u12/dout_reg[23]/D           0.20           0.01 f        -0.19  (VIOLATED)
   u12/dout_reg[14]/D           0.20           0.01 f        -0.19  (VIOLATED)
   u12/dout_reg[1]/D            0.20           0.01 f        -0.19  (VIOLATED)
   u12/dout_reg[29]/D           0.20           0.01 f        -0.19  (VIOLATED)
   u12/dout_reg[16]/D           0.20           0.01 f        -0.19  (VIOLATED)
   u12/dout_reg[28]/D           0.20           0.01 f        -0.19  (VIOLATED)
   u12/dout_reg[5]/D            0.20           0.01 f        -0.19  (VIOLATED)
   u12/dout_reg[8]/D            0.20           0.01 f        -0.19  (VIOLATED)
   u12/dout_reg[6]/D            0.20           0.01 f        -0.19  (VIOLATED)
   u12/dout_reg[10]/D           0.20           0.01 f        -0.19  (VIOLATED)
   u12/dout_reg[18]/D           0.20           0.01 f        -0.19  (VIOLATED)
   u12/dout_reg[17]/D           0.20           0.01 f        -0.19  (VIOLATED)
   u12/dout_reg[19]/D           0.20           0.01 f        -0.19  (VIOLATED)
   u12/dout_reg[7]/D            0.20           0.01 f        -0.19  (VIOLATED)
   u12/dout_reg[22]/D           0.20           0.01 f        -0.19  (VIOLATED)
   u12/dout_reg[9]/D            0.20           0.01 f        -0.19  (VIOLATED)
   u12/dout_reg[21]/D           0.20           0.01 f        -0.19  (VIOLATED)
   u12/dout_reg[20]/D           0.20           0.01 f        -0.19  (VIOLATED)
   u12/dout_reg[11]/D           0.20           0.01 f        -0.19  (VIOLATED)
   u12/dout_reg[0]/D            0.20           0.01 f        -0.19  (VIOLATED)
   u12/dout_reg[15]/D           0.20           0.01 f        -0.18  (VIOLATED)
   u16/u3/dma_req_r1_reg/D      0.18           0.07 f        -0.11  (VIOLATED)
   u16/u2/dma_req_r1_reg/D      0.18           0.07 f        -0.11  (VIOLATED)
   u16/u1/dma_req_r1_reg/D      0.18           0.07 f        -0.11  (VIOLATED)
   u12/we2_reg/D                0.18           0.07 f        -0.11  (VIOLATED)
   u16/u4/dma_req_r1_reg/D      0.18           0.07 f        -0.11  (VIOLATED)
   u16/u5/dma_req_r1_reg/D      0.18           0.07 f        -0.11  (VIOLATED)
   u12/o4_we_reg/D              0.18           0.07 f        -0.11  (VIOLATED)
   u16/u6/dma_req_r1_reg/D      0.18           0.07 f        -0.11  (VIOLATED)
   u16/u0/dma_req_r1_reg/D      0.18           0.07 f        -0.11  (VIOLATED)
   u12/o6_we_reg/D              0.18           0.07 f        -0.11  (VIOLATED)
   u16/u7/dma_req_r1_reg/D      0.18           0.08 f        -0.11  (VIOLATED)
   u16/u8/dma_req_r1_reg/D      0.18           0.08 f        -0.11  (VIOLATED)
   u12/rf_we_reg/D              0.18           0.09 f        -0.10  (VIOLATED)
   u12/we1_reg/D                0.18           0.09 f        -0.09  (VIOLATED)
   u16/u0/dma_req_reg/D         0.18           0.11 f        -0.07  (VIOLATED)
   u16/u4/dma_req_reg/D         0.18           0.11 f        -0.07  (VIOLATED)
   u16/u1/dma_req_reg/D         0.18           0.11 f        -0.07  (VIOLATED)
   u16/u7/dma_req_reg/D         0.18           0.11 f        -0.07  (VIOLATED)
   u16/u5/dma_req_reg/D         0.18           0.11 f        -0.07  (VIOLATED)
   u16/u3/dma_req_reg/D         0.18           0.11 f        -0.07  (VIOLATED)
   u16/u6/dma_req_reg/D         0.18           0.11 f        -0.07  (VIOLATED)
   u16/u2/dma_req_reg/D         0.18           0.11 f        -0.07  (VIOLATED)
   u16/u8/dma_req_reg/D         0.18           0.12 f        -0.07  (VIOLATED)
   u12/o7_we_reg/D              0.16           0.10 f        -0.06  (VIOLATED)
   u12/re1_reg/D                0.18           0.13 f        -0.05  (VIOLATED)
   u12/o8_we_reg/D              0.16           0.11 f        -0.05  (VIOLATED)
   wb_data_o[31]                0.19           0.15 r        -0.04  (VIOLATED)
   wb_data_o[16]                0.19           0.15 r        -0.04  (VIOLATED)
   wb_data_o[17]                0.19           0.15 r        -0.04  (VIOLATED)
   wb_data_o[20]                0.19           0.15 r        -0.04  (VIOLATED)
   wb_data_o[15]                0.19           0.15 r        -0.04  (VIOLATED)
   wb_data_o[11]                0.19           0.15 r        -0.04  (VIOLATED)
   wb_data_o[12]                0.19           0.15 r        -0.04  (VIOLATED)
   wb_data_o[18]                0.19           0.15 r        -0.04  (VIOLATED)
   wb_data_o[30]                0.19           0.15 r        -0.04  (VIOLATED)
   wb_data_o[14]                0.19           0.15 r        -0.04  (VIOLATED)
   int_o                        0.19           0.15 r        -0.04  (VIOLATED)
   wb_data_o[29]                0.19           0.15 r        -0.04  (VIOLATED)
   wb_data_o[28]                0.19           0.15 r        -0.04  (VIOLATED)
   wb_data_o[19]                0.19           0.15 r        -0.04  (VIOLATED)
   wb_data_o[13]                0.19           0.15 r        -0.04  (VIOLATED)
   wb_data_o[21]                0.19           0.15 r        -0.04  (VIOLATED)
   wb_data_o[27]                0.19           0.16 r        -0.03  (VIOLATED)
   in_valid_s_reg[0]/D          0.18           0.15 f        -0.03  (VIOLATED)
   wb_data_o[10]                0.19           0.16 r        -0.03  (VIOLATED)
   u2/bit_clk_r1_reg/D          0.18           0.15 f        -0.03  (VIOLATED)
   in_valid_s_reg[2]/D          0.18           0.15 f        -0.03  (VIOLATED)
   wb_data_o[9]                 0.19           0.16 r        -0.03  (VIOLATED)
   valid_s_reg/D                0.18           0.15 f        -0.03  (VIOLATED)
   wb_data_o[26]                0.19           0.16 r        -0.03  (VIOLATED)
   wb_data_o[8]                 0.19           0.16 r        -0.03  (VIOLATED)
   wb_data_o[25]                0.19           0.16 r        -0.03  (VIOLATED)
   in_valid_s_reg[1]/D          0.18           0.16 f        -0.03  (VIOLATED)
   wb_data_o[24]                0.19           0.16 r        -0.03  (VIOLATED)
   u12/o9_we_reg/D              0.15           0.13 f        -0.02  (VIOLATED)
   wb_data_o[7]                 0.19           0.17 r        -0.02  (VIOLATED)
   wb_ack_o                     0.19           0.17 r        -0.02  (VIOLATED)
   wb_data_o[5]                 0.19           0.17 r        -0.02  (VIOLATED)
   dma_req_o[5]                 0.19           0.17 f        -0.02  (VIOLATED)
   dma_req_o[8]                 0.19           0.17 f        -0.02  (VIOLATED)
   dma_req_o[7]                 0.19           0.17 f        -0.02  (VIOLATED)
   dma_req_o[6]                 0.19           0.17 f        -0.02  (VIOLATED)
   wb_data_o[6]                 0.19           0.17 r        -0.02  (VIOLATED)
   dma_req_o[4]                 0.19           0.17 f        -0.02  (VIOLATED)
   u26/ps_cnt_reg[0]/D          0.18           0.17 f        -0.02  (VIOLATED)
   wb_data_o[23]                0.19           0.17 r        -0.02  (VIOLATED)
   dma_req_o[3]                 0.19           0.18 f        -0.01  (VIOLATED)
   u14/u8/en_out_l_reg/SETB     0.17           0.16 r        -0.01  (VIOLATED)
   wb_data_o[22]                0.19           0.18 r        -0.01  (VIOLATED)
   wb_data_o[3]                 0.19           0.18 r        -0.01  (VIOLATED)
   wb_data_o[1]                 0.19           0.18 r        -0.01  (VIOLATED)
   wb_data_o[4]                 0.19           0.18 r        -0.01  (VIOLATED)
   dma_req_o[1]                 0.19           0.18 f        -0.01  (VIOLATED)
   wb_data_o[2]                 0.19           0.18 r        -0.01  (VIOLATED)
   u26/cnt_reg[1]/D             0.18           0.18 f         0.00  (VIOLATED: increase significant digits)
   dma_req_o[0]                 0.19           0.19 f         0.00  (VIOLATED: increase significant digits)
   wb_data_o[0]                 0.19           0.19 r         0.00  (VIOLATED: increase significant digits)


   max_transition

                             Required        Actual
   Net                      Transition     Transition        Slack
   -----------------------------------------------------------------
   u3/n168                      1.02           1.04          -0.01  (VIOLATED)
       PIN :   u3/mem_reg[1][27]/D
                                1.02           1.04          -0.01  (VIOLATED)

   -----------------------------------------------------------------
   Total                      1                  -0.01  

   max_area

                             Required        Actual
   Design                      Area           Area           Slack
   -----------------------------------------------------------------
   ac97_top                     0.00       33055.81       -33055.81 (VIOLATED)


1
