 
****************************************
Report : area
Design : ac97_top
Version: W-2024.09-SP2
Date   : Tue May 13 11:17:09 2025
****************************************

Library(s) Used:

    saed32rvt_ss0p95v25c (File: /mnt/class_data/ecec574-w2019/PDKs/_archived/SAED32nm_new/SAED32_EDK/lib/stdcell_rvt/db_ccs/saed32rvt_ss0p95v25c.db)

Number of ports:                          133
Number of nets:                           821
Number of cells:                           63
Number of combinational cells:             28
Number of sequential cells:                 8
Number of macros/black boxes:               0
Number of buf/inv:                         28
Number of references:                      32

Combinational area:              10182.787696
Buf/Inv area:                     1007.680984
Noncombinational area:           14840.993487
Macro/Black Box area:                0.000000
Net Interconnect area:            8032.027818

Total cell area:                 25023.781183
Total area:                      33055.809000
1
