Information: Propagating switching activity (low effort zero delay simulation). (PWR-6)
Warning: Design has unannotated primary inputs. (PWR-414)
Warning: Design has unannotated sequential cell outputs. (PWR-415)
 
****************************************
Report : power
        -analysis_effort low
Design : ac97_top
Version: W-2024.09-SP2
Date   : Tue May  6 09:17:54 2025
****************************************


Library(s) Used:

    saed32rvt_ss0p95v25c (File: /mnt/class_data/ecec574-w2019/PDKs/_archived/SAED32nm_new/SAED32_EDK/lib/stdcell_rvt/db_ccs/saed32rvt_ss0p95v25c.db)

Information: The library cell 'IBUFFX4_RVT' in the library 'saed32rvt_ss0p95v25c' is not characterized for internal power. (PWR-227)
Information: The library cell 'NBUFFX16_RVT' in the library 'saed32rvt_ss0p95v25c' is not characterized for internal power. (PWR-227)
Information: The library cell 'NBUFFX4_RVT' in the library 'saed32rvt_ss0p95v25c' is not characterized for internal power. (PWR-227)
Information: The design contains cells, other than constants and black boxes, that are not characterized for internal power. (PWR-228)

Operating Conditions: ss0p95v125c   Library: saed32rvt_ss0p95v125c
Wire Load Model Mode: enclosed

Design        Wire Load Model            Library
------------------------------------------------
ac97_top               ForQA             saed32rvt_ss0p95v125c


Global Operating Voltage = 0.95 
Power-specific unit information :
    Voltage Units = 1V
    Capacitance Units = 1.000000ff
    Time Units = 1ns
    Dynamic Power Units = 1uW    (derived from V,C,T units)
    Leakage Power Units = 1pW


Attributes
----------
i - Including register clock pin internal power


  Cell Internal Power  = 916.6365 uW   (99%)
  Net Switching Power  =  12.9397 uW    (1%)
                         ---------
Total Dynamic Power    = 929.5762 uW  (100%)

Cell Leakage Power     = 583.5065 uW


                 Internal         Switching           Leakage            Total
Power Group      Power            Power               Power              Power   (   %    )  Attrs
--------------------------------------------------------------------------------------------------
io_pad             0.0000            0.0000            0.0000            0.0000  (   0.00%)
memory             0.0000            0.0000            0.0000            0.0000  (   0.00%)
black_box          0.0000            0.0000            0.0000            0.0000  (   0.00%)
clock_network  1.0168e+03            0.0000            0.0000        1.0168e+03  (  67.20%)  i
register       -1.1257e+02            3.9761        2.6930e+08          160.7131 (  10.62%)
sequential        10.3158            0.3527        4.9802e+07           60.4702  (   4.00%)
combinational      2.0775            8.6109        2.6440e+08          275.0885  (  18.18%)
--------------------------------------------------------------------------------------------------
Total            916.6396 uW        12.9397 uW     5.8351e+08 pW     1.5131e+03 uW
1
