Information: Propagating switching activity (low effort zero delay simulation). (PWR-6)
Warning: Design has unannotated primary inputs. (PWR-414)
Warning: Design has unannotated sequential cell outputs. (PWR-415)
 
****************************************
Report : power
        -analysis_effort low
Design : usbf_top
Version: W-2024.09-SP2
Date   : Tue May  6 09:37:25 2025
****************************************


Library(s) Used:

    saed32rvt_ss0p95v25c (File: /mnt/class_data/ecec574-w2019/PDKs/_archived/SAED32nm_new/SAED32_EDK/lib/stdcell_rvt/db_ccs/saed32rvt_ss0p95v25c.db)

Information: The library cell 'NBUFFX4_RVT' in the library 'saed32rvt_ss0p95v25c' is not characterized for internal power. (PWR-227)
Information: The design contains cells, other than constants and black boxes, that are not characterized for internal power. (PWR-228)

Operating Conditions: ss0p95v125c   Library: saed32rvt_ss0p95v125c
Wire Load Model Mode: enclosed

Design        Wire Load Model            Library
------------------------------------------------
usbf_top               ForQA             saed32rvt_ss0p95v125c


Global Operating Voltage = 0.95 
Power-specific unit information :
    Voltage Units = 1V
    Capacitance Units = 1.000000ff
    Time Units = 1ns
    Dynamic Power Units = 1uW    (derived from V,C,T units)
    Leakage Power Units = 1pW


Attributes
----------
i - Including register clock pin internal power


  Cell Internal Power  = 170.3999 uW   (88%)
  Net Switching Power  =  23.1462 uW   (12%)
                         ---------
Total Dynamic Power    = 193.5461 uW  (100%)

Cell Leakage Power     = 590.2891 uW


                 Internal         Switching           Leakage            Total
Power Group      Power            Power               Power              Power   (   %    )  Attrs
--------------------------------------------------------------------------------------------------
io_pad             0.0000            0.0000            0.0000            0.0000  (   0.00%)
memory             0.0000            0.0000            0.0000            0.0000  (   0.00%)
black_box          0.0000            0.0000            0.0000            0.0000  (   0.00%)
clock_network    112.2490            0.0000            0.0000          112.2490  (  14.32%)  i
register           3.3127            2.2500        3.2276e+07           37.8391  (   4.83%)
sequential        43.8480            0.5501        2.1749e+08          261.8906  (  33.41%)
combinational     10.9901           20.3461        3.4052e+08          371.8564  (  47.44%)
--------------------------------------------------------------------------------------------------
Total            170.3999 uW        23.1462 uW     5.9029e+08 pW       783.8352 uW
1
