 
****************************************
Report : constraint
        -all_violators
Design : usbf_top
Version: W-2024.09-SP2
Date   : Tue May  6 09:37:24 2025
****************************************

	Parasitic source    : LPE
	Parasitic mode      : RealRC
	Extraction mode     : MAX
	Extraction derating : 125/125/125

   min_delay/hold ('clk' group)

                             Required        Actual
   Endpoint                 Path Delay     Path Delay        Slack
   -----------------------------------------------------------------
   u5/wb_data_o_reg[1]/SI       0.15           0.01 f        -0.14  (VIOLATED)
   u5/wb_data_o_reg[2]/SI       0.15           0.01 f        -0.13  (VIOLATED)
   u5/wb_data_o_reg[0]/SI       0.15           0.01 f        -0.13  (VIOLATED)
   u5/wb_data_o_reg[3]/SI       0.14           0.01 f        -0.13  (VIOLATED)
   u5/wb_data_o_reg[30]/SI      0.14           0.01 f        -0.13  (VIOLATED)
   u5/wb_data_o_reg[4]/SI       0.14           0.01 f        -0.13  (VIOLATED)
   u5/wb_data_o_reg[31]/SI      0.14           0.01 f        -0.13  (VIOLATED)
   u5/wb_data_o_reg[29]/SI      0.14           0.01 f        -0.13  (VIOLATED)
   u5/wb_data_o_reg[28]/SI      0.14           0.01 f        -0.13  (VIOLATED)
   u5/wb_data_o_reg[27]/SI      0.14           0.01 f        -0.13  (VIOLATED)
   u5/wb_data_o_reg[25]/SI      0.14           0.01 f        -0.13  (VIOLATED)
   u5/wb_data_o_reg[26]/SI      0.14           0.01 f        -0.13  (VIOLATED)
   u5/wb_data_o_reg[24]/SI      0.14           0.01 f        -0.13  (VIOLATED)
   u5/wb_data_o_reg[5]/SI       0.14           0.01 f        -0.13  (VIOLATED)
   u5/wb_data_o_reg[7]/SI       0.14           0.01 f        -0.13  (VIOLATED)
   u5/wb_data_o_reg[9]/SI       0.14           0.01 f        -0.13  (VIOLATED)
   u5/wb_data_o_reg[21]/SI      0.14           0.01 f        -0.13  (VIOLATED)
   u5/wb_data_o_reg[22]/SI      0.14           0.01 f        -0.13  (VIOLATED)
   u5/wb_data_o_reg[23]/SI      0.14           0.01 f        -0.13  (VIOLATED)
   u5/wb_data_o_reg[20]/SI      0.14           0.01 f        -0.13  (VIOLATED)
   u5/wb_data_o_reg[8]/SI       0.14           0.01 f        -0.13  (VIOLATED)
   u5/wb_data_o_reg[6]/SI       0.14           0.01 f        -0.13  (VIOLATED)
   u5/wb_data_o_reg[19]/SI      0.14           0.01 f        -0.13  (VIOLATED)
   u5/wb_data_o_reg[10]/SI      0.14           0.01 f        -0.13  (VIOLATED)
   u5/wb_data_o_reg[16]/SI      0.14           0.01 f        -0.13  (VIOLATED)
   u5/wb_data_o_reg[17]/SI      0.14           0.01 f        -0.13  (VIOLATED)
   u5/wb_data_o_reg[18]/SI      0.14           0.01 f        -0.13  (VIOLATED)
   u5/wb_data_o_reg[15]/SI      0.14           0.01 f        -0.13  (VIOLATED)
   u5/wb_data_o_reg[13]/SI      0.14           0.01 f        -0.13  (VIOLATED)
   u5/wb_data_o_reg[14]/SI      0.14           0.01 f        -0.13  (VIOLATED)
   u5/wb_data_o_reg[12]/SI      0.14           0.01 f        -0.13  (VIOLATED)
   u5/wb_data_o_reg[11]/SI      0.14           0.01 f        -0.13  (VIOLATED)
   u4/u3/dma_ack_wr1_reg/SETB
                                0.18           0.05 r        -0.13  (VIOLATED)
   u4/u1/dma_ack_wr1_reg/SETB
                                0.18           0.06 r        -0.12  (VIOLATED)
   u4/utmi_vend_ctrl_r_reg[3]/D
                                0.19           0.06 f        -0.12  (VIOLATED)
   u4/utmi_vend_ctrl_r_reg[2]/D
                                0.18           0.06 f        -0.12  (VIOLATED)
   u4/utmi_vend_ctrl_r_reg[1]/D
                                0.18           0.07 f        -0.12  (VIOLATED)
   sram_adr_o[14]               0.19           0.07 f        -0.12  (VIOLATED)
   sram_adr_o[13]               0.19           0.07 f        -0.12  (VIOLATED)
   u4/utmi_vend_ctrl_r_reg[0]/D
                                0.18           0.07 f        -0.11  (VIOLATED)
   u4/inta_msk_reg[7]/D         0.18           0.08 f        -0.11  (VIOLATED)
   sram_adr_o[6]                0.19           0.08 f        -0.11  (VIOLATED)
   u4/inta_msk_reg[4]/D         0.19           0.08 f        -0.11  (VIOLATED)
   sram_adr_o[5]                0.19           0.09 f        -0.10  (VIOLATED)
   u4/inta_msk_reg[3]/D         0.19           0.08 f        -0.10  (VIOLATED)
   u4/inta_msk_reg[5]/D         0.19           0.08 f        -0.10  (VIOLATED)
   u4/inta_msk_reg[8]/D         0.18           0.08 f        -0.10  (VIOLATED)
   u4/inta_msk_reg[6]/D         0.19           0.08 f        -0.10  (VIOLATED)
   u4/inta_msk_reg[1]/D         0.18           0.08 f        -0.10  (VIOLATED)
   u5/wb_data_o_reg[1]/SE       0.11           0.01 f        -0.10  (VIOLATED)
   u4/intb_msk_reg[0]/D         0.18           0.08 f        -0.10  (VIOLATED)
   sram_adr_o[7]                0.19           0.09 f        -0.10  (VIOLATED)
   sram_adr_o[8]                0.19           0.09 f        -0.10  (VIOLATED)
   u5/wb_data_o_reg[0]/SE       0.11           0.01 f        -0.10  (VIOLATED)
   u5/wb_data_o_reg[2]/SE       0.11           0.01 f        -0.10  (VIOLATED)
   u4/intb_msk_reg[1]/D         0.18           0.08 f        -0.10  (VIOLATED)
   sram_adr_o[12]               0.19           0.09 f        -0.10  (VIOLATED)
   u5/wb_data_o_reg[3]/SE       0.11           0.01 f        -0.10  (VIOLATED)
   u4/intb_msk_reg[3]/D         0.18           0.08 f        -0.10  (VIOLATED)
   u4/funct_adr_reg[2]/D        0.18           0.08 f        -0.10  (VIOLATED)
   u4/intb_msk_reg[7]/D         0.19           0.08 f        -0.10  (VIOLATED)
   u4/funct_adr_reg[4]/D        0.18           0.08 f        -0.10  (VIOLATED)
   sram_adr_o[9]                0.19           0.09 f        -0.10  (VIOLATED)
   u4/funct_adr_reg[5]/D        0.18           0.08 f        -0.10  (VIOLATED)
   u4/funct_adr_reg[3]/D        0.18           0.08 f        -0.10  (VIOLATED)
   u4/inta_msk_reg[2]/D         0.18           0.08 f        -0.10  (VIOLATED)
   u5/wb_data_o_reg[4]/SE       0.11           0.01 f        -0.10  (VIOLATED)
   u4/funct_adr_reg[1]/D        0.18           0.08 f        -0.10  (VIOLATED)
   sram_adr_o[10]               0.19           0.09 f        -0.10  (VIOLATED)
   sram_adr_o[11]               0.19           0.09 f        -0.10  (VIOLATED)
   sram_adr_o[4]                0.19           0.09 f        -0.10  (VIOLATED)
   u5/wb_data_o_reg[5]/SE       0.11           0.01 f        -0.10  (VIOLATED)
   u4/intb_msk_reg[6]/D         0.18           0.09 f        -0.10  (VIOLATED)
   u5/wb_data_o_reg[7]/SE       0.11           0.01 f        -0.10  (VIOLATED)
   u5/wb_data_o_reg[8]/SE       0.11           0.01 f        -0.10  (VIOLATED)
   u4/funct_adr_reg[6]/D        0.18           0.09 f        -0.10  (VIOLATED)
   u4/intb_msk_reg[8]/D         0.18           0.09 f        -0.10  (VIOLATED)
   u5/wb_data_o_reg[9]/SE       0.11           0.01 f        -0.10  (VIOLATED)
   u4/intb_msk_reg[2]/D         0.18           0.09 f        -0.10  (VIOLATED)
   u5/wb_data_o_reg[10]/SE      0.11           0.01 f        -0.10  (VIOLATED)
   u4/intb_msk_reg[5]/D         0.18           0.09 f        -0.10  (VIOLATED)
   sram_adr_o[3]                0.19           0.09 f        -0.10  (VIOLATED)
   u5/wb_data_o_reg[6]/SE       0.11           0.02 f        -0.09  (VIOLATED)
   u5/wb_data_o_reg[18]/SE      0.11           0.02 f        -0.09  (VIOLATED)
   u5/wb_data_o_reg[19]/SE      0.11           0.02 f        -0.09  (VIOLATED)
   u5/wb_data_o_reg[14]/SE      0.11           0.02 f        -0.09  (VIOLATED)
   u5/wb_data_o_reg[12]/SE      0.11           0.02 f        -0.09  (VIOLATED)
   u5/wb_data_o_reg[11]/SE      0.11           0.02 f        -0.09  (VIOLATED)
   u5/wb_data_o_reg[17]/SE      0.11           0.02 f        -0.09  (VIOLATED)
   u5/wb_data_o_reg[13]/SE      0.11           0.02 f        -0.09  (VIOLATED)
   u5/wb_data_o_reg[16]/SE      0.11           0.02 f        -0.09  (VIOLATED)
   u4/funct_adr_reg[0]/D        0.18           0.09 f        -0.09  (VIOLATED)
   u5/wb_data_o_reg[15]/SE      0.11           0.02 f        -0.09  (VIOLATED)
   u5/wb_data_o_reg[20]/SE      0.11           0.02 f        -0.09  (VIOLATED)
   u5/wb_data_o_reg[22]/SE      0.11           0.02 f        -0.09  (VIOLATED)
   u5/wb_data_o_reg[23]/SE      0.11           0.02 f        -0.09  (VIOLATED)
   u4/inta_msk_reg[0]/D         0.18           0.09 f        -0.09  (VIOLATED)
   u5/wb_data_o_reg[21]/SE      0.11           0.02 f        -0.09  (VIOLATED)
   u5/wb_data_o_reg[25]/SE      0.11           0.02 f        -0.09  (VIOLATED)
   u5/wb_data_o_reg[24]/SE      0.11           0.02 f        -0.09  (VIOLATED)
   u5/wb_data_o_reg[27]/SE      0.11           0.02 f        -0.09  (VIOLATED)
   u5/wb_data_o_reg[31]/SE      0.11           0.02 f        -0.09  (VIOLATED)
   u5/wb_data_o_reg[30]/SE      0.11           0.02 f        -0.09  (VIOLATED)
   u5/wb_data_o_reg[26]/SE      0.11           0.02 f        -0.09  (VIOLATED)
   u5/wb_data_o_reg[28]/SE      0.11           0.02 f        -0.09  (VIOLATED)
   u5/wb_data_o_reg[29]/SE      0.11           0.02 f        -0.09  (VIOLATED)
   sram_data_o[11]              0.19           0.10 f        -0.09  (VIOLATED)
   sram_data_o[8]               0.19           0.10 f        -0.09  (VIOLATED)
   sram_data_o[2]               0.19           0.10 f        -0.09  (VIOLATED)
   sram_adr_o[2]                0.19           0.11 f        -0.08  (VIOLATED)
   sram_data_o[25]              0.19           0.11 f        -0.08  (VIOLATED)
   sram_data_o[13]              0.19           0.11 f        -0.08  (VIOLATED)
   sram_data_o[1]               0.19           0.11 f        -0.08  (VIOLATED)
   sram_data_o[5]               0.19           0.11 f        -0.08  (VIOLATED)
   sram_adr_o[1]                0.19           0.11 f        -0.08  (VIOLATED)
   sram_data_o[26]              0.19           0.11 f        -0.08  (VIOLATED)
   sram_data_o[3]               0.19           0.11 f        -0.08  (VIOLATED)
   sram_data_o[0]               0.19           0.11 f        -0.08  (VIOLATED)
   sram_data_o[10]              0.19           0.11 f        -0.08  (VIOLATED)
   sram_data_o[27]              0.19           0.11 f        -0.08  (VIOLATED)
   sram_data_o[9]               0.19           0.11 f        -0.08  (VIOLATED)
   sram_data_o[14]              0.19           0.11 f        -0.08  (VIOLATED)
   sram_data_o[4]               0.19           0.11 f        -0.08  (VIOLATED)
   sram_data_o[12]              0.19           0.11 f        -0.08  (VIOLATED)
   sram_data_o[15]              0.19           0.12 f        -0.07  (VIOLATED)
   sram_data_o[17]              0.19           0.12 f        -0.07  (VIOLATED)
   sram_data_o[23]              0.19           0.12 f        -0.07  (VIOLATED)
   resume_req_r_reg/SE          0.15           0.08 r        -0.07  (VIOLATED)
   sram_data_o[7]               0.19           0.12 f        -0.07  (VIOLATED)
   sram_data_o[6]               0.19           0.12 f        -0.07  (VIOLATED)
   u4/intb_msk_reg[4]/D         0.18           0.10 f        -0.07  (VIOLATED)
   sram_data_o[16]              0.19           0.12 f        -0.07  (VIOLATED)
   phy_rst_pad_o                0.19           0.13 f        -0.06  (VIOLATED)
   sram_data_o[18]              0.19           0.13 f        -0.06  (VIOLATED)
   sram_data_o[29]              0.19           0.13 f        -0.06  (VIOLATED)
   sram_data_o[22]              0.19           0.13 f        -0.06  (VIOLATED)
   sram_data_o[24]              0.19           0.13 f        -0.06  (VIOLATED)
   sram_data_o[20]              0.19           0.13 f        -0.06  (VIOLATED)
   sram_data_o[19]              0.19           0.13 f        -0.06  (VIOLATED)
   sram_data_o[31]              0.19           0.13 f        -0.06  (VIOLATED)
   sram_data_o[21]              0.19           0.14 f        -0.05  (VIOLATED)
   u4/u2/dma_ack_wr1_reg/SETB
                                0.16           0.11 r        -0.05  (VIOLATED)
   sram_adr_o[0]                0.19           0.14 f        -0.05  (VIOLATED)
   SuspendM_pad_o               0.19           0.14 f        -0.05  (VIOLATED)
   sram_data_o[30]              0.19           0.14 f        -0.05  (VIOLATED)
   u4/u3/r2_reg/SETB            0.17           0.12 r        -0.05  (VIOLATED)
   u4/u1/r2_reg/SETB            0.17           0.13 r        -0.05  (VIOLATED)
   u4/u2/r2_reg/SETB            0.17           0.13 r        -0.05  (VIOLATED)
   u4/u0/r2_reg/SETB            0.17           0.13 r        -0.05  (VIOLATED)
   sram_data_o[28]              0.19           0.15 f        -0.04  (VIOLATED)
   inta_o                       0.19           0.16 r        -0.03  (VIOLATED)
   u4/attach_r1_reg/D           0.18           0.15 f        -0.03  (VIOLATED)
   u5/wb_ack_s2_reg/D           0.18           0.15 f        -0.03  (VIOLATED)
   u4/suspend_r1_reg/D          0.18           0.15 f        -0.03  (VIOLATED)
   wb_ack_o                     0.19           0.16 r        -0.03  (VIOLATED)
   intb_o                       0.19           0.16 r        -0.03  (VIOLATED)
   u4/utmi_vend_wr_r_reg/RSTB
                                0.12           0.10 f        -0.03  (VIOLATED)
   dma_req_o[0]                 0.19           0.17 r        -0.02  (VIOLATED)
   u4/int_src_re_reg/D          0.15           0.13 f        -0.02  (VIOLATED)
   susp_o                       0.19           0.18 r        -0.01  (VIOLATED)
   dma_req_o[3]                 0.19           0.19 r         0.00  (VIOLATED: increase significant digits)
   resume_req_r_reg/D           0.11           0.11 f         0.00  (VIOLATED: increase significant digits)


   max_area

                             Required        Actual
   Design                      Area           Area           Slack
   -----------------------------------------------------------------
   usbf_top                     0.00       32219.65       -32219.65 (VIOLATED)


1
