 
****************************************
Report : area
Design : usbf_top
Version: W-2024.09-SP2
Date   : Tue May  6 09:37:24 2025
****************************************

Library(s) Used:

    saed32rvt_ss0p95v25c (File: /mnt/class_data/ecec574-w2019/PDKs/_archived/SAED32nm_new/SAED32_EDK/lib/stdcell_rvt/db_ccs/saed32rvt_ss0p95v25c.db)

Number of ports:                          250
Number of nets:                           725
Number of cells:                           37
Number of combinational cells:             19
Number of sequential cells:                13
Number of macros/black boxes:               0
Number of buf/inv:                         18
Number of references:                       9

Combinational area:              12363.597370
Buf/Inv area:                      813.769100
Noncombinational area:           11929.011369
Macro/Black Box area:                0.000000
Net Interconnect area:            7927.038220

Total cell area:                 24292.608740
Total area:                      32219.646960
1
