 
****************************************
Report : area
Design : usbf_top
Version: W-2024.09-SP4-1
Date   : Tue Apr 29 11:31:33 2025
****************************************

Library(s) Used:

    saed32rvt_ss0p95v25c (File: /mnt/class_data/ecec574-w2019/PDKs/_archived/SAED32nm_new/SAED32_EDK/lib/stdcell_rvt/db_ccs/saed32rvt_ss0p95v25c.db)

Number of ports:                         6616
Number of nets:                         11659
Number of cells:                         7239
Number of combinational cells:           5338
Number of sequential cells:              1746
Number of macros/black boxes:               0
Number of buf/inv:                        879
Number of references:                       9

Combinational area:              13285.123523
Buf/Inv area:                     1136.531974
Noncombinational area:           11538.137979
Macro/Black Box area:                0.000000
Net Interconnect area:            4639.116456

Total cell area:                 24823.261502
Total area:                      29462.377958
1
