 
****************************************
check_design summary:
Version:     M-2016.12-SP1
Date:        Tue Apr 15 10:32:27 2025
****************************************

                   Name                                            Total
--------------------------------------------------------------------------------
Inputs/Outputs                                                    618
    Unconnected ports (LINT-28)                                   113
    Feedthrough (LINT-29)                                         153
    Shorted outputs (LINT-31)                                     211
    Constant outputs (LINT-52)                                    141

Cells                                                              26
    Cells do not drive (LINT-1)                                    19
    Connected to power or ground (LINT-32)                          5
    Nets connected to multiple pins on same cell (LINT-33)          2

Nets                                                                5
    Unloaded nets (LINT-2)                                          5
--------------------------------------------------------------------------------

Warning: In design 'usbf_pl_SSRAM_HADR14', cell 'C189' does not drive any nets. (LINT-1)
Warning: In design 'usbf_pl_SSRAM_HADR14', cell 'C197' does not drive any nets. (LINT-1)
Warning: In design 'usbf_pl_SSRAM_HADR14', cell 'B_6' does not drive any nets. (LINT-1)
Warning: In design 'usbf_utmi_ls', cell 'B_51' does not drive any nets. (LINT-1)
Warning: In design 'usbf_utmi_ls', cell 'B_54' does not drive any nets. (LINT-1)
Warning: In design 'usbf_utmi_ls', cell 'C1646' does not drive any nets. (LINT-1)
Warning: In design 'usbf_utmi_ls', cell 'C1658' does not drive any nets. (LINT-1)
Warning: In design 'usbf_utmi_ls', cell 'C1676' does not drive any nets. (LINT-1)
Warning: In design 'usbf_idma_SSRAM_HADR14', cell 'B_27' does not drive any nets. (LINT-1)
Warning: In design 'usbf_idma_SSRAM_HADR14', cell 'B_28' does not drive any nets. (LINT-1)
Warning: In design 'usbf_idma_SSRAM_HADR14', cell 'C1203' does not drive any nets. (LINT-1)
Warning: In design 'usbf_idma_SSRAM_HADR14', cell 'C1217' does not drive any nets. (LINT-1)
Warning: In design 'usbf_pe_SSRAM_HADR14', cell 'C1747' does not drive any nets. (LINT-1)
Warning: In design 'usbf_pe_SSRAM_HADR14', cell 'B_78' does not drive any nets. (LINT-1)
Warning: In design 'usbf_pe_SSRAM_HADR14', cell 'B_81' does not drive any nets. (LINT-1)
Warning: In design 'usbf_ep_rf', cell 'C925' does not drive any nets. (LINT-1)
Warning: In design 'usbf_ep_rf', cell 'C929' does not drive any nets. (LINT-1)
Warning: In design 'usbf_ep_rf', cell 'C956' does not drive any nets. (LINT-1)
Warning: In design 'usbf_ep_rf', cell 'C960' does not drive any nets. (LINT-1)
Warning: In design 'usbf_top', net 'rf_resume_req' driven by pin 'u4/rf_resume_req' has no loads. (LINT-2)
Warning: In design 'usbf_top', net 'ma_adr[0]' driven by pin 'u5/ma_adr[0]' has no loads. (LINT-2)
Warning: In design 'usbf_top', net 'ma_adr[1]' driven by pin 'u5/ma_adr[1]' has no loads. (LINT-2)
Warning: In design 'usbf_top', net 'ma_adr[17]' driven by pin 'u5/ma_adr[17]' has no loads. (LINT-2)
Warning: In design 'usbf_top', net 'u1/rx_seq_err' driven by pin 'u1/u0/seq_err' has no loads. (LINT-2)
Warning: In design 'usbf_pl_SSRAM_HADR14', port 'usb_reset' is not connected to any nets. (LINT-28)
Warning: In design 'usbf_pl_SSRAM_HADR14', port 'usb_suspend' is not connected to any nets. (LINT-28)
Warning: In design 'usbf_pl_SSRAM_HADR14', port 'usb_attached' is not connected to any nets. (LINT-28)
Warning: In design 'usbf_mem_arb_SSRAM_HADR14', port 'wclk' is not connected to any nets. (LINT-28)
Warning: In design 'usbf_rf', port 'attached' is not connected to any nets. (LINT-28)
Warning: In design 'usbf_utmi_ls', port 'rx_active' is not connected to any nets. (LINT-28)
Warning: In design 'usbf_utmi_ls', port 'tx_ready' is not connected to any nets. (LINT-28)
Warning: In design 'usbf_pe_SSRAM_HADR14', port 'pid_NACK' is not connected to any nets. (LINT-28)
Warning: In design 'usbf_pe_SSRAM_HADR14', port 'pid_STALL' is not connected to any nets. (LINT-28)
Warning: In design 'usbf_pe_SSRAM_HADR14', port 'pid_NYET' is not connected to any nets. (LINT-28)
Warning: In design 'usbf_pe_SSRAM_HADR14', port 'pid_PRE' is not connected to any nets. (LINT-28)
Warning: In design 'usbf_pe_SSRAM_HADR14', port 'pid_ERR' is not connected to any nets. (LINT-28)
Warning: In design 'usbf_pe_SSRAM_HADR14', port 'pid_SPLIT' is not connected to any nets. (LINT-28)
Warning: In design 'usbf_pe_SSRAM_HADR14', port 'crc5_err' is not connected to any nets. (LINT-28)
Warning: In design 'usbf_pe_SSRAM_HADR14', port 'fsel' is not connected to any nets. (LINT-28)
Warning: In design 'usbf_pe_SSRAM_HADR14', port 'ep_sel[3]' is not connected to any nets. (LINT-28)
Warning: In design 'usbf_pe_SSRAM_HADR14', port 'ep_sel[2]' is not connected to any nets. (LINT-28)
Warning: In design 'usbf_pe_SSRAM_HADR14', port 'ep_sel[1]' is not connected to any nets. (LINT-28)
Warning: In design 'usbf_pe_SSRAM_HADR14', port 'ep_sel[0]' is not connected to any nets. (LINT-28)
Warning: In design 'usbf_pe_SSRAM_HADR14', port 'csr[21]' is not connected to any nets. (LINT-28)
Warning: In design 'usbf_pe_SSRAM_HADR14', port 'csr[20]' is not connected to any nets. (LINT-28)
Warning: In design 'usbf_pe_SSRAM_HADR14', port 'csr[19]' is not connected to any nets. (LINT-28)
Warning: In design 'usbf_pe_SSRAM_HADR14', port 'csr[18]' is not connected to any nets. (LINT-28)
Warning: In design 'usbf_pe_SSRAM_HADR14', port 'csr[14]' is not connected to any nets. (LINT-28)
Warning: In design 'usbf_pe_SSRAM_HADR14', port 'csr[13]' is not connected to any nets. (LINT-28)
Warning: In design 'usbf_ep_rf_dummy', port 'clk' is not connected to any nets. (LINT-28)
Warning: In design 'usbf_ep_rf_dummy', port 'wclk' is not connected to any nets. (LINT-28)
Warning: In design 'usbf_ep_rf_dummy', port 'rst' is not connected to any nets. (LINT-28)
Warning: In design 'usbf_ep_rf_dummy', port 'adr[1]' is not connected to any nets. (LINT-28)
Warning: In design 'usbf_ep_rf_dummy', port 'adr[0]' is not connected to any nets. (LINT-28)
Warning: In design 'usbf_ep_rf_dummy', port 're' is not connected to any nets. (LINT-28)
Warning: In design 'usbf_ep_rf_dummy', port 'we' is not connected to any nets. (LINT-28)
Warning: In design 'usbf_ep_rf_dummy', port 'din[31]' is not connected to any nets. (LINT-28)
Warning: In design 'usbf_ep_rf_dummy', port 'din[30]' is not connected to any nets. (LINT-28)
Warning: In design 'usbf_ep_rf_dummy', port 'din[29]' is not connected to any nets. (LINT-28)
Warning: In design 'usbf_ep_rf_dummy', port 'din[28]' is not connected to any nets. (LINT-28)
Warning: In design 'usbf_ep_rf_dummy', port 'din[27]' is not connected to any nets. (LINT-28)
Warning: In design 'usbf_ep_rf_dummy', port 'din[26]' is not connected to any nets. (LINT-28)
Warning: In design 'usbf_ep_rf_dummy', port 'din[25]' is not connected to any nets. (LINT-28)
Warning: In design 'usbf_ep_rf_dummy', port 'din[24]' is not connected to any nets. (LINT-28)
Warning: In design 'usbf_ep_rf_dummy', port 'din[23]' is not connected to any nets. (LINT-28)
Warning: In design 'usbf_ep_rf_dummy', port 'din[22]' is not connected to any nets. (LINT-28)
Warning: In design 'usbf_ep_rf_dummy', port 'din[21]' is not connected to any nets. (LINT-28)
Warning: In design 'usbf_ep_rf_dummy', port 'din[20]' is not connected to any nets. (LINT-28)
Warning: In design 'usbf_ep_rf_dummy', port 'din[19]' is not connected to any nets. (LINT-28)
Warning: In design 'usbf_ep_rf_dummy', port 'din[18]' is not connected to any nets. (LINT-28)
Warning: In design 'usbf_ep_rf_dummy', port 'din[17]' is not connected to any nets. (LINT-28)
Warning: In design 'usbf_ep_rf_dummy', port 'din[16]' is not connected to any nets. (LINT-28)
Warning: In design 'usbf_ep_rf_dummy', port 'din[15]' is not connected to any nets. (LINT-28)
Warning: In design 'usbf_ep_rf_dummy', port 'din[14]' is not connected to any nets. (LINT-28)
Warning: In design 'usbf_ep_rf_dummy', port 'din[13]' is not connected to any nets. (LINT-28)
Warning: In design 'usbf_ep_rf_dummy', port 'din[12]' is not connected to any nets. (LINT-28)
Warning: In design 'usbf_ep_rf_dummy', port 'din[11]' is not connected to any nets. (LINT-28)
Warning: In design 'usbf_ep_rf_dummy', port 'din[10]' is not connected to any nets. (LINT-28)
Warning: In design 'usbf_ep_rf_dummy', port 'din[9]' is not connected to any nets. (LINT-28)
Warning: In design 'usbf_ep_rf_dummy', port 'din[8]' is not connected to any nets. (LINT-28)
Warning: In design 'usbf_ep_rf_dummy', port 'din[7]' is not connected to any nets. (LINT-28)
Warning: In design 'usbf_ep_rf_dummy', port 'din[6]' is not connected to any nets. (LINT-28)
Warning: In design 'usbf_ep_rf_dummy', port 'din[5]' is not connected to any nets. (LINT-28)
Warning: In design 'usbf_ep_rf_dummy', port 'din[4]' is not connected to any nets. (LINT-28)
Warning: In design 'usbf_ep_rf_dummy', port 'din[3]' is not connected to any nets. (LINT-28)
Warning: In design 'usbf_ep_rf_dummy', port 'din[2]' is not connected to any nets. (LINT-28)
Warning: In design 'usbf_ep_rf_dummy', port 'din[1]' is not connected to any nets. (LINT-28)
Warning: In design 'usbf_ep_rf_dummy', port 'din[0]' is not connected to any nets. (LINT-28)
Warning: In design 'usbf_ep_rf_dummy', port 'dma_ack' is not connected to any nets. (LINT-28)
Warning: In design 'usbf_ep_rf_dummy', port 'idin[31]' is not connected to any nets. (LINT-28)
Warning: In design 'usbf_ep_rf_dummy', port 'idin[30]' is not connected to any nets. (LINT-28)
Warning: In design 'usbf_ep_rf_dummy', port 'idin[29]' is not connected to any nets. (LINT-28)
Warning: In design 'usbf_ep_rf_dummy', port 'idin[28]' is not connected to any nets. (LINT-28)
Warning: In design 'usbf_ep_rf_dummy', port 'idin[27]' is not connected to any nets. (LINT-28)
Warning: In design 'usbf_ep_rf_dummy', port 'idin[26]' is not connected to any nets. (LINT-28)
Warning: In design 'usbf_ep_rf_dummy', port 'idin[25]' is not connected to any nets. (LINT-28)
Warning: In design 'usbf_ep_rf_dummy', port 'idin[24]' is not connected to any nets. (LINT-28)
Warning: In design 'usbf_ep_rf_dummy', port 'idin[23]' is not connected to any nets. (LINT-28)
Warning: In design 'usbf_ep_rf_dummy', port 'idin[22]' is not connected to any nets. (LINT-28)
Warning: In design 'usbf_ep_rf_dummy', port 'idin[21]' is not connected to any nets. (LINT-28)
Warning: In design 'usbf_ep_rf_dummy', port 'idin[20]' is not connected to any nets. (LINT-28)
Warning: In design 'usbf_ep_rf_dummy', port 'idin[19]' is not connected to any nets. (LINT-28)
Warning: In design 'usbf_ep_rf_dummy', port 'idin[18]' is not connected to any nets. (LINT-28)
Warning: In design 'usbf_ep_rf_dummy', port 'idin[17]' is not connected to any nets. (LINT-28)
Warning: In design 'usbf_ep_rf_dummy', port 'idin[16]' is not connected to any nets. (LINT-28)
Warning: In design 'usbf_ep_rf_dummy', port 'idin[15]' is not connected to any nets. (LINT-28)
Warning: In design 'usbf_ep_rf_dummy', port 'idin[14]' is not connected to any nets. (LINT-28)
Warning: In design 'usbf_ep_rf_dummy', port 'idin[13]' is not connected to any nets. (LINT-28)
Warning: In design 'usbf_ep_rf_dummy', port 'idin[12]' is not connected to any nets. (LINT-28)
Warning: In design 'usbf_ep_rf_dummy', port 'idin[11]' is not connected to any nets. (LINT-28)
Warning: In design 'usbf_ep_rf_dummy', port 'idin[10]' is not connected to any nets. (LINT-28)
Warning: In design 'usbf_ep_rf_dummy', port 'idin[9]' is not connected to any nets. (LINT-28)
Warning: In design 'usbf_ep_rf_dummy', port 'idin[8]' is not connected to any nets. (LINT-28)
Warning: In design 'usbf_ep_rf_dummy', port 'idin[7]' is not connected to any nets. (LINT-28)
Warning: In design 'usbf_ep_rf_dummy', port 'idin[6]' is not connected to any nets. (LINT-28)
Warning: In design 'usbf_ep_rf_dummy', port 'idin[5]' is not connected to any nets. (LINT-28)
Warning: In design 'usbf_ep_rf_dummy', port 'idin[4]' is not connected to any nets. (LINT-28)
Warning: In design 'usbf_ep_rf_dummy', port 'idin[3]' is not connected to any nets. (LINT-28)
Warning: In design 'usbf_ep_rf_dummy', port 'idin[2]' is not connected to any nets. (LINT-28)
Warning: In design 'usbf_ep_rf_dummy', port 'idin[1]' is not connected to any nets. (LINT-28)
Warning: In design 'usbf_ep_rf_dummy', port 'idin[0]' is not connected to any nets. (LINT-28)
Warning: In design 'usbf_ep_rf_dummy', port 'ep_sel[3]' is not connected to any nets. (LINT-28)
Warning: In design 'usbf_ep_rf_dummy', port 'ep_sel[2]' is not connected to any nets. (LINT-28)
Warning: In design 'usbf_ep_rf_dummy', port 'ep_sel[1]' is not connected to any nets. (LINT-28)
Warning: In design 'usbf_ep_rf_dummy', port 'ep_sel[0]' is not connected to any nets. (LINT-28)
Warning: In design 'usbf_ep_rf_dummy', port 'buf0_rl' is not connected to any nets. (LINT-28)
Warning: In design 'usbf_ep_rf_dummy', port 'buf0_set' is not connected to any nets. (LINT-28)
Warning: In design 'usbf_ep_rf_dummy', port 'buf1_set' is not connected to any nets. (LINT-28)
Warning: In design 'usbf_ep_rf_dummy', port 'uc_bsel_set' is not connected to any nets. (LINT-28)
Warning: In design 'usbf_ep_rf_dummy', port 'uc_dpd_set' is not connected to any nets. (LINT-28)
Warning: In design 'usbf_ep_rf_dummy', port 'int_buf1_set' is not connected to any nets. (LINT-28)
Warning: In design 'usbf_ep_rf_dummy', port 'int_buf0_set' is not connected to any nets. (LINT-28)
Warning: In design 'usbf_ep_rf_dummy', port 'int_upid_set' is not connected to any nets. (LINT-28)
Warning: In design 'usbf_ep_rf_dummy', port 'int_crc16_set' is not connected to any nets. (LINT-28)
Warning: In design 'usbf_ep_rf_dummy', port 'int_to_set' is not connected to any nets. (LINT-28)
Warning: In design 'usbf_ep_rf_dummy', port 'int_seqerr_set' is not connected to any nets. (LINT-28)
Warning: In design 'usbf_ep_rf_dummy', port 'out_to_small' is not connected to any nets. (LINT-28)
Warning: In design 'usbf_top', input port 'rst_i' is connected directly to output port 'phy_rst_pad_o'. (LINT-29)
Warning: In design 'usbf_mem_arb_SSRAM_HADR14', input port 'sram_din[31]' is connected directly to output port 'wdout[31]'. (LINT-29)
Warning: In design 'usbf_mem_arb_SSRAM_HADR14', input port 'sram_din[31]' is connected directly to output port 'mdout[31]'. (LINT-29)
Warning: In design 'usbf_mem_arb_SSRAM_HADR14', input port 'sram_din[30]' is connected directly to output port 'wdout[30]'. (LINT-29)
Warning: In design 'usbf_mem_arb_SSRAM_HADR14', input port 'sram_din[30]' is connected directly to output port 'mdout[30]'. (LINT-29)
Warning: In design 'usbf_mem_arb_SSRAM_HADR14', input port 'sram_din[29]' is connected directly to output port 'wdout[29]'. (LINT-29)
Warning: In design 'usbf_mem_arb_SSRAM_HADR14', input port 'sram_din[29]' is connected directly to output port 'mdout[29]'. (LINT-29)
Warning: In design 'usbf_mem_arb_SSRAM_HADR14', input port 'sram_din[28]' is connected directly to output port 'wdout[28]'. (LINT-29)
Warning: In design 'usbf_mem_arb_SSRAM_HADR14', input port 'sram_din[28]' is connected directly to output port 'mdout[28]'. (LINT-29)
Warning: In design 'usbf_mem_arb_SSRAM_HADR14', input port 'sram_din[27]' is connected directly to output port 'wdout[27]'. (LINT-29)
Warning: In design 'usbf_mem_arb_SSRAM_HADR14', input port 'sram_din[27]' is connected directly to output port 'mdout[27]'. (LINT-29)
Warning: In design 'usbf_mem_arb_SSRAM_HADR14', input port 'sram_din[26]' is connected directly to output port 'wdout[26]'. (LINT-29)
Warning: In design 'usbf_mem_arb_SSRAM_HADR14', input port 'sram_din[26]' is connected directly to output port 'mdout[26]'. (LINT-29)
Warning: In design 'usbf_mem_arb_SSRAM_HADR14', input port 'sram_din[25]' is connected directly to output port 'wdout[25]'. (LINT-29)
Warning: In design 'usbf_mem_arb_SSRAM_HADR14', input port 'sram_din[25]' is connected directly to output port 'mdout[25]'. (LINT-29)
Warning: In design 'usbf_mem_arb_SSRAM_HADR14', input port 'sram_din[24]' is connected directly to output port 'wdout[24]'. (LINT-29)
Warning: In design 'usbf_mem_arb_SSRAM_HADR14', input port 'sram_din[24]' is connected directly to output port 'mdout[24]'. (LINT-29)
Warning: In design 'usbf_mem_arb_SSRAM_HADR14', input port 'sram_din[23]' is connected directly to output port 'wdout[23]'. (LINT-29)
Warning: In design 'usbf_mem_arb_SSRAM_HADR14', input port 'sram_din[23]' is connected directly to output port 'mdout[23]'. (LINT-29)
Warning: In design 'usbf_mem_arb_SSRAM_HADR14', input port 'sram_din[22]' is connected directly to output port 'wdout[22]'. (LINT-29)
Warning: In design 'usbf_mem_arb_SSRAM_HADR14', input port 'sram_din[22]' is connected directly to output port 'mdout[22]'. (LINT-29)
Warning: In design 'usbf_mem_arb_SSRAM_HADR14', input port 'sram_din[21]' is connected directly to output port 'wdout[21]'. (LINT-29)
Warning: In design 'usbf_mem_arb_SSRAM_HADR14', input port 'sram_din[21]' is connected directly to output port 'mdout[21]'. (LINT-29)
Warning: In design 'usbf_mem_arb_SSRAM_HADR14', input port 'sram_din[20]' is connected directly to output port 'wdout[20]'. (LINT-29)
Warning: In design 'usbf_mem_arb_SSRAM_HADR14', input port 'sram_din[20]' is connected directly to output port 'mdout[20]'. (LINT-29)
Warning: In design 'usbf_mem_arb_SSRAM_HADR14', input port 'sram_din[19]' is connected directly to output port 'wdout[19]'. (LINT-29)
Warning: In design 'usbf_mem_arb_SSRAM_HADR14', input port 'sram_din[19]' is connected directly to output port 'mdout[19]'. (LINT-29)
Warning: In design 'usbf_mem_arb_SSRAM_HADR14', input port 'sram_din[18]' is connected directly to output port 'wdout[18]'. (LINT-29)
Warning: In design 'usbf_mem_arb_SSRAM_HADR14', input port 'sram_din[18]' is connected directly to output port 'mdout[18]'. (LINT-29)
Warning: In design 'usbf_mem_arb_SSRAM_HADR14', input port 'sram_din[17]' is connected directly to output port 'wdout[17]'. (LINT-29)
Warning: In design 'usbf_mem_arb_SSRAM_HADR14', input port 'sram_din[17]' is connected directly to output port 'mdout[17]'. (LINT-29)
Warning: In design 'usbf_mem_arb_SSRAM_HADR14', input port 'sram_din[16]' is connected directly to output port 'wdout[16]'. (LINT-29)
Warning: In design 'usbf_mem_arb_SSRAM_HADR14', input port 'sram_din[16]' is connected directly to output port 'mdout[16]'. (LINT-29)
Warning: In design 'usbf_mem_arb_SSRAM_HADR14', input port 'sram_din[15]' is connected directly to output port 'wdout[15]'. (LINT-29)
Warning: In design 'usbf_mem_arb_SSRAM_HADR14', input port 'sram_din[15]' is connected directly to output port 'mdout[15]'. (LINT-29)
Warning: In design 'usbf_mem_arb_SSRAM_HADR14', input port 'sram_din[14]' is connected directly to output port 'wdout[14]'. (LINT-29)
Warning: In design 'usbf_mem_arb_SSRAM_HADR14', input port 'sram_din[14]' is connected directly to output port 'mdout[14]'. (LINT-29)
Warning: In design 'usbf_mem_arb_SSRAM_HADR14', input port 'sram_din[13]' is connected directly to output port 'wdout[13]'. (LINT-29)
Warning: In design 'usbf_mem_arb_SSRAM_HADR14', input port 'sram_din[13]' is connected directly to output port 'mdout[13]'. (LINT-29)
Warning: In design 'usbf_mem_arb_SSRAM_HADR14', input port 'sram_din[12]' is connected directly to output port 'wdout[12]'. (LINT-29)
Warning: In design 'usbf_mem_arb_SSRAM_HADR14', input port 'sram_din[12]' is connected directly to output port 'mdout[12]'. (LINT-29)
Warning: In design 'usbf_mem_arb_SSRAM_HADR14', input port 'sram_din[11]' is connected directly to output port 'wdout[11]'. (LINT-29)
Warning: In design 'usbf_mem_arb_SSRAM_HADR14', input port 'sram_din[11]' is connected directly to output port 'mdout[11]'. (LINT-29)
Warning: In design 'usbf_mem_arb_SSRAM_HADR14', input port 'sram_din[10]' is connected directly to output port 'wdout[10]'. (LINT-29)
Warning: In design 'usbf_mem_arb_SSRAM_HADR14', input port 'sram_din[10]' is connected directly to output port 'mdout[10]'. (LINT-29)
Warning: In design 'usbf_mem_arb_SSRAM_HADR14', input port 'sram_din[9]' is connected directly to output port 'wdout[9]'. (LINT-29)
Warning: In design 'usbf_mem_arb_SSRAM_HADR14', input port 'sram_din[9]' is connected directly to output port 'mdout[9]'. (LINT-29)
Warning: In design 'usbf_mem_arb_SSRAM_HADR14', input port 'sram_din[8]' is connected directly to output port 'wdout[8]'. (LINT-29)
Warning: In design 'usbf_mem_arb_SSRAM_HADR14', input port 'sram_din[8]' is connected directly to output port 'mdout[8]'. (LINT-29)
Warning: In design 'usbf_mem_arb_SSRAM_HADR14', input port 'sram_din[7]' is connected directly to output port 'wdout[7]'. (LINT-29)
Warning: In design 'usbf_mem_arb_SSRAM_HADR14', input port 'sram_din[7]' is connected directly to output port 'mdout[7]'. (LINT-29)
Warning: In design 'usbf_mem_arb_SSRAM_HADR14', input port 'sram_din[6]' is connected directly to output port 'wdout[6]'. (LINT-29)
Warning: In design 'usbf_mem_arb_SSRAM_HADR14', input port 'sram_din[6]' is connected directly to output port 'mdout[6]'. (LINT-29)
Warning: In design 'usbf_mem_arb_SSRAM_HADR14', input port 'sram_din[5]' is connected directly to output port 'wdout[5]'. (LINT-29)
Warning: In design 'usbf_mem_arb_SSRAM_HADR14', input port 'sram_din[5]' is connected directly to output port 'mdout[5]'. (LINT-29)
Warning: In design 'usbf_mem_arb_SSRAM_HADR14', input port 'sram_din[4]' is connected directly to output port 'wdout[4]'. (LINT-29)
Warning: In design 'usbf_mem_arb_SSRAM_HADR14', input port 'sram_din[4]' is connected directly to output port 'mdout[4]'. (LINT-29)
Warning: In design 'usbf_mem_arb_SSRAM_HADR14', input port 'sram_din[3]' is connected directly to output port 'wdout[3]'. (LINT-29)
Warning: In design 'usbf_mem_arb_SSRAM_HADR14', input port 'sram_din[3]' is connected directly to output port 'mdout[3]'. (LINT-29)
Warning: In design 'usbf_mem_arb_SSRAM_HADR14', input port 'sram_din[2]' is connected directly to output port 'wdout[2]'. (LINT-29)
Warning: In design 'usbf_mem_arb_SSRAM_HADR14', input port 'sram_din[2]' is connected directly to output port 'mdout[2]'. (LINT-29)
Warning: In design 'usbf_mem_arb_SSRAM_HADR14', input port 'sram_din[1]' is connected directly to output port 'wdout[1]'. (LINT-29)
Warning: In design 'usbf_mem_arb_SSRAM_HADR14', input port 'sram_din[1]' is connected directly to output port 'mdout[1]'. (LINT-29)
Warning: In design 'usbf_mem_arb_SSRAM_HADR14', input port 'sram_din[0]' is connected directly to output port 'wdout[0]'. (LINT-29)
Warning: In design 'usbf_mem_arb_SSRAM_HADR14', input port 'sram_din[0]' is connected directly to output port 'mdout[0]'. (LINT-29)
Warning: In design 'usbf_mem_arb_SSRAM_HADR14', input port 'mreq' is connected directly to output port 'mack'. (LINT-29)
Warning: In design 'usbf_wb', input port 'wb_addr_i[17]' is connected directly to output port 'ma_adr[17]'. (LINT-29)
Warning: In design 'usbf_wb', input port 'wb_addr_i[16]' is connected directly to output port 'ma_adr[16]'. (LINT-29)
Warning: In design 'usbf_wb', input port 'wb_addr_i[15]' is connected directly to output port 'ma_adr[15]'. (LINT-29)
Warning: In design 'usbf_wb', input port 'wb_addr_i[14]' is connected directly to output port 'ma_adr[14]'. (LINT-29)
Warning: In design 'usbf_wb', input port 'wb_addr_i[13]' is connected directly to output port 'ma_adr[13]'. (LINT-29)
Warning: In design 'usbf_wb', input port 'wb_addr_i[12]' is connected directly to output port 'ma_adr[12]'. (LINT-29)
Warning: In design 'usbf_wb', input port 'wb_addr_i[11]' is connected directly to output port 'ma_adr[11]'. (LINT-29)
Warning: In design 'usbf_wb', input port 'wb_addr_i[10]' is connected directly to output port 'ma_adr[10]'. (LINT-29)
Warning: In design 'usbf_wb', input port 'wb_addr_i[9]' is connected directly to output port 'ma_adr[9]'. (LINT-29)
Warning: In design 'usbf_wb', input port 'wb_addr_i[8]' is connected directly to output port 'ma_adr[8]'. (LINT-29)
Warning: In design 'usbf_wb', input port 'wb_addr_i[7]' is connected directly to output port 'ma_adr[7]'. (LINT-29)
Warning: In design 'usbf_wb', input port 'wb_addr_i[6]' is connected directly to output port 'ma_adr[6]'. (LINT-29)
Warning: In design 'usbf_wb', input port 'wb_addr_i[5]' is connected directly to output port 'ma_adr[5]'. (LINT-29)
Warning: In design 'usbf_wb', input port 'wb_addr_i[4]' is connected directly to output port 'ma_adr[4]'. (LINT-29)
Warning: In design 'usbf_wb', input port 'wb_addr_i[3]' is connected directly to output port 'ma_adr[3]'. (LINT-29)
Warning: In design 'usbf_wb', input port 'wb_addr_i[2]' is connected directly to output port 'ma_adr[2]'. (LINT-29)
Warning: In design 'usbf_wb', input port 'wb_addr_i[1]' is connected directly to output port 'ma_adr[1]'. (LINT-29)
Warning: In design 'usbf_wb', input port 'wb_addr_i[0]' is connected directly to output port 'ma_adr[0]'. (LINT-29)
Warning: In design 'usbf_wb', input port 'wb_data_i[31]' is connected directly to output port 'rf_dout[31]'. (LINT-29)
Warning: In design 'usbf_wb', input port 'wb_data_i[31]' is connected directly to output port 'ma_dout[31]'. (LINT-29)
Warning: In design 'usbf_wb', input port 'wb_data_i[30]' is connected directly to output port 'rf_dout[30]'. (LINT-29)
Warning: In design 'usbf_wb', input port 'wb_data_i[30]' is connected directly to output port 'ma_dout[30]'. (LINT-29)
Warning: In design 'usbf_wb', input port 'wb_data_i[29]' is connected directly to output port 'rf_dout[29]'. (LINT-29)
Warning: In design 'usbf_wb', input port 'wb_data_i[29]' is connected directly to output port 'ma_dout[29]'. (LINT-29)
Warning: In design 'usbf_wb', input port 'wb_data_i[28]' is connected directly to output port 'rf_dout[28]'. (LINT-29)
Warning: In design 'usbf_wb', input port 'wb_data_i[28]' is connected directly to output port 'ma_dout[28]'. (LINT-29)
Warning: In design 'usbf_wb', input port 'wb_data_i[27]' is connected directly to output port 'rf_dout[27]'. (LINT-29)
Warning: In design 'usbf_wb', input port 'wb_data_i[27]' is connected directly to output port 'ma_dout[27]'. (LINT-29)
Warning: In design 'usbf_wb', input port 'wb_data_i[26]' is connected directly to output port 'rf_dout[26]'. (LINT-29)
Warning: In design 'usbf_wb', input port 'wb_data_i[26]' is connected directly to output port 'ma_dout[26]'. (LINT-29)
Warning: In design 'usbf_wb', input port 'wb_data_i[25]' is connected directly to output port 'rf_dout[25]'. (LINT-29)
Warning: In design 'usbf_wb', input port 'wb_data_i[25]' is connected directly to output port 'ma_dout[25]'. (LINT-29)
Warning: In design 'usbf_wb', input port 'wb_data_i[24]' is connected directly to output port 'rf_dout[24]'. (LINT-29)
Warning: In design 'usbf_wb', input port 'wb_data_i[24]' is connected directly to output port 'ma_dout[24]'. (LINT-29)
Warning: In design 'usbf_wb', input port 'wb_data_i[23]' is connected directly to output port 'rf_dout[23]'. (LINT-29)
Warning: In design 'usbf_wb', input port 'wb_data_i[23]' is connected directly to output port 'ma_dout[23]'. (LINT-29)
Warning: In design 'usbf_wb', input port 'wb_data_i[22]' is connected directly to output port 'rf_dout[22]'. (LINT-29)
Warning: In design 'usbf_wb', input port 'wb_data_i[22]' is connected directly to output port 'ma_dout[22]'. (LINT-29)
Warning: In design 'usbf_wb', input port 'wb_data_i[21]' is connected directly to output port 'rf_dout[21]'. (LINT-29)
Warning: In design 'usbf_wb', input port 'wb_data_i[21]' is connected directly to output port 'ma_dout[21]'. (LINT-29)
Warning: In design 'usbf_wb', input port 'wb_data_i[20]' is connected directly to output port 'rf_dout[20]'. (LINT-29)
Warning: In design 'usbf_wb', input port 'wb_data_i[20]' is connected directly to output port 'ma_dout[20]'. (LINT-29)
Warning: In design 'usbf_wb', input port 'wb_data_i[19]' is connected directly to output port 'rf_dout[19]'. (LINT-29)
Warning: In design 'usbf_wb', input port 'wb_data_i[19]' is connected directly to output port 'ma_dout[19]'. (LINT-29)
Warning: In design 'usbf_wb', input port 'wb_data_i[18]' is connected directly to output port 'rf_dout[18]'. (LINT-29)
Warning: In design 'usbf_wb', input port 'wb_data_i[18]' is connected directly to output port 'ma_dout[18]'. (LINT-29)
Warning: In design 'usbf_wb', input port 'wb_data_i[17]' is connected directly to output port 'rf_dout[17]'. (LINT-29)
Warning: In design 'usbf_wb', input port 'wb_data_i[17]' is connected directly to output port 'ma_dout[17]'. (LINT-29)
Warning: In design 'usbf_wb', input port 'wb_data_i[16]' is connected directly to output port 'rf_dout[16]'. (LINT-29)
Warning: In design 'usbf_wb', input port 'wb_data_i[16]' is connected directly to output port 'ma_dout[16]'. (LINT-29)
Warning: In design 'usbf_wb', input port 'wb_data_i[15]' is connected directly to output port 'rf_dout[15]'. (LINT-29)
Warning: In design 'usbf_wb', input port 'wb_data_i[15]' is connected directly to output port 'ma_dout[15]'. (LINT-29)
Warning: In design 'usbf_wb', input port 'wb_data_i[14]' is connected directly to output port 'rf_dout[14]'. (LINT-29)
Warning: In design 'usbf_wb', input port 'wb_data_i[14]' is connected directly to output port 'ma_dout[14]'. (LINT-29)
Warning: In design 'usbf_wb', input port 'wb_data_i[13]' is connected directly to output port 'rf_dout[13]'. (LINT-29)
Warning: In design 'usbf_wb', input port 'wb_data_i[13]' is connected directly to output port 'ma_dout[13]'. (LINT-29)
Warning: In design 'usbf_wb', input port 'wb_data_i[12]' is connected directly to output port 'rf_dout[12]'. (LINT-29)
Warning: In design 'usbf_wb', input port 'wb_data_i[12]' is connected directly to output port 'ma_dout[12]'. (LINT-29)
Warning: In design 'usbf_wb', input port 'wb_data_i[11]' is connected directly to output port 'rf_dout[11]'. (LINT-29)
Warning: In design 'usbf_wb', input port 'wb_data_i[11]' is connected directly to output port 'ma_dout[11]'. (LINT-29)
Warning: In design 'usbf_wb', input port 'wb_data_i[10]' is connected directly to output port 'rf_dout[10]'. (LINT-29)
Warning: In design 'usbf_wb', input port 'wb_data_i[10]' is connected directly to output port 'ma_dout[10]'. (LINT-29)
Warning: In design 'usbf_wb', input port 'wb_data_i[9]' is connected directly to output port 'rf_dout[9]'. (LINT-29)
Warning: In design 'usbf_wb', input port 'wb_data_i[9]' is connected directly to output port 'ma_dout[9]'. (LINT-29)
Warning: In design 'usbf_wb', input port 'wb_data_i[8]' is connected directly to output port 'rf_dout[8]'. (LINT-29)
Warning: In design 'usbf_wb', input port 'wb_data_i[8]' is connected directly to output port 'ma_dout[8]'. (LINT-29)
Warning: In design 'usbf_wb', input port 'wb_data_i[7]' is connected directly to output port 'rf_dout[7]'. (LINT-29)
Warning: In design 'usbf_wb', input port 'wb_data_i[7]' is connected directly to output port 'ma_dout[7]'. (LINT-29)
Warning: In design 'usbf_wb', input port 'wb_data_i[6]' is connected directly to output port 'rf_dout[6]'. (LINT-29)
Warning: In design 'usbf_wb', input port 'wb_data_i[6]' is connected directly to output port 'ma_dout[6]'. (LINT-29)
Warning: In design 'usbf_wb', input port 'wb_data_i[5]' is connected directly to output port 'rf_dout[5]'. (LINT-29)
Warning: In design 'usbf_wb', input port 'wb_data_i[5]' is connected directly to output port 'ma_dout[5]'. (LINT-29)
Warning: In design 'usbf_wb', input port 'wb_data_i[4]' is connected directly to output port 'rf_dout[4]'. (LINT-29)
Warning: In design 'usbf_wb', input port 'wb_data_i[4]' is connected directly to output port 'ma_dout[4]'. (LINT-29)
Warning: In design 'usbf_wb', input port 'wb_data_i[3]' is connected directly to output port 'rf_dout[3]'. (LINT-29)
Warning: In design 'usbf_wb', input port 'wb_data_i[3]' is connected directly to output port 'ma_dout[3]'. (LINT-29)
Warning: In design 'usbf_wb', input port 'wb_data_i[2]' is connected directly to output port 'rf_dout[2]'. (LINT-29)
Warning: In design 'usbf_wb', input port 'wb_data_i[2]' is connected directly to output port 'ma_dout[2]'. (LINT-29)
Warning: In design 'usbf_wb', input port 'wb_data_i[1]' is connected directly to output port 'rf_dout[1]'. (LINT-29)
Warning: In design 'usbf_wb', input port 'wb_data_i[1]' is connected directly to output port 'ma_dout[1]'. (LINT-29)
Warning: In design 'usbf_wb', input port 'wb_data_i[0]' is connected directly to output port 'rf_dout[0]'. (LINT-29)
Warning: In design 'usbf_wb', input port 'wb_data_i[0]' is connected directly to output port 'ma_dout[0]'. (LINT-29)
Warning: In design 'usbf_crc16', input port 'crc_in[6]' is connected directly to output port 'crc_out[14]'. (LINT-29)
Warning: In design 'usbf_crc16', input port 'crc_in[5]' is connected directly to output port 'crc_out[13]'. (LINT-29)
Warning: In design 'usbf_crc16', input port 'crc_in[4]' is connected directly to output port 'crc_out[12]'. (LINT-29)
Warning: In design 'usbf_crc16', input port 'crc_in[3]' is connected directly to output port 'crc_out[11]'. (LINT-29)
Warning: In design 'usbf_crc16', input port 'crc_in[2]' is connected directly to output port 'crc_out[10]'. (LINT-29)
Warning: In design 'usbf_pl_SSRAM_HADR14', output port 'frm_nat[27]' is connected directly to output port 'frm_nat[12]'. (LINT-31)
Warning: In design 'usbf_pl_SSRAM_HADR14', output port 'frm_nat[27]' is connected directly to output port 'frm_nat[13]'. (LINT-31)
Warning: In design 'usbf_pl_SSRAM_HADR14', output port 'frm_nat[27]' is connected directly to output port 'frm_nat[14]'. (LINT-31)
Warning: In design 'usbf_pl_SSRAM_HADR14', output port 'frm_nat[27]' is connected directly to output port 'frm_nat[15]'. (LINT-31)
Warning: In design 'usbf_mem_arb_SSRAM_HADR14', output port 'mdout[31]' is connected directly to output port 'wdout[31]'. (LINT-31)
Warning: In design 'usbf_mem_arb_SSRAM_HADR14', output port 'mdout[30]' is connected directly to output port 'wdout[30]'. (LINT-31)
Warning: In design 'usbf_mem_arb_SSRAM_HADR14', output port 'mdout[29]' is connected directly to output port 'wdout[29]'. (LINT-31)
Warning: In design 'usbf_mem_arb_SSRAM_HADR14', output port 'mdout[28]' is connected directly to output port 'wdout[28]'. (LINT-31)
Warning: In design 'usbf_mem_arb_SSRAM_HADR14', output port 'mdout[27]' is connected directly to output port 'wdout[27]'. (LINT-31)
Warning: In design 'usbf_mem_arb_SSRAM_HADR14', output port 'mdout[26]' is connected directly to output port 'wdout[26]'. (LINT-31)
Warning: In design 'usbf_mem_arb_SSRAM_HADR14', output port 'mdout[25]' is connected directly to output port 'wdout[25]'. (LINT-31)
Warning: In design 'usbf_mem_arb_SSRAM_HADR14', output port 'mdout[24]' is connected directly to output port 'wdout[24]'. (LINT-31)
Warning: In design 'usbf_mem_arb_SSRAM_HADR14', output port 'mdout[23]' is connected directly to output port 'wdout[23]'. (LINT-31)
Warning: In design 'usbf_mem_arb_SSRAM_HADR14', output port 'mdout[22]' is connected directly to output port 'wdout[22]'. (LINT-31)
Warning: In design 'usbf_mem_arb_SSRAM_HADR14', output port 'mdout[21]' is connected directly to output port 'wdout[21]'. (LINT-31)
Warning: In design 'usbf_mem_arb_SSRAM_HADR14', output port 'mdout[20]' is connected directly to output port 'wdout[20]'. (LINT-31)
Warning: In design 'usbf_mem_arb_SSRAM_HADR14', output port 'mdout[19]' is connected directly to output port 'wdout[19]'. (LINT-31)
Warning: In design 'usbf_mem_arb_SSRAM_HADR14', output port 'mdout[18]' is connected directly to output port 'wdout[18]'. (LINT-31)
Warning: In design 'usbf_mem_arb_SSRAM_HADR14', output port 'mdout[17]' is connected directly to output port 'wdout[17]'. (LINT-31)
Warning: In design 'usbf_mem_arb_SSRAM_HADR14', output port 'mdout[16]' is connected directly to output port 'wdout[16]'. (LINT-31)
Warning: In design 'usbf_mem_arb_SSRAM_HADR14', output port 'mdout[15]' is connected directly to output port 'wdout[15]'. (LINT-31)
Warning: In design 'usbf_mem_arb_SSRAM_HADR14', output port 'mdout[14]' is connected directly to output port 'wdout[14]'. (LINT-31)
Warning: In design 'usbf_mem_arb_SSRAM_HADR14', output port 'mdout[13]' is connected directly to output port 'wdout[13]'. (LINT-31)
Warning: In design 'usbf_mem_arb_SSRAM_HADR14', output port 'mdout[12]' is connected directly to output port 'wdout[12]'. (LINT-31)
Warning: In design 'usbf_mem_arb_SSRAM_HADR14', output port 'mdout[11]' is connected directly to output port 'wdout[11]'. (LINT-31)
Warning: In design 'usbf_mem_arb_SSRAM_HADR14', output port 'mdout[10]' is connected directly to output port 'wdout[10]'. (LINT-31)
Warning: In design 'usbf_mem_arb_SSRAM_HADR14', output port 'mdout[9]' is connected directly to output port 'wdout[9]'. (LINT-31)
Warning: In design 'usbf_mem_arb_SSRAM_HADR14', output port 'mdout[8]' is connected directly to output port 'wdout[8]'. (LINT-31)
Warning: In design 'usbf_mem_arb_SSRAM_HADR14', output port 'mdout[7]' is connected directly to output port 'wdout[7]'. (LINT-31)
Warning: In design 'usbf_mem_arb_SSRAM_HADR14', output port 'mdout[6]' is connected directly to output port 'wdout[6]'. (LINT-31)
Warning: In design 'usbf_mem_arb_SSRAM_HADR14', output port 'mdout[5]' is connected directly to output port 'wdout[5]'. (LINT-31)
Warning: In design 'usbf_mem_arb_SSRAM_HADR14', output port 'mdout[4]' is connected directly to output port 'wdout[4]'. (LINT-31)
Warning: In design 'usbf_mem_arb_SSRAM_HADR14', output port 'mdout[3]' is connected directly to output port 'wdout[3]'. (LINT-31)
Warning: In design 'usbf_mem_arb_SSRAM_HADR14', output port 'mdout[2]' is connected directly to output port 'wdout[2]'. (LINT-31)
Warning: In design 'usbf_mem_arb_SSRAM_HADR14', output port 'mdout[1]' is connected directly to output port 'wdout[1]'. (LINT-31)
Warning: In design 'usbf_mem_arb_SSRAM_HADR14', output port 'mdout[0]' is connected directly to output port 'wdout[0]'. (LINT-31)
Warning: In design 'usbf_wb', output port 'ma_dout[31]' is connected directly to output port 'rf_dout[31]'. (LINT-31)
Warning: In design 'usbf_wb', output port 'ma_dout[30]' is connected directly to output port 'rf_dout[30]'. (LINT-31)
Warning: In design 'usbf_wb', output port 'ma_dout[29]' is connected directly to output port 'rf_dout[29]'. (LINT-31)
Warning: In design 'usbf_wb', output port 'ma_dout[28]' is connected directly to output port 'rf_dout[28]'. (LINT-31)
Warning: In design 'usbf_wb', output port 'ma_dout[27]' is connected directly to output port 'rf_dout[27]'. (LINT-31)
Warning: In design 'usbf_wb', output port 'ma_dout[26]' is connected directly to output port 'rf_dout[26]'. (LINT-31)
Warning: In design 'usbf_wb', output port 'ma_dout[25]' is connected directly to output port 'rf_dout[25]'. (LINT-31)
Warning: In design 'usbf_wb', output port 'ma_dout[24]' is connected directly to output port 'rf_dout[24]'. (LINT-31)
Warning: In design 'usbf_wb', output port 'ma_dout[23]' is connected directly to output port 'rf_dout[23]'. (LINT-31)
Warning: In design 'usbf_wb', output port 'ma_dout[22]' is connected directly to output port 'rf_dout[22]'. (LINT-31)
Warning: In design 'usbf_wb', output port 'ma_dout[21]' is connected directly to output port 'rf_dout[21]'. (LINT-31)
Warning: In design 'usbf_wb', output port 'ma_dout[20]' is connected directly to output port 'rf_dout[20]'. (LINT-31)
Warning: In design 'usbf_wb', output port 'ma_dout[19]' is connected directly to output port 'rf_dout[19]'. (LINT-31)
Warning: In design 'usbf_wb', output port 'ma_dout[18]' is connected directly to output port 'rf_dout[18]'. (LINT-31)
Warning: In design 'usbf_wb', output port 'ma_dout[17]' is connected directly to output port 'rf_dout[17]'. (LINT-31)
Warning: In design 'usbf_wb', output port 'ma_dout[16]' is connected directly to output port 'rf_dout[16]'. (LINT-31)
Warning: In design 'usbf_wb', output port 'ma_dout[15]' is connected directly to output port 'rf_dout[15]'. (LINT-31)
Warning: In design 'usbf_wb', output port 'ma_dout[14]' is connected directly to output port 'rf_dout[14]'. (LINT-31)
Warning: In design 'usbf_wb', output port 'ma_dout[13]' is connected directly to output port 'rf_dout[13]'. (LINT-31)
Warning: In design 'usbf_wb', output port 'ma_dout[12]' is connected directly to output port 'rf_dout[12]'. (LINT-31)
Warning: In design 'usbf_wb', output port 'ma_dout[11]' is connected directly to output port 'rf_dout[11]'. (LINT-31)
Warning: In design 'usbf_wb', output port 'ma_dout[10]' is connected directly to output port 'rf_dout[10]'. (LINT-31)
Warning: In design 'usbf_wb', output port 'ma_dout[9]' is connected directly to output port 'rf_dout[9]'. (LINT-31)
Warning: In design 'usbf_wb', output port 'ma_dout[8]' is connected directly to output port 'rf_dout[8]'. (LINT-31)
Warning: In design 'usbf_wb', output port 'ma_dout[7]' is connected directly to output port 'rf_dout[7]'. (LINT-31)
Warning: In design 'usbf_wb', output port 'ma_dout[6]' is connected directly to output port 'rf_dout[6]'. (LINT-31)
Warning: In design 'usbf_wb', output port 'ma_dout[5]' is connected directly to output port 'rf_dout[5]'. (LINT-31)
Warning: In design 'usbf_wb', output port 'ma_dout[4]' is connected directly to output port 'rf_dout[4]'. (LINT-31)
Warning: In design 'usbf_wb', output port 'ma_dout[3]' is connected directly to output port 'rf_dout[3]'. (LINT-31)
Warning: In design 'usbf_wb', output port 'ma_dout[2]' is connected directly to output port 'rf_dout[2]'. (LINT-31)
Warning: In design 'usbf_wb', output port 'ma_dout[1]' is connected directly to output port 'rf_dout[1]'. (LINT-31)
Warning: In design 'usbf_wb', output port 'ma_dout[0]' is connected directly to output port 'rf_dout[0]'. (LINT-31)
Warning: In design 'usbf_pd', output port 'token_fadr[6]' is connected directly to output port 'frame_no[6]'. (LINT-31)
Warning: In design 'usbf_pd', output port 'token_fadr[5]' is connected directly to output port 'frame_no[5]'. (LINT-31)
Warning: In design 'usbf_pd', output port 'token_fadr[4]' is connected directly to output port 'frame_no[4]'. (LINT-31)
Warning: In design 'usbf_pd', output port 'token_fadr[3]' is connected directly to output port 'frame_no[3]'. (LINT-31)
Warning: In design 'usbf_pd', output port 'token_fadr[2]' is connected directly to output port 'frame_no[2]'. (LINT-31)
Warning: In design 'usbf_pd', output port 'token_fadr[1]' is connected directly to output port 'frame_no[1]'. (LINT-31)
Warning: In design 'usbf_pd', output port 'token_fadr[0]' is connected directly to output port 'frame_no[0]'. (LINT-31)
Warning: In design 'usbf_pd', output port 'token_endp[3]' is connected directly to output port 'frame_no[10]'. (LINT-31)
Warning: In design 'usbf_pd', output port 'token_endp[2]' is connected directly to output port 'frame_no[9]'. (LINT-31)
Warning: In design 'usbf_pd', output port 'token_endp[1]' is connected directly to output port 'frame_no[8]'. (LINT-31)
Warning: In design 'usbf_pd', output port 'token_endp[0]' is connected directly to output port 'frame_no[7]'. (LINT-31)
Warning: In design 'usbf_ep_rf_dummy', output port 'dout[31]' is connected directly to output port 'dma_out_buf_avail'. (LINT-31)
Warning: In design 'usbf_ep_rf_dummy', output port 'dout[31]' is connected directly to output port 'dma_in_buf_sz1'. (LINT-31)
Warning: In design 'usbf_ep_rf_dummy', output port 'dout[31]' is connected directly to output port 'csr[0]'. (LINT-31)
Warning: In design 'usbf_ep_rf_dummy', output port 'dout[31]' is connected directly to output port 'csr[1]'. (LINT-31)
Warning: In design 'usbf_ep_rf_dummy', output port 'dout[31]' is connected directly to output port 'csr[2]'. (LINT-31)
Warning: In design 'usbf_ep_rf_dummy', output port 'dout[31]' is connected directly to output port 'csr[3]'. (LINT-31)
Warning: In design 'usbf_ep_rf_dummy', output port 'dout[31]' is connected directly to output port 'csr[4]'. (LINT-31)
Warning: In design 'usbf_ep_rf_dummy', output port 'dout[31]' is connected directly to output port 'csr[5]'. (LINT-31)
Warning: In design 'usbf_ep_rf_dummy', output port 'dout[31]' is connected directly to output port 'csr[6]'. (LINT-31)
Warning: In design 'usbf_ep_rf_dummy', output port 'dout[31]' is connected directly to output port 'csr[7]'. (LINT-31)
Warning: In design 'usbf_ep_rf_dummy', output port 'dout[31]' is connected directly to output port 'csr[8]'. (LINT-31)
Warning: In design 'usbf_ep_rf_dummy', output port 'dout[31]' is connected directly to output port 'csr[9]'. (LINT-31)
Warning: In design 'usbf_ep_rf_dummy', output port 'dout[31]' is connected directly to output port 'csr[10]'. (LINT-31)
Warning: In design 'usbf_ep_rf_dummy', output port 'dout[31]' is connected directly to output port 'csr[11]'. (LINT-31)
Warning: In design 'usbf_ep_rf_dummy', output port 'dout[31]' is connected directly to output port 'csr[12]'. (LINT-31)
Warning: In design 'usbf_ep_rf_dummy', output port 'dout[31]' is connected directly to output port 'csr[13]'. (LINT-31)
Warning: In design 'usbf_ep_rf_dummy', output port 'dout[31]' is connected directly to output port 'csr[14]'. (LINT-31)
Warning: In design 'usbf_ep_rf_dummy', output port 'dout[31]' is connected directly to output port 'csr[15]'. (LINT-31)
Warning: In design 'usbf_ep_rf_dummy', output port 'dout[31]' is connected directly to output port 'csr[16]'. (LINT-31)
Warning: In design 'usbf_ep_rf_dummy', output port 'dout[31]' is connected directly to output port 'csr[17]'. (LINT-31)
Warning: In design 'usbf_ep_rf_dummy', output port 'dout[31]' is connected directly to output port 'csr[18]'. (LINT-31)
Warning: In design 'usbf_ep_rf_dummy', output port 'dout[31]' is connected directly to output port 'csr[19]'. (LINT-31)
Warning: In design 'usbf_ep_rf_dummy', output port 'dout[31]' is connected directly to output port 'csr[20]'. (LINT-31)
Warning: In design 'usbf_ep_rf_dummy', output port 'dout[31]' is connected directly to output port 'csr[21]'. (LINT-31)
Warning: In design 'usbf_ep_rf_dummy', output port 'dout[31]' is connected directly to output port 'csr[22]'. (LINT-31)
Warning: In design 'usbf_ep_rf_dummy', output port 'dout[31]' is connected directly to output port 'csr[23]'. (LINT-31)
Warning: In design 'usbf_ep_rf_dummy', output port 'dout[31]' is connected directly to output port 'csr[24]'. (LINT-31)
Warning: In design 'usbf_ep_rf_dummy', output port 'dout[31]' is connected directly to output port 'csr[25]'. (LINT-31)
Warning: In design 'usbf_ep_rf_dummy', output port 'dout[31]' is connected directly to output port 'csr[26]'. (LINT-31)
Warning: In design 'usbf_ep_rf_dummy', output port 'dout[31]' is connected directly to output port 'csr[27]'. (LINT-31)
Warning: In design 'usbf_ep_rf_dummy', output port 'dout[31]' is connected directly to output port 'csr[28]'. (LINT-31)
Warning: In design 'usbf_ep_rf_dummy', output port 'dout[31]' is connected directly to output port 'csr[29]'. (LINT-31)
Warning: In design 'usbf_ep_rf_dummy', output port 'dout[31]' is connected directly to output port 'csr[30]'. (LINT-31)
Warning: In design 'usbf_ep_rf_dummy', output port 'dout[31]' is connected directly to output port 'csr[31]'. (LINT-31)
Warning: In design 'usbf_ep_rf_dummy', output port 'dout[31]' is connected directly to output port 'ep_match'. (LINT-31)
Warning: In design 'usbf_ep_rf_dummy', output port 'dout[31]' is connected directly to output port 'dma_req'. (LINT-31)
Warning: In design 'usbf_ep_rf_dummy', output port 'dout[31]' is connected directly to output port 'intb'. (LINT-31)
Warning: In design 'usbf_ep_rf_dummy', output port 'dout[31]' is connected directly to output port 'inta'. (LINT-31)
Warning: In design 'usbf_ep_rf_dummy', output port 'dout[31]' is connected directly to output port 'dout[0]'. (LINT-31)
Warning: In design 'usbf_ep_rf_dummy', output port 'dout[31]' is connected directly to output port 'dout[1]'. (LINT-31)
Warning: In design 'usbf_ep_rf_dummy', output port 'dout[31]' is connected directly to output port 'dout[2]'. (LINT-31)
Warning: In design 'usbf_ep_rf_dummy', output port 'dout[31]' is connected directly to output port 'dout[3]'. (LINT-31)
Warning: In design 'usbf_ep_rf_dummy', output port 'dout[31]' is connected directly to output port 'dout[4]'. (LINT-31)
Warning: In design 'usbf_ep_rf_dummy', output port 'dout[31]' is connected directly to output port 'dout[5]'. (LINT-31)
Warning: In design 'usbf_ep_rf_dummy', output port 'dout[31]' is connected directly to output port 'dout[6]'. (LINT-31)
Warning: In design 'usbf_ep_rf_dummy', output port 'dout[31]' is connected directly to output port 'dout[7]'. (LINT-31)
Warning: In design 'usbf_ep_rf_dummy', output port 'dout[31]' is connected directly to output port 'dout[8]'. (LINT-31)
Warning: In design 'usbf_ep_rf_dummy', output port 'dout[31]' is connected directly to output port 'dout[9]'. (LINT-31)
Warning: In design 'usbf_ep_rf_dummy', output port 'dout[31]' is connected directly to output port 'dout[10]'. (LINT-31)
Warning: In design 'usbf_ep_rf_dummy', output port 'dout[31]' is connected directly to output port 'dout[11]'. (LINT-31)
Warning: In design 'usbf_ep_rf_dummy', output port 'dout[31]' is connected directly to output port 'dout[12]'. (LINT-31)
Warning: In design 'usbf_ep_rf_dummy', output port 'dout[31]' is connected directly to output port 'dout[13]'. (LINT-31)
Warning: In design 'usbf_ep_rf_dummy', output port 'dout[31]' is connected directly to output port 'dout[14]'. (LINT-31)
Warning: In design 'usbf_ep_rf_dummy', output port 'dout[31]' is connected directly to output port 'dout[15]'. (LINT-31)
Warning: In design 'usbf_ep_rf_dummy', output port 'dout[31]' is connected directly to output port 'dout[16]'. (LINT-31)
Warning: In design 'usbf_ep_rf_dummy', output port 'dout[31]' is connected directly to output port 'dout[17]'. (LINT-31)
Warning: In design 'usbf_ep_rf_dummy', output port 'dout[31]' is connected directly to output port 'dout[18]'. (LINT-31)
Warning: In design 'usbf_ep_rf_dummy', output port 'dout[31]' is connected directly to output port 'dout[19]'. (LINT-31)
Warning: In design 'usbf_ep_rf_dummy', output port 'dout[31]' is connected directly to output port 'dout[20]'. (LINT-31)
Warning: In design 'usbf_ep_rf_dummy', output port 'dout[31]' is connected directly to output port 'dout[21]'. (LINT-31)
Warning: In design 'usbf_ep_rf_dummy', output port 'dout[31]' is connected directly to output port 'dout[22]'. (LINT-31)
Warning: In design 'usbf_ep_rf_dummy', output port 'dout[31]' is connected directly to output port 'dout[23]'. (LINT-31)
Warning: In design 'usbf_ep_rf_dummy', output port 'dout[31]' is connected directly to output port 'dout[24]'. (LINT-31)
Warning: In design 'usbf_ep_rf_dummy', output port 'dout[31]' is connected directly to output port 'dout[25]'. (LINT-31)
Warning: In design 'usbf_ep_rf_dummy', output port 'dout[31]' is connected directly to output port 'dout[26]'. (LINT-31)
Warning: In design 'usbf_ep_rf_dummy', output port 'dout[31]' is connected directly to output port 'dout[27]'. (LINT-31)
Warning: In design 'usbf_ep_rf_dummy', output port 'dout[31]' is connected directly to output port 'dout[28]'. (LINT-31)
Warning: In design 'usbf_ep_rf_dummy', output port 'dout[31]' is connected directly to output port 'dout[29]'. (LINT-31)
Warning: In design 'usbf_ep_rf_dummy', output port 'dout[31]' is connected directly to output port 'dout[30]'. (LINT-31)
Warning: In design 'usbf_ep_rf_dummy', output port 'buf0[31]' is connected directly to output port 'buf1[0]'. (LINT-31)
Warning: In design 'usbf_ep_rf_dummy', output port 'buf0[31]' is connected directly to output port 'buf1[1]'. (LINT-31)
Warning: In design 'usbf_ep_rf_dummy', output port 'buf0[31]' is connected directly to output port 'buf1[2]'. (LINT-31)
Warning: In design 'usbf_ep_rf_dummy', output port 'buf0[31]' is connected directly to output port 'buf1[3]'. (LINT-31)
Warning: In design 'usbf_ep_rf_dummy', output port 'buf0[31]' is connected directly to output port 'buf1[4]'. (LINT-31)
Warning: In design 'usbf_ep_rf_dummy', output port 'buf0[31]' is connected directly to output port 'buf1[5]'. (LINT-31)
Warning: In design 'usbf_ep_rf_dummy', output port 'buf0[31]' is connected directly to output port 'buf1[6]'. (LINT-31)
Warning: In design 'usbf_ep_rf_dummy', output port 'buf0[31]' is connected directly to output port 'buf1[7]'. (LINT-31)
Warning: In design 'usbf_ep_rf_dummy', output port 'buf0[31]' is connected directly to output port 'buf1[8]'. (LINT-31)
Warning: In design 'usbf_ep_rf_dummy', output port 'buf0[31]' is connected directly to output port 'buf1[9]'. (LINT-31)
Warning: In design 'usbf_ep_rf_dummy', output port 'buf0[31]' is connected directly to output port 'buf1[10]'. (LINT-31)
Warning: In design 'usbf_ep_rf_dummy', output port 'buf0[31]' is connected directly to output port 'buf1[11]'. (LINT-31)
Warning: In design 'usbf_ep_rf_dummy', output port 'buf0[31]' is connected directly to output port 'buf1[12]'. (LINT-31)
Warning: In design 'usbf_ep_rf_dummy', output port 'buf0[31]' is connected directly to output port 'buf1[13]'. (LINT-31)
Warning: In design 'usbf_ep_rf_dummy', output port 'buf0[31]' is connected directly to output port 'buf1[14]'. (LINT-31)
Warning: In design 'usbf_ep_rf_dummy', output port 'buf0[31]' is connected directly to output port 'buf1[15]'. (LINT-31)
Warning: In design 'usbf_ep_rf_dummy', output port 'buf0[31]' is connected directly to output port 'buf1[16]'. (LINT-31)
Warning: In design 'usbf_ep_rf_dummy', output port 'buf0[31]' is connected directly to output port 'buf1[17]'. (LINT-31)
Warning: In design 'usbf_ep_rf_dummy', output port 'buf0[31]' is connected directly to output port 'buf1[18]'. (LINT-31)
Warning: In design 'usbf_ep_rf_dummy', output port 'buf0[31]' is connected directly to output port 'buf1[19]'. (LINT-31)
Warning: In design 'usbf_ep_rf_dummy', output port 'buf0[31]' is connected directly to output port 'buf1[20]'. (LINT-31)
Warning: In design 'usbf_ep_rf_dummy', output port 'buf0[31]' is connected directly to output port 'buf1[21]'. (LINT-31)
Warning: In design 'usbf_ep_rf_dummy', output port 'buf0[31]' is connected directly to output port 'buf1[22]'. (LINT-31)
Warning: In design 'usbf_ep_rf_dummy', output port 'buf0[31]' is connected directly to output port 'buf1[23]'. (LINT-31)
Warning: In design 'usbf_ep_rf_dummy', output port 'buf0[31]' is connected directly to output port 'buf1[24]'. (LINT-31)
Warning: In design 'usbf_ep_rf_dummy', output port 'buf0[31]' is connected directly to output port 'buf1[25]'. (LINT-31)
Warning: In design 'usbf_ep_rf_dummy', output port 'buf0[31]' is connected directly to output port 'buf1[26]'. (LINT-31)
Warning: In design 'usbf_ep_rf_dummy', output port 'buf0[31]' is connected directly to output port 'buf1[27]'. (LINT-31)
Warning: In design 'usbf_ep_rf_dummy', output port 'buf0[31]' is connected directly to output port 'buf1[28]'. (LINT-31)
Warning: In design 'usbf_ep_rf_dummy', output port 'buf0[31]' is connected directly to output port 'buf1[29]'. (LINT-31)
Warning: In design 'usbf_ep_rf_dummy', output port 'buf0[31]' is connected directly to output port 'buf1[30]'. (LINT-31)
Warning: In design 'usbf_ep_rf_dummy', output port 'buf0[31]' is connected directly to output port 'buf1[31]'. (LINT-31)
Warning: In design 'usbf_ep_rf_dummy', output port 'buf0[31]' is connected directly to output port 'buf0[0]'. (LINT-31)
Warning: In design 'usbf_ep_rf_dummy', output port 'buf0[31]' is connected directly to output port 'buf0[1]'. (LINT-31)
Warning: In design 'usbf_ep_rf_dummy', output port 'buf0[31]' is connected directly to output port 'buf0[2]'. (LINT-31)
Warning: In design 'usbf_ep_rf_dummy', output port 'buf0[31]' is connected directly to output port 'buf0[3]'. (LINT-31)
Warning: In design 'usbf_ep_rf_dummy', output port 'buf0[31]' is connected directly to output port 'buf0[4]'. (LINT-31)
Warning: In design 'usbf_ep_rf_dummy', output port 'buf0[31]' is connected directly to output port 'buf0[5]'. (LINT-31)
Warning: In design 'usbf_ep_rf_dummy', output port 'buf0[31]' is connected directly to output port 'buf0[6]'. (LINT-31)
Warning: In design 'usbf_ep_rf_dummy', output port 'buf0[31]' is connected directly to output port 'buf0[7]'. (LINT-31)
Warning: In design 'usbf_ep_rf_dummy', output port 'buf0[31]' is connected directly to output port 'buf0[8]'. (LINT-31)
Warning: In design 'usbf_ep_rf_dummy', output port 'buf0[31]' is connected directly to output port 'buf0[9]'. (LINT-31)
Warning: In design 'usbf_ep_rf_dummy', output port 'buf0[31]' is connected directly to output port 'buf0[10]'. (LINT-31)
Warning: In design 'usbf_ep_rf_dummy', output port 'buf0[31]' is connected directly to output port 'buf0[11]'. (LINT-31)
Warning: In design 'usbf_ep_rf_dummy', output port 'buf0[31]' is connected directly to output port 'buf0[12]'. (LINT-31)
Warning: In design 'usbf_ep_rf_dummy', output port 'buf0[31]' is connected directly to output port 'buf0[13]'. (LINT-31)
Warning: In design 'usbf_ep_rf_dummy', output port 'buf0[31]' is connected directly to output port 'buf0[14]'. (LINT-31)
Warning: In design 'usbf_ep_rf_dummy', output port 'buf0[31]' is connected directly to output port 'buf0[15]'. (LINT-31)
Warning: In design 'usbf_ep_rf_dummy', output port 'buf0[31]' is connected directly to output port 'buf0[16]'. (LINT-31)
Warning: In design 'usbf_ep_rf_dummy', output port 'buf0[31]' is connected directly to output port 'buf0[17]'. (LINT-31)
Warning: In design 'usbf_ep_rf_dummy', output port 'buf0[31]' is connected directly to output port 'buf0[18]'. (LINT-31)
Warning: In design 'usbf_ep_rf_dummy', output port 'buf0[31]' is connected directly to output port 'buf0[19]'. (LINT-31)
Warning: In design 'usbf_ep_rf_dummy', output port 'buf0[31]' is connected directly to output port 'buf0[20]'. (LINT-31)
Warning: In design 'usbf_ep_rf_dummy', output port 'buf0[31]' is connected directly to output port 'buf0[21]'. (LINT-31)
Warning: In design 'usbf_ep_rf_dummy', output port 'buf0[31]' is connected directly to output port 'buf0[22]'. (LINT-31)
Warning: In design 'usbf_ep_rf_dummy', output port 'buf0[31]' is connected directly to output port 'buf0[23]'. (LINT-31)
Warning: In design 'usbf_ep_rf_dummy', output port 'buf0[31]' is connected directly to output port 'buf0[24]'. (LINT-31)
Warning: In design 'usbf_ep_rf_dummy', output port 'buf0[31]' is connected directly to output port 'buf0[25]'. (LINT-31)
Warning: In design 'usbf_ep_rf_dummy', output port 'buf0[31]' is connected directly to output port 'buf0[26]'. (LINT-31)
Warning: In design 'usbf_ep_rf_dummy', output port 'buf0[31]' is connected directly to output port 'buf0[27]'. (LINT-31)
Warning: In design 'usbf_ep_rf_dummy', output port 'buf0[31]' is connected directly to output port 'buf0[28]'. (LINT-31)
Warning: In design 'usbf_ep_rf_dummy', output port 'buf0[31]' is connected directly to output port 'buf0[29]'. (LINT-31)
Warning: In design 'usbf_ep_rf_dummy', output port 'buf0[31]' is connected directly to output port 'buf0[30]'. (LINT-31)
Warning: In design 'usbf_pd', a pin on submodule 'u0' is connected to logic 1 or logic 0. (LINT-32)
   Pin 'crc_in[4]' is connected to logic 1. 
Warning: In design 'usbf_pd', a pin on submodule 'u0' is connected to logic 1 or logic 0. (LINT-32)
   Pin 'crc_in[3]' is connected to logic 1. 
Warning: In design 'usbf_pd', a pin on submodule 'u0' is connected to logic 1 or logic 0. (LINT-32)
   Pin 'crc_in[2]' is connected to logic 1. 
Warning: In design 'usbf_pd', a pin on submodule 'u0' is connected to logic 1 or logic 0. (LINT-32)
   Pin 'crc_in[1]' is connected to logic 1. 
Warning: In design 'usbf_pd', a pin on submodule 'u0' is connected to logic 1 or logic 0. (LINT-32)
   Pin 'crc_in[0]' is connected to logic 1. 
Warning: In design 'usbf_top', the same net is connected to more than one pin on submodule 'u4'. (LINT-33)
   Net 'usb_attached' is connected to pins 'usb_attached', 'attached''.
Warning: In design 'usbf_pd', the same net is connected to more than one pin on submodule 'u0'. (LINT-33)
   Net '*Logic1*' is connected to pins 'crc_in[4]', 'crc_in[3]'', 'crc_in[2]', 'crc_in[1]', 'crc_in[0]'.
Warning: In design 'usbf_pl_SSRAM_HADR14', output port 'frm_nat[27]' is connected directly to 'logic 0'. (LINT-52)
Warning: In design 'usbf_pl_SSRAM_HADR14', output port 'frm_nat[15]' is connected directly to 'logic 0'. (LINT-52)
Warning: In design 'usbf_pl_SSRAM_HADR14', output port 'frm_nat[14]' is connected directly to 'logic 0'. (LINT-52)
Warning: In design 'usbf_pl_SSRAM_HADR14', output port 'frm_nat[13]' is connected directly to 'logic 0'. (LINT-52)
Warning: In design 'usbf_pl_SSRAM_HADR14', output port 'frm_nat[12]' is connected directly to 'logic 0'. (LINT-52)
Warning: In design 'usbf_mem_arb_SSRAM_HADR14', output port 'sram_re' is connected directly to 'logic 1'. (LINT-52)
Warning: In design 'usbf_ep_rf', output port 'csr[14]' is connected directly to 'logic 0'. (LINT-52)
Warning: In design 'usbf_ep_rf_dummy', output port 'dout[31]' is connected directly to 'logic 0'. (LINT-52)
Warning: In design 'usbf_ep_rf_dummy', output port 'dout[30]' is connected directly to 'logic 0'. (LINT-52)
Warning: In design 'usbf_ep_rf_dummy', output port 'dout[29]' is connected directly to 'logic 0'. (LINT-52)
Warning: In design 'usbf_ep_rf_dummy', output port 'dout[28]' is connected directly to 'logic 0'. (LINT-52)
Warning: In design 'usbf_ep_rf_dummy', output port 'dout[27]' is connected directly to 'logic 0'. (LINT-52)
Warning: In design 'usbf_ep_rf_dummy', output port 'dout[26]' is connected directly to 'logic 0'. (LINT-52)
Warning: In design 'usbf_ep_rf_dummy', output port 'dout[25]' is connected directly to 'logic 0'. (LINT-52)
Warning: In design 'usbf_ep_rf_dummy', output port 'dout[24]' is connected directly to 'logic 0'. (LINT-52)
Warning: In design 'usbf_ep_rf_dummy', output port 'dout[23]' is connected directly to 'logic 0'. (LINT-52)
Warning: In design 'usbf_ep_rf_dummy', output port 'dout[22]' is connected directly to 'logic 0'. (LINT-52)
Warning: In design 'usbf_ep_rf_dummy', output port 'dout[21]' is connected directly to 'logic 0'. (LINT-52)
Warning: In design 'usbf_ep_rf_dummy', output port 'dout[20]' is connected directly to 'logic 0'. (LINT-52)
Warning: In design 'usbf_ep_rf_dummy', output port 'dout[19]' is connected directly to 'logic 0'. (LINT-52)
Warning: In design 'usbf_ep_rf_dummy', output port 'dout[18]' is connected directly to 'logic 0'. (LINT-52)
Warning: In design 'usbf_ep_rf_dummy', output port 'dout[17]' is connected directly to 'logic 0'. (LINT-52)
Warning: In design 'usbf_ep_rf_dummy', output port 'dout[16]' is connected directly to 'logic 0'. (LINT-52)
Warning: In design 'usbf_ep_rf_dummy', output port 'dout[15]' is connected directly to 'logic 0'. (LINT-52)
Warning: In design 'usbf_ep_rf_dummy', output port 'dout[14]' is connected directly to 'logic 0'. (LINT-52)
Warning: In design 'usbf_ep_rf_dummy', output port 'dout[13]' is connected directly to 'logic 0'. (LINT-52)
Warning: In design 'usbf_ep_rf_dummy', output port 'dout[12]' is connected directly to 'logic 0'. (LINT-52)
Warning: In design 'usbf_ep_rf_dummy', output port 'dout[11]' is connected directly to 'logic 0'. (LINT-52)
Warning: In design 'usbf_ep_rf_dummy', output port 'dout[10]' is connected directly to 'logic 0'. (LINT-52)
Warning: In design 'usbf_ep_rf_dummy', output port 'dout[9]' is connected directly to 'logic 0'. (LINT-52)
Warning: In design 'usbf_ep_rf_dummy', output port 'dout[8]' is connected directly to 'logic 0'. (LINT-52)
Warning: In design 'usbf_ep_rf_dummy', output port 'dout[7]' is connected directly to 'logic 0'. (LINT-52)
Warning: In design 'usbf_ep_rf_dummy', output port 'dout[6]' is connected directly to 'logic 0'. (LINT-52)
Warning: In design 'usbf_ep_rf_dummy', output port 'dout[5]' is connected directly to 'logic 0'. (LINT-52)
Warning: In design 'usbf_ep_rf_dummy', output port 'dout[4]' is connected directly to 'logic 0'. (LINT-52)
Warning: In design 'usbf_ep_rf_dummy', output port 'dout[3]' is connected directly to 'logic 0'. (LINT-52)
Warning: In design 'usbf_ep_rf_dummy', output port 'dout[2]' is connected directly to 'logic 0'. (LINT-52)
Warning: In design 'usbf_ep_rf_dummy', output port 'dout[1]' is connected directly to 'logic 0'. (LINT-52)
Warning: In design 'usbf_ep_rf_dummy', output port 'dout[0]' is connected directly to 'logic 0'. (LINT-52)
Warning: In design 'usbf_ep_rf_dummy', output port 'inta' is connected directly to 'logic 0'. (LINT-52)
Warning: In design 'usbf_ep_rf_dummy', output port 'intb' is connected directly to 'logic 0'. (LINT-52)
Warning: In design 'usbf_ep_rf_dummy', output port 'dma_req' is connected directly to 'logic 0'. (LINT-52)
Warning: In design 'usbf_ep_rf_dummy', output port 'ep_match' is connected directly to 'logic 0'. (LINT-52)
Warning: In design 'usbf_ep_rf_dummy', output port 'csr[31]' is connected directly to 'logic 0'. (LINT-52)
Warning: In design 'usbf_ep_rf_dummy', output port 'csr[30]' is connected directly to 'logic 0'. (LINT-52)
Warning: In design 'usbf_ep_rf_dummy', output port 'csr[29]' is connected directly to 'logic 0'. (LINT-52)
Warning: In design 'usbf_ep_rf_dummy', output port 'csr[28]' is connected directly to 'logic 0'. (LINT-52)
Warning: In design 'usbf_ep_rf_dummy', output port 'csr[27]' is connected directly to 'logic 0'. (LINT-52)
Warning: In design 'usbf_ep_rf_dummy', output port 'csr[26]' is connected directly to 'logic 0'. (LINT-52)
Warning: In design 'usbf_ep_rf_dummy', output port 'csr[25]' is connected directly to 'logic 0'. (LINT-52)
Warning: In design 'usbf_ep_rf_dummy', output port 'csr[24]' is connected directly to 'logic 0'. (LINT-52)
Warning: In design 'usbf_ep_rf_dummy', output port 'csr[23]' is connected directly to 'logic 0'. (LINT-52)
Warning: In design 'usbf_ep_rf_dummy', output port 'csr[22]' is connected directly to 'logic 0'. (LINT-52)
Warning: In design 'usbf_ep_rf_dummy', output port 'csr[21]' is connected directly to 'logic 0'. (LINT-52)
Warning: In design 'usbf_ep_rf_dummy', output port 'csr[20]' is connected directly to 'logic 0'. (LINT-52)
Warning: In design 'usbf_ep_rf_dummy', output port 'csr[19]' is connected directly to 'logic 0'. (LINT-52)
Warning: In design 'usbf_ep_rf_dummy', output port 'csr[18]' is connected directly to 'logic 0'. (LINT-52)
Warning: In design 'usbf_ep_rf_dummy', output port 'csr[17]' is connected directly to 'logic 0'. (LINT-52)
Warning: In design 'usbf_ep_rf_dummy', output port 'csr[16]' is connected directly to 'logic 0'. (LINT-52)
Warning: In design 'usbf_ep_rf_dummy', output port 'csr[15]' is connected directly to 'logic 0'. (LINT-52)
Warning: In design 'usbf_ep_rf_dummy', output port 'csr[14]' is connected directly to 'logic 0'. (LINT-52)
Warning: In design 'usbf_ep_rf_dummy', output port 'csr[13]' is connected directly to 'logic 0'. (LINT-52)
Warning: In design 'usbf_ep_rf_dummy', output port 'csr[12]' is connected directly to 'logic 0'. (LINT-52)
Warning: In design 'usbf_ep_rf_dummy', output port 'csr[11]' is connected directly to 'logic 0'. (LINT-52)
Warning: In design 'usbf_ep_rf_dummy', output port 'csr[10]' is connected directly to 'logic 0'. (LINT-52)
Warning: In design 'usbf_ep_rf_dummy', output port 'csr[9]' is connected directly to 'logic 0'. (LINT-52)
Warning: In design 'usbf_ep_rf_dummy', output port 'csr[8]' is connected directly to 'logic 0'. (LINT-52)
Warning: In design 'usbf_ep_rf_dummy', output port 'csr[7]' is connected directly to 'logic 0'. (LINT-52)
Warning: In design 'usbf_ep_rf_dummy', output port 'csr[6]' is connected directly to 'logic 0'. (LINT-52)
Warning: In design 'usbf_ep_rf_dummy', output port 'csr[5]' is connected directly to 'logic 0'. (LINT-52)
Warning: In design 'usbf_ep_rf_dummy', output port 'csr[4]' is connected directly to 'logic 0'. (LINT-52)
Warning: In design 'usbf_ep_rf_dummy', output port 'csr[3]' is connected directly to 'logic 0'. (LINT-52)
Warning: In design 'usbf_ep_rf_dummy', output port 'csr[2]' is connected directly to 'logic 0'. (LINT-52)
Warning: In design 'usbf_ep_rf_dummy', output port 'csr[1]' is connected directly to 'logic 0'. (LINT-52)
Warning: In design 'usbf_ep_rf_dummy', output port 'csr[0]' is connected directly to 'logic 0'. (LINT-52)
Warning: In design 'usbf_ep_rf_dummy', output port 'buf0[31]' is connected directly to 'logic 1'. (LINT-52)
Warning: In design 'usbf_ep_rf_dummy', output port 'buf0[30]' is connected directly to 'logic 1'. (LINT-52)
Warning: In design 'usbf_ep_rf_dummy', output port 'buf0[29]' is connected directly to 'logic 1'. (LINT-52)
Warning: In design 'usbf_ep_rf_dummy', output port 'buf0[28]' is connected directly to 'logic 1'. (LINT-52)
Warning: In design 'usbf_ep_rf_dummy', output port 'buf0[27]' is connected directly to 'logic 1'. (LINT-52)
Warning: In design 'usbf_ep_rf_dummy', output port 'buf0[26]' is connected directly to 'logic 1'. (LINT-52)
Warning: In design 'usbf_ep_rf_dummy', output port 'buf0[25]' is connected directly to 'logic 1'. (LINT-52)
Warning: In design 'usbf_ep_rf_dummy', output port 'buf0[24]' is connected directly to 'logic 1'. (LINT-52)
Warning: In design 'usbf_ep_rf_dummy', output port 'buf0[23]' is connected directly to 'logic 1'. (LINT-52)
Warning: In design 'usbf_ep_rf_dummy', output port 'buf0[22]' is connected directly to 'logic 1'. (LINT-52)
Warning: In design 'usbf_ep_rf_dummy', output port 'buf0[21]' is connected directly to 'logic 1'. (LINT-52)
Warning: In design 'usbf_ep_rf_dummy', output port 'buf0[20]' is connected directly to 'logic 1'. (LINT-52)
Warning: In design 'usbf_ep_rf_dummy', output port 'buf0[19]' is connected directly to 'logic 1'. (LINT-52)
Warning: In design 'usbf_ep_rf_dummy', output port 'buf0[18]' is connected directly to 'logic 1'. (LINT-52)
Warning: In design 'usbf_ep_rf_dummy', output port 'buf0[17]' is connected directly to 'logic 1'. (LINT-52)
Warning: In design 'usbf_ep_rf_dummy', output port 'buf0[16]' is connected directly to 'logic 1'. (LINT-52)
Warning: In design 'usbf_ep_rf_dummy', output port 'buf0[15]' is connected directly to 'logic 1'. (LINT-52)
Warning: In design 'usbf_ep_rf_dummy', output port 'buf0[14]' is connected directly to 'logic 1'. (LINT-52)
Warning: In design 'usbf_ep_rf_dummy', output port 'buf0[13]' is connected directly to 'logic 1'. (LINT-52)
Warning: In design 'usbf_ep_rf_dummy', output port 'buf0[12]' is connected directly to 'logic 1'. (LINT-52)
Warning: In design 'usbf_ep_rf_dummy', output port 'buf0[11]' is connected directly to 'logic 1'. (LINT-52)
Warning: In design 'usbf_ep_rf_dummy', output port 'buf0[10]' is connected directly to 'logic 1'. (LINT-52)
Warning: In design 'usbf_ep_rf_dummy', output port 'buf0[9]' is connected directly to 'logic 1'. (LINT-52)
Warning: In design 'usbf_ep_rf_dummy', output port 'buf0[8]' is connected directly to 'logic 1'. (LINT-52)
Warning: In design 'usbf_ep_rf_dummy', output port 'buf0[7]' is connected directly to 'logic 1'. (LINT-52)
Warning: In design 'usbf_ep_rf_dummy', output port 'buf0[6]' is connected directly to 'logic 1'. (LINT-52)
Warning: In design 'usbf_ep_rf_dummy', output port 'buf0[5]' is connected directly to 'logic 1'. (LINT-52)
Warning: In design 'usbf_ep_rf_dummy', output port 'buf0[4]' is connected directly to 'logic 1'. (LINT-52)
Warning: In design 'usbf_ep_rf_dummy', output port 'buf0[3]' is connected directly to 'logic 1'. (LINT-52)
Warning: In design 'usbf_ep_rf_dummy', output port 'buf0[2]' is connected directly to 'logic 1'. (LINT-52)
Warning: In design 'usbf_ep_rf_dummy', output port 'buf0[1]' is connected directly to 'logic 1'. (LINT-52)
Warning: In design 'usbf_ep_rf_dummy', output port 'buf0[0]' is connected directly to 'logic 1'. (LINT-52)
Warning: In design 'usbf_ep_rf_dummy', output port 'buf1[31]' is connected directly to 'logic 1'. (LINT-52)
Warning: In design 'usbf_ep_rf_dummy', output port 'buf1[30]' is connected directly to 'logic 1'. (LINT-52)
Warning: In design 'usbf_ep_rf_dummy', output port 'buf1[29]' is connected directly to 'logic 1'. (LINT-52)
Warning: In design 'usbf_ep_rf_dummy', output port 'buf1[28]' is connected directly to 'logic 1'. (LINT-52)
Warning: In design 'usbf_ep_rf_dummy', output port 'buf1[27]' is connected directly to 'logic 1'. (LINT-52)
Warning: In design 'usbf_ep_rf_dummy', output port 'buf1[26]' is connected directly to 'logic 1'. (LINT-52)
Warning: In design 'usbf_ep_rf_dummy', output port 'buf1[25]' is connected directly to 'logic 1'. (LINT-52)
Warning: In design 'usbf_ep_rf_dummy', output port 'buf1[24]' is connected directly to 'logic 1'. (LINT-52)
Warning: In design 'usbf_ep_rf_dummy', output port 'buf1[23]' is connected directly to 'logic 1'. (LINT-52)
Warning: In design 'usbf_ep_rf_dummy', output port 'buf1[22]' is connected directly to 'logic 1'. (LINT-52)
Warning: In design 'usbf_ep_rf_dummy', output port 'buf1[21]' is connected directly to 'logic 1'. (LINT-52)
Warning: In design 'usbf_ep_rf_dummy', output port 'buf1[20]' is connected directly to 'logic 1'. (LINT-52)
Warning: In design 'usbf_ep_rf_dummy', output port 'buf1[19]' is connected directly to 'logic 1'. (LINT-52)
Warning: In design 'usbf_ep_rf_dummy', output port 'buf1[18]' is connected directly to 'logic 1'. (LINT-52)
Warning: In design 'usbf_ep_rf_dummy', output port 'buf1[17]' is connected directly to 'logic 1'. (LINT-52)
Warning: In design 'usbf_ep_rf_dummy', output port 'buf1[16]' is connected directly to 'logic 1'. (LINT-52)
Warning: In design 'usbf_ep_rf_dummy', output port 'buf1[15]' is connected directly to 'logic 1'. (LINT-52)
Warning: In design 'usbf_ep_rf_dummy', output port 'buf1[14]' is connected directly to 'logic 1'. (LINT-52)
Warning: In design 'usbf_ep_rf_dummy', output port 'buf1[13]' is connected directly to 'logic 1'. (LINT-52)
Warning: In design 'usbf_ep_rf_dummy', output port 'buf1[12]' is connected directly to 'logic 1'. (LINT-52)
Warning: In design 'usbf_ep_rf_dummy', output port 'buf1[11]' is connected directly to 'logic 1'. (LINT-52)
Warning: In design 'usbf_ep_rf_dummy', output port 'buf1[10]' is connected directly to 'logic 1'. (LINT-52)
Warning: In design 'usbf_ep_rf_dummy', output port 'buf1[9]' is connected directly to 'logic 1'. (LINT-52)
Warning: In design 'usbf_ep_rf_dummy', output port 'buf1[8]' is connected directly to 'logic 1'. (LINT-52)
Warning: In design 'usbf_ep_rf_dummy', output port 'buf1[7]' is connected directly to 'logic 1'. (LINT-52)
Warning: In design 'usbf_ep_rf_dummy', output port 'buf1[6]' is connected directly to 'logic 1'. (LINT-52)
Warning: In design 'usbf_ep_rf_dummy', output port 'buf1[5]' is connected directly to 'logic 1'. (LINT-52)
Warning: In design 'usbf_ep_rf_dummy', output port 'buf1[4]' is connected directly to 'logic 1'. (LINT-52)
Warning: In design 'usbf_ep_rf_dummy', output port 'buf1[3]' is connected directly to 'logic 1'. (LINT-52)
Warning: In design 'usbf_ep_rf_dummy', output port 'buf1[2]' is connected directly to 'logic 1'. (LINT-52)
Warning: In design 'usbf_ep_rf_dummy', output port 'buf1[1]' is connected directly to 'logic 1'. (LINT-52)
Warning: In design 'usbf_ep_rf_dummy', output port 'buf1[0]' is connected directly to 'logic 1'. (LINT-52)
Warning: In design 'usbf_ep_rf_dummy', output port 'dma_in_buf_sz1' is connected directly to 'logic 0'. (LINT-52)
Warning: In design 'usbf_ep_rf_dummy', output port 'dma_out_buf_avail' is connected directly to 'logic 0'. (LINT-52)
1
