Information: Propagating switching activity (low effort zero delay simulation). (PWR-6)
Warning: Design has unannotated primary inputs. (PWR-414)
Warning: Design has unannotated sequential cell outputs. (PWR-415)
 
****************************************
Report : power
        -analysis_effort low
Design : aes_cipher_top
Version: W-2024.09-SP4-1
Date   : Tue Apr 29 11:16:46 2025
****************************************


Library(s) Used:

    saed32rvt_ss0p95v25c (File: /mnt/class_data/ecec574-w2019/PDKs/_archived/SAED32nm_new/SAED32_EDK/lib/stdcell_rvt/db_ccs/saed32rvt_ss0p95v25c.db)


Operating Conditions: ss0p95v25c   Library: saed32rvt_ss0p95v25c
Wire Load Model Mode: enclosed

Design        Wire Load Model            Library
------------------------------------------------
aes_cipher_top         35000             saed32rvt_ss0p95v25c
aes_key_expand_128     8000              saed32rvt_ss0p95v25c
aes_sbox_19            8000              saed32rvt_ss0p95v25c
aes_rcon               ForQA             saed32rvt_ss0p95v25c
aes_sbox_0             8000              saed32rvt_ss0p95v25c
aes_sbox_1             8000              saed32rvt_ss0p95v25c
aes_sbox_2             8000              saed32rvt_ss0p95v25c
aes_sbox_3             8000              saed32rvt_ss0p95v25c
aes_sbox_4             8000              saed32rvt_ss0p95v25c
aes_sbox_5             8000              saed32rvt_ss0p95v25c
aes_sbox_6             8000              saed32rvt_ss0p95v25c
aes_sbox_7             8000              saed32rvt_ss0p95v25c
aes_sbox_8             8000              saed32rvt_ss0p95v25c
aes_sbox_9             8000              saed32rvt_ss0p95v25c
aes_sbox_10            8000              saed32rvt_ss0p95v25c
aes_sbox_11            8000              saed32rvt_ss0p95v25c
aes_sbox_12            8000              saed32rvt_ss0p95v25c
aes_sbox_13            8000              saed32rvt_ss0p95v25c
aes_sbox_14            8000              saed32rvt_ss0p95v25c
aes_sbox_15            8000              saed32rvt_ss0p95v25c
aes_sbox_16            8000              saed32rvt_ss0p95v25c
aes_sbox_17            8000              saed32rvt_ss0p95v25c
aes_sbox_18            8000              saed32rvt_ss0p95v25c


Global Operating Voltage = 0.95 
Power-specific unit information :
    Voltage Units = 1V
    Capacitance Units = 1.000000ff
    Time Units = 1ns
    Dynamic Power Units = 1uW    (derived from V,C,T units)
    Leakage Power Units = 1pW


Attributes
----------
i - Including register clock pin internal power


  Cell Internal Power  = 617.7195 uW   (87%)
  Net Switching Power  =  94.6966 uW   (13%)
                         ---------
Total Dynamic Power    = 712.4161 uW  (100%)

Cell Leakage Power     = 887.9955 uW


                 Internal         Switching           Leakage            Total
Power Group      Power            Power               Power              Power   (   %    )  Attrs
--------------------------------------------------------------------------------------------------
io_pad             0.0000            0.0000            0.0000            0.0000  (   0.00%)
memory             0.0000            0.0000            0.0000            0.0000  (   0.00%)
black_box          0.0000            0.0000            0.0000            0.0000  (   0.00%)
clock_network    353.1436            0.0000            0.0000          353.1436  (  22.07%)  i
register           9.2096           11.4168        7.4691e+07           95.3170  (   5.96%)
sequential         0.0000            0.0000            0.0000            0.0000  (   0.00%)
combinational    255.3662           83.2797        8.1330e+08        1.1520e+03  (  71.98%)
--------------------------------------------------------------------------------------------------
Total            617.7195 uW        94.6964 uW     8.8800e+08 pW     1.6004e+03 uW
1
