Information: Updating design information... (UID-85)
 
****************************************
Report : constraint
        -all_violators
Design : aes_cipher_top
Version: W-2024.09-SP4-1
Date   : Tue Apr 29 11:16:44 2025
****************************************


   min_delay/hold ('clk' group)

                             Required        Actual
   Endpoint                 Path Delay     Path Delay        Slack
   -----------------------------------------------------------------
   u0/w_reg[0][29]/D            0.15           0.02 f        -0.13  (VIOLATED)
   text_in_r_reg[8]/D           0.19           0.09 f        -0.10  (VIOLATED)
   text_in_r_reg[10]/D          0.19           0.09 f        -0.10  (VIOLATED)
   text_in_r_reg[13]/D          0.19           0.09 f        -0.10  (VIOLATED)
   text_in_r_reg[14]/D          0.19           0.09 f        -0.10  (VIOLATED)
   text_in_r_reg[24]/D          0.19           0.09 f        -0.10  (VIOLATED)
   text_in_r_reg[26]/D          0.19           0.09 f        -0.10  (VIOLATED)
   text_in_r_reg[29]/D          0.19           0.09 f        -0.10  (VIOLATED)
   text_in_r_reg[30]/D          0.19           0.09 f        -0.10  (VIOLATED)
   text_in_r_reg[32]/D          0.19           0.09 f        -0.10  (VIOLATED)
   text_in_r_reg[0]/D           0.19           0.09 f        -0.10  (VIOLATED)
   text_in_r_reg[1]/D           0.19           0.09 f        -0.10  (VIOLATED)
   text_in_r_reg[2]/D           0.19           0.09 f        -0.10  (VIOLATED)
   text_in_r_reg[3]/D           0.19           0.09 f        -0.10  (VIOLATED)
   text_in_r_reg[4]/D           0.19           0.09 f        -0.10  (VIOLATED)
   text_in_r_reg[5]/D           0.19           0.09 f        -0.10  (VIOLATED)
   text_in_r_reg[6]/D           0.19           0.09 f        -0.10  (VIOLATED)
   text_in_r_reg[7]/D           0.19           0.09 f        -0.10  (VIOLATED)
   text_in_r_reg[9]/D           0.19           0.09 f        -0.10  (VIOLATED)
   text_in_r_reg[11]/D          0.19           0.09 f        -0.10  (VIOLATED)
   text_in_r_reg[12]/D          0.19           0.09 f        -0.10  (VIOLATED)
   text_in_r_reg[15]/D          0.19           0.09 f        -0.10  (VIOLATED)
   text_in_r_reg[16]/D          0.19           0.09 f        -0.10  (VIOLATED)
   text_in_r_reg[17]/D          0.19           0.09 f        -0.10  (VIOLATED)
   text_in_r_reg[18]/D          0.19           0.09 f        -0.10  (VIOLATED)
   text_in_r_reg[19]/D          0.19           0.09 f        -0.10  (VIOLATED)
   text_in_r_reg[20]/D          0.19           0.09 f        -0.10  (VIOLATED)
   text_in_r_reg[21]/D          0.19           0.09 f        -0.10  (VIOLATED)
   text_in_r_reg[22]/D          0.19           0.09 f        -0.10  (VIOLATED)
   text_in_r_reg[23]/D          0.19           0.09 f        -0.10  (VIOLATED)
   text_in_r_reg[25]/D          0.19           0.09 f        -0.10  (VIOLATED)
   text_in_r_reg[27]/D          0.19           0.09 f        -0.10  (VIOLATED)
   text_in_r_reg[28]/D          0.19           0.09 f        -0.10  (VIOLATED)
   text_in_r_reg[31]/D          0.19           0.09 f        -0.10  (VIOLATED)
   text_in_r_reg[33]/D          0.19           0.09 f        -0.10  (VIOLATED)
   text_in_r_reg[34]/D          0.19           0.09 f        -0.10  (VIOLATED)
   text_in_r_reg[35]/D          0.19           0.09 f        -0.10  (VIOLATED)
   text_in_r_reg[36]/D          0.19           0.09 f        -0.10  (VIOLATED)
   text_in_r_reg[37]/D          0.19           0.09 f        -0.10  (VIOLATED)
   text_in_r_reg[38]/D          0.19           0.09 f        -0.10  (VIOLATED)
   text_in_r_reg[39]/D          0.19           0.09 f        -0.10  (VIOLATED)
   text_in_r_reg[40]/D          0.19           0.09 f        -0.10  (VIOLATED)
   text_in_r_reg[41]/D          0.19           0.09 f        -0.10  (VIOLATED)
   text_in_r_reg[42]/D          0.19           0.09 f        -0.10  (VIOLATED)
   text_in_r_reg[43]/D          0.19           0.09 f        -0.10  (VIOLATED)
   text_in_r_reg[44]/D          0.19           0.09 f        -0.10  (VIOLATED)
   text_in_r_reg[45]/D          0.19           0.09 f        -0.10  (VIOLATED)
   text_in_r_reg[46]/D          0.19           0.09 f        -0.10  (VIOLATED)
   text_in_r_reg[47]/D          0.19           0.09 f        -0.10  (VIOLATED)
   text_in_r_reg[48]/D          0.19           0.09 f        -0.10  (VIOLATED)
   text_in_r_reg[49]/D          0.19           0.09 f        -0.10  (VIOLATED)
   text_in_r_reg[50]/D          0.19           0.09 f        -0.10  (VIOLATED)
   text_in_r_reg[51]/D          0.19           0.09 f        -0.10  (VIOLATED)
   text_in_r_reg[52]/D          0.19           0.09 f        -0.10  (VIOLATED)
   text_in_r_reg[53]/D          0.19           0.09 f        -0.10  (VIOLATED)
   text_in_r_reg[54]/D          0.19           0.09 f        -0.10  (VIOLATED)
   text_in_r_reg[55]/D          0.19           0.09 f        -0.10  (VIOLATED)
   text_in_r_reg[56]/D          0.19           0.09 f        -0.10  (VIOLATED)
   text_in_r_reg[57]/D          0.19           0.09 f        -0.10  (VIOLATED)
   text_in_r_reg[58]/D          0.19           0.09 f        -0.10  (VIOLATED)
   text_in_r_reg[59]/D          0.19           0.09 f        -0.10  (VIOLATED)
   text_in_r_reg[60]/D          0.19           0.09 f        -0.10  (VIOLATED)
   text_in_r_reg[61]/D          0.19           0.09 f        -0.10  (VIOLATED)
   text_in_r_reg[62]/D          0.19           0.09 f        -0.10  (VIOLATED)
   text_in_r_reg[63]/D          0.19           0.09 f        -0.10  (VIOLATED)
   text_in_r_reg[64]/D          0.19           0.09 f        -0.10  (VIOLATED)
   text_in_r_reg[65]/D          0.19           0.09 f        -0.10  (VIOLATED)
   text_in_r_reg[66]/D          0.19           0.09 f        -0.10  (VIOLATED)
   text_in_r_reg[67]/D          0.19           0.09 f        -0.10  (VIOLATED)
   text_in_r_reg[68]/D          0.19           0.09 f        -0.10  (VIOLATED)
   text_in_r_reg[69]/D          0.19           0.09 f        -0.10  (VIOLATED)
   text_in_r_reg[70]/D          0.19           0.09 f        -0.10  (VIOLATED)
   text_in_r_reg[71]/D          0.19           0.09 f        -0.10  (VIOLATED)
   text_in_r_reg[72]/D          0.19           0.09 f        -0.10  (VIOLATED)
   text_in_r_reg[73]/D          0.19           0.09 f        -0.10  (VIOLATED)
   text_in_r_reg[74]/D          0.19           0.09 f        -0.10  (VIOLATED)
   text_in_r_reg[75]/D          0.19           0.09 f        -0.10  (VIOLATED)
   text_in_r_reg[76]/D          0.19           0.09 f        -0.10  (VIOLATED)
   text_in_r_reg[77]/D          0.19           0.09 f        -0.10  (VIOLATED)
   text_in_r_reg[78]/D          0.19           0.09 f        -0.10  (VIOLATED)
   text_in_r_reg[79]/D          0.19           0.09 f        -0.10  (VIOLATED)
   text_in_r_reg[80]/D          0.19           0.09 f        -0.10  (VIOLATED)
   text_in_r_reg[81]/D          0.19           0.09 f        -0.10  (VIOLATED)
   text_in_r_reg[82]/D          0.19           0.09 f        -0.10  (VIOLATED)
   text_in_r_reg[83]/D          0.19           0.09 f        -0.10  (VIOLATED)
   text_in_r_reg[84]/D          0.19           0.09 f        -0.10  (VIOLATED)
   text_in_r_reg[85]/D          0.19           0.09 f        -0.10  (VIOLATED)
   text_in_r_reg[86]/D          0.19           0.09 f        -0.10  (VIOLATED)
   text_in_r_reg[87]/D          0.19           0.09 f        -0.10  (VIOLATED)
   text_in_r_reg[88]/D          0.19           0.09 f        -0.10  (VIOLATED)
   text_in_r_reg[89]/D          0.19           0.09 f        -0.10  (VIOLATED)
   text_in_r_reg[90]/D          0.19           0.09 f        -0.10  (VIOLATED)
   text_in_r_reg[91]/D          0.19           0.09 f        -0.10  (VIOLATED)
   text_in_r_reg[92]/D          0.19           0.09 f        -0.10  (VIOLATED)
   text_in_r_reg[93]/D          0.19           0.09 f        -0.10  (VIOLATED)
   text_in_r_reg[94]/D          0.19           0.09 f        -0.10  (VIOLATED)
   text_in_r_reg[95]/D          0.19           0.09 f        -0.10  (VIOLATED)
   text_in_r_reg[96]/D          0.19           0.09 f        -0.10  (VIOLATED)
   text_in_r_reg[97]/D          0.19           0.09 f        -0.10  (VIOLATED)
   text_in_r_reg[98]/D          0.19           0.09 f        -0.10  (VIOLATED)
   text_in_r_reg[99]/D          0.19           0.09 f        -0.10  (VIOLATED)
   text_in_r_reg[100]/D         0.19           0.09 f        -0.10  (VIOLATED)
   text_in_r_reg[101]/D         0.19           0.09 f        -0.10  (VIOLATED)
   text_in_r_reg[102]/D         0.19           0.09 f        -0.10  (VIOLATED)
   text_in_r_reg[103]/D         0.19           0.09 f        -0.10  (VIOLATED)
   text_in_r_reg[104]/D         0.19           0.09 f        -0.10  (VIOLATED)
   text_in_r_reg[105]/D         0.19           0.09 f        -0.10  (VIOLATED)
   text_in_r_reg[106]/D         0.19           0.09 f        -0.10  (VIOLATED)
   text_in_r_reg[107]/D         0.19           0.09 f        -0.10  (VIOLATED)
   text_in_r_reg[108]/D         0.19           0.09 f        -0.10  (VIOLATED)
   text_in_r_reg[109]/D         0.19           0.09 f        -0.10  (VIOLATED)
   text_in_r_reg[110]/D         0.19           0.09 f        -0.10  (VIOLATED)
   text_in_r_reg[111]/D         0.19           0.09 f        -0.10  (VIOLATED)
   text_in_r_reg[112]/D         0.19           0.09 f        -0.10  (VIOLATED)
   text_in_r_reg[113]/D         0.19           0.09 f        -0.10  (VIOLATED)
   text_in_r_reg[114]/D         0.19           0.09 f        -0.10  (VIOLATED)
   text_in_r_reg[115]/D         0.19           0.09 f        -0.10  (VIOLATED)
   text_in_r_reg[116]/D         0.19           0.09 f        -0.10  (VIOLATED)
   text_in_r_reg[117]/D         0.19           0.09 f        -0.10  (VIOLATED)
   text_in_r_reg[118]/D         0.19           0.09 f        -0.10  (VIOLATED)
   text_in_r_reg[119]/D         0.19           0.09 f        -0.10  (VIOLATED)
   text_in_r_reg[120]/D         0.19           0.09 f        -0.10  (VIOLATED)
   text_in_r_reg[121]/D         0.19           0.09 f        -0.10  (VIOLATED)
   text_in_r_reg[122]/D         0.19           0.09 f        -0.10  (VIOLATED)
   text_in_r_reg[123]/D         0.19           0.09 f        -0.10  (VIOLATED)
   text_in_r_reg[124]/D         0.19           0.09 f        -0.10  (VIOLATED)
   text_in_r_reg[125]/D         0.19           0.09 f        -0.10  (VIOLATED)
   text_in_r_reg[126]/D         0.19           0.09 f        -0.10  (VIOLATED)
   text_in_r_reg[127]/D         0.19           0.09 f        -0.10  (VIOLATED)
   u0/w_reg[3][0]/D             0.19           0.09 f        -0.10  (VIOLATED)
   u0/w_reg[3][2]/D             0.19           0.09 f        -0.10  (VIOLATED)
   u0/w_reg[0][0]/D             0.19           0.09 f        -0.10  (VIOLATED)
   u0/w_reg[0][10]/D            0.19           0.09 f        -0.10  (VIOLATED)
   u0/w_reg[0][25]/D            0.19           0.09 f        -0.10  (VIOLATED)
   u0/w_reg[0][27]/D            0.19           0.09 f        -0.10  (VIOLATED)
   u0/w_reg[0][28]/D            0.19           0.09 f        -0.10  (VIOLATED)
   u0/w_reg[0][2]/D             0.19           0.09 f        -0.10  (VIOLATED)
   u0/w_reg[3][9]/D             0.19           0.09 f        -0.10  (VIOLATED)
   u0/w_reg[3][18]/D            0.19           0.09 f        -0.10  (VIOLATED)
   u0/w_reg[3][16]/D            0.19           0.09 f        -0.10  (VIOLATED)
   u0/w_reg[3][11]/D            0.19           0.09 f        -0.10  (VIOLATED)
   u0/w_reg[3][19]/D            0.19           0.09 f        -0.10  (VIOLATED)
   u0/w_reg[3][8]/D             0.19           0.09 f        -0.10  (VIOLATED)
   u0/w_reg[3][10]/D            0.19           0.09 f        -0.10  (VIOLATED)
   u0/w_reg[3][13]/D            0.19           0.09 f        -0.10  (VIOLATED)
   u0/w_reg[3][22]/D            0.19           0.09 f        -0.10  (VIOLATED)
   u0/w_reg[3][15]/D            0.19           0.09 f        -0.10  (VIOLATED)
   u0/w_reg[3][1]/D             0.19           0.09 f        -0.10  (VIOLATED)
   u0/w_reg[3][3]/D             0.19           0.09 f        -0.10  (VIOLATED)
   u0/w_reg[3][4]/D             0.19           0.09 f        -0.10  (VIOLATED)
   u0/w_reg[3][5]/D             0.19           0.09 f        -0.10  (VIOLATED)
   u0/w_reg[3][6]/D             0.19           0.09 f        -0.10  (VIOLATED)
   u0/w_reg[3][7]/D             0.19           0.09 f        -0.10  (VIOLATED)
   u0/w_reg[3][12]/D            0.19           0.09 f        -0.10  (VIOLATED)
   u0/w_reg[3][14]/D            0.19           0.09 f        -0.10  (VIOLATED)
   u0/w_reg[3][17]/D            0.19           0.09 f        -0.10  (VIOLATED)
   u0/w_reg[3][20]/D            0.19           0.09 f        -0.10  (VIOLATED)
   u0/w_reg[3][21]/D            0.19           0.09 f        -0.10  (VIOLATED)
   u0/w_reg[3][23]/D            0.19           0.09 f        -0.10  (VIOLATED)
   u0/w_reg[3][24]/D            0.19           0.09 f        -0.10  (VIOLATED)
   u0/w_reg[3][25]/D            0.19           0.09 f        -0.10  (VIOLATED)
   u0/w_reg[3][26]/D            0.19           0.09 f        -0.10  (VIOLATED)
   u0/w_reg[3][27]/D            0.19           0.09 f        -0.10  (VIOLATED)
   u0/w_reg[3][28]/D            0.19           0.09 f        -0.10  (VIOLATED)
   u0/w_reg[3][29]/D            0.19           0.09 f        -0.10  (VIOLATED)
   u0/w_reg[3][30]/D            0.19           0.09 f        -0.10  (VIOLATED)
   u0/w_reg[3][31]/D            0.19           0.09 f        -0.10  (VIOLATED)
   u0/w_reg[0][15]/D            0.19           0.09 f        -0.10  (VIOLATED)
   u0/w_reg[0][9]/D             0.19           0.09 f        -0.10  (VIOLATED)
   u0/w_reg[0][11]/D            0.19           0.09 f        -0.10  (VIOLATED)
   u0/w_reg[0][18]/D            0.19           0.09 f        -0.10  (VIOLATED)
   u0/w_reg[0][1]/D             0.19           0.09 f        -0.10  (VIOLATED)
   u0/w_reg[0][3]/D             0.19           0.09 f        -0.10  (VIOLATED)
   u0/w_reg[0][4]/D             0.19           0.09 f        -0.10  (VIOLATED)
   u0/w_reg[0][5]/D             0.19           0.09 f        -0.10  (VIOLATED)
   u0/w_reg[0][6]/D             0.19           0.09 f        -0.10  (VIOLATED)
   u0/w_reg[0][7]/D             0.19           0.09 f        -0.10  (VIOLATED)
   u0/w_reg[0][12]/D            0.19           0.09 f        -0.10  (VIOLATED)
   u0/w_reg[0][17]/D            0.19           0.09 f        -0.10  (VIOLATED)
   u0/w_reg[0][19]/D            0.19           0.09 f        -0.10  (VIOLATED)
   u0/w_reg[0][20]/D            0.19           0.09 f        -0.10  (VIOLATED)
   u0/w_reg[0][21]/D            0.19           0.09 f        -0.10  (VIOLATED)
   u0/w_reg[0][22]/D            0.19           0.09 f        -0.10  (VIOLATED)
   u0/w_reg[0][23]/D            0.19           0.09 f        -0.10  (VIOLATED)
   u0/w_reg[0][8]/D             0.19           0.09 f        -0.10  (VIOLATED)
   u0/w_reg[0][13]/D            0.19           0.09 f        -0.10  (VIOLATED)
   u0/w_reg[0][14]/D            0.19           0.09 f        -0.10  (VIOLATED)
   u0/w_reg[0][16]/D            0.19           0.09 f        -0.10  (VIOLATED)
   u0/w_reg[2][8]/D             0.19           0.09 f        -0.10  (VIOLATED)
   u0/w_reg[2][9]/D             0.19           0.09 f        -0.10  (VIOLATED)
   u0/w_reg[2][10]/D            0.19           0.09 f        -0.10  (VIOLATED)
   u0/w_reg[2][13]/D            0.19           0.09 f        -0.10  (VIOLATED)
   u0/w_reg[2][15]/D            0.19           0.09 f        -0.10  (VIOLATED)
   u0/w_reg[2][16]/D            0.19           0.09 f        -0.10  (VIOLATED)
   u0/w_reg[2][18]/D            0.19           0.09 f        -0.10  (VIOLATED)
   u0/w_reg[1][11]/D            0.19           0.09 f        -0.10  (VIOLATED)
   u0/w_reg[1][12]/D            0.19           0.09 f        -0.10  (VIOLATED)
   u0/w_reg[1][13]/D            0.19           0.09 f        -0.10  (VIOLATED)
   u0/w_reg[1][19]/D            0.19           0.09 f        -0.10  (VIOLATED)
   u0/w_reg[1][20]/D            0.19           0.09 f        -0.10  (VIOLATED)
   u0/w_reg[1][21]/D            0.19           0.09 f        -0.10  (VIOLATED)
   u0/w_reg[1][24]/D            0.19           0.09 f        -0.10  (VIOLATED)
   u0/w_reg[1][26]/D            0.19           0.09 f        -0.10  (VIOLATED)
   u0/w_reg[1][1]/D             0.19           0.09 f        -0.10  (VIOLATED)
   u0/w_reg[1][3]/D             0.19           0.09 f        -0.10  (VIOLATED)
   u0/w_reg[1][4]/D             0.19           0.09 f        -0.10  (VIOLATED)
   u0/w_reg[1][5]/D             0.19           0.09 f        -0.10  (VIOLATED)
   u0/w_reg[1][6]/D             0.19           0.09 f        -0.10  (VIOLATED)
   u0/w_reg[1][7]/D             0.19           0.09 f        -0.10  (VIOLATED)
   u0/w_reg[1][8]/D             0.19           0.09 f        -0.10  (VIOLATED)
   u0/w_reg[1][9]/D             0.19           0.09 f        -0.10  (VIOLATED)
   u0/w_reg[1][14]/D            0.19           0.09 f        -0.10  (VIOLATED)
   u0/w_reg[1][15]/D            0.19           0.09 f        -0.10  (VIOLATED)
   u0/w_reg[1][16]/D            0.19           0.09 f        -0.10  (VIOLATED)
   u0/w_reg[1][17]/D            0.19           0.09 f        -0.10  (VIOLATED)
   u0/w_reg[1][18]/D            0.19           0.09 f        -0.10  (VIOLATED)
   u0/w_reg[1][22]/D            0.19           0.09 f        -0.10  (VIOLATED)
   u0/w_reg[1][23]/D            0.19           0.09 f        -0.10  (VIOLATED)
   u0/w_reg[1][30]/D            0.19           0.09 f        -0.10  (VIOLATED)
   u0/w_reg[1][29]/D            0.19           0.09 f        -0.10  (VIOLATED)
   u0/w_reg[1][25]/D            0.19           0.09 f        -0.10  (VIOLATED)
   u0/w_reg[1][27]/D            0.19           0.09 f        -0.10  (VIOLATED)
   u0/w_reg[1][28]/D            0.19           0.09 f        -0.10  (VIOLATED)
   u0/w_reg[1][31]/D            0.19           0.09 f        -0.10  (VIOLATED)
   u0/w_reg[1][10]/D            0.19           0.09 f        -0.10  (VIOLATED)
   u0/w_reg[0][24]/D            0.19           0.09 f        -0.10  (VIOLATED)
   u0/w_reg[0][26]/D            0.19           0.09 f        -0.10  (VIOLATED)
   u0/w_reg[2][1]/D             0.19           0.09 f        -0.10  (VIOLATED)
   u0/w_reg[2][3]/D             0.19           0.09 f        -0.10  (VIOLATED)
   u0/w_reg[2][4]/D             0.19           0.09 f        -0.10  (VIOLATED)
   u0/w_reg[2][5]/D             0.19           0.09 f        -0.10  (VIOLATED)
   u0/w_reg[2][6]/D             0.19           0.09 f        -0.10  (VIOLATED)
   u0/w_reg[2][7]/D             0.19           0.09 f        -0.10  (VIOLATED)
   u0/w_reg[2][11]/D            0.19           0.09 f        -0.10  (VIOLATED)
   u0/w_reg[2][12]/D            0.19           0.09 f        -0.10  (VIOLATED)
   u0/w_reg[2][17]/D            0.19           0.09 f        -0.10  (VIOLATED)
   u0/w_reg[2][19]/D            0.19           0.09 f        -0.10  (VIOLATED)
   u0/w_reg[2][20]/D            0.19           0.09 f        -0.10  (VIOLATED)
   u0/w_reg[2][21]/D            0.19           0.09 f        -0.10  (VIOLATED)
   u0/w_reg[2][22]/D            0.19           0.09 f        -0.10  (VIOLATED)
   u0/w_reg[2][23]/D            0.19           0.09 f        -0.10  (VIOLATED)
   u0/w_reg[2][25]/D            0.19           0.09 f        -0.10  (VIOLATED)
   u0/w_reg[2][27]/D            0.19           0.09 f        -0.10  (VIOLATED)
   u0/w_reg[2][28]/D            0.19           0.09 f        -0.10  (VIOLATED)
   u0/w_reg[2][14]/D            0.19           0.09 f        -0.10  (VIOLATED)
   u0/w_reg[2][24]/D            0.19           0.09 f        -0.10  (VIOLATED)
   u0/w_reg[2][26]/D            0.19           0.09 f        -0.10  (VIOLATED)
   u0/w_reg[2][29]/D            0.19           0.09 f        -0.10  (VIOLATED)
   u0/w_reg[2][30]/D            0.19           0.09 f        -0.10  (VIOLATED)
   u0/w_reg[2][31]/D            0.19           0.09 f        -0.10  (VIOLATED)
   u0/w_reg[1][0]/D             0.19           0.09 f        -0.10  (VIOLATED)
   u0/w_reg[0][31]/D            0.19           0.09 f        -0.10  (VIOLATED)
   u0/w_reg[2][2]/D             0.18           0.10 f        -0.09  (VIOLATED)
   u0/w_reg[1][2]/D             0.18           0.10 f        -0.09  (VIOLATED)
   u0/w_reg[2][0]/D             0.18           0.10 f        -0.09  (VIOLATED)
   done                         0.19           0.14 r        -0.05  (VIOLATED)
   text_out[0]                  0.19           0.14 r        -0.05  (VIOLATED)
   text_out[1]                  0.19           0.14 r        -0.05  (VIOLATED)
   text_out[2]                  0.19           0.14 r        -0.05  (VIOLATED)
   text_out[3]                  0.19           0.14 r        -0.05  (VIOLATED)
   text_out[4]                  0.19           0.14 r        -0.05  (VIOLATED)
   text_out[5]                  0.19           0.14 r        -0.05  (VIOLATED)
   text_out[6]                  0.19           0.14 r        -0.05  (VIOLATED)
   text_out[7]                  0.19           0.14 r        -0.05  (VIOLATED)
   text_out[8]                  0.19           0.14 r        -0.05  (VIOLATED)
   text_out[9]                  0.19           0.14 r        -0.05  (VIOLATED)
   text_out[10]                 0.19           0.14 r        -0.05  (VIOLATED)
   text_out[11]                 0.19           0.14 r        -0.05  (VIOLATED)
   text_out[12]                 0.19           0.14 r        -0.05  (VIOLATED)
   text_out[13]                 0.19           0.14 r        -0.05  (VIOLATED)
   text_out[14]                 0.19           0.14 r        -0.05  (VIOLATED)
   text_out[15]                 0.19           0.14 r        -0.05  (VIOLATED)
   text_out[16]                 0.19           0.14 r        -0.05  (VIOLATED)
   text_out[17]                 0.19           0.14 r        -0.05  (VIOLATED)
   text_out[18]                 0.19           0.14 r        -0.05  (VIOLATED)
   text_out[19]                 0.19           0.14 r        -0.05  (VIOLATED)
   text_out[20]                 0.19           0.14 r        -0.05  (VIOLATED)
   text_out[21]                 0.19           0.14 r        -0.05  (VIOLATED)
   text_out[22]                 0.19           0.14 r        -0.05  (VIOLATED)
   text_out[23]                 0.19           0.14 r        -0.05  (VIOLATED)
   text_out[24]                 0.19           0.14 r        -0.05  (VIOLATED)
   text_out[25]                 0.19           0.14 r        -0.05  (VIOLATED)
   text_out[26]                 0.19           0.14 r        -0.05  (VIOLATED)
   text_out[27]                 0.19           0.14 r        -0.05  (VIOLATED)
   text_out[28]                 0.19           0.14 r        -0.05  (VIOLATED)
   text_out[29]                 0.19           0.14 r        -0.05  (VIOLATED)
   text_out[30]                 0.19           0.14 r        -0.05  (VIOLATED)
   text_out[31]                 0.19           0.14 r        -0.05  (VIOLATED)
   text_out[32]                 0.19           0.14 r        -0.05  (VIOLATED)
   text_out[33]                 0.19           0.14 r        -0.05  (VIOLATED)
   text_out[34]                 0.19           0.14 r        -0.05  (VIOLATED)
   text_out[35]                 0.19           0.14 r        -0.05  (VIOLATED)
   text_out[36]                 0.19           0.14 r        -0.05  (VIOLATED)
   text_out[37]                 0.19           0.14 r        -0.05  (VIOLATED)
   text_out[38]                 0.19           0.14 r        -0.05  (VIOLATED)
   text_out[39]                 0.19           0.14 r        -0.05  (VIOLATED)
   text_out[40]                 0.19           0.14 r        -0.05  (VIOLATED)
   text_out[41]                 0.19           0.14 r        -0.05  (VIOLATED)
   text_out[42]                 0.19           0.14 r        -0.05  (VIOLATED)
   text_out[43]                 0.19           0.14 r        -0.05  (VIOLATED)
   text_out[44]                 0.19           0.14 r        -0.05  (VIOLATED)
   text_out[45]                 0.19           0.14 r        -0.05  (VIOLATED)
   text_out[46]                 0.19           0.14 r        -0.05  (VIOLATED)
   text_out[47]                 0.19           0.14 r        -0.05  (VIOLATED)
   text_out[48]                 0.19           0.14 r        -0.05  (VIOLATED)
   text_out[49]                 0.19           0.14 r        -0.05  (VIOLATED)
   text_out[50]                 0.19           0.14 r        -0.05  (VIOLATED)
   text_out[51]                 0.19           0.14 r        -0.05  (VIOLATED)
   text_out[52]                 0.19           0.14 r        -0.05  (VIOLATED)
   text_out[53]                 0.19           0.14 r        -0.05  (VIOLATED)
   text_out[54]                 0.19           0.14 r        -0.05  (VIOLATED)
   text_out[55]                 0.19           0.14 r        -0.05  (VIOLATED)
   text_out[56]                 0.19           0.14 r        -0.05  (VIOLATED)
   text_out[57]                 0.19           0.14 r        -0.05  (VIOLATED)
   text_out[58]                 0.19           0.14 r        -0.05  (VIOLATED)
   text_out[59]                 0.19           0.14 r        -0.05  (VIOLATED)
   text_out[60]                 0.19           0.14 r        -0.05  (VIOLATED)
   text_out[61]                 0.19           0.14 r        -0.05  (VIOLATED)
   text_out[62]                 0.19           0.14 r        -0.05  (VIOLATED)
   text_out[63]                 0.19           0.14 r        -0.05  (VIOLATED)
   text_out[64]                 0.19           0.14 r        -0.05  (VIOLATED)
   text_out[65]                 0.19           0.14 r        -0.05  (VIOLATED)
   text_out[66]                 0.19           0.14 r        -0.05  (VIOLATED)
   text_out[67]                 0.19           0.14 r        -0.05  (VIOLATED)
   text_out[68]                 0.19           0.14 r        -0.05  (VIOLATED)
   text_out[69]                 0.19           0.14 r        -0.05  (VIOLATED)
   text_out[70]                 0.19           0.14 r        -0.05  (VIOLATED)
   text_out[71]                 0.19           0.14 r        -0.05  (VIOLATED)
   text_out[72]                 0.19           0.14 r        -0.05  (VIOLATED)
   text_out[73]                 0.19           0.14 r        -0.05  (VIOLATED)
   text_out[74]                 0.19           0.14 r        -0.05  (VIOLATED)
   text_out[75]                 0.19           0.14 r        -0.05  (VIOLATED)
   text_out[76]                 0.19           0.14 r        -0.05  (VIOLATED)
   text_out[77]                 0.19           0.14 r        -0.05  (VIOLATED)
   text_out[78]                 0.19           0.14 r        -0.05  (VIOLATED)
   text_out[79]                 0.19           0.14 r        -0.05  (VIOLATED)
   text_out[80]                 0.19           0.14 r        -0.05  (VIOLATED)
   text_out[81]                 0.19           0.14 r        -0.05  (VIOLATED)
   text_out[82]                 0.19           0.14 r        -0.05  (VIOLATED)
   text_out[83]                 0.19           0.14 r        -0.05  (VIOLATED)
   text_out[84]                 0.19           0.14 r        -0.05  (VIOLATED)
   text_out[85]                 0.19           0.14 r        -0.05  (VIOLATED)
   text_out[86]                 0.19           0.14 r        -0.05  (VIOLATED)
   text_out[87]                 0.19           0.14 r        -0.05  (VIOLATED)
   text_out[88]                 0.19           0.14 r        -0.05  (VIOLATED)
   text_out[89]                 0.19           0.14 r        -0.05  (VIOLATED)
   text_out[90]                 0.19           0.14 r        -0.05  (VIOLATED)
   text_out[91]                 0.19           0.14 r        -0.05  (VIOLATED)
   text_out[92]                 0.19           0.14 r        -0.05  (VIOLATED)
   text_out[93]                 0.19           0.14 r        -0.05  (VIOLATED)
   text_out[94]                 0.19           0.14 r        -0.05  (VIOLATED)
   text_out[95]                 0.19           0.14 r        -0.05  (VIOLATED)
   text_out[96]                 0.19           0.14 r        -0.05  (VIOLATED)
   text_out[97]                 0.19           0.14 r        -0.05  (VIOLATED)
   text_out[98]                 0.19           0.14 r        -0.05  (VIOLATED)
   text_out[99]                 0.19           0.14 r        -0.05  (VIOLATED)
   text_out[100]                0.19           0.14 r        -0.05  (VIOLATED)
   text_out[101]                0.19           0.14 r        -0.05  (VIOLATED)
   text_out[102]                0.19           0.14 r        -0.05  (VIOLATED)
   text_out[103]                0.19           0.14 r        -0.05  (VIOLATED)
   text_out[104]                0.19           0.14 r        -0.05  (VIOLATED)
   text_out[105]                0.19           0.14 r        -0.05  (VIOLATED)
   text_out[106]                0.19           0.14 r        -0.05  (VIOLATED)
   text_out[107]                0.19           0.14 r        -0.05  (VIOLATED)
   text_out[108]                0.19           0.14 r        -0.05  (VIOLATED)
   text_out[109]                0.19           0.14 r        -0.05  (VIOLATED)
   text_out[110]                0.19           0.14 r        -0.05  (VIOLATED)
   text_out[111]                0.19           0.14 r        -0.05  (VIOLATED)
   text_out[112]                0.19           0.14 r        -0.05  (VIOLATED)
   text_out[113]                0.19           0.14 r        -0.05  (VIOLATED)
   text_out[114]                0.19           0.14 r        -0.05  (VIOLATED)
   text_out[115]                0.19           0.14 r        -0.05  (VIOLATED)
   text_out[116]                0.19           0.14 r        -0.05  (VIOLATED)
   text_out[117]                0.19           0.14 r        -0.05  (VIOLATED)
   text_out[118]                0.19           0.14 r        -0.05  (VIOLATED)
   text_out[119]                0.19           0.14 r        -0.05  (VIOLATED)
   text_out[120]                0.19           0.14 r        -0.05  (VIOLATED)
   text_out[121]                0.19           0.14 r        -0.05  (VIOLATED)
   text_out[122]                0.19           0.14 r        -0.05  (VIOLATED)
   text_out[123]                0.19           0.14 r        -0.05  (VIOLATED)
   text_out[124]                0.19           0.14 r        -0.05  (VIOLATED)
   text_out[125]                0.19           0.14 r        -0.05  (VIOLATED)
   text_out[126]                0.19           0.14 r        -0.05  (VIOLATED)
   text_out[127]                0.19           0.14 r        -0.05  (VIOLATED)
   u0/w_reg[0][30]/D            0.19           0.14 f        -0.05  (VIOLATED)
   dcnt_reg[3]/D                0.18           0.18 f         0.00  (VIOLATED: increase significant digits)


   max_area

                             Required        Actual
   Design                      Area           Area           Slack
   -----------------------------------------------------------------
   aes_cipher_top               0.00       33350.53       -33350.53 (VIOLATED)


1
