 
****************************************
Report : area
Design : aes_cipher_top
Version: W-2024.09-SP4-1
Date   : Tue Apr 29 11:16:44 2025
****************************************

Library(s) Used:

    saed32rvt_ss0p95v25c (File: /mnt/class_data/ecec574-w2019/PDKs/_archived/SAED32nm_new/SAED32_EDK/lib/stdcell_rvt/db_ccs/saed32rvt_ss0p95v25c.db)

Number of ports:                         1000
Number of nets:                         11593
Number of cells:                        10759
Number of combinational cells:          10181
Number of sequential cells:               530
Number of macros/black boxes:               0
Number of buf/inv:                       1100
Number of references:                      39

Combinational area:              22850.087038
Buf/Inv area:                     1433.880458
Noncombinational area:            3504.645875
Macro/Black Box area:                0.000000
Net Interconnect area:            6995.795415

Total cell area:                 26354.732912
Total area:                      33350.528328
1
