Information: Propagating switching activity (low effort zero delay simulation). (PWR-6)
Warning: Design has unannotated primary inputs. (PWR-414)
Warning: Design has unannotated sequential cell outputs. (PWR-415)
 
****************************************
Report : power
        -analysis_effort low
Design : aes_cipher_top
Version: W-2024.09-SP2
Date   : Tue May 13 11:23:01 2025
****************************************


Library(s) Used:

    saed32rvt_ss0p95v25c (File: /mnt/class_data/ecec574-w2019/PDKs/_archived/SAED32nm_new/SAED32_EDK/lib/stdcell_rvt/db_ccs/saed32rvt_ss0p95v25c.db)


Operating Conditions: ss0p95v125c   Library: saed32rvt_ss0p95v125c
Wire Load Model Mode: enclosed

Design        Wire Load Model            Library
------------------------------------------------
aes_cipher_top         ForQA             saed32rvt_ss0p95v125c


Global Operating Voltage = 0.95 
Power-specific unit information :
    Voltage Units = 1V
    Capacitance Units = 1.000000ff
    Time Units = 1ns
    Dynamic Power Units = 1uW    (derived from V,C,T units)
    Leakage Power Units = 1pW


Attributes
----------
i - Including register clock pin internal power


  Cell Internal Power  = 657.5023 uW   (72%)
  Net Switching Power  = 255.9294 uW   (28%)
                         ---------
Total Dynamic Power    = 913.4317 uW  (100%)

Cell Leakage Power     = 883.0784 uW


                 Internal         Switching           Leakage            Total
Power Group      Power            Power               Power              Power   (   %    )  Attrs
--------------------------------------------------------------------------------------------------
io_pad             0.0000            0.0000            0.0000            0.0000  (   0.00%)
memory             0.0000            0.0000            0.0000            0.0000  (   0.00%)
black_box          0.0000            0.0000            0.0000            0.0000  (   0.00%)
clock_network    353.1328            0.0000            0.0000          353.1328  (  19.66%)  i
register          41.3885           43.0659        7.4691e+07          159.1450  (   8.86%)
sequential         0.0000            0.0000            0.0000            0.0000  (   0.00%)
combinational    262.9807          212.8640        8.0839e+08        1.2842e+03  (  71.48%)
--------------------------------------------------------------------------------------------------
Total            657.5020 uW       255.9299 uW     8.8308e+08 pW     1.7965e+03 uW
1
