Information: Propagating switching activity (low effort zero delay simulation). (PWR-6)
Warning: Design has unannotated primary inputs. (PWR-414)
Warning: Design has unannotated sequential cell outputs. (PWR-415)
 
****************************************
Report : power
        -analysis_effort low
Design : pcm_slv_top
Version: W-2024.09-SP2
Date   : Tue May  6 09:31:14 2025
****************************************


Library(s) Used:

    saed32rvt_ss0p95v25c (File: /mnt/class_data/ecec574-w2019/PDKs/_archived/SAED32nm_new/SAED32_EDK/lib/stdcell_rvt/db_ccs/saed32rvt_ss0p95v25c.db)


Operating Conditions: ss0p95v125c   Library: saed32rvt_ss0p95v125c
Wire Load Model Mode: enclosed

Design        Wire Load Model            Library
------------------------------------------------
pcm_slv_top            ForQA             saed32rvt_ss0p95v125c


Global Operating Voltage = 0.95 
Power-specific unit information :
    Voltage Units = 1V
    Capacitance Units = 1.000000ff
    Time Units = 1ns
    Dynamic Power Units = 1uW    (derived from V,C,T units)
    Leakage Power Units = 1pW


Attributes
----------
i - Including register clock pin internal power


  Cell Internal Power  =  51.5098 uW   (99%)
  Net Switching Power  = 773.1063 nW    (1%)
                         ---------
Total Dynamic Power    =  52.2829 uW  (100%)

Cell Leakage Power     =  20.7630 uW


                 Internal         Switching           Leakage            Total
Power Group      Power            Power               Power              Power   (   %    )  Attrs
--------------------------------------------------------------------------------------------------
io_pad             0.0000            0.0000            0.0000            0.0000  (   0.00%)
memory             0.0000            0.0000            0.0000            0.0000  (   0.00%)
black_box          0.0000            0.0000            0.0000            0.0000  (   0.00%)
clock_network     50.7397            0.0000            0.0000           50.7397  (  69.46%)  i
register           0.3587            0.1744        1.2287e+07           12.8204  (  17.55%)
sequential         0.0000            0.0000            0.0000            0.0000  (   0.00%)
combinational      0.4114            0.5987        8.4757e+06            9.4858  (  12.99%)
--------------------------------------------------------------------------------------------------
Total             51.5098 uW         0.7731 uW     2.0763e+07 pW        73.0459 uW
1
