 
****************************************
Report : constraint
        -all_violators
Design : pcm_slv_top
Version: W-2024.09-SP2
Date   : Tue May  6 09:31:14 2025
****************************************

	Parasitic source    : LPE
	Parasitic mode      : RealRC
	Extraction mode     : MAX
	Extraction derating : 125/125/125

   min_delay/hold ('clk' group)

                             Required        Actual
   Endpoint                 Path Delay     Path Delay        Slack
   -----------------------------------------------------------------
   pclk_t_reg/D                 0.20           0.01 f        -0.19  (VIOLATED)
   tx_hold_byte_l_reg[3]/D      0.19           0.05 f        -0.13  (VIOLATED)
   tx_hold_byte_l_reg[7]/D      0.19           0.05 f        -0.13  (VIOLATED)
   pcm_sync_r1_reg/D            0.19           0.05 f        -0.13  (VIOLATED)
   tx_hold_byte_h_reg[6]/D      0.19           0.05 f        -0.13  (VIOLATED)
   tx_hold_byte_l_reg[6]/D      0.19           0.05 f        -0.13  (VIOLATED)
   tx_hold_byte_h_reg[1]/D      0.19           0.05 f        -0.13  (VIOLATED)
   tx_hold_byte_l_reg[5]/D      0.19           0.05 f        -0.13  (VIOLATED)
   tx_hold_byte_h_reg[0]/D      0.19           0.05 f        -0.13  (VIOLATED)
   tx_hold_byte_h_reg[4]/D      0.19           0.05 f        -0.13  (VIOLATED)
   tx_hold_byte_l_reg[1]/D      0.18           0.05 f        -0.13  (VIOLATED)
   tx_hold_byte_l_reg[2]/D      0.18           0.05 f        -0.13  (VIOLATED)
   tx_hold_byte_h_reg[5]/D      0.19           0.06 f        -0.13  (VIOLATED)
   tx_hold_byte_l_reg[4]/D      0.18           0.05 f        -0.13  (VIOLATED)
   rxd_t_reg/D                  0.18           0.05 f        -0.13  (VIOLATED)
   tx_hold_byte_h_reg[7]/D      0.18           0.06 f        -0.13  (VIOLATED)
   tx_hold_byte_h_reg[2]/D      0.18           0.06 f        -0.13  (VIOLATED)
   tx_hold_byte_h_reg[3]/D      0.18           0.06 f        -0.13  (VIOLATED)
   tx_hold_byte_l_reg[0]/D      0.18           0.06 f        -0.13  (VIOLATED)
   dout_o[6]                    0.19           0.08 f        -0.11  (VIOLATED)
   dout_o[4]                    0.19           0.08 f        -0.11  (VIOLATED)
   dout_o[5]                    0.19           0.08 f        -0.11  (VIOLATED)
   dout_o[0]                    0.19           0.08 f        -0.11  (VIOLATED)
   dout_o[7]                    0.19           0.08 f        -0.11  (VIOLATED)
   tx_go_reg/D                  0.18           0.07 f        -0.10  (VIOLATED)
   dout_o[3]                    0.19           0.09 f        -0.10  (VIOLATED)
   dout_o[1]                    0.19           0.09 f        -0.10  (VIOLATED)
   dout_o[2]                    0.19           0.10 f        -0.09  (VIOLATED)
   pcm_sync_r2_reg/D            0.17           0.09 f        -0.08  (VIOLATED)
   tx_cnt_reg[0]/D              0.18           0.10 f        -0.08  (VIOLATED)
   tx_cnt_reg[1]/D              0.19           0.15 f        -0.03  (VIOLATED)
   pcm_sync_r3_reg/D            0.18           0.16 f        -0.03  (VIOLATED)
   rxd_reg/D                    0.18           0.16 f        -0.02  (VIOLATED)
   pcm_dout_o                   0.19           0.17 r        -0.02  (VIOLATED)
   psync_reg/RSTB               0.14           0.12 f        -0.02  (VIOLATED)
   pclk_s_reg/D                 0.18           0.16 f        -0.02  (VIOLATED)
   pclk_r_reg/D                 0.18           0.16 f        -0.02  (VIOLATED)


   max_area

                             Required        Actual
   Design                      Area           Area           Slack
   -----------------------------------------------------------------
   pcm_slv_top                  0.00        1030.84       -1030.84  (VIOLATED)


1
