 
****************************************
Report : area
Design : pcm_slv_top
Version: W-2024.09-SP2
Date   : Tue May  6 09:31:14 2025
****************************************

Library(s) Used:

    saed32rvt_ss0p95v25c (File: /mnt/class_data/ecec574-w2019/PDKs/_archived/SAED32nm_new/SAED32_EDK/lib/stdcell_rvt/db_ccs/saed32rvt_ss0p95v25c.db)

Number of ports:                           30
Number of nets:                           242
Number of cells:                          218
Number of combinational cells:            131
Number of sequential cells:                87
Number of macros/black boxes:               0
Number of buf/inv:                         15
Number of references:                      17

Combinational area:                315.900995
Buf/Inv area:                       20.331520
Noncombinational area:             575.382035
Macro/Black Box area:                0.000000
Net Interconnect area:             139.558204

Total cell area:                   891.283030
Total area:                       1030.841234
1
