 
****************************************
Report : cell
Design : pcm_slv_top
Version: W-2024.09-SP2
Date   : Tue May  6 09:31:14 2025
****************************************

Attributes:
    b - black box (unknown)
    h - hierarchical
    n - noncombinational
    r - removable
    u - contains unmapped logic

Cell                      Reference       Library             Area  Attributes
--------------------------------------------------------------------------------
U1                        INVX1_RVT       saed32rvt_ss0p95v25c
                                                          1.270720  
U2                        INVX1_RVT       saed32rvt_ss0p95v25c
                                                          1.270720  
U3                        INVX1_RVT       saed32rvt_ss0p95v25c
                                                          1.270720  
U4                        INVX2_RVT       saed32rvt_ss0p95v25c
                                                          1.524864  
U5                        INVX2_RVT       saed32rvt_ss0p95v25c
                                                          1.524864  
U6                        INVX2_RVT       saed32rvt_ss0p95v25c
                                                          1.524864  
U7                        INVX0_RVT       saed32rvt_ss0p95v25c
                                                          1.270720  
U8                        INVX2_RVT       saed32rvt_ss0p95v25c
                                                          1.524864  
U9                        INVX0_RVT       saed32rvt_ss0p95v25c
                                                          1.270720  
U10                       INVX1_RVT       saed32rvt_ss0p95v25c
                                                          1.270720  
U11                       INVX2_RVT       saed32rvt_ss0p95v25c
                                                          1.524864  
U130                      AO21X1_RVT      saed32rvt_ss0p95v25c
                                                          2.541440  
U137                      INVX1_RVT       saed32rvt_ss0p95v25c
                                                          1.270720  
U138                      NAND2X0_RVT     saed32rvt_ss0p95v25c
                                                          1.524864  
U139                      AND3X1_RVT      saed32rvt_ss0p95v25c
                                                          2.287296  
U140                      AO22X1_RVT      saed32rvt_ss0p95v25c
                                                          2.541440  
U141                      AO222X1_RVT     saed32rvt_ss0p95v25c
                                                          3.303872  
U142                      AO222X1_RVT     saed32rvt_ss0p95v25c
                                                          3.303872  
U143                      AO222X1_RVT     saed32rvt_ss0p95v25c
                                                          3.303872  
U144                      AO222X1_RVT     saed32rvt_ss0p95v25c
                                                          3.303872  
U145                      AO222X1_RVT     saed32rvt_ss0p95v25c
                                                          3.303872  
U146                      AO222X1_RVT     saed32rvt_ss0p95v25c
                                                          3.303872  
U147                      AO222X1_RVT     saed32rvt_ss0p95v25c
                                                          3.303872  
U148                      AO222X1_RVT     saed32rvt_ss0p95v25c
                                                          3.303872  
U149                      AO222X1_RVT     saed32rvt_ss0p95v25c
                                                          3.303872  
U150                      AO222X1_RVT     saed32rvt_ss0p95v25c
                                                          3.303872  
U151                      AO222X1_RVT     saed32rvt_ss0p95v25c
                                                          3.303872  
U152                      AO222X1_RVT     saed32rvt_ss0p95v25c
                                                          3.303872  
U153                      AO222X1_RVT     saed32rvt_ss0p95v25c
                                                          3.303872  
U154                      AO222X1_RVT     saed32rvt_ss0p95v25c
                                                          3.303872  
U155                      AO222X1_RVT     saed32rvt_ss0p95v25c
                                                          3.303872  
U156                      AO21X1_RVT      saed32rvt_ss0p95v25c
                                                          2.541440  
U157                      AND4X1_RVT      saed32rvt_ss0p95v25c
                                                          2.541440  
U158                      AO22X1_RVT      saed32rvt_ss0p95v25c
                                                          2.541440  
U159                      NOR2X0_RVT      saed32rvt_ss0p95v25c
                                                          2.541440  
U160                      AO21X1_RVT      saed32rvt_ss0p95v25c
                                                          2.541440  
U161                      AO22X1_RVT      saed32rvt_ss0p95v25c
                                                          2.541440  
U162                      AND2X1_RVT      saed32rvt_ss0p95v25c
                                                          2.033152  
U163                      AO22X1_RVT      saed32rvt_ss0p95v25c
                                                          2.541440  
U164                      AO22X1_RVT      saed32rvt_ss0p95v25c
                                                          2.541440  
U165                      AO22X1_RVT      saed32rvt_ss0p95v25c
                                                          2.541440  
U166                      AO22X1_RVT      saed32rvt_ss0p95v25c
                                                          2.541440  
U167                      AO22X1_RVT      saed32rvt_ss0p95v25c
                                                          2.541440  
U168                      AO22X1_RVT      saed32rvt_ss0p95v25c
                                                          2.541440  
U169                      AO22X1_RVT      saed32rvt_ss0p95v25c
                                                          2.541440  
U170                      AO22X1_RVT      saed32rvt_ss0p95v25c
                                                          2.541440  
U171                      AO22X1_RVT      saed32rvt_ss0p95v25c
                                                          2.541440  
U172                      AO22X1_RVT      saed32rvt_ss0p95v25c
                                                          2.541440  
U173                      AO22X1_RVT      saed32rvt_ss0p95v25c
                                                          2.541440  
U174                      AO22X1_RVT      saed32rvt_ss0p95v25c
                                                          2.541440  
U175                      AO22X1_RVT      saed32rvt_ss0p95v25c
                                                          2.541440  
U176                      AO22X1_RVT      saed32rvt_ss0p95v25c
                                                          2.541440  
U177                      AO22X1_RVT      saed32rvt_ss0p95v25c
                                                          2.541440  
U178                      AO22X1_RVT      saed32rvt_ss0p95v25c
                                                          2.541440  
U179                      AO22X1_RVT      saed32rvt_ss0p95v25c
                                                          2.541440  
U180                      NAND3X0_RVT     saed32rvt_ss0p95v25c
                                                          1.779008  
U181                      NAND4X0_RVT     saed32rvt_ss0p95v25c
                                                          2.033152  
U182                      NAND2X1_RVT     saed32rvt_ss0p95v25c
                                                          2.541440  
U183                      AO22X1_RVT      saed32rvt_ss0p95v25c
                                                          2.541440  
U184                      AND2X1_RVT      saed32rvt_ss0p95v25c
                                                          2.033152  
U185                      AO22X1_RVT      saed32rvt_ss0p95v25c
                                                          2.541440  
U186                      AO22X1_RVT      saed32rvt_ss0p95v25c
                                                          2.541440  
U187                      AO22X1_RVT      saed32rvt_ss0p95v25c
                                                          2.541440  
U188                      AO22X1_RVT      saed32rvt_ss0p95v25c
                                                          2.541440  
U189                      AO22X1_RVT      saed32rvt_ss0p95v25c
                                                          2.541440  
U190                      AO22X1_RVT      saed32rvt_ss0p95v25c
                                                          2.541440  
U191                      AO22X1_RVT      saed32rvt_ss0p95v25c
                                                          2.541440  
U192                      AO22X1_RVT      saed32rvt_ss0p95v25c
                                                          2.541440  
U193                      AO22X1_RVT      saed32rvt_ss0p95v25c
                                                          2.541440  
U194                      NAND2X0_RVT     saed32rvt_ss0p95v25c
                                                          1.524864  
U195                      NAND3X0_RVT     saed32rvt_ss0p95v25c
                                                          1.779008  
U196                      NAND3X0_RVT     saed32rvt_ss0p95v25c
                                                          1.779008  
U200                      OR2X1_RVT       saed32rvt_ss0p95v25c
                                                          2.033152  
U201                      AO22X1_RVT      saed32rvt_ss0p95v25c
                                                          2.541440  
U202                      AO22X1_RVT      saed32rvt_ss0p95v25c
                                                          2.541440  
U203                      AO22X1_RVT      saed32rvt_ss0p95v25c
                                                          2.541440  
U204                      AO22X1_RVT      saed32rvt_ss0p95v25c
                                                          2.541440  
U205                      AO22X1_RVT      saed32rvt_ss0p95v25c
                                                          2.541440  
U206                      AO22X1_RVT      saed32rvt_ss0p95v25c
                                                          2.541440  
U207                      AO22X1_RVT      saed32rvt_ss0p95v25c
                                                          2.541440  
U208                      AO22X1_RVT      saed32rvt_ss0p95v25c
                                                          2.541440  
U209                      AO22X1_RVT      saed32rvt_ss0p95v25c
                                                          2.541440  
U210                      AO22X1_RVT      saed32rvt_ss0p95v25c
                                                          2.541440  
U211                      AO22X1_RVT      saed32rvt_ss0p95v25c
                                                          2.541440  
U212                      AO22X1_RVT      saed32rvt_ss0p95v25c
                                                          2.541440  
U213                      AO22X1_RVT      saed32rvt_ss0p95v25c
                                                          2.541440  
U214                      AO22X1_RVT      saed32rvt_ss0p95v25c
                                                          2.541440  
U215                      AO22X1_RVT      saed32rvt_ss0p95v25c
                                                          2.541440  
U216                      AO22X1_RVT      saed32rvt_ss0p95v25c
                                                          2.541440  
U217                      AO22X1_RVT      saed32rvt_ss0p95v25c
                                                          2.541440  
U218                      AO22X1_RVT      saed32rvt_ss0p95v25c
                                                          2.541440  
U219                      AO22X1_RVT      saed32rvt_ss0p95v25c
                                                          2.541440  
U220                      AO22X1_RVT      saed32rvt_ss0p95v25c
                                                          2.541440  
U221                      AO22X1_RVT      saed32rvt_ss0p95v25c
                                                          2.541440  
U222                      AO22X1_RVT      saed32rvt_ss0p95v25c
                                                          2.541440  
U223                      AO22X1_RVT      saed32rvt_ss0p95v25c
                                                          2.541440  
U224                      AO22X1_RVT      saed32rvt_ss0p95v25c
                                                          2.541440  
U225                      AO22X1_RVT      saed32rvt_ss0p95v25c
                                                          2.541440  
U226                      AO22X1_RVT      saed32rvt_ss0p95v25c
                                                          2.541440  
U227                      AO22X1_RVT      saed32rvt_ss0p95v25c
                                                          2.541440  
U228                      AO22X1_RVT      saed32rvt_ss0p95v25c
                                                          2.541440  
U229                      AO22X1_RVT      saed32rvt_ss0p95v25c
                                                          2.541440  
U230                      AO22X1_RVT      saed32rvt_ss0p95v25c
                                                          2.541440  
U231                      AO22X1_RVT      saed32rvt_ss0p95v25c
                                                          2.541440  
U232                      AO22X1_RVT      saed32rvt_ss0p95v25c
                                                          2.541440  
U233                      AO22X1_RVT      saed32rvt_ss0p95v25c
                                                          2.541440  
U234                      AO22X1_RVT      saed32rvt_ss0p95v25c
                                                          2.541440  
U235                      AO22X1_RVT      saed32rvt_ss0p95v25c
                                                          2.541440  
U236                      AO22X1_RVT      saed32rvt_ss0p95v25c
                                                          2.541440  
U237                      AO22X1_RVT      saed32rvt_ss0p95v25c
                                                          2.541440  
U238                      AO22X1_RVT      saed32rvt_ss0p95v25c
                                                          2.541440  
U239                      AO22X1_RVT      saed32rvt_ss0p95v25c
                                                          2.541440  
U240                      AO22X1_RVT      saed32rvt_ss0p95v25c
                                                          2.541440  
U241                      NAND2X0_RVT     saed32rvt_ss0p95v25c
                                                          1.524864  
U242                      OR2X1_RVT       saed32rvt_ss0p95v25c
                                                          2.033152  
U243                      INVX1_RVT       saed32rvt_ss0p95v25c
                                                          1.270720  
U244                      AND3X1_RVT      saed32rvt_ss0p95v25c
                                                          2.287296  
U245                      AO22X1_RVT      saed32rvt_ss0p95v25c
                                                          2.541440  
U246                      AO22X1_RVT      saed32rvt_ss0p95v25c
                                                          2.541440  
U247                      INVX1_RVT       saed32rvt_ss0p95v25c
                                                          1.270720  
U248                      INVX1_RVT       saed32rvt_ss0p95v25c
                                                          1.270720  
U250                      NAND3X0_RVT     saed32rvt_ss0p95v25c
                                                          1.779008  
U253                      NAND2X0_RVT     saed32rvt_ss0p95v25c
                                                          1.524864  
U259                      OR2X1_RVT       saed32rvt_ss0p95v25c
                                                          2.033152  
U260                      AO22X1_RVT      saed32rvt_ss0p95v25c
                                                          2.541440  
U261                      AO22X1_RVT      saed32rvt_ss0p95v25c
                                                          2.541440  
U262                      AO22X1_RVT      saed32rvt_ss0p95v25c
                                                          2.541440  
U263                      AO22X1_RVT      saed32rvt_ss0p95v25c
                                                          2.541440  
U264                      AO22X1_RVT      saed32rvt_ss0p95v25c
                                                          2.541440  
U265                      AO22X1_RVT      saed32rvt_ss0p95v25c
                                                          2.541440  
U266                      AO22X1_RVT      saed32rvt_ss0p95v25c
                                                          2.541440  
pclk_r_reg                DFFX1_RVT       saed32rvt_ss0p95v25c
                                                          6.607744  n
pclk_s_reg                DFFX1_RVT       saed32rvt_ss0p95v25c
                                                          6.607744  n
pclk_t_reg                DFFX1_RVT       saed32rvt_ss0p95v25c
                                                          6.607744  n
pcm_sync_r1_reg           DFFX1_RVT       saed32rvt_ss0p95v25c
                                                          6.607744  n
pcm_sync_r2_reg           DFFX1_RVT       saed32rvt_ss0p95v25c
                                                          6.607744  n
pcm_sync_r3_reg           DFFX1_RVT       saed32rvt_ss0p95v25c
                                                          6.607744  n
psa_reg[0]                DFFX1_RVT       saed32rvt_ss0p95v25c
                                                          6.607744  n
psa_reg[1]                DFFX1_RVT       saed32rvt_ss0p95v25c
                                                          6.607744  n
psa_reg[2]                DFFX1_RVT       saed32rvt_ss0p95v25c
                                                          6.607744  n
psa_reg[3]                DFFX1_RVT       saed32rvt_ss0p95v25c
                                                          6.607744  n
psa_reg[4]                DFFX1_RVT       saed32rvt_ss0p95v25c
                                                          6.607744  n
psa_reg[5]                DFFX1_RVT       saed32rvt_ss0p95v25c
                                                          6.607744  n
psa_reg[6]                DFFX1_RVT       saed32rvt_ss0p95v25c
                                                          6.607744  n
psa_reg[7]                DFFX1_RVT       saed32rvt_ss0p95v25c
                                                          6.607744  n
psync_reg                 DFFSSRX1_RVT    saed32rvt_ss0p95v25c
                                                          7.116032  n
rx_hold_reg_reg[0]        DFFX1_RVT       saed32rvt_ss0p95v25c
                                                          6.607744  n
rx_hold_reg_reg[1]        DFFX1_RVT       saed32rvt_ss0p95v25c
                                                          6.607744  n
rx_hold_reg_reg[2]        DFFX1_RVT       saed32rvt_ss0p95v25c
                                                          6.607744  n
rx_hold_reg_reg[3]        DFFX1_RVT       saed32rvt_ss0p95v25c
                                                          6.607744  n
rx_hold_reg_reg[4]        DFFX1_RVT       saed32rvt_ss0p95v25c
                                                          6.607744  n
rx_hold_reg_reg[5]        DFFX1_RVT       saed32rvt_ss0p95v25c
                                                          6.607744  n
rx_hold_reg_reg[6]        DFFX1_RVT       saed32rvt_ss0p95v25c
                                                          6.607744  n
rx_hold_reg_reg[7]        DFFX1_RVT       saed32rvt_ss0p95v25c
                                                          6.607744  n
rx_hold_reg_reg[8]        DFFX1_RVT       saed32rvt_ss0p95v25c
                                                          6.607744  n
rx_hold_reg_reg[9]        DFFX1_RVT       saed32rvt_ss0p95v25c
                                                          6.607744  n
rx_hold_reg_reg[10]       DFFX1_RVT       saed32rvt_ss0p95v25c
                                                          6.607744  n
rx_hold_reg_reg[11]       DFFX1_RVT       saed32rvt_ss0p95v25c
                                                          6.607744  n
rx_hold_reg_reg[12]       DFFX1_RVT       saed32rvt_ss0p95v25c
                                                          6.607744  n
rx_hold_reg_reg[13]       DFFX1_RVT       saed32rvt_ss0p95v25c
                                                          6.607744  n
rx_hold_reg_reg[14]       DFFX1_RVT       saed32rvt_ss0p95v25c
                                                          6.607744  n
rx_hold_reg_reg[15]       DFFX1_RVT       saed32rvt_ss0p95v25c
                                                          6.607744  n
rx_reg_reg[0]             DFFX1_RVT       saed32rvt_ss0p95v25c
                                                          6.607744  n
rx_reg_reg[1]             DFFX1_RVT       saed32rvt_ss0p95v25c
                                                          6.607744  n
rx_reg_reg[2]             DFFX1_RVT       saed32rvt_ss0p95v25c
                                                          6.607744  n
rx_reg_reg[3]             DFFX1_RVT       saed32rvt_ss0p95v25c
                                                          6.607744  n
rx_reg_reg[4]             DFFX1_RVT       saed32rvt_ss0p95v25c
                                                          6.607744  n
rx_reg_reg[5]             DFFX1_RVT       saed32rvt_ss0p95v25c
                                                          6.607744  n
rx_reg_reg[6]             DFFX1_RVT       saed32rvt_ss0p95v25c
                                                          6.607744  n
rx_reg_reg[7]             DFFX1_RVT       saed32rvt_ss0p95v25c
                                                          6.607744  n
rx_reg_reg[8]             DFFX1_RVT       saed32rvt_ss0p95v25c
                                                          6.607744  n
rx_reg_reg[9]             DFFX1_RVT       saed32rvt_ss0p95v25c
                                                          6.607744  n
rx_reg_reg[10]            DFFX1_RVT       saed32rvt_ss0p95v25c
                                                          6.607744  n
rx_reg_reg[11]            DFFX1_RVT       saed32rvt_ss0p95v25c
                                                          6.607744  n
rx_reg_reg[12]            DFFX1_RVT       saed32rvt_ss0p95v25c
                                                          6.607744  n
rx_reg_reg[13]            DFFX1_RVT       saed32rvt_ss0p95v25c
                                                          6.607744  n
rx_reg_reg[14]            DFFX1_RVT       saed32rvt_ss0p95v25c
                                                          6.607744  n
rx_reg_reg[15]            DFFX1_RVT       saed32rvt_ss0p95v25c
                                                          6.607744  n
rxd_reg                   DFFX1_RVT       saed32rvt_ss0p95v25c
                                                          6.607744  n
rxd_t_reg                 DFFX1_RVT       saed32rvt_ss0p95v25c
                                                          6.607744  n
tx_cnt_reg[0]             DFFX1_RVT       saed32rvt_ss0p95v25c
                                                          6.607744  n
tx_cnt_reg[1]             DFFX1_RVT       saed32rvt_ss0p95v25c
                                                          6.607744  n
tx_cnt_reg[2]             DFFX1_RVT       saed32rvt_ss0p95v25c
                                                          6.607744  n
tx_cnt_reg[3]             DFFX1_RVT       saed32rvt_ss0p95v25c
                                                          6.607744  n
tx_go_r1_reg              DFFX1_RVT       saed32rvt_ss0p95v25c
                                                          6.607744  n
tx_go_reg                 DFFX1_RVT       saed32rvt_ss0p95v25c
                                                          6.607744  n
tx_hold_byte_h_reg[0]     DFFX1_RVT       saed32rvt_ss0p95v25c
                                                          6.607744  n
tx_hold_byte_h_reg[1]     DFFX1_RVT       saed32rvt_ss0p95v25c
                                                          6.607744  n
tx_hold_byte_h_reg[2]     DFFX1_RVT       saed32rvt_ss0p95v25c
                                                          6.607744  n
tx_hold_byte_h_reg[3]     DFFX1_RVT       saed32rvt_ss0p95v25c
                                                          6.607744  n
tx_hold_byte_h_reg[4]     DFFX1_RVT       saed32rvt_ss0p95v25c
                                                          6.607744  n
tx_hold_byte_h_reg[5]     DFFX1_RVT       saed32rvt_ss0p95v25c
                                                          6.607744  n
tx_hold_byte_h_reg[6]     DFFX1_RVT       saed32rvt_ss0p95v25c
                                                          6.607744  n
tx_hold_byte_h_reg[7]     DFFX1_RVT       saed32rvt_ss0p95v25c
                                                          6.607744  n
tx_hold_byte_l_reg[0]     DFFX1_RVT       saed32rvt_ss0p95v25c
                                                          6.607744  n
tx_hold_byte_l_reg[1]     DFFX1_RVT       saed32rvt_ss0p95v25c
                                                          6.607744  n
tx_hold_byte_l_reg[2]     DFFX1_RVT       saed32rvt_ss0p95v25c
                                                          6.607744  n
tx_hold_byte_l_reg[3]     DFFX1_RVT       saed32rvt_ss0p95v25c
                                                          6.607744  n
tx_hold_byte_l_reg[4]     DFFX1_RVT       saed32rvt_ss0p95v25c
                                                          6.607744  n
tx_hold_byte_l_reg[5]     DFFX1_RVT       saed32rvt_ss0p95v25c
                                                          6.607744  n
tx_hold_byte_l_reg[6]     DFFX1_RVT       saed32rvt_ss0p95v25c
                                                          6.607744  n
tx_hold_byte_l_reg[7]     DFFX1_RVT       saed32rvt_ss0p95v25c
                                                          6.607744  n
tx_hold_reg_reg[0]        DFFX1_RVT       saed32rvt_ss0p95v25c
                                                          6.607744  n
tx_hold_reg_reg[1]        DFFX1_RVT       saed32rvt_ss0p95v25c
                                                          6.607744  n
tx_hold_reg_reg[2]        DFFX1_RVT       saed32rvt_ss0p95v25c
                                                          6.607744  n
tx_hold_reg_reg[3]        DFFX1_RVT       saed32rvt_ss0p95v25c
                                                          6.607744  n
tx_hold_reg_reg[4]        DFFX1_RVT       saed32rvt_ss0p95v25c
                                                          6.607744  n
tx_hold_reg_reg[5]        DFFX1_RVT       saed32rvt_ss0p95v25c
                                                          6.607744  n
tx_hold_reg_reg[6]        DFFX1_RVT       saed32rvt_ss0p95v25c
                                                          6.607744  n
tx_hold_reg_reg[7]        DFFX1_RVT       saed32rvt_ss0p95v25c
                                                          6.607744  n
tx_hold_reg_reg[8]        DFFX1_RVT       saed32rvt_ss0p95v25c
                                                          6.607744  n
tx_hold_reg_reg[9]        DFFX1_RVT       saed32rvt_ss0p95v25c
                                                          6.607744  n
tx_hold_reg_reg[10]       DFFX1_RVT       saed32rvt_ss0p95v25c
                                                          6.607744  n
tx_hold_reg_reg[11]       DFFX1_RVT       saed32rvt_ss0p95v25c
                                                          6.607744  n
tx_hold_reg_reg[12]       DFFX1_RVT       saed32rvt_ss0p95v25c
                                                          6.607744  n
tx_hold_reg_reg[13]       DFFX1_RVT       saed32rvt_ss0p95v25c
                                                          6.607744  n
tx_hold_reg_reg[14]       DFFX1_RVT       saed32rvt_ss0p95v25c
                                                          6.607744  n
tx_hold_reg_reg[15]       DFFX1_RVT       saed32rvt_ss0p95v25c
                                                          6.607744  n
--------------------------------------------------------------------------------
Total 218 cells                                           891.283030
1
