Information: Updating design information... (UID-85)
 
****************************************
Report : constraint
        -all_violators
Design : pcm_slv_top
Version: W-2024.09-SP4-1
Date   : Tue Apr 29 11:25:41 2025
****************************************


   min_delay/hold ('clk' group)

                             Required        Actual
   Endpoint                 Path Delay     Path Delay        Slack
   -----------------------------------------------------------------
   pclk_t_reg/D                 0.20           0.02 f        -0.17  (VIOLATED)
   pcm_sync_r1_reg/D            0.19           0.07 f        -0.12  (VIOLATED)
   rxd_t_reg/D                  0.19           0.07 f        -0.12  (VIOLATED)
   tx_hold_byte_l_reg[1]/D      0.19           0.10 f        -0.08  (VIOLATED)
   tx_hold_byte_l_reg[2]/D      0.19           0.10 f        -0.08  (VIOLATED)
   tx_hold_byte_l_reg[3]/D      0.19           0.10 f        -0.08  (VIOLATED)
   tx_hold_byte_l_reg[4]/D      0.19           0.10 f        -0.08  (VIOLATED)
   tx_hold_byte_l_reg[5]/D      0.19           0.10 f        -0.08  (VIOLATED)
   tx_hold_byte_l_reg[6]/D      0.19           0.10 f        -0.08  (VIOLATED)
   tx_hold_byte_l_reg[7]/D      0.19           0.10 f        -0.08  (VIOLATED)
   tx_hold_byte_h_reg[1]/D      0.19           0.11 f        -0.08  (VIOLATED)
   tx_hold_byte_h_reg[2]/D      0.19           0.11 f        -0.08  (VIOLATED)
   tx_hold_byte_h_reg[3]/D      0.19           0.11 f        -0.08  (VIOLATED)
   tx_hold_byte_h_reg[4]/D      0.19           0.11 f        -0.08  (VIOLATED)
   tx_hold_byte_h_reg[5]/D      0.19           0.11 f        -0.08  (VIOLATED)
   tx_hold_byte_h_reg[6]/D      0.19           0.11 f        -0.08  (VIOLATED)
   tx_hold_byte_h_reg[7]/D      0.19           0.11 f        -0.08  (VIOLATED)
   tx_hold_byte_h_reg[0]/D      0.19           0.11 f        -0.08  (VIOLATED)
   tx_hold_byte_l_reg[0]/D      0.19           0.11 f        -0.08  (VIOLATED)
   pcm_sync_r2_reg/D            0.19           0.14 f        -0.05  (VIOLATED)
   pcm_dout_o                   0.19           0.16 r        -0.03  (VIOLATED)
   pclk_s_reg/D                 0.18           0.16 f        -0.02  (VIOLATED)
   psync_reg/D                  0.19           0.19 f         0.00  (VIOLATED: increase significant digits)


   max_area

                             Required        Actual
   Design                      Area           Area           Slack
   -----------------------------------------------------------------
   pcm_slv_top                  0.00        1081.35       -1081.35  (VIOLATED)


1
