 
****************************************
Report : area
Design : pcm_slv_top
Version: W-2024.09-SP4-1
Date   : Tue Apr 29 11:25:41 2025
****************************************

Library(s) Used:

    saed32rvt_ss0p95v25c (File: /mnt/class_data/ecec574-w2019/PDKs/_archived/SAED32nm_new/SAED32_EDK/lib/stdcell_rvt/db_ccs/saed32rvt_ss0p95v25c.db)

Number of ports:                           28
Number of nets:                           250
Number of cells:                          227
Number of combinational cells:            140
Number of sequential cells:                87
Number of macros/black boxes:               0
Number of buf/inv:                         23
Number of references:                      14

Combinational area:                327.337476
Buf/Inv area:                       30.751424
Noncombinational area:             574.873747
Macro/Black Box area:                0.000000
Net Interconnect area:             179.141559

Total cell area:                   902.211222
Total area:                       1081.352781
1
