 
****************************************
Report : area
Design : simple_spi_top
Version: W-2024.09-SP2
Date   : Tue May  6 09:32:35 2025
****************************************

Library(s) Used:

    saed32rvt_ss0p95v25c (File: /mnt/class_data/ecec574-w2019/PDKs/_archived/SAED32nm_new/SAED32_EDK/lib/stdcell_rvt/db_ccs/saed32rvt_ss0p95v25c.db)

Number of ports:                           30
Number of nets:                           243
Number of cells:                          186
Number of combinational cells:            126
Number of sequential cells:                57
Number of macros/black boxes:               0
Number of buf/inv:                         18
Number of references:                      25

Combinational area:                769.802180
Buf/Inv area:                       53.370240
Noncombinational area:             907.548243
Macro/Black Box area:                0.000000
Net Interconnect area:             265.932877

Total cell area:                  1677.350423
Total area:                       1943.283300
1
