Information: Propagating switching activity (low effort zero delay simulation). (PWR-6)
Warning: Design has unannotated primary inputs. (PWR-414)
Warning: Design has unannotated sequential cell outputs. (PWR-415)
 
****************************************
Report : power
        -analysis_effort low
Design : simple_spi_top
Version: W-2024.09-SP2
Date   : Tue May  6 09:32:35 2025
****************************************


Library(s) Used:

    saed32rvt_ss0p95v25c (File: /mnt/class_data/ecec574-w2019/PDKs/_archived/SAED32nm_new/SAED32_EDK/lib/stdcell_rvt/db_ccs/saed32rvt_ss0p95v25c.db)


Operating Conditions: ss0p95v125c   Library: saed32rvt_ss0p95v125c
Wire Load Model Mode: enclosed

Design        Wire Load Model            Library
------------------------------------------------
simple_spi_top         ForQA             saed32rvt_ss0p95v125c


Global Operating Voltage = 0.95 
Power-specific unit information :
    Voltage Units = 1V
    Capacitance Units = 1.000000ff
    Time Units = 1ns
    Dynamic Power Units = 1uW    (derived from V,C,T units)
    Leakage Power Units = 1pW


Attributes
----------
i - Including register clock pin internal power


  Cell Internal Power  =  58.2774 uW   (99%)
  Net Switching Power  = 609.9888 nW    (1%)
                         ---------
Total Dynamic Power    =  58.8874 uW  (100%)

Cell Leakage Power     =  39.8899 uW


                 Internal         Switching           Leakage            Total
Power Group      Power            Power               Power              Power   (   %    )  Attrs
--------------------------------------------------------------------------------------------------
io_pad             0.0000            0.0000            0.0000            0.0000  (   0.00%)
memory             0.0000            0.0000            0.0000            0.0000  (   0.00%)
black_box          0.0000            0.0000            0.0000            0.0000  (   0.00%)
clock_network     69.0179            0.0000            0.0000           69.0179  (  69.87%)  i
register       -1.1144e+01            0.1174        1.8993e+07            7.9662 (   8.06%)
sequential         0.0000            0.0000            0.0000            0.0000  (   0.00%)
combinational      0.4039            0.4926        2.0897e+07           21.7931  (  22.06%)
--------------------------------------------------------------------------------------------------
Total             58.2774 uW         0.6100 uW     3.9890e+07 pW        98.7772 uW
1
