 
****************************************
Report : area
Design : simple_spi_top
Version: M-2016.12-SP1
Date   : Tue Apr 15 10:30:35 2025
****************************************

Library(s) Used:

    saed32rvt_ss0p95v25c (File: /mnt/class_data/ecec574-w2019/PDKs/SAED32nm/lib/stdcell_rvt/db_ccs/saed32rvt_ss0p95v25c.db)

Number of ports:                           98
Number of nets:                           578
Number of cells:                          475
Number of combinational cells:            329
Number of sequential cells:               143
Number of macros/black boxes:               0
Number of buf/inv:                         46
Number of references:                      24

Combinational area:                766.752452
Buf/Inv area:                       58.453120
Noncombinational area:             907.548243
Macro/Black Box area:                0.000000
Net Interconnect area:             342.574326

Total cell area:                  1674.300695
Total area:                       2016.875021
1
