Information: Propagating switching activity (low effort zero delay simulation). (PWR-6)
Warning: Design has unannotated primary inputs. (PWR-414)
Warning: Design has unannotated sequential cell outputs. (PWR-415)
 
****************************************
Report : power
        -analysis_effort low
Design : simple_spi_top
Version: W-2024.09-SP4-1
Date   : Tue May 13 10:49:11 2025
****************************************


Library(s) Used:

    saed32rvt_ss0p95v25c (File: /mnt/class_data/ecec574-w2019/PDKs/_archived/SAED32nm_new/SAED32_EDK/lib/stdcell_rvt/db_ccs/saed32rvt_ss0p95v25c.db)


Operating Conditions: ss0p95v25c   Library: saed32rvt_ss0p95v25c
Wire Load Model Mode: enclosed

Design        Wire Load Model            Library
------------------------------------------------
simple_spi_top         8000              saed32rvt_ss0p95v25c
fifo4_dw8_1            8000              saed32rvt_ss0p95v25c
fifo4_dw8_0            8000              saed32rvt_ss0p95v25c
simple_spi_top_DW01_dec_0_DW01_dec_2
                       ForQA             saed32rvt_ss0p95v25c


Global Operating Voltage = 0.95 
Power-specific unit information :
    Voltage Units = 1V
    Capacitance Units = 1.000000ff
    Time Units = 1ns
    Dynamic Power Units = 1uW    (derived from V,C,T units)
    Leakage Power Units = 1pW


Attributes
----------
i - Including register clock pin internal power


  Cell Internal Power  =  59.7214 uW   (99%)
  Net Switching Power  = 358.5323 nW    (1%)
                         ---------
Total Dynamic Power    =  60.0799 uW  (100%)

Cell Leakage Power     =  41.2171 uW


                 Internal         Switching           Leakage            Total
Power Group      Power            Power               Power              Power   (   %    )  Attrs
--------------------------------------------------------------------------------------------------
io_pad             0.0000            0.0000            0.0000            0.0000  (   0.00%)
memory             0.0000            0.0000            0.0000            0.0000  (   0.00%)
black_box          0.0000            0.0000            0.0000            0.0000  (   0.00%)
clock_network     69.5580            0.0000            0.0000           69.5580  (  68.67%)  i
register       -1.0240e+01        3.5882e-02        1.9059e+07            8.8554 (   8.74%)
sequential         0.0000            0.0000            0.0000            0.0000  (   0.00%)
combinational      0.4029            0.3227        2.2158e+07           22.8836  (  22.59%)
--------------------------------------------------------------------------------------------------
Total             59.7213 uW         0.3585 uW     4.1217e+07 pW       101.2970 uW
1
