 
****************************************
Report : resources
Design : simple_spi_top
Version: W-2024.09-SP4-1
Date   : Tue May 13 10:49:11 2025
****************************************

Resource Sharing Report for design simple_spi_top in file
        ../rtl/simple_spi/simple_spi_top.v

===============================================================================
|          |              |            | Contained     |                      |
| Resource | Module       | Parameters | Resources     | Contained Operations |
===============================================================================
| r91      | DW01_dec     | width=12   |               | sub_237              |
| r93      | DW01_dec     | width=3    |               | sub_296              |
| r95      | DW01_dec     | width=2    |               | sub_322              |
===============================================================================


Implementation Report
===============================================================================
|                    |                  | Current            | Set            |
| Cell               | Module           | Implementation     | Implementation |
===============================================================================
| sub_237            | DW01_dec         | rpl                |                |
===============================================================================

1
