Information: Updating design information... (UID-85)
 
****************************************
Report : constraint
        -all_violators
Design : simple_spi_top
Version: M-2016.12-SP1
Date   : Tue Apr 15 10:30:35 2025
****************************************


   min_delay/hold ('clk' group)

                             Required        Actual
   Endpoint                 Path Delay     Path Delay        Slack
   -----------------------------------------------------------------
   treg_reg[0]/D                0.18           0.10 f        -0.08  (VIOLATED)
   dat_o[0]                     0.19           0.14 r        -0.05  (VIOLATED)
   dat_o[1]                     0.19           0.14 r        -0.05  (VIOLATED)
   dat_o[2]                     0.19           0.14 r        -0.05  (VIOLATED)
   dat_o[3]                     0.19           0.14 r        -0.05  (VIOLATED)
   dat_o[4]                     0.19           0.14 r        -0.05  (VIOLATED)
   dat_o[5]                     0.19           0.14 r        -0.05  (VIOLATED)
   dat_o[6]                     0.19           0.14 r        -0.05  (VIOLATED)
   dat_o[7]                     0.19           0.14 r        -0.05  (VIOLATED)
   inta_o                       0.19           0.15 r        -0.04  (VIOLATED)
   sck_o                        0.19           0.16 r        -0.03  (VIOLATED)
   ack_o_reg/D                  0.18           0.18 f         0.00  (VIOLATED: increase significant digits)


   max_area

                             Required        Actual
   Design                      Area           Area           Slack
   -----------------------------------------------------------------
   simple_spi_top               0.00        2016.88       -2016.88  (VIOLATED)


1
