 
****************************************
Report : cell
Design : simple_spi_top
Version: M-2016.12-SP1
Date   : Tue Apr 15 10:30:36 2025
****************************************

Attributes:
   BO - reference allows boundary optimization
    b - black box (unknown)
    h - hierarchical
    n - noncombinational
    p - parameterized
    r - removable
    u - contains unmapped logic

Cell                      Reference       Library             Area  Attributes
--------------------------------------------------------------------------------
U120                      NOR4X1_RVT      saed32rvt_ss0p95v25c
                                                          3.049728  
U122                      NOR4X1_RVT      saed32rvt_ss0p95v25c
                                                          3.049728  
U142                      AND2X1_RVT      saed32rvt_ss0p95v25c
                                                          2.033152  
U143                      AND2X1_RVT      saed32rvt_ss0p95v25c
                                                          2.033152  
U144                      AND2X1_RVT      saed32rvt_ss0p95v25c
                                                          2.033152  
U145                      INVX1_RVT       saed32rvt_ss0p95v25c
                                                          1.270720  
U146                      INVX1_RVT       saed32rvt_ss0p95v25c
                                                          1.270720  
U147                      AND2X1_RVT      saed32rvt_ss0p95v25c
                                                          2.033152  
U148                      INVX1_RVT       saed32rvt_ss0p95v25c
                                                          1.270720  
U149                      INVX1_RVT       saed32rvt_ss0p95v25c
                                                          1.270720  
U150                      AO21X1_RVT      saed32rvt_ss0p95v25c
                                                          2.541440  
U151                      AND3X1_RVT      saed32rvt_ss0p95v25c
                                                          2.287296  
U152                      INVX1_RVT       saed32rvt_ss0p95v25c
                                                          1.270720  
U153                      OR2X1_RVT       saed32rvt_ss0p95v25c
                                                          2.033152  
U154                      NAND2X0_RVT     saed32rvt_ss0p95v25c
                                                          1.524864  
U155                      INVX1_RVT       saed32rvt_ss0p95v25c
                                                          1.270720  
U156                      INVX1_RVT       saed32rvt_ss0p95v25c
                                                          1.270720  
U157                      AND2X1_RVT      saed32rvt_ss0p95v25c
                                                          2.033152  
U158                      NAND3X0_RVT     saed32rvt_ss0p95v25c
                                                          1.779008  
U159                      AND2X1_RVT      saed32rvt_ss0p95v25c
                                                          2.033152  
U160                      INVX1_RVT       saed32rvt_ss0p95v25c
                                                          1.270720  
U161                      NAND2X0_RVT     saed32rvt_ss0p95v25c
                                                          1.524864  
U162                      INVX1_RVT       saed32rvt_ss0p95v25c
                                                          1.270720  
U163                      OR2X1_RVT       saed32rvt_ss0p95v25c
                                                          2.033152  
U164                      INVX1_RVT       saed32rvt_ss0p95v25c
                                                          1.270720  
U165                      INVX1_RVT       saed32rvt_ss0p95v25c
                                                          1.270720  
U166                      AO21X1_RVT      saed32rvt_ss0p95v25c
                                                          2.541440  
U167                      AND2X1_RVT      saed32rvt_ss0p95v25c
                                                          2.033152  
U168                      INVX1_RVT       saed32rvt_ss0p95v25c
                                                          1.270720  
U169                      INVX1_RVT       saed32rvt_ss0p95v25c
                                                          1.270720  
U170                      INVX1_RVT       saed32rvt_ss0p95v25c
                                                          1.270720  
U171                      INVX1_RVT       saed32rvt_ss0p95v25c
                                                          1.270720  
U172                      AO221X1_RVT     saed32rvt_ss0p95v25c
                                                          3.049728  
U173                      NOR2X0_RVT      saed32rvt_ss0p95v25c
                                                          2.541440  
U174                      AO221X1_RVT     saed32rvt_ss0p95v25c
                                                          3.049728  
U175                      AO21X1_RVT      saed32rvt_ss0p95v25c
                                                          2.541440  
U176                      AO21X1_RVT      saed32rvt_ss0p95v25c
                                                          2.541440  
U177                      AO21X1_RVT      saed32rvt_ss0p95v25c
                                                          2.541440  
U178                      INVX1_RVT       saed32rvt_ss0p95v25c
                                                          1.270720  
U179                      AO222X1_RVT     saed32rvt_ss0p95v25c
                                                          3.303872  
U180                      AO222X1_RVT     saed32rvt_ss0p95v25c
                                                          3.303872  
U181                      AO222X1_RVT     saed32rvt_ss0p95v25c
                                                          3.303872  
U182                      AO222X1_RVT     saed32rvt_ss0p95v25c
                                                          3.303872  
U183                      AO222X1_RVT     saed32rvt_ss0p95v25c
                                                          3.303872  
U184                      AO222X1_RVT     saed32rvt_ss0p95v25c
                                                          3.303872  
U185                      AO222X1_RVT     saed32rvt_ss0p95v25c
                                                          3.303872  
U186                      AO222X1_RVT     saed32rvt_ss0p95v25c
                                                          3.303872  
U187                      AO221X1_RVT     saed32rvt_ss0p95v25c
                                                          3.049728  
U188                      AND3X1_RVT      saed32rvt_ss0p95v25c
                                                          2.287296  
U189                      INVX1_RVT       saed32rvt_ss0p95v25c
                                                          1.270720  
U190                      AND2X1_RVT      saed32rvt_ss0p95v25c
                                                          2.033152  
U191                      AND2X1_RVT      saed32rvt_ss0p95v25c
                                                          2.033152  
U192                      AO22X1_RVT      saed32rvt_ss0p95v25c
                                                          2.541440  
U193                      AO22X1_RVT      saed32rvt_ss0p95v25c
                                                          2.541440  
U194                      AO22X1_RVT      saed32rvt_ss0p95v25c
                                                          2.541440  
U195                      AO22X1_RVT      saed32rvt_ss0p95v25c
                                                          2.541440  
U196                      AO22X1_RVT      saed32rvt_ss0p95v25c
                                                          2.541440  
U197                      AO22X1_RVT      saed32rvt_ss0p95v25c
                                                          2.541440  
U198                      AO22X1_RVT      saed32rvt_ss0p95v25c
                                                          2.541440  
U199                      AO22X1_RVT      saed32rvt_ss0p95v25c
                                                          2.541440  
U200                      AND2X1_RVT      saed32rvt_ss0p95v25c
                                                          2.033152  
U201                      AO221X1_RVT     saed32rvt_ss0p95v25c
                                                          3.049728  
U202                      AO21X1_RVT      saed32rvt_ss0p95v25c
                                                          2.541440  
U203                      AND3X1_RVT      saed32rvt_ss0p95v25c
                                                          2.287296  
U204                      INVX1_RVT       saed32rvt_ss0p95v25c
                                                          1.270720  
U205                      AND2X1_RVT      saed32rvt_ss0p95v25c
                                                          2.033152  
U206                      AO221X1_RVT     saed32rvt_ss0p95v25c
                                                          3.049728  
U207                      AO21X1_RVT      saed32rvt_ss0p95v25c
                                                          2.541440  
U208                      AO22X1_RVT      saed32rvt_ss0p95v25c
                                                          2.541440  
U209                      AO21X1_RVT      saed32rvt_ss0p95v25c
                                                          2.541440  
U210                      AO21X1_RVT      saed32rvt_ss0p95v25c
                                                          2.541440  
U211                      OAI22X1_RVT     saed32rvt_ss0p95v25c
                                                          3.049728  
U212                      NAND2X0_RVT     saed32rvt_ss0p95v25c
                                                          1.524864  
U213                      NOR2X0_RVT      saed32rvt_ss0p95v25c
                                                          2.541440  
U214                      AO22X1_RVT      saed32rvt_ss0p95v25c
                                                          2.541440  
U215                      AO22X1_RVT      saed32rvt_ss0p95v25c
                                                          2.541440  
U216                      AO22X1_RVT      saed32rvt_ss0p95v25c
                                                          2.541440  
U217                      AO22X1_RVT      saed32rvt_ss0p95v25c
                                                          2.541440  
U218                      AO22X1_RVT      saed32rvt_ss0p95v25c
                                                          2.541440  
U219                      AO22X1_RVT      saed32rvt_ss0p95v25c
                                                          2.541440  
U220                      AO22X1_RVT      saed32rvt_ss0p95v25c
                                                          2.541440  
U221                      AO22X1_RVT      saed32rvt_ss0p95v25c
                                                          2.541440  
U222                      AO22X1_RVT      saed32rvt_ss0p95v25c
                                                          2.541440  
U223                      INVX1_RVT       saed32rvt_ss0p95v25c
                                                          1.270720  
U224                      AND2X1_RVT      saed32rvt_ss0p95v25c
                                                          2.033152  
U225                      AND4X1_RVT      saed32rvt_ss0p95v25c
                                                          2.541440  
U226                      INVX1_RVT       saed32rvt_ss0p95v25c
                                                          1.270720  
U227                      OR2X1_RVT       saed32rvt_ss0p95v25c
                                                          2.033152  
U228                      NAND2X0_RVT     saed32rvt_ss0p95v25c
                                                          1.524864  
U229                      NAND2X0_RVT     saed32rvt_ss0p95v25c
                                                          1.524864  
U230                      OR3X2_RVT       saed32rvt_ss0p95v25c
                                                          2.541440  
U231                      OAI22X1_RVT     saed32rvt_ss0p95v25c
                                                          3.049728  
U232                      NAND2X0_RVT     saed32rvt_ss0p95v25c
                                                          1.524864  
U233                      OR3X2_RVT       saed32rvt_ss0p95v25c
                                                          2.541440  
U234                      AO221X1_RVT     saed32rvt_ss0p95v25c
                                                          3.049728  
U235                      AO22X1_RVT      saed32rvt_ss0p95v25c
                                                          2.541440  
U236                      AO221X1_RVT     saed32rvt_ss0p95v25c
                                                          3.049728  
U237                      AO22X1_RVT      saed32rvt_ss0p95v25c
                                                          2.541440  
U238                      AO221X1_RVT     saed32rvt_ss0p95v25c
                                                          3.049728  
U239                      AO221X1_RVT     saed32rvt_ss0p95v25c
                                                          3.049728  
U240                      AO22X1_RVT      saed32rvt_ss0p95v25c
                                                          2.541440  
U241                      AO221X1_RVT     saed32rvt_ss0p95v25c
                                                          3.049728  
U242                      AO22X1_RVT      saed32rvt_ss0p95v25c
                                                          2.541440  
U243                      AO221X1_RVT     saed32rvt_ss0p95v25c
                                                          3.049728  
U244                      AO22X1_RVT      saed32rvt_ss0p95v25c
                                                          2.541440  
U245                      AO221X1_RVT     saed32rvt_ss0p95v25c
                                                          3.049728  
U246                      AO22X1_RVT      saed32rvt_ss0p95v25c
                                                          2.541440  
U247                      AO222X1_RVT     saed32rvt_ss0p95v25c
                                                          3.303872  
U248                      AND3X1_RVT      saed32rvt_ss0p95v25c
                                                          2.287296  
U249                      NAND3X0_RVT     saed32rvt_ss0p95v25c
                                                          1.779008  
U250                      AO21X1_RVT      saed32rvt_ss0p95v25c
                                                          2.541440  
U251                      AO21X1_RVT      saed32rvt_ss0p95v25c
                                                          2.541440  
U252                      AO22X1_RVT      saed32rvt_ss0p95v25c
                                                          2.541440  
U253                      AO22X1_RVT      saed32rvt_ss0p95v25c
                                                          2.541440  
U254                      NAND2X0_RVT     saed32rvt_ss0p95v25c
                                                          1.524864  
U255                      AO21X1_RVT      saed32rvt_ss0p95v25c
                                                          2.541440  
U256                      AO21X1_RVT      saed32rvt_ss0p95v25c
                                                          2.541440  
U257                      AND2X1_RVT      saed32rvt_ss0p95v25c
                                                          2.033152  
U258                      OR2X1_RVT       saed32rvt_ss0p95v25c
                                                          2.033152  
U259                      OR2X1_RVT       saed32rvt_ss0p95v25c
                                                          2.033152  
U260                      OA221X1_RVT     saed32rvt_ss0p95v25c
                                                          3.049728  
U261                      NAND2X0_RVT     saed32rvt_ss0p95v25c
                                                          1.524864  
U262                      AND2X1_RVT      saed32rvt_ss0p95v25c
                                                          2.033152  
U263                      OR2X1_RVT       saed32rvt_ss0p95v25c
                                                          2.033152  
U264                      NAND2X0_RVT     saed32rvt_ss0p95v25c
                                                          1.524864  
U265                      NAND2X0_RVT     saed32rvt_ss0p95v25c
                                                          1.524864  
U266                      OR3X2_RVT       saed32rvt_ss0p95v25c
                                                          2.541440  
U267                      AND2X1_RVT      saed32rvt_ss0p95v25c
                                                          2.033152  
ack_o_reg                 DFFARX1_RVT     saed32rvt_ss0p95v25c
                                                          7.116032  n
bcnt_reg[0]               DFFX1_RVT       saed32rvt_ss0p95v25c
                                                          6.607744  n
bcnt_reg[1]               DFFX1_RVT       saed32rvt_ss0p95v25c
                                                          6.607744  n
bcnt_reg[2]               DFFX1_RVT       saed32rvt_ss0p95v25c
                                                          6.607744  n
clkcnt_reg[0]             SDFFSSRX1_RVT   saed32rvt_ss0p95v25c
                                                          8.895040  n
clkcnt_reg[1]             SDFFSSRX1_RVT   saed32rvt_ss0p95v25c
                                                          8.895040  n
clkcnt_reg[2]             SDFFSSRX1_RVT   saed32rvt_ss0p95v25c
                                                          8.895040  n
clkcnt_reg[3]             SDFFSSRX1_RVT   saed32rvt_ss0p95v25c
                                                          8.895040  n
clkcnt_reg[4]             SDFFX1_RVT      saed32rvt_ss0p95v25c
                                                          8.640896  n
clkcnt_reg[5]             SDFFX1_RVT      saed32rvt_ss0p95v25c
                                                          8.640896  n
clkcnt_reg[6]             SDFFX1_RVT      saed32rvt_ss0p95v25c
                                                          8.640896  n
clkcnt_reg[7]             SDFFX1_RVT      saed32rvt_ss0p95v25c
                                                          8.640896  n
clkcnt_reg[8]             SDFFSSRX1_RVT   saed32rvt_ss0p95v25c
                                                          8.895040  n
clkcnt_reg[9]             SDFFSSRX1_RVT   saed32rvt_ss0p95v25c
                                                          8.895040  n
clkcnt_reg[10]            SDFFSSRX1_RVT   saed32rvt_ss0p95v25c
                                                          8.895040  n
clkcnt_reg[11]            DFFSSRX1_RVT    saed32rvt_ss0p95v25c
                                                          7.116032  n
dat_o_reg[0]              DFFX1_RVT       saed32rvt_ss0p95v25c
                                                          6.607744  n
dat_o_reg[1]              DFFX1_RVT       saed32rvt_ss0p95v25c
                                                          6.607744  n
dat_o_reg[2]              DFFX1_RVT       saed32rvt_ss0p95v25c
                                                          6.607744  n
dat_o_reg[3]              DFFX1_RVT       saed32rvt_ss0p95v25c
                                                          6.607744  n
dat_o_reg[4]              DFFX1_RVT       saed32rvt_ss0p95v25c
                                                          6.607744  n
dat_o_reg[5]              DFFX1_RVT       saed32rvt_ss0p95v25c
                                                          6.607744  n
dat_o_reg[6]              DFFX1_RVT       saed32rvt_ss0p95v25c
                                                          6.607744  n
dat_o_reg[7]              DFFX1_RVT       saed32rvt_ss0p95v25c
                                                          6.607744  n
inta_o_reg                DFFSSRX1_RVT    saed32rvt_ss0p95v25c
                                                          7.116032  n
rfifo                     fifo4_dw8_1                     451.613896
                                                                    h, n, p
rfwe_reg                  SDFFSSRX1_RVT   saed32rvt_ss0p95v25c
                                                          8.895040  n
sck_o_reg                 DFFX1_RVT       saed32rvt_ss0p95v25c
                                                          6.607744  n
spcr_reg[0]               DFFARX1_RVT     saed32rvt_ss0p95v25c
                                                          7.116032  n
spcr_reg[1]               DFFARX1_RVT     saed32rvt_ss0p95v25c
                                                          7.116032  n
spcr_reg[2]               DFFARX1_RVT     saed32rvt_ss0p95v25c
                                                          7.116032  n
spcr_reg[3]               DFFARX1_RVT     saed32rvt_ss0p95v25c
                                                          7.116032  n
spcr_reg[5]               DFFARX1_RVT     saed32rvt_ss0p95v25c
                                                          7.116032  n
spcr_reg[6]               DFFARX1_RVT     saed32rvt_ss0p95v25c
                                                          7.116032  n
spcr_reg[7]               DFFARX1_RVT     saed32rvt_ss0p95v25c
                                                          7.116032  n
sper_reg[0]               DFFARX1_RVT     saed32rvt_ss0p95v25c
                                                          7.116032  n
sper_reg[1]               DFFARX1_RVT     saed32rvt_ss0p95v25c
                                                          7.116032  n
sper_reg[2]               DFFARX1_RVT     saed32rvt_ss0p95v25c
                                                          7.116032  n
sper_reg[3]               DFFARX1_RVT     saed32rvt_ss0p95v25c
                                                          7.116032  n
sper_reg[4]               DFFARX1_RVT     saed32rvt_ss0p95v25c
                                                          7.116032  n
sper_reg[5]               DFFARX1_RVT     saed32rvt_ss0p95v25c
                                                          7.116032  n
sper_reg[6]               DFFARX1_RVT     saed32rvt_ss0p95v25c
                                                          7.116032  n
sper_reg[7]               DFFARX1_RVT     saed32rvt_ss0p95v25c
                                                          7.116032  n
spif_reg                  DFFX1_RVT       saed32rvt_ss0p95v25c
                                                          6.607744  n
state_reg[0]              DFFX1_RVT       saed32rvt_ss0p95v25c
                                                          6.607744  n
state_reg[1]              DFFX1_RVT       saed32rvt_ss0p95v25c
                                                          6.607744  n
sub_237                   simple_spi_top_DW01_dec_0       64.552577 BO, h
tcnt_reg[0]               DFFX1_RVT       saed32rvt_ss0p95v25c
                                                          6.607744  n
tcnt_reg[1]               DFFX1_RVT       saed32rvt_ss0p95v25c
                                                          6.607744  n
treg_reg[0]               DFFX1_RVT       saed32rvt_ss0p95v25c
                                                          6.607744  n
treg_reg[1]               DFFX1_RVT       saed32rvt_ss0p95v25c
                                                          6.607744  n
treg_reg[2]               DFFX1_RVT       saed32rvt_ss0p95v25c
                                                          6.607744  n
treg_reg[3]               DFFX1_RVT       saed32rvt_ss0p95v25c
                                                          6.607744  n
treg_reg[4]               DFFX1_RVT       saed32rvt_ss0p95v25c
                                                          6.607744  n
treg_reg[5]               DFFX1_RVT       saed32rvt_ss0p95v25c
                                                          6.607744  n
treg_reg[6]               DFFX1_RVT       saed32rvt_ss0p95v25c
                                                          6.607744  n
treg_reg[7]               DFFX1_RVT       saed32rvt_ss0p95v25c
                                                          6.607744  n
wcol_reg                  DFFX1_RVT       saed32rvt_ss0p95v25c
                                                          6.607744  n
wfifo                     fifo4_dw8_0                     451.613896
                                                                    h, n, p
wfre_reg                  SDFFSSRX1_RVT   saed32rvt_ss0p95v25c
                                                          8.895040  n
--------------------------------------------------------------------------------
Total 188 cells                                           1674.300695
1
